[    1351ms] [LOG] WARNING: Tried to load angular more than once. @ https://prod.cdn.cbw.crux.builder-tools.aws.dev/assets/cdn/vendor-part3-bc8064255b88912458476cfdcb8e9af53cd7e51daea75dfeee036d9363364282.js?Expires=1784227344&Signature=hsEcL7bh3C2ya8FJ93nYMEbmdH0wNVqxSM1As9RT9iEIt0tzTj8nqc6rXTQ-B~kMv6WRKEainZxL4PBwAbddSIVCu1Ch6kzCtzESWW80XO-G-oq20xenkJdr0MPuo4dGGjGa6~qqI0yANg5y8Gj9w1UpgAAOi0geW4vSLPn1xpHOJHhN2jRriXMr9y8wqZbb8bQehTQkZVzNkAZ0wZoTpa5COtZ0SYfaD7~kBz4GX4bg3R~KY6NngpkyTQsS2xHrlJDSMChza-mPCMwyA5Nz6ekb3IBoGd87NzfqxGIbriKQVcxCYLDFGa34NYcSsDcjV3KLBepppWzUHWwvdxYZ1Q__&Key-Pair-Id=K11PVWJWB1ZZ40:14
[    1552ms] [LOG] AUI Debug: Reapplying overrides after page change @ chrome-extension://dcfoehjpoialdhneckhclkljejggicle/scripts.js:54
[    2519ms] Uncaught (in promise) TypeError: Failed to resolve module specifier './index-Dc9k1RGK.js'. The base URL is about:blank because import() is called from a CORS-cross-origin script.
    at <anonymous> (https://prod.ui.dashboard.crux.builder-tools.aws.dev/assets/crux-dashboard-web-index-DhktaXeQ.js:102:196028)
    at <anonymous> (https://prod.ui.dashboard.crux.builder-tools.aws.dev/assets/crux-dashboard-web-index-DhktaXeQ.js:41:111685)
[    7391ms] [ERROR] Failed to load resource: net::ERR_BLOCKED_BY_CLIENT @ https://dataplane.rum.us-east-1.amazonaws.com/appmonitors/ce15caa9-d90b-4f97-bbee-03782a7c6f71:0
[    9396ms] [ERROR] Failed to load resource: net::ERR_BLOCKED_BY_CLIENT @ https://dataplane.rum.us-east-1.amazonaws.com/appmonitors/ce15caa9-d90b-4f97-bbee-03782a7c6f71:0
[   13401ms] [ERROR] Failed to load resource: net::ERR_BLOCKED_BY_CLIENT @ https://dataplane.rum.us-east-1.amazonaws.com/appmonitors/ce15caa9-d90b-4f97-bbee-03782a7c6f71:0
[  933544ms] [LOG] WARNING: Tried to load angular more than once. @ https://prod.cdn.cbw.crux.builder-tools.aws.dev/assets/cdn/vendor-part3-bc8064255b88912458476cfdcb8e9af53cd7e51daea75dfeee036d9363364282.js?Expires=1784228276&Signature=XgEIDT0IzcB3XP4tH30aVIPZjpLnHrlPiPoUzl-DSbllLujZF62SAvxU9UtzHw-7Ss1v9vOA5PXuaXJKJF3QTTRfpDdYdCNPcMx325RNrakorIHoi~Vs6lsnW3XIzGSpA1e-gg12cooOgYuyjwZaHhoR-97~EqXsGVkTuiLxiZK6NRn8b6EIEcGZ2gWjd6e1PR75QRfxmjXiYU5goQUq5FJkeI9svC107HD6jwrmW7P9gUxMpF~o3-Vyy8ZSTBpbsE5juDD5v3fqNXduT2e2RtT5VeGZW-lyd-Afsh-V6PLBMVi9N~DctQCuxz1aV3eNNwC3NR9Ha5mO~ptbeTTkUg__&Key-Pair-Id=K11PVWJWB1ZZ40:14
[  933743ms] [LOG] AUI Debug: Reapplying overrides after page change @ chrome-extension://dcfoehjpoialdhneckhclkljejggicle/scripts.js:54
[  935002ms] Uncaught (in promise) TypeError: Failed to resolve module specifier './index-Dc9k1RGK.js'. The base URL is about:blank because import() is called from a CORS-cross-origin script.
    at <anonymous> (https://prod.ui.dashboard.crux.builder-tools.aws.dev/assets/crux-dashboard-web-index-DhktaXeQ.js:102:196028)
    at <anonymous> (https://prod.ui.dashboard.crux.builder-tools.aws.dev/assets/crux-dashboard-web-index-DhktaXeQ.js:41:111685)
[  939820ms] [ERROR] Failed to load resource: net::ERR_BLOCKED_BY_CLIENT @ https://dataplane.rum.us-east-1.amazonaws.com/appmonitors/ce15caa9-d90b-4f97-bbee-03782a7c6f71:0
[  941827ms] [ERROR] Failed to load resource: net::ERR_BLOCKED_BY_CLIENT @ https://dataplane.rum.us-east-1.amazonaws.com/appmonitors/ce15caa9-d90b-4f97-bbee-03782a7c6f71:0
[  945834ms] [ERROR] Failed to load resource: net::ERR_BLOCKED_BY_CLIENT @ https://dataplane.rum.us-east-1.amazonaws.com/appmonitors/ce15caa9-d90b-4f97-bbee-03782a7c6f71:0
[ 1008828ms] [LOG] WARNING: Tried to load angular more than once. @ https://prod.cdn.cbw.crux.builder-tools.aws.dev/assets/cdn/vendor-part3-bc8064255b88912458476cfdcb8e9af53cd7e51daea75dfeee036d9363364282.js?Expires=1784228352&Signature=CBlADrqHQ0vhHPLBiDDGRdKO-C1bX~~oNiqfcIzbn4~8sHhIWbKo~32O8AbcmiFFDC8-zCT6Gb1etAudzp0AW-WBxI2PUO-QSw~bF12jXRXx-ZBrafHB8TavOd5UUkj6~K94giLP9YrAfB5OrVgxdrJdnNFbdShi54ov0T0fFhDxFvy3mlmt8yLUAU7Tqz055zZmnwQd5shBEMqVAD34CkmMadtYD8aCnlRCW4htvhX1wSpweeU-1VWO8M4VRpLNBdD~Radyn9U666P8brNQ~fJYAZf6D9j8Y4RuVuvyoMxVHRQ5v7NCN5IuN48hJOnlPPwNJlPrr7Pv4sRAHMfLBQ__&Key-Pair-Id=K11PVWJWB1ZZ40:14
[ 1009025ms] [LOG] AUI Debug: Reapplying overrides after page change @ chrome-extension://dcfoehjpoialdhneckhclkljejggicle/scripts.js:54
[ 1009303ms] Uncaught (in promise) TypeError: Failed to resolve module specifier './index-Dc9k1RGK.js'. The base URL is about:blank because import() is called from a CORS-cross-origin script.
    at <anonymous> (https://prod.ui.dashboard.crux.builder-tools.aws.dev/assets/crux-dashboard-web-index-DhktaXeQ.js:102:196028)
    at <anonymous> (https://prod.ui.dashboard.crux.builder-tools.aws.dev/assets/crux-dashboard-web-index-DhktaXeQ.js:41:111685)
[ 1014104ms] [ERROR] Failed to load resource: net::ERR_BLOCKED_BY_CLIENT @ https://dataplane.rum.us-east-1.amazonaws.com/appmonitors/ce15caa9-d90b-4f97-bbee-03782a7c6f71:0
[ 1016111ms] [ERROR] Failed to load resource: net::ERR_BLOCKED_BY_CLIENT @ https://dataplane.rum.us-east-1.amazonaws.com/appmonitors/ce15caa9-d90b-4f97-bbee-03782a7c6f71:0
[ 1020116ms] [ERROR] Failed to load resource: net::ERR_BLOCKED_BY_CLIENT @ https://dataplane.rum.us-east-1.amazonaws.com/appmonitors/ce15caa9-d90b-4f97-bbee-03782a7c6f71:0
[ 1106083ms] [LOG] WARNING: Tried to load angular more than once. @ https://prod.cdn.cbw.crux.builder-tools.aws.dev/assets/cdn/vendor-part3-bc8064255b88912458476cfdcb8e9af53cd7e51daea75dfeee036d9363364282.js?Expires=1784228449&Signature=QOgR02UxyV4wB-gW8~WCXPIkvVpIdkFtBtUKsFUP343QuferSj1~Dnf1OhNfmJ763kqkARfcMlwbpx5mV2uOK8FUe-rdTaSjtBBmfBVqRJ9E8yUVSduVVxRlyLdhd4-blff0QkHru99T07LlE8uOpxjC7Rgdff5LV~A5GX~~cj7tBRnHmFHcuKYYmqOqISYrSP8PPDG8QLQU9FaBnlP33CeZViZ53GewzGCS55-6oEXrhNIY~8LEPoQjWTDDM-wfi3YKBCRgfhPsvxdu1jZuoIOH9aK~vuwNWpCavOKPyThSj8Ar4iFA3~aMy~XUJQJR4M2dg5mKPpKQfDp9Tg90Tw__&Key-Pair-Id=K11PVWJWB1ZZ40:14
[ 1106278ms] [LOG] AUI Debug: Reapplying overrides after page change @ chrome-extension://dcfoehjpoialdhneckhclkljejggicle/scripts.js:54
[ 1106583ms] Uncaught (in promise) TypeError: Failed to resolve module specifier './index-Dc9k1RGK.js'. The base URL is about:blank because import() is called from a CORS-cross-origin script.
    at <anonymous> (https://prod.ui.dashboard.crux.builder-tools.aws.dev/assets/crux-dashboard-web-index-DhktaXeQ.js:102:196028)
    at <anonymous> (https://prod.ui.dashboard.crux.builder-tools.aws.dev/assets/crux-dashboard-web-index-DhktaXeQ.js:41:111685)
[ 1111375ms] [ERROR] Failed to load resource: net::ERR_BLOCKED_BY_CLIENT @ https://dataplane.rum.us-east-1.amazonaws.com/appmonitors/ce15caa9-d90b-4f97-bbee-03782a7c6f71:0
[ 1113380ms] [ERROR] Failed to load resource: net::ERR_BLOCKED_BY_CLIENT @ https://dataplane.rum.us-east-1.amazonaws.com/appmonitors/ce15caa9-d90b-4f97-bbee-03782a7c6f71:0
[ 1117387ms] [ERROR] Failed to load resource: net::ERR_BLOCKED_BY_CLIENT @ https://dataplane.rum.us-east-1.amazonaws.com/appmonitors/ce15caa9-d90b-4f97-bbee-03782a7c6f71:0
