[   23493ms] [ERROR] Executing inline script violates the following Content Security Policy directive 'script-src 'self' https://*.amazon.com https://*.a2z.com https://*.aws.com https://*.aws.dev https://*.amazonaws.com https://*.amazon.dev'. Either the 'unsafe-inline' keyword, a hash ('sha256-yyTVunGPIJTgfXQBIFYX7tNVga23HuLc2OgIdpQxXp0='), or a nonce ('nonce-...') is required to enable inline execution. The action has been blocked. @ https://pipelines.amazon.dev/pipelines-wip/DesignAssistant:0
[   23879ms] [ERROR] Failed to load resource: the server responded with a status of 401 (Unauthorized) @ https://midway-auth.amazon.com/SSO/redirect?redirect_uri=https%3A%2F%2Fpipelines.amazon.dev&client_id=https%3A%2F%2Fpipelines.amazon.dev%3A443&scope=openid&response_type=id_token&nonce=475873dda06f93d7b1a01436895e8dae55dcac6616f25feefc17a81e34de542c&response_mode=query&state=eyJwYXRoIjoiL21hbmlmZXN0Lmpzb24ifQ%3D%3D&sentry_handler_version=interceptor-core-1.x:0
[   23879ms] [ERROR] Manifest fetch from https://midway-auth.amazon.com/SSO/redirect?redirect_uri=https%3A%2F%2Fpipelines.amazon.dev&client_id=https%3A%2F%2Fpipelines.amazon.dev%3A443&scope=openid&response_type=id_token&nonce=475873dda06f93d7b1a01436895e8dae55dcac6616f25feefc17a81e34de542c&response_mode=query&state=eyJwYXRoIjoiL21hbmlmZXN0Lmpzb24ifQ%3D%3D&sentry_handler_version=interceptor-core-1.x failed, code 401 @ https://pipelines.amazon.dev/pipelines-wip/DesignAssistant:0
[   24009ms] [LOG] AUI Debug: Reapplying overrides after page change @ chrome-extension://dcfoehjpoialdhneckhclkljejggicle/scripts.js:54
[   24274ms] [ERROR] Failed to load resource: the server responded with a status of 401 (Unauthorized) @ https://midway-auth.amazon.com/SSO/redirect?redirect_uri=https%3A%2F%2Fpipelines.amazon.dev&client_id=https%3A%2F%2Fpipelines.amazon.dev%3A443&scope=openid&response_type=id_token&nonce=e0c1fbbb436e08347a2e202523165e28c0c950b07d3c27efffd793cb529dbbc7&response_mode=query&state=eyJwYXRoIjoiL21hbmlmZXN0Lmpzb24ifQ%3D%3D&sentry_handler_version=interceptor-core-1.x:0
[   24274ms] [ERROR] Manifest fetch from https://midway-auth.amazon.com/SSO/redirect?redirect_uri=https%3A%2F%2Fpipelines.amazon.dev&client_id=https%3A%2F%2Fpipelines.amazon.dev%3A443&scope=openid&response_type=id_token&nonce=e0c1fbbb436e08347a2e202523165e28c0c950b07d3c27efffd793cb529dbbc7&response_mode=query&state=eyJwYXRoIjoiL21hbmlmZXN0Lmpzb24ifQ%3D%3D&sentry_handler_version=interceptor-core-1.x failed, code 401 @ https://pipelines.amazon.dev/pipelines-wip/DesignAssistant:0
[   24408ms] [LOG] AUI Debug: Reapplying overrides after page change @ chrome-extension://dcfoehjpoialdhneckhclkljejggicle/scripts.js:54
[   29174ms] [ERROR] Failed to load resource: net::ERR_BLOCKED_BY_CLIENT @ https://dataplane.rum.us-east-1.amazonaws.com/appmonitors/f22628da-5ce0-4946-ba98-c648aaf1dfc6:0
[   31178ms] [ERROR] Failed to load resource: net::ERR_BLOCKED_BY_CLIENT @ https://dataplane.rum.us-east-1.amazonaws.com/appmonitors/f22628da-5ce0-4946-ba98-c648aaf1dfc6:0
[   35181ms] [ERROR] Failed to load resource: net::ERR_BLOCKED_BY_CLIENT @ https://dataplane.rum.us-east-1.amazonaws.com/appmonitors/f22628da-5ce0-4946-ba98-c648aaf1dfc6:0
[ 1829094ms] [ERROR] Failed to load resource: net::ERR_BLOCKED_BY_CLIENT @ https://dataplane.rum.us-east-1.amazonaws.com/appmonitors/f22628da-5ce0-4946-ba98-c648aaf1dfc6:0
[ 1831099ms] [ERROR] Failed to load resource: net::ERR_BLOCKED_BY_CLIENT @ https://dataplane.rum.us-east-1.amazonaws.com/appmonitors/f22628da-5ce0-4946-ba98-c648aaf1dfc6:0
[ 1834090ms] [ERROR] Failed to load resource: net::ERR_BLOCKED_BY_CLIENT @ https://dataplane.rum.us-east-1.amazonaws.com/appmonitors/f22628da-5ce0-4946-ba98-c648aaf1dfc6:0
[ 1835104ms] [ERROR] Failed to load resource: net::ERR_BLOCKED_BY_CLIENT @ https://dataplane.rum.us-east-1.amazonaws.com/appmonitors/f22628da-5ce0-4946-ba98-c648aaf1dfc6:0
[ 1836093ms] [ERROR] Failed to load resource: net::ERR_BLOCKED_BY_CLIENT @ https://dataplane.rum.us-east-1.amazonaws.com/appmonitors/f22628da-5ce0-4946-ba98-c648aaf1dfc6:0
[ 1840097ms] [ERROR] Failed to load resource: net::ERR_BLOCKED_BY_CLIENT @ https://dataplane.rum.us-east-1.amazonaws.com/appmonitors/f22628da-5ce0-4946-ba98-c648aaf1dfc6:0
[ 1894085ms] [ERROR] Failed to load resource: net::ERR_BLOCKED_BY_CLIENT @ https://dataplane.rum.us-east-1.amazonaws.com/appmonitors/f22628da-5ce0-4946-ba98-c648aaf1dfc6:0
[ 1896092ms] [ERROR] Failed to load resource: net::ERR_BLOCKED_BY_CLIENT @ https://dataplane.rum.us-east-1.amazonaws.com/appmonitors/f22628da-5ce0-4946-ba98-c648aaf1dfc6:0
[ 1900098ms] [ERROR] Failed to load resource: net::ERR_BLOCKED_BY_CLIENT @ https://dataplane.rum.us-east-1.amazonaws.com/appmonitors/f22628da-5ce0-4946-ba98-c648aaf1dfc6:0
[ 1954090ms] [ERROR] Failed to load resource: net::ERR_BLOCKED_BY_CLIENT @ https://dataplane.rum.us-east-1.amazonaws.com/appmonitors/f22628da-5ce0-4946-ba98-c648aaf1dfc6:0
[ 1956096ms] [ERROR] Failed to load resource: net::ERR_BLOCKED_BY_CLIENT @ https://dataplane.rum.us-east-1.amazonaws.com/appmonitors/f22628da-5ce0-4946-ba98-c648aaf1dfc6:0
[ 1960098ms] [ERROR] Failed to load resource: net::ERR_BLOCKED_BY_CLIENT @ https://dataplane.rum.us-east-1.amazonaws.com/appmonitors/f22628da-5ce0-4946-ba98-c648aaf1dfc6:0
[ 2014086ms] [ERROR] Failed to load resource: net::ERR_BLOCKED_BY_CLIENT @ https://dataplane.rum.us-east-1.amazonaws.com/appmonitors/f22628da-5ce0-4946-ba98-c648aaf1dfc6:0
[ 2016090ms] [ERROR] Failed to load resource: net::ERR_BLOCKED_BY_CLIENT @ https://dataplane.rum.us-east-1.amazonaws.com/appmonitors/f22628da-5ce0-4946-ba98-c648aaf1dfc6:0
[ 2020094ms] [ERROR] Failed to load resource: net::ERR_BLOCKED_BY_CLIENT @ https://dataplane.rum.us-east-1.amazonaws.com/appmonitors/f22628da-5ce0-4946-ba98-c648aaf1dfc6:0
[ 2074083ms] [ERROR] Failed to load resource: net::ERR_BLOCKED_BY_CLIENT @ https://dataplane.rum.us-east-1.amazonaws.com/appmonitors/f22628da-5ce0-4946-ba98-c648aaf1dfc6:0
[ 2076087ms] [ERROR] Failed to load resource: net::ERR_BLOCKED_BY_CLIENT @ https://dataplane.rum.us-east-1.amazonaws.com/appmonitors/f22628da-5ce0-4946-ba98-c648aaf1dfc6:0
[ 2080091ms] [ERROR] Failed to load resource: net::ERR_BLOCKED_BY_CLIENT @ https://dataplane.rum.us-east-1.amazonaws.com/appmonitors/f22628da-5ce0-4946-ba98-c648aaf1dfc6:0
[ 2129084ms] [ERROR] Failed to load resource: net::ERR_BLOCKED_BY_CLIENT @ https://dataplane.rum.us-east-1.amazonaws.com/appmonitors/f22628da-5ce0-4946-ba98-c648aaf1dfc6:0
[ 2131086ms] [ERROR] Failed to load resource: net::ERR_BLOCKED_BY_CLIENT @ https://dataplane.rum.us-east-1.amazonaws.com/appmonitors/f22628da-5ce0-4946-ba98-c648aaf1dfc6:0
[ 2134086ms] [ERROR] Failed to load resource: net::ERR_BLOCKED_BY_CLIENT @ https://dataplane.rum.us-east-1.amazonaws.com/appmonitors/f22628da-5ce0-4946-ba98-c648aaf1dfc6:0
[ 2135090ms] [ERROR] Failed to load resource: net::ERR_BLOCKED_BY_CLIENT @ https://dataplane.rum.us-east-1.amazonaws.com/appmonitors/f22628da-5ce0-4946-ba98-c648aaf1dfc6:0
[ 2136090ms] [ERROR] Failed to load resource: net::ERR_BLOCKED_BY_CLIENT @ https://dataplane.rum.us-east-1.amazonaws.com/appmonitors/f22628da-5ce0-4946-ba98-c648aaf1dfc6:0
[ 2140105ms] [ERROR] Failed to load resource: net::ERR_BLOCKED_BY_CLIENT @ https://dataplane.rum.us-east-1.amazonaws.com/appmonitors/f22628da-5ce0-4946-ba98-c648aaf1dfc6:0
[ 2194092ms] [ERROR] Failed to load resource: net::ERR_BLOCKED_BY_CLIENT @ https://dataplane.rum.us-east-1.amazonaws.com/appmonitors/f22628da-5ce0-4946-ba98-c648aaf1dfc6:0
[ 2196096ms] [ERROR] Failed to load resource: net::ERR_BLOCKED_BY_CLIENT @ https://dataplane.rum.us-east-1.amazonaws.com/appmonitors/f22628da-5ce0-4946-ba98-c648aaf1dfc6:0
[ 2200099ms] [ERROR] Failed to load resource: net::ERR_BLOCKED_BY_CLIENT @ https://dataplane.rum.us-east-1.amazonaws.com/appmonitors/f22628da-5ce0-4946-ba98-c648aaf1dfc6:0
[ 2254082ms] [ERROR] Failed to load resource: net::ERR_BLOCKED_BY_CLIENT @ https://dataplane.rum.us-east-1.amazonaws.com/appmonitors/f22628da-5ce0-4946-ba98-c648aaf1dfc6:0
[ 2256085ms] [ERROR] Failed to load resource: net::ERR_BLOCKED_BY_CLIENT @ https://dataplane.rum.us-east-1.amazonaws.com/appmonitors/f22628da-5ce0-4946-ba98-c648aaf1dfc6:0
[ 2260087ms] [ERROR] Failed to load resource: net::ERR_BLOCKED_BY_CLIENT @ https://dataplane.rum.us-east-1.amazonaws.com/appmonitors/f22628da-5ce0-4946-ba98-c648aaf1dfc6:0
[ 2314082ms] [ERROR] Failed to load resource: net::ERR_BLOCKED_BY_CLIENT @ https://dataplane.rum.us-east-1.amazonaws.com/appmonitors/f22628da-5ce0-4946-ba98-c648aaf1dfc6:0
[ 2316087ms] [ERROR] Failed to load resource: net::ERR_BLOCKED_BY_CLIENT @ https://dataplane.rum.us-east-1.amazonaws.com/appmonitors/f22628da-5ce0-4946-ba98-c648aaf1dfc6:0
[ 2320091ms] [ERROR] Failed to load resource: net::ERR_BLOCKED_BY_CLIENT @ https://dataplane.rum.us-east-1.amazonaws.com/appmonitors/f22628da-5ce0-4946-ba98-c648aaf1dfc6:0
[ 2374081ms] [ERROR] Failed to load resource: net::ERR_BLOCKED_BY_CLIENT @ https://dataplane.rum.us-east-1.amazonaws.com/appmonitors/f22628da-5ce0-4946-ba98-c648aaf1dfc6:0
[ 2376084ms] [ERROR] Failed to load resource: net::ERR_BLOCKED_BY_CLIENT @ https://dataplane.rum.us-east-1.amazonaws.com/appmonitors/f22628da-5ce0-4946-ba98-c648aaf1dfc6:0
[ 2380089ms] [ERROR] Failed to load resource: net::ERR_BLOCKED_BY_CLIENT @ https://dataplane.rum.us-east-1.amazonaws.com/appmonitors/f22628da-5ce0-4946-ba98-c648aaf1dfc6:0
[ 2429080ms] [ERROR] Failed to load resource: net::ERR_BLOCKED_BY_CLIENT @ https://dataplane.rum.us-east-1.amazonaws.com/appmonitors/f22628da-5ce0-4946-ba98-c648aaf1dfc6:0
[ 2431084ms] [ERROR] Failed to load resource: net::ERR_BLOCKED_BY_CLIENT @ https://dataplane.rum.us-east-1.amazonaws.com/appmonitors/f22628da-5ce0-4946-ba98-c648aaf1dfc6:0
[ 2434079ms] [ERROR] Failed to load resource: net::ERR_BLOCKED_BY_CLIENT @ https://dataplane.rum.us-east-1.amazonaws.com/appmonitors/f22628da-5ce0-4946-ba98-c648aaf1dfc6:0
[ 2435089ms] [ERROR] Failed to load resource: net::ERR_BLOCKED_BY_CLIENT @ https://dataplane.rum.us-east-1.amazonaws.com/appmonitors/f22628da-5ce0-4946-ba98-c648aaf1dfc6:0
[ 2436083ms] [ERROR] Failed to load resource: net::ERR_BLOCKED_BY_CLIENT @ https://dataplane.rum.us-east-1.amazonaws.com/appmonitors/f22628da-5ce0-4946-ba98-c648aaf1dfc6:0
[ 2440086ms] [ERROR] Failed to load resource: net::ERR_BLOCKED_BY_CLIENT @ https://dataplane.rum.us-east-1.amazonaws.com/appmonitors/f22628da-5ce0-4946-ba98-c648aaf1dfc6:0
[ 2494078ms] [ERROR] Failed to load resource: net::ERR_BLOCKED_BY_CLIENT @ https://dataplane.rum.us-east-1.amazonaws.com/appmonitors/f22628da-5ce0-4946-ba98-c648aaf1dfc6:0
[ 2496081ms] [ERROR] Failed to load resource: net::ERR_BLOCKED_BY_CLIENT @ https://dataplane.rum.us-east-1.amazonaws.com/appmonitors/f22628da-5ce0-4946-ba98-c648aaf1dfc6:0
[ 2500085ms] [ERROR] Failed to load resource: net::ERR_BLOCKED_BY_CLIENT @ https://dataplane.rum.us-east-1.amazonaws.com/appmonitors/f22628da-5ce0-4946-ba98-c648aaf1dfc6:0
[ 2554078ms] [ERROR] Failed to load resource: net::ERR_BLOCKED_BY_CLIENT @ https://dataplane.rum.us-east-1.amazonaws.com/appmonitors/f22628da-5ce0-4946-ba98-c648aaf1dfc6:0
[ 2556081ms] [ERROR] Failed to load resource: net::ERR_BLOCKED_BY_CLIENT @ https://dataplane.rum.us-east-1.amazonaws.com/appmonitors/f22628da-5ce0-4946-ba98-c648aaf1dfc6:0
[ 2560085ms] [ERROR] Failed to load resource: net::ERR_BLOCKED_BY_CLIENT @ https://dataplane.rum.us-east-1.amazonaws.com/appmonitors/f22628da-5ce0-4946-ba98-c648aaf1dfc6:0
[ 2614077ms] [ERROR] Failed to load resource: net::ERR_BLOCKED_BY_CLIENT @ https://dataplane.rum.us-east-1.amazonaws.com/appmonitors/f22628da-5ce0-4946-ba98-c648aaf1dfc6:0
[ 2616081ms] [ERROR] Failed to load resource: net::ERR_BLOCKED_BY_CLIENT @ https://dataplane.rum.us-east-1.amazonaws.com/appmonitors/f22628da-5ce0-4946-ba98-c648aaf1dfc6:0
[ 2620085ms] [ERROR] Failed to load resource: net::ERR_BLOCKED_BY_CLIENT @ https://dataplane.rum.us-east-1.amazonaws.com/appmonitors/f22628da-5ce0-4946-ba98-c648aaf1dfc6:0
[ 2674076ms] [ERROR] Failed to load resource: net::ERR_BLOCKED_BY_CLIENT @ https://dataplane.rum.us-east-1.amazonaws.com/appmonitors/f22628da-5ce0-4946-ba98-c648aaf1dfc6:0
[ 2676080ms] [ERROR] Failed to load resource: net::ERR_BLOCKED_BY_CLIENT @ https://dataplane.rum.us-east-1.amazonaws.com/appmonitors/f22628da-5ce0-4946-ba98-c648aaf1dfc6:0
[ 2680083ms] [ERROR] Failed to load resource: net::ERR_BLOCKED_BY_CLIENT @ https://dataplane.rum.us-east-1.amazonaws.com/appmonitors/f22628da-5ce0-4946-ba98-c648aaf1dfc6:0
[ 2729076ms] [ERROR] Failed to load resource: net::ERR_BLOCKED_BY_CLIENT @ https://dataplane.rum.us-east-1.amazonaws.com/appmonitors/f22628da-5ce0-4946-ba98-c648aaf1dfc6:0
[ 2731079ms] [ERROR] Failed to load resource: net::ERR_BLOCKED_BY_CLIENT @ https://dataplane.rum.us-east-1.amazonaws.com/appmonitors/f22628da-5ce0-4946-ba98-c648aaf1dfc6:0
[ 2734076ms] [ERROR] Failed to load resource: net::ERR_BLOCKED_BY_CLIENT @ https://dataplane.rum.us-east-1.amazonaws.com/appmonitors/f22628da-5ce0-4946-ba98-c648aaf1dfc6:0
[ 2735082ms] [ERROR] Failed to load resource: net::ERR_BLOCKED_BY_CLIENT @ https://dataplane.rum.us-east-1.amazonaws.com/appmonitors/f22628da-5ce0-4946-ba98-c648aaf1dfc6:0
[ 2736078ms] [ERROR] Failed to load resource: net::ERR_BLOCKED_BY_CLIENT @ https://dataplane.rum.us-east-1.amazonaws.com/appmonitors/f22628da-5ce0-4946-ba98-c648aaf1dfc6:0
[ 2740083ms] [ERROR] Failed to load resource: net::ERR_BLOCKED_BY_CLIENT @ https://dataplane.rum.us-east-1.amazonaws.com/appmonitors/f22628da-5ce0-4946-ba98-c648aaf1dfc6:0
[ 2794075ms] [ERROR] Failed to load resource: net::ERR_BLOCKED_BY_CLIENT @ https://dataplane.rum.us-east-1.amazonaws.com/appmonitors/f22628da-5ce0-4946-ba98-c648aaf1dfc6:0
[ 2796079ms] [ERROR] Failed to load resource: net::ERR_BLOCKED_BY_CLIENT @ https://dataplane.rum.us-east-1.amazonaws.com/appmonitors/f22628da-5ce0-4946-ba98-c648aaf1dfc6:0
[ 2800084ms] [ERROR] Failed to load resource: net::ERR_BLOCKED_BY_CLIENT @ https://dataplane.rum.us-east-1.amazonaws.com/appmonitors/f22628da-5ce0-4946-ba98-c648aaf1dfc6:0
[ 2854076ms] [ERROR] Failed to load resource: net::ERR_BLOCKED_BY_CLIENT @ https://dataplane.rum.us-east-1.amazonaws.com/appmonitors/f22628da-5ce0-4946-ba98-c648aaf1dfc6:0
[ 2856079ms] [ERROR] Failed to load resource: net::ERR_BLOCKED_BY_CLIENT @ https://dataplane.rum.us-east-1.amazonaws.com/appmonitors/f22628da-5ce0-4946-ba98-c648aaf1dfc6:0
[ 2859074ms] [ERROR] Failed to load resource: net::ERR_BLOCKED_BY_CLIENT @ https://dataplane.rum.us-east-1.amazonaws.com/appmonitors/f22628da-5ce0-4946-ba98-c648aaf1dfc6:0
[ 2860082ms] [ERROR] Failed to load resource: net::ERR_BLOCKED_BY_CLIENT @ https://dataplane.rum.us-east-1.amazonaws.com/appmonitors/f22628da-5ce0-4946-ba98-c648aaf1dfc6:0
[ 2861076ms] [ERROR] Failed to load resource: net::ERR_BLOCKED_BY_CLIENT @ https://dataplane.rum.us-east-1.amazonaws.com/appmonitors/f22628da-5ce0-4946-ba98-c648aaf1dfc6:0
[ 2865079ms] [ERROR] Failed to load resource: net::ERR_BLOCKED_BY_CLIENT @ https://dataplane.rum.us-east-1.amazonaws.com/appmonitors/f22628da-5ce0-4946-ba98-c648aaf1dfc6:0
[ 2914075ms] [ERROR] Failed to load resource: net::ERR_BLOCKED_BY_CLIENT @ https://dataplane.rum.us-east-1.amazonaws.com/appmonitors/f22628da-5ce0-4946-ba98-c648aaf1dfc6:0
[ 2916079ms] [ERROR] Failed to load resource: net::ERR_BLOCKED_BY_CLIENT @ https://dataplane.rum.us-east-1.amazonaws.com/appmonitors/f22628da-5ce0-4946-ba98-c648aaf1dfc6:0
[ 2919073ms] [ERROR] Failed to load resource: net::ERR_BLOCKED_BY_CLIENT @ https://dataplane.rum.us-east-1.amazonaws.com/appmonitors/f22628da-5ce0-4946-ba98-c648aaf1dfc6:0
[ 2920081ms] [ERROR] Failed to load resource: net::ERR_BLOCKED_BY_CLIENT @ https://dataplane.rum.us-east-1.amazonaws.com/appmonitors/f22628da-5ce0-4946-ba98-c648aaf1dfc6:0
[ 2921076ms] [ERROR] Failed to load resource: net::ERR_BLOCKED_BY_CLIENT @ https://dataplane.rum.us-east-1.amazonaws.com/appmonitors/f22628da-5ce0-4946-ba98-c648aaf1dfc6:0
[ 2925079ms] [ERROR] Failed to load resource: net::ERR_BLOCKED_BY_CLIENT @ https://dataplane.rum.us-east-1.amazonaws.com/appmonitors/f22628da-5ce0-4946-ba98-c648aaf1dfc6:0
[ 2974051ms] [ERROR] Failed to load resource: net::ERR_BLOCKED_BY_CLIENT @ https://dataplane.rum.us-east-1.amazonaws.com/appmonitors/f22628da-5ce0-4946-ba98-c648aaf1dfc6:0
[ 2976053ms] [ERROR] Failed to load resource: net::ERR_BLOCKED_BY_CLIENT @ https://dataplane.rum.us-east-1.amazonaws.com/appmonitors/f22628da-5ce0-4946-ba98-c648aaf1dfc6:0
[ 2979050ms] [ERROR] Failed to load resource: net::ERR_BLOCKED_BY_CLIENT @ https://dataplane.rum.us-east-1.amazonaws.com/appmonitors/f22628da-5ce0-4946-ba98-c648aaf1dfc6:0
[ 2980055ms] [ERROR] Failed to load resource: net::ERR_BLOCKED_BY_CLIENT @ https://dataplane.rum.us-east-1.amazonaws.com/appmonitors/f22628da-5ce0-4946-ba98-c648aaf1dfc6:0
[ 2981053ms] [ERROR] Failed to load resource: net::ERR_BLOCKED_BY_CLIENT @ https://dataplane.rum.us-east-1.amazonaws.com/appmonitors/f22628da-5ce0-4946-ba98-c648aaf1dfc6:0
[ 2985055ms] [ERROR] Failed to load resource: net::ERR_BLOCKED_BY_CLIENT @ https://dataplane.rum.us-east-1.amazonaws.com/appmonitors/f22628da-5ce0-4946-ba98-c648aaf1dfc6:0
[ 3029046ms] [ERROR] Failed to load resource: net::ERR_BLOCKED_BY_CLIENT @ https://dataplane.rum.us-east-1.amazonaws.com/appmonitors/f22628da-5ce0-4946-ba98-c648aaf1dfc6:0
[ 3031048ms] [ERROR] Failed to load resource: net::ERR_BLOCKED_BY_CLIENT @ https://dataplane.rum.us-east-1.amazonaws.com/appmonitors/f22628da-5ce0-4946-ba98-c648aaf1dfc6:0
[ 3034044ms] [ERROR] Failed to load resource: net::ERR_BLOCKED_BY_CLIENT @ https://dataplane.rum.us-east-1.amazonaws.com/appmonitors/f22628da-5ce0-4946-ba98-c648aaf1dfc6:0
[ 3035052ms] [ERROR] Failed to load resource: net::ERR_BLOCKED_BY_CLIENT @ https://dataplane.rum.us-east-1.amazonaws.com/appmonitors/f22628da-5ce0-4946-ba98-c648aaf1dfc6:0
[ 3036047ms] [ERROR] Failed to load resource: net::ERR_BLOCKED_BY_CLIENT @ https://dataplane.rum.us-east-1.amazonaws.com/appmonitors/f22628da-5ce0-4946-ba98-c648aaf1dfc6:0
[ 3039043ms] [ERROR] Failed to load resource: net::ERR_BLOCKED_BY_CLIENT @ https://dataplane.rum.us-east-1.amazonaws.com/appmonitors/f22628da-5ce0-4946-ba98-c648aaf1dfc6:0
[ 3040050ms] [ERROR] Failed to load resource: net::ERR_BLOCKED_BY_CLIENT @ https://dataplane.rum.us-east-1.amazonaws.com/appmonitors/f22628da-5ce0-4946-ba98-c648aaf1dfc6:0
[ 3041047ms] [ERROR] Failed to load resource: net::ERR_BLOCKED_BY_CLIENT @ https://dataplane.rum.us-east-1.amazonaws.com/appmonitors/f22628da-5ce0-4946-ba98-c648aaf1dfc6:0
[ 3045051ms] [ERROR] Failed to load resource: net::ERR_BLOCKED_BY_CLIENT @ https://dataplane.rum.us-east-1.amazonaws.com/appmonitors/f22628da-5ce0-4946-ba98-c648aaf1dfc6:0
[ 3094043ms] [ERROR] Failed to load resource: net::ERR_BLOCKED_BY_CLIENT @ https://dataplane.rum.us-east-1.amazonaws.com/appmonitors/f22628da-5ce0-4946-ba98-c648aaf1dfc6:0
[ 3096045ms] [ERROR] Failed to load resource: net::ERR_BLOCKED_BY_CLIENT @ https://dataplane.rum.us-east-1.amazonaws.com/appmonitors/f22628da-5ce0-4946-ba98-c648aaf1dfc6:0
[ 3099043ms] [ERROR] Failed to load resource: net::ERR_BLOCKED_BY_CLIENT @ https://dataplane.rum.us-east-1.amazonaws.com/appmonitors/f22628da-5ce0-4946-ba98-c648aaf1dfc6:0
[ 3100048ms] [ERROR] Failed to load resource: net::ERR_BLOCKED_BY_CLIENT @ https://dataplane.rum.us-east-1.amazonaws.com/appmonitors/f22628da-5ce0-4946-ba98-c648aaf1dfc6:0
[ 3101046ms] [ERROR] Failed to load resource: net::ERR_BLOCKED_BY_CLIENT @ https://dataplane.rum.us-east-1.amazonaws.com/appmonitors/f22628da-5ce0-4946-ba98-c648aaf1dfc6:0
[ 3105049ms] [ERROR] Failed to load resource: net::ERR_BLOCKED_BY_CLIENT @ https://dataplane.rum.us-east-1.amazonaws.com/appmonitors/f22628da-5ce0-4946-ba98-c648aaf1dfc6:0
[ 3154044ms] [ERROR] Failed to load resource: net::ERR_BLOCKED_BY_CLIENT @ https://dataplane.rum.us-east-1.amazonaws.com/appmonitors/f22628da-5ce0-4946-ba98-c648aaf1dfc6:0
[ 3156047ms] [ERROR] Failed to load resource: net::ERR_BLOCKED_BY_CLIENT @ https://dataplane.rum.us-east-1.amazonaws.com/appmonitors/f22628da-5ce0-4946-ba98-c648aaf1dfc6:0
[ 3159043ms] [ERROR] Failed to load resource: net::ERR_BLOCKED_BY_CLIENT @ https://dataplane.rum.us-east-1.amazonaws.com/appmonitors/f22628da-5ce0-4946-ba98-c648aaf1dfc6:0
[ 3160051ms] [ERROR] Failed to load resource: net::ERR_BLOCKED_BY_CLIENT @ https://dataplane.rum.us-east-1.amazonaws.com/appmonitors/f22628da-5ce0-4946-ba98-c648aaf1dfc6:0
[ 3161046ms] [ERROR] Failed to load resource: net::ERR_BLOCKED_BY_CLIENT @ https://dataplane.rum.us-east-1.amazonaws.com/appmonitors/f22628da-5ce0-4946-ba98-c648aaf1dfc6:0
[ 3165049ms] [ERROR] Failed to load resource: net::ERR_BLOCKED_BY_CLIENT @ https://dataplane.rum.us-east-1.amazonaws.com/appmonitors/f22628da-5ce0-4946-ba98-c648aaf1dfc6:0
[ 3214043ms] [ERROR] Failed to load resource: net::ERR_BLOCKED_BY_CLIENT @ https://dataplane.rum.us-east-1.amazonaws.com/appmonitors/f22628da-5ce0-4946-ba98-c648aaf1dfc6:0
[ 3216046ms] [ERROR] Failed to load resource: net::ERR_BLOCKED_BY_CLIENT @ https://dataplane.rum.us-east-1.amazonaws.com/appmonitors/f22628da-5ce0-4946-ba98-c648aaf1dfc6:0
[ 3219041ms] [ERROR] Failed to load resource: net::ERR_BLOCKED_BY_CLIENT @ https://dataplane.rum.us-east-1.amazonaws.com/appmonitors/f22628da-5ce0-4946-ba98-c648aaf1dfc6:0
[ 3220050ms] [ERROR] Failed to load resource: net::ERR_BLOCKED_BY_CLIENT @ https://dataplane.rum.us-east-1.amazonaws.com/appmonitors/f22628da-5ce0-4946-ba98-c648aaf1dfc6:0
[ 3221044ms] [ERROR] Failed to load resource: net::ERR_BLOCKED_BY_CLIENT @ https://dataplane.rum.us-east-1.amazonaws.com/appmonitors/f22628da-5ce0-4946-ba98-c648aaf1dfc6:0
[ 3225047ms] [ERROR] Failed to load resource: net::ERR_BLOCKED_BY_CLIENT @ https://dataplane.rum.us-east-1.amazonaws.com/appmonitors/f22628da-5ce0-4946-ba98-c648aaf1dfc6:0
[ 3279041ms] [ERROR] Failed to load resource: net::ERR_BLOCKED_BY_CLIENT @ https://dataplane.rum.us-east-1.amazonaws.com/appmonitors/f22628da-5ce0-4946-ba98-c648aaf1dfc6:0
[ 3281044ms] [ERROR] Failed to load resource: net::ERR_BLOCKED_BY_CLIENT @ https://dataplane.rum.us-east-1.amazonaws.com/appmonitors/f22628da-5ce0-4946-ba98-c648aaf1dfc6:0
[ 3285046ms] [ERROR] Failed to load resource: net::ERR_BLOCKED_BY_CLIENT @ https://dataplane.rum.us-east-1.amazonaws.com/appmonitors/f22628da-5ce0-4946-ba98-c648aaf1dfc6:0
[ 3329040ms] [ERROR] Failed to load resource: net::ERR_BLOCKED_BY_CLIENT @ https://dataplane.rum.us-east-1.amazonaws.com/appmonitors/f22628da-5ce0-4946-ba98-c648aaf1dfc6:0
[ 3331045ms] [ERROR] Failed to load resource: net::ERR_BLOCKED_BY_CLIENT @ https://dataplane.rum.us-east-1.amazonaws.com/appmonitors/f22628da-5ce0-4946-ba98-c648aaf1dfc6:0
[ 3335047ms] [ERROR] Failed to load resource: net::ERR_BLOCKED_BY_CLIENT @ https://dataplane.rum.us-east-1.amazonaws.com/appmonitors/f22628da-5ce0-4946-ba98-c648aaf1dfc6:0
[ 3339040ms] [ERROR] Failed to load resource: net::ERR_BLOCKED_BY_CLIENT @ https://dataplane.rum.us-east-1.amazonaws.com/appmonitors/f22628da-5ce0-4946-ba98-c648aaf1dfc6:0
[ 3341043ms] [ERROR] Failed to load resource: net::ERR_BLOCKED_BY_CLIENT @ https://dataplane.rum.us-east-1.amazonaws.com/appmonitors/f22628da-5ce0-4946-ba98-c648aaf1dfc6:0
[ 3345045ms] [ERROR] Failed to load resource: net::ERR_BLOCKED_BY_CLIENT @ https://dataplane.rum.us-east-1.amazonaws.com/appmonitors/f22628da-5ce0-4946-ba98-c648aaf1dfc6:0
[ 3399038ms] [ERROR] Failed to load resource: net::ERR_BLOCKED_BY_CLIENT @ https://dataplane.rum.us-east-1.amazonaws.com/appmonitors/f22628da-5ce0-4946-ba98-c648aaf1dfc6:0
[ 3401042ms] [ERROR] Failed to load resource: net::ERR_BLOCKED_BY_CLIENT @ https://dataplane.rum.us-east-1.amazonaws.com/appmonitors/f22628da-5ce0-4946-ba98-c648aaf1dfc6:0
[ 3405045ms] [ERROR] Failed to load resource: net::ERR_BLOCKED_BY_CLIENT @ https://dataplane.rum.us-east-1.amazonaws.com/appmonitors/f22628da-5ce0-4946-ba98-c648aaf1dfc6:0
[ 3459039ms] [ERROR] Failed to load resource: net::ERR_BLOCKED_BY_CLIENT @ https://dataplane.rum.us-east-1.amazonaws.com/appmonitors/f22628da-5ce0-4946-ba98-c648aaf1dfc6:0
[ 3461046ms] [ERROR] Failed to load resource: net::ERR_BLOCKED_BY_CLIENT @ https://dataplane.rum.us-east-1.amazonaws.com/appmonitors/f22628da-5ce0-4946-ba98-c648aaf1dfc6:0
[ 3465052ms] [ERROR] Failed to load resource: net::ERR_BLOCKED_BY_CLIENT @ https://dataplane.rum.us-east-1.amazonaws.com/appmonitors/f22628da-5ce0-4946-ba98-c648aaf1dfc6:0
[ 3519040ms] [ERROR] Failed to load resource: net::ERR_BLOCKED_BY_CLIENT @ https://dataplane.rum.us-east-1.amazonaws.com/appmonitors/f22628da-5ce0-4946-ba98-c648aaf1dfc6:0
[ 3521044ms] [ERROR] Failed to load resource: net::ERR_BLOCKED_BY_CLIENT @ https://dataplane.rum.us-east-1.amazonaws.com/appmonitors/f22628da-5ce0-4946-ba98-c648aaf1dfc6:0
[ 3525050ms] [ERROR] Failed to load resource: net::ERR_BLOCKED_BY_CLIENT @ https://dataplane.rum.us-east-1.amazonaws.com/appmonitors/f22628da-5ce0-4946-ba98-c648aaf1dfc6:0
[ 3579039ms] [ERROR] Failed to load resource: net::ERR_BLOCKED_BY_CLIENT @ https://dataplane.rum.us-east-1.amazonaws.com/appmonitors/f22628da-5ce0-4946-ba98-c648aaf1dfc6:0
[ 3581045ms] [ERROR] Failed to load resource: net::ERR_BLOCKED_BY_CLIENT @ https://dataplane.rum.us-east-1.amazonaws.com/appmonitors/f22628da-5ce0-4946-ba98-c648aaf1dfc6:0
[ 3585051ms] [ERROR] Failed to load resource: net::ERR_BLOCKED_BY_CLIENT @ https://dataplane.rum.us-east-1.amazonaws.com/appmonitors/f22628da-5ce0-4946-ba98-c648aaf1dfc6:0
[ 3603900ms] [ERROR] Failed to load resource: the server responded with a status of 401 (Unauthorized) @ https://midway-auth.amazon.com/SSO/redirect?redirect_uri=https%3A%2F%2Fpipelines.amazon.dev&client_id=https%3A%2F%2Fpipelines.amazon.dev%3A443&scope=openid&response_type=id_token&nonce=ecaa945b13d44c2414d24166c3b81be30be913b2473390c02da135786edb2f0b&response_mode=query&state=eyJwYXRoIjoiL21hbmlmZXN0Lmpzb24ifQ%3D%3D&sentry_handler_version=interceptor-core-1.x:0
[ 3604822ms] [ERROR] Failed to load resource: net::ERR_BLOCKED_BY_CLIENT @ https://dataplane.rum.us-east-1.amazonaws.com/appmonitors/f22628da-5ce0-4946-ba98-c648aaf1dfc6:0
[ 3606825ms] [ERROR] Failed to load resource: net::ERR_BLOCKED_BY_CLIENT @ https://dataplane.rum.us-east-1.amazonaws.com/appmonitors/f22628da-5ce0-4946-ba98-c648aaf1dfc6:0
[ 3609040ms] [ERROR] Failed to load resource: net::ERR_BLOCKED_BY_CLIENT @ https://dataplane.rum.us-east-1.amazonaws.com/appmonitors/f22628da-5ce0-4946-ba98-c648aaf1dfc6:0
[ 3610828ms] [ERROR] Failed to load resource: net::ERR_BLOCKED_BY_CLIENT @ https://dataplane.rum.us-east-1.amazonaws.com/appmonitors/f22628da-5ce0-4946-ba98-c648aaf1dfc6:0
[ 3611044ms] [ERROR] Failed to load resource: net::ERR_BLOCKED_BY_CLIENT @ https://dataplane.rum.us-east-1.amazonaws.com/appmonitors/f22628da-5ce0-4946-ba98-c648aaf1dfc6:0
[ 3615048ms] [ERROR] Failed to load resource: net::ERR_BLOCKED_BY_CLIENT @ https://dataplane.rum.us-east-1.amazonaws.com/appmonitors/f22628da-5ce0-4946-ba98-c648aaf1dfc6:0
[ 3629036ms] [ERROR] Failed to load resource: net::ERR_BLOCKED_BY_CLIENT @ https://dataplane.rum.us-east-1.amazonaws.com/appmonitors/f22628da-5ce0-4946-ba98-c648aaf1dfc6:0
[ 3631038ms] [ERROR] Failed to load resource: net::ERR_BLOCKED_BY_CLIENT @ https://dataplane.rum.us-east-1.amazonaws.com/appmonitors/f22628da-5ce0-4946-ba98-c648aaf1dfc6:0
[ 3635043ms] [ERROR] Failed to load resource: net::ERR_BLOCKED_BY_CLIENT @ https://dataplane.rum.us-east-1.amazonaws.com/appmonitors/f22628da-5ce0-4946-ba98-c648aaf1dfc6:0
[ 3639035ms] [ERROR] Failed to load resource: net::ERR_BLOCKED_BY_CLIENT @ https://dataplane.rum.us-east-1.amazonaws.com/appmonitors/f22628da-5ce0-4946-ba98-c648aaf1dfc6:0
[ 3641040ms] [ERROR] Failed to load resource: net::ERR_BLOCKED_BY_CLIENT @ https://dataplane.rum.us-east-1.amazonaws.com/appmonitors/f22628da-5ce0-4946-ba98-c648aaf1dfc6:0
[ 3645043ms] [ERROR] Failed to load resource: net::ERR_BLOCKED_BY_CLIENT @ https://dataplane.rum.us-east-1.amazonaws.com/appmonitors/f22628da-5ce0-4946-ba98-c648aaf1dfc6:0
[ 3699034ms] [ERROR] Failed to load resource: net::ERR_BLOCKED_BY_CLIENT @ https://dataplane.rum.us-east-1.amazonaws.com/appmonitors/f22628da-5ce0-4946-ba98-c648aaf1dfc6:0
[ 3701037ms] [ERROR] Failed to load resource: net::ERR_BLOCKED_BY_CLIENT @ https://dataplane.rum.us-east-1.amazonaws.com/appmonitors/f22628da-5ce0-4946-ba98-c648aaf1dfc6:0
[ 3705040ms] [ERROR] Failed to load resource: net::ERR_BLOCKED_BY_CLIENT @ https://dataplane.rum.us-east-1.amazonaws.com/appmonitors/f22628da-5ce0-4946-ba98-c648aaf1dfc6:0
[ 3759034ms] [ERROR] Failed to load resource: net::ERR_BLOCKED_BY_CLIENT @ https://dataplane.rum.us-east-1.amazonaws.com/appmonitors/f22628da-5ce0-4946-ba98-c648aaf1dfc6:0
[ 3761037ms] [ERROR] Failed to load resource: net::ERR_BLOCKED_BY_CLIENT @ https://dataplane.rum.us-east-1.amazonaws.com/appmonitors/f22628da-5ce0-4946-ba98-c648aaf1dfc6:0
[ 3765041ms] [ERROR] Failed to load resource: net::ERR_BLOCKED_BY_CLIENT @ https://dataplane.rum.us-east-1.amazonaws.com/appmonitors/f22628da-5ce0-4946-ba98-c648aaf1dfc6:0
