[  594424ms] [ERROR] Failed to load resource: net::ERR_BLOCKED_BY_CLIENT @ https://www.facebook.com/ajax/qm/?__a=1&__user=1814533673&__comet_req=15&jazoest=25305:0
[  596023ms] Error: Minified React error #418; visit https://react.dev/errors/418?args[]=HTML&args[]= for the full message or use the non-minified dev environment for full errors and additional helpful warnings.
    at mr (https://static.xx.fbcdn.net/rsrc.php/v4iRHW4/y5/l/en_GB-j/MD4hNO9QOSwUB-_KOdxEVhMXubGxfg8F2E0_S3vFrv4HCxMBgWsxgfggi3Ads16-z40BUp41hOqokUH5FARp3_UG6P8zdQVhIZjrQ7KGT-tFGJrKypTtx-slTUfmkjlAwI4LtYllf4Hepkzh_JX2q5ajpgJgpgefjfCCg_NP4cbFXQGXgJIozH9rvexH0AY0WQoIEbEyYQFjwSTIuBJZk83qdKweA0UQr2sMxOmy5bDgTtx5QDfFzOSjcmdQMi5ndSg1Wp2Ponnlx2fjfsczvXJCIZocZD.js:1072:28829)
    at fr (https://static.xx.fbcdn.net/rsrc.php/v4iRHW4/y5/l/en_GB-j/MD4hNO9QOSwUB-_KOdxEVhMXubGxfg8F2E0_S3vFrv4HCxMBgWsxgfggi3Ads16-z40BUp41hOqokUH5FARp3_UG6P8zdQVhIZjrQ7KGT-tFGJrKypTtx-slTUfmkjlAwI4LtYllf4Hepkzh_JX2q5ajpgJgpgefjfCCg_NP4cbFXQGXgJIozH9rvexH0AY0WQoIEbEyYQFjwSTIuBJZk83qdKweA0UQr2sMxOmy5bDgTtx5QDfFzOSjcmdQMi5ndSg1Wp2Ponnlx2fjfsczvXJCIZocZD.js:1072:30221)
    at Cs (https://static.xx.fbcdn.net/rsrc.php/v4iRHW4/y5/l/en_GB-j/MD4hNO9QOSwUB-_KOdxEVhMXubGxfg8F2E0_S3vFrv4HCxMBgWsxgfggi3Ads16-z40BUp41hOqokUH5FARp3_UG6P8zdQVhIZjrQ7KGT-tFGJrKypTtx-slTUfmkjlAwI4LtYllf4Hepkzh_JX2q5ajpgJgpgefjfCCg_NP4cbFXQGXgJIozH9rvexH0AY0WQoIEbEyYQFjwSTIuBJZk83qdKweA0UQr2sMxOmy5bDgTtx5QDfFzOSjcmdQMi5ndSg1Wp2Ponnlx2fjfsczvXJCIZocZD.js:1072:94976)
    at Dd (https://static.xx.fbcdn.net/rsrc.php/v4iRHW4/y5/l/en_GB-j/MD4hNO9QOSwUB-_KOdxEVhMXubGxfg8F2E0_S3vFrv4HCxMBgWsxgfggi3Ads16-z40BUp41hOqokUH5FARp3_UG6P8zdQVhIZjrQ7KGT-tFGJrKypTtx-slTUfmkjlAwI4LtYllf4Hepkzh_JX2q5ajpgJgpgefjfCCg_NP4cbFXQGXgJIozH9rvexH0AY0WQoIEbEyYQFjwSTIuBJZk83qdKweA0UQr2sMxOmy5bDgTtx5QDfFzOSjcmdQMi5ndSg1Wp2Ponnlx2fjfsczvXJCIZocZD.js:1072:143800)
    at kd (https://static.xx.fbcdn.net/rsrc.php/v4iRHW4/y5/l/en_GB-j/MD4hNO9QOSwUB-_KOdxEVhMXubGxfg8F2E0_S3vFrv4HCxMBgWsxgfggi3Ads16-z40BUp41hOqokUH5FARp3_UG6P8zdQVhIZjrQ7KGT-tFGJrKypTtx-slTUfmkjlAwI4LtYllf4Hepkzh_JX2q5ajpgJgpgefjfCCg_NP4cbFXQGXgJIozH9rvexH0AY0WQoIEbEyYQFjwSTIuBJZk83qdKweA0UQr2sMxOmy5bDgTtx5QDfFzOSjcmdQMi5ndSg1Wp2Ponnlx2fjfsczvXJCIZocZD.js:1072:142927)
    at Ed (https://static.xx.fbcdn.net/rsrc.php/v4iRHW4/y5/l/en_GB-j/MD4hNO9QOSwUB-_KOdxEVhMXubGxfg8F2E0_S3vFrv4HCxMBgWsxgfggi3Ads16-z40BUp41hOqokUH5FARp3_UG6P8zdQVhIZjrQ7KGT-tFGJrKypTtx-slTUfmkjlAwI4LtYllf4Hepkzh_JX2q5ajpgJgpgefjfCCg_NP4cbFXQGXgJIozH9rvexH0AY0WQoIEbEyYQFjwSTIuBJZk83qdKweA0UQr2sMxOmy5bDgTtx5QDfFzOSjcmdQMi5ndSg1Wp2Ponnlx2fjfsczvXJCIZocZD.js:1072:142838)
    at Ld (https://static.xx.fbcdn.net/rsrc.php/v4iRHW4/y5/l/en_GB-j/MD4hNO9QOSwUB-_KOdxEVhMXubGxfg8F2E0_S3vFrv4HCxMBgWsxgfggi3Ads16-z40BUp41hOqokUH5FARp3_UG6P8zdQVhIZjrQ7KGT-tFGJrKypTtx-slTUfmkjlAwI4LtYllf4Hepkzh_JX2q5ajpgJgpgefjfCCg_NP4cbFXQGXgJIozH9rvexH0AY0WQoIEbEyYQFjwSTIuBJZk83qdKweA0UQr2sMxOmy5bDgTtx5QDfFzOSjcmdQMi5ndSg1Wp2Ponnlx2fjfsczvXJCIZocZD.js:1072:142693)
    at ud (https://static.xx.fbcdn.net/rsrc.php/v4iRHW4/y5/l/en_GB-j/MD4hNO9QOSwUB-_KOdxEVhMXubGxfg8F2E0_S3vFrv4HCxMBgWsxgfggi3Ads16-z40BUp41hOqokUH5FARp3_UG6P8zdQVhIZjrQ7KGT-tFGJrKypTtx-slTUfmkjlAwI4LtYllf4Hepkzh_JX2q5ajpgJgpgefjfCCg_NP4cbFXQGXgJIozH9rvexH0AY0WQoIEbEyYQFjwSTIuBJZk83qdKweA0UQr2sMxOmy5bDgTtx5QDfFzOSjcmdQMi5ndSg1Wp2Ponnlx2fjfsczvXJCIZocZD.js:1072:137852)
    at Jr (https://static.xx.fbcdn.net/rsrc.php/v4iRHW4/y5/l/en_GB-j/MD4hNO9QOSwUB-_KOdxEVhMXubGxfg8F2E0_S3vFrv4HCxMBgWsxgfggi3Ads16-z40BUp41hOqokUH5FARp3_UG6P8zdQVhIZjrQ7KGT-tFGJrKypTtx-slTUfmkjlAwI4LtYllf4Hepkzh_JX2q5ajpgJgpgefjfCCg_NP4cbFXQGXgJIozH9rvexH0AY0WQoIEbEyYQFjwSTIuBJZk83qdKweA0UQr2sMxOmy5bDgTtx5QDfFzOSjcmdQMi5ndSg1Wp2Ponnlx2fjfsczvXJCIZocZD.js:1072:35767)
    at Object.applyWithGuard (https://static.xx.fbcdn.net/rsrc.php/v4/yM/r/GUloP_S-SJ2.js:80:10311)
    at e (https://static.xx.fbcdn.net/rsrc.php/v4/yM/r/GUloP_S-SJ2.js:80:11008)
    at MessagePort.N (https://static.xx.fbcdn.net/rsrc.php/v4/yM/r/GUloP_S-SJ2.js:236:1878)
[  596093ms] [ERROR] Permissions policy violation: unload is not allowed in this document. @ https://static.xx.fbcdn.net/rsrc.php/v4/yl/r/8BdvZ21cj3t.js:322
[  598039ms] [LOG] AUI Debug: Reapplying overrides after page change @ chrome-extension://dcfoehjpoialdhneckhclkljejggicle/scripts.js:54
[  598293ms] [LOG] 
%cStop! font-family:helvetica; font-size:20px; font-size:50px; font-weight:bold; color:red; -webkit-text-stroke:1px black; @ https://static.xx.fbcdn.net/rsrc.php/v4iRHW4/y5/l/en_GB-j/MD4hNO9QOSwUB-_KOdxEVhMXubGxfg8F2E0_S3vFrv4HCxMBgWsxgfggi3Ads16-z40BUp41hOqokUH5FARp3_UG6P8zdQVhIZjrQ7KGT-tFGJrKypTtx-slTUfmkjlAwI4LtYllf4Hepkzh_JX2q5ajpgJgpgefjfCCg_NP4cbFXQGXgJIozH9rvexH0AY0WQoIEbEyYQFjwSTIuBJZk83qdKweA0UQr2sMxOmy5bDgTtx5QDfFzOSjcmdQMi5ndSg1Wp2Ponnlx2fjfsczvXJCIZocZD.js:1830
[  598293ms] [LOG] 
%cThis is a browser feature intended for developers. If someone told you to copy and paste something here to enable a Facebook feature or "hack" someone's account, it's a scam and will give them access to your Facebook account. font-family:helvetica; font-size:20px;  @ https://static.xx.fbcdn.net/rsrc.php/v4iRHW4/y5/l/en_GB-j/MD4hNO9QOSwUB-_KOdxEVhMXubGxfg8F2E0_S3vFrv4HCxMBgWsxgfggi3Ads16-z40BUp41hOqokUH5FARp3_UG6P8zdQVhIZjrQ7KGT-tFGJrKypTtx-slTUfmkjlAwI4LtYllf4Hepkzh_JX2q5ajpgJgpgefjfCCg_NP4cbFXQGXgJIozH9rvexH0AY0WQoIEbEyYQFjwSTIuBJZk83qdKweA0UQr2sMxOmy5bDgTtx5QDfFzOSjcmdQMi5ndSg1Wp2Ponnlx2fjfsczvXJCIZocZD.js:1830
[  598293ms] [LOG] 
%cSee https://www.facebook.com/selfxss for more information. font-family:helvetica; font-size:20px;  @ https://static.xx.fbcdn.net/rsrc.php/v4iRHW4/y5/l/en_GB-j/MD4hNO9QOSwUB-_KOdxEVhMXubGxfg8F2E0_S3vFrv4HCxMBgWsxgfggi3Ads16-z40BUp41hOqokUH5FARp3_UG6P8zdQVhIZjrQ7KGT-tFGJrKypTtx-slTUfmkjlAwI4LtYllf4Hepkzh_JX2q5ajpgJgpgefjfCCg_NP4cbFXQGXgJIozH9rvexH0AY0WQoIEbEyYQFjwSTIuBJZk83qdKweA0UQr2sMxOmy5bDgTtx5QDfFzOSjcmdQMi5ndSg1Wp2Ponnlx2fjfsczvXJCIZocZD.js:1830
[  598293ms] [LOG] 
%c  @ https://static.xx.fbcdn.net/rsrc.php/v4iRHW4/y5/l/en_GB-j/MD4hNO9QOSwUB-_KOdxEVhMXubGxfg8F2E0_S3vFrv4HCxMBgWsxgfggi3Ads16-z40BUp41hOqokUH5FARp3_UG6P8zdQVhIZjrQ7KGT-tFGJrKypTtx-slTUfmkjlAwI4LtYllf4Hepkzh_JX2q5ajpgJgpgefjfCCg_NP4cbFXQGXgJIozH9rvexH0AY0WQoIEbEyYQFjwSTIuBJZk83qdKweA0UQr2sMxOmy5bDgTtx5QDfFzOSjcmdQMi5ndSg1Wp2Ponnlx2fjfsczvXJCIZocZD.js:1830
