[    2571ms] [LOG] WARNING: Tried to load angular more than once. @ https://prod.cdn.cbw.crux.builder-tools.aws.dev/assets/cdn/vendor-part3-bc8064255b88912458476cfdcb8e9af53cd7e51daea75dfeee036d9363364282.js?Expires=1784335062&Signature=HkDl64mRn2usTvcvP5cTSjEawU6MgP8eJOafSYaDqw1Ms0KaEaSkbOKRCSIU2IEWDnLP2KZRGYJ0O7mwm1tXe3bJYug8nQ3q827JkiYM5V9rnfavsZyPmfKTbOchMVtTutUZhOh8Byz6oIvsv0zjegWf3SrYisMFmmPJXd-HqHbfNAMbq4o2JywFUDz-ATZ3lXe9QuZyiCNh2XZu3funckwWut6TVFGp73Q~o9QYY9th~4xa8m6w5~5jd3ZtSw4Z22A9VGcGrVPr91EbpdSEyq0RC4keAIzOHrKw6nNmZqVZIdd~iDo5VUSiCZilA4IKw8GGIEcfvIa1meauj-SQvw__&Key-Pair-Id=K11PVWJWB1ZZ40:14
[    2784ms] [LOG] AUI Debug: Reapplying overrides after page change @ chrome-extension://dcfoehjpoialdhneckhclkljejggicle/scripts.js:54
[    3585ms] Uncaught (in promise) TypeError: Failed to resolve module specifier './index-Dc9k1RGK.js'. The base URL is about:blank because import() is called from a CORS-cross-origin script.
    at <anonymous> (https://prod.ui.dashboard.crux.builder-tools.aws.dev/assets/crux-dashboard-web-index-DSBfqyz9.js:102:196028)
    at <anonymous> (https://prod.ui.dashboard.crux.builder-tools.aws.dev/assets/crux-dashboard-web-index-DSBfqyz9.js:41:111685)
[    2571ms] [LOG] WARNING: Tried to load angular more than once. @ https://prod.cdn.cbw.crux.builder-tools.aws.dev/assets/cdn/vendor-part3-bc8064255b88912458476cfdcb8e9af53cd7e51daea75dfeee036d9363364282.js?Expires=1784335062&Signature=HkDl64mRn2usTvcvP5cTSjEawU6MgP8eJOafSYaDqw1Ms0KaEaSkbOKRCSIU2IEWDnLP2KZRGYJ0O7mwm1tXe3bJYug8nQ3q827JkiYM5V9rnfavsZyPmfKTbOchMVtTutUZhOh8Byz6oIvsv0zjegWf3SrYisMFmmPJXd-HqHbfNAMbq4o2JywFUDz-ATZ3lXe9QuZyiCNh2XZu3funckwWut6TVFGp73Q~o9QYY9th~4xa8m6w5~5jd3ZtSw4Z22A9VGcGrVPr91EbpdSEyq0RC4keAIzOHrKw6nNmZqVZIdd~iDo5VUSiCZilA4IKw8GGIEcfvIa1meauj-SQvw__&Key-Pair-Id=K11PVWJWB1ZZ40:14
[    2784ms] [LOG] AUI Debug: Reapplying overrides after page change @ chrome-extension://dcfoehjpoialdhneckhclkljejggicle/scripts.js:54
[    8768ms] Uncaught (in promise) TypeError: Failed to resolve module specifier './index-Dc9k1RGK.js'. The base URL is about:blank because import() is called from a CORS-cross-origin script.
    at <anonymous> (https://prod.ui.dashboard.crux.builder-tools.aws.dev/assets/crux-dashboard-web-index-DSBfqyz9.js:102:196028)
    at <anonymous> (https://prod.ui.dashboard.crux.builder-tools.aws.dev/assets/crux-dashboard-web-index-DSBfqyz9.js:41:111685)
[    6800ms] [ERROR] Failed to load resource: net::ERR_BLOCKED_BY_CLIENT @ https://dataplane.rum.us-east-1.amazonaws.com/appmonitors/ce15caa9-d90b-4f97-bbee-03782a7c6f71?X-Amz-Algorithm=AWS4-HMAC-SHA256&X-Amz-Content-Sha256=5a10740b23931cffae2ff466b6b57e1bf5f565219b34f13f2523adf291d221af&X-Amz-Credential=ASIAYK5NDDRPCEJJRJB7%2F20260717%2Fus-east-1%2Frum%2Faws4_request&X-Amz-Date=20260717T233747Z&X-Amz-Expires=60&X-Amz-Security-Token=IQoJb3JpZ2luX2VjEKD%2F%2F%2F%2F%2F%2F%2F%2F%2F%2FwEaCXVzLWVhc3QtMSJIMEYCIQCoecv9SH1O0i4HpfLlnktNlM23F5DpfNMxwga5H%2FGGeAIhANACmpdvjQdwPJ0DPRUJ6SLoitC6YPtfACpPUe1mS0sQKsYDCGkQABoMNTczMjA0Mjc0MjcwIgx%2FjP38CV44Em4lsJ0qowMMDSE%2BhjRr2ESxfzv7k%2BX4sHhKx1uyRkZXO4OEx%2FcYB1iaPVlZ7s0egJRfu%2F1%2BrJaI%2BzjniqTd0PUklRLkalS%2FD4kCY50DLUUYwHd5CkfFszHQeCJKxk4V014eSyKWIyyXwykAs%2BA8n9vWbXk0zsDeTQBR%2B6nWxBEkrONtAFATEwYLWu9Brph4PqmH6WTSHciVDJw2G6KRmNW8gMgYZgyYYuYmRNup96%2BiGIMT4W0mXwBhjxq7DssVMSczFsWC79z5%2FgHAPi1WJKC70lWXdPESofMUQX13FfiZ2TBDLVE3%2BPweyeL%2FKx3S4eE%2FBZzYz0v6eBJt1s5365uftDhnt28XiEpn4IfVdPas4l%2F8bs9dQDrZNGqvghbQPT46kAc9a1GIMgmNNFwg8hdF6hp9yJvH7pD4JUTi2SLGIzg%2BwrF61z%2F%2FR7s7ua%2FdDwr2wuMuPUzjnnLQsn9JI48%2BoHL3P1O6bJonko7JJ3up0fdUgOvmOfwYBfuRGJ%2B1nZTXJH9%2BRndIg73SFXs98V6QZC3iKSUoUhAoZNuqJjV9NfRYmkWIKCm9AzDI%2BerSBjqRAaAGKFNUNcTxJtQGia7rk9ZNZ3dzBCHEwp63%2Fg5amPdXRa5rhpODxX2RIkK47ezpJftEPsYitmDBEe0rOnfZTwMUtNa0dyTJwFJJLPeYQjaU2oVzSO98rv7%2BasR5L2Szl1v5vqZkvBrJUp9EQejqvS0FS%2FDWuBWZHlVnecIl1Kwz0f6b51Pwju6eGluUCKKHWj8%3D&X-Amz-Signature=8ca0fd1b5a82d7ed86467b3722a5c82a13d5aa13af54e9920cf04eb5b6a3817a&X-Amz-SignedHeaders=content-type%3Bhost:0
[    8768ms] [ERROR] Failed to load resource: net::ERR_BLOCKED_BY_CLIENT @ https://dataplane.rum.us-east-1.amazonaws.com/appmonitors/ce15caa9-d90b-4f97-bbee-03782a7c6f71:0
[   10771ms] [ERROR] Failed to load resource: net::ERR_BLOCKED_BY_CLIENT @ https://dataplane.rum.us-east-1.amazonaws.com/appmonitors/ce15caa9-d90b-4f97-bbee-03782a7c6f71:0
[   13402ms] [ERROR] Failed to load resource: net::ERR_BLOCKED_BY_CLIENT @ https://dataplane.rum.us-east-1.amazonaws.com/appmonitors/ce15caa9-d90b-4f97-bbee-03782a7c6f71:0
[   14456ms] [ERROR] Failed to load resource: net::ERR_BLOCKED_BY_CLIENT @ https://www.facebook.com/ajax/qm/?__a=1&__user=1814533673&__comet_req=15&jazoest=25668:0
[   15587ms] [ERROR] Permissions policy violation: unload is not allowed in this document. @ https://static.xx.fbcdn.net/rsrc.php/v4/y2/r/AIM3sKoV463.js:322
[   15868ms] Error: Minified React error #418; visit https://react.dev/errors/418?args[]=HTML&args[]= for the full message or use the non-minified dev environment for full errors and additional helpful warnings.
    at dr (https://static.xx.fbcdn.net/rsrc.php/v4iRHW4/yV/l/en_GB-j/BQfZydWpbT9lmtXh5QRubNUScQq5VBPAMR4dF-OWar5RKMKB9Xp42zvgi3Ads16-z44hVI3iYajwXPNtUQlO_bex6P8zdQVhIZjrQ7KGT-tFGJmqp_CfafsdsUfmkjlAwI4LtYllf4HepkzJgpgefjfCCg_NP4cbFXQGXgJIozH9rvexXYNUi_-P2pOOELJoynrDiRBJZk83qdKweA0UQr2sMxOmy5bDgTtx5QDfFzOSjcmdQM.js:1072:28772)
    at _r (https://static.xx.fbcdn.net/rsrc.php/v4iRHW4/yV/l/en_GB-j/BQfZydWpbT9lmtXh5QRubNUScQq5VBPAMR4dF-OWar5RKMKB9Xp42zvgi3Ads16-z44hVI3iYajwXPNtUQlO_bex6P8zdQVhIZjrQ7KGT-tFGJmqp_CfafsdsUfmkjlAwI4LtYllf4HepkzJgpgefjfCCg_NP4cbFXQGXgJIozH9rvexXYNUi_-P2pOOELJoynrDiRBJZk83qdKweA0UQr2sMxOmy5bDgTtx5QDfFzOSjcmdQM.js:1072:30164)
    at ys (https://static.xx.fbcdn.net/rsrc.php/v4iRHW4/yV/l/en_GB-j/BQfZydWpbT9lmtXh5QRubNUScQq5VBPAMR4dF-OWar5RKMKB9Xp42zvgi3Ads16-z44hVI3iYajwXPNtUQlO_bex6P8zdQVhIZjrQ7KGT-tFGJmqp_CfafsdsUfmkjlAwI4LtYllf4HepkzJgpgefjfCCg_NP4cbFXQGXgJIozH9rvexXYNUi_-P2pOOELJoynrDiRBJZk83qdKweA0UQr2sMxOmy5bDgTtx5QDfFzOSjcmdQM.js:1072:94917)
    at Td (https://static.xx.fbcdn.net/rsrc.php/v4iRHW4/yV/l/en_GB-j/BQfZydWpbT9lmtXh5QRubNUScQq5VBPAMR4dF-OWar5RKMKB9Xp42zvgi3Ads16-z44hVI3iYajwXPNtUQlO_bex6P8zdQVhIZjrQ7KGT-tFGJmqp_CfafsdsUfmkjlAwI4LtYllf4HepkzJgpgefjfCCg_NP4cbFXQGXgJIozH9rvexXYNUi_-P2pOOELJoynrDiRBJZk83qdKweA0UQr2sMxOmy5bDgTtx5QDfFzOSjcmdQM.js:1072:143616)
    at Ed (https://static.xx.fbcdn.net/rsrc.php/v4iRHW4/yV/l/en_GB-j/BQfZydWpbT9lmtXh5QRubNUScQq5VBPAMR4dF-OWar5RKMKB9Xp42zvgi3Ads16-z44hVI3iYajwXPNtUQlO_bex6P8zdQVhIZjrQ7KGT-tFGJmqp_CfafsdsUfmkjlAwI4LtYllf4HepkzJgpgefjfCCg_NP4cbFXQGXgJIozH9rvexXYNUi_-P2pOOELJoynrDiRBJZk83qdKweA0UQr2sMxOmy5bDgTtx5QDfFzOSjcmdQM.js:1072:142743)
    at Ld (https://static.xx.fbcdn.net/rsrc.php/v4iRHW4/yV/l/en_GB-j/BQfZydWpbT9lmtXh5QRubNUScQq5VBPAMR4dF-OWar5RKMKB9Xp42zvgi3Ads16-z44hVI3iYajwXPNtUQlO_bex6P8zdQVhIZjrQ7KGT-tFGJmqp_CfafsdsUfmkjlAwI4LtYllf4HepkzJgpgefjfCCg_NP4cbFXQGXgJIozH9rvexXYNUi_-P2pOOELJoynrDiRBJZk83qdKweA0UQr2sMxOmy5bDgTtx5QDfFzOSjcmdQM.js:1072:142654)
    at Rd (https://static.xx.fbcdn.net/rsrc.php/v4iRHW4/yV/l/en_GB-j/BQfZydWpbT9lmtXh5QRubNUScQq5VBPAMR4dF-OWar5RKMKB9Xp42zvgi3Ads16-z44hVI3iYajwXPNtUQlO_bex6P8zdQVhIZjrQ7KGT-tFGJmqp_CfafsdsUfmkjlAwI4LtYllf4HepkzJgpgefjfCCg_NP4cbFXQGXgJIozH9rvexXYNUi_-P2pOOELJoynrDiRBJZk83qdKweA0UQr2sMxOmy5bDgTtx5QDfFzOSjcmdQM.js:1072:142509)
    at sd (https://static.xx.fbcdn.net/rsrc.php/v4iRHW4/yV/l/en_GB-j/BQfZydWpbT9lmtXh5QRubNUScQq5VBPAMR4dF-OWar5RKMKB9Xp42zvgi3Ads16-z44hVI3iYajwXPNtUQlO_bex6P8zdQVhIZjrQ7KGT-tFGJmqp_CfafsdsUfmkjlAwI4LtYllf4HepkzJgpgefjfCCg_NP4cbFXQGXgJIozH9rvexXYNUi_-P2pOOELJoynrDiRBJZk83qdKweA0UQr2sMxOmy5bDgTtx5QDfFzOSjcmdQM.js:1072:137668)
    at Yr (https://static.xx.fbcdn.net/rsrc.php/v4iRHW4/yV/l/en_GB-j/BQfZydWpbT9lmtXh5QRubNUScQq5VBPAMR4dF-OWar5RKMKB9Xp42zvgi3Ads16-z44hVI3iYajwXPNtUQlO_bex6P8zdQVhIZjrQ7KGT-tFGJmqp_CfafsdsUfmkjlAwI4LtYllf4HepkzJgpgefjfCCg_NP4cbFXQGXgJIozH9rvexXYNUi_-P2pOOELJoynrDiRBJZk83qdKweA0UQr2sMxOmy5bDgTtx5QDfFzOSjcmdQM.js:1072:35709)
    at Object.applyWithGuard (https://static.xx.fbcdn.net/rsrc.php/v4/yQ/r/mQTuD_ddpeY.js:80:10311)
    at e (https://static.xx.fbcdn.net/rsrc.php/v4/yQ/r/mQTuD_ddpeY.js:80:11008)
    at MessagePort.N (https://static.xx.fbcdn.net/rsrc.php/v4/yQ/r/mQTuD_ddpeY.js:236:1878)
[   17360ms] [LOG] AUI Debug: Reapplying overrides after page change @ chrome-extension://dcfoehjpoialdhneckhclkljejggicle/scripts.js:54
[   17514ms] [LOG] 
%cStop! font-family:helvetica; font-size:20px; font-size:50px; font-weight:bold; color:red; -webkit-text-stroke:1px black; @ https://static.xx.fbcdn.net/rsrc.php/v4iRHW4/yV/l/en_GB-j/BQfZydWpbT9lmtXh5QRubNUScQq5VBPAMR4dF-OWar5RKMKB9Xp42zvgi3Ads16-z44hVI3iYajwXPNtUQlO_bex6P8zdQVhIZjrQ7KGT-tFGJmqp_CfafsdsUfmkjlAwI4LtYllf4HepkzJgpgefjfCCg_NP4cbFXQGXgJIozH9rvexXYNUi_-P2pOOELJoynrDiRBJZk83qdKweA0UQr2sMxOmy5bDgTtx5QDfFzOSjcmdQM.js:1770
[   17515ms] [LOG] 
%cThis is a browser feature intended for developers. If someone told you to copy and paste something here to enable a Facebook feature or "hack" someone's account, it's a scam and will give them access to your Facebook account. font-family:helvetica; font-size:20px;  @ https://static.xx.fbcdn.net/rsrc.php/v4iRHW4/yV/l/en_GB-j/BQfZydWpbT9lmtXh5QRubNUScQq5VBPAMR4dF-OWar5RKMKB9Xp42zvgi3Ads16-z44hVI3iYajwXPNtUQlO_bex6P8zdQVhIZjrQ7KGT-tFGJmqp_CfafsdsUfmkjlAwI4LtYllf4HepkzJgpgefjfCCg_NP4cbFXQGXgJIozH9rvexXYNUi_-P2pOOELJoynrDiRBJZk83qdKweA0UQr2sMxOmy5bDgTtx5QDfFzOSjcmdQM.js:1770
[   17515ms] [LOG] 
%cSee https://www.facebook.com/selfxss for more information. font-family:helvetica; font-size:20px;  @ https://static.xx.fbcdn.net/rsrc.php/v4iRHW4/yV/l/en_GB-j/BQfZydWpbT9lmtXh5QRubNUScQq5VBPAMR4dF-OWar5RKMKB9Xp42zvgi3Ads16-z44hVI3iYajwXPNtUQlO_bex6P8zdQVhIZjrQ7KGT-tFGJmqp_CfafsdsUfmkjlAwI4LtYllf4HepkzJgpgefjfCCg_NP4cbFXQGXgJIozH9rvexXYNUi_-P2pOOELJoynrDiRBJZk83qdKweA0UQr2sMxOmy5bDgTtx5QDfFzOSjcmdQM.js:1770
[   17515ms] [LOG] 
%c  @ https://static.xx.fbcdn.net/rsrc.php/v4iRHW4/yV/l/en_GB-j/BQfZydWpbT9lmtXh5QRubNUScQq5VBPAMR4dF-OWar5RKMKB9Xp42zvgi3Ads16-z44hVI3iYajwXPNtUQlO_bex6P8zdQVhIZjrQ7KGT-tFGJmqp_CfafsdsUfmkjlAwI4LtYllf4HepkzJgpgefjfCCg_NP4cbFXQGXgJIozH9rvexXYNUi_-P2pOOELJoynrDiRBJZk83qdKweA0UQr2sMxOmy5bDgTtx5QDfFzOSjcmdQM.js:1770
[  393140ms] [LOG] WARNING: Tried to load angular more than once. @ https://prod.cdn.cbw.crux.builder-tools.aws.dev/assets/cdn/vendor-part3-bc8064255b88912458476cfdcb8e9af53cd7e51daea75dfeee036d9363364282.js?Expires=1784335452&Signature=WXN3nnQ0WY3ty6yzzk8m4ITQJJMibQtGYfIblzhZ5SfXiZZ1~hgdvu055uEFMTP4jcpWA1tJ9xZx-9hm7sutuJWrh-VQoDI7pJ6O-2aXNQ6DGGJqHodygWyNUpVtEFfyh4V3NAyiAFOwIV~7VKtVd9e8ADBxLiMNvmeRDk1w6G9THbUVsWfgnLxrSb~w2XCI6XwKLJpfvHLFfU9X7TPZqIgNUn~GcRIV9YLL1moJ1un7IO8lvR78y7gQHmuZrMaTlPj8KflHD9FmErY3qO8BARkEEdmO8EuscfvNZlTixtOnwXc~BYVCek8Uae6Y3yPtG~Z~M4t7rvKifp7ytY~YIw__&Key-Pair-Id=K11PVWJWB1ZZ40:14
[  393368ms] [LOG] AUI Debug: Reapplying overrides after page change @ chrome-extension://dcfoehjpoialdhneckhclkljejggicle/scripts.js:54
[  394604ms] Uncaught (in promise) TypeError: Failed to resolve module specifier './index-Dc9k1RGK.js'. The base URL is about:blank because import() is called from a CORS-cross-origin script.
    at <anonymous> (https://prod.ui.dashboard.crux.builder-tools.aws.dev/assets/crux-dashboard-web-index-DSBfqyz9.js:102:196028)
    at <anonymous> (https://prod.ui.dashboard.crux.builder-tools.aws.dev/assets/crux-dashboard-web-index-DSBfqyz9.js:41:111685)
[  397078ms] [LOG] WARNING: Tried to load angular more than once. @ https://prod.cdn.cbw.crux.builder-tools.aws.dev/assets/cdn/vendor-part3-bc8064255b88912458476cfdcb8e9af53cd7e51daea75dfeee036d9363364282.js?Expires=1784335456&Signature=ds9rwC9pO3PehXFOaBHgTNN3zIwIFef5YmP9iK8BoAMVwpUYhu4Ohp8mdmL572aUzRdYmlSkG9pidP4yd0uj0FlHo-v8Ul5VnwCPVLAL2uANXubi1bitad5IQLCFcDiCjbNi816sAtU4e~KOTRlwstu2klWvGnYp-ug3oRhreV9~GYEuWoFkS~TgM4CrAwJNVAUjYYv2nsaKOng~QZkLwuTbqbcuN3HADpyLqvXYZX2js37TlEJI77j00qLI1l5W9gc4kTC2q1AVbDGOP4nxDpbmWkffL0m5yOgX121X3b0kdl5puJxfDTL-cG4MHRtWMPwOmrZQZyUwlZiaqFiBSw__&Key-Pair-Id=K11PVWJWB1ZZ40:14
[  397278ms] [LOG] AUI Debug: Reapplying overrides after page change @ chrome-extension://dcfoehjpoialdhneckhclkljejggicle/scripts.js:54
[  403555ms] [LOG] WARNING: Tried to load angular more than once. @ https://prod.cdn.cbw.crux.builder-tools.aws.dev/assets/cdn/vendor-part3-bc8064255b88912458476cfdcb8e9af53cd7e51daea75dfeee036d9363364282.js?Expires=1784335462&Signature=eV4m6ELVaRekR2Sc3mpFM7DmfoHOaTX5aKmd4bjOts19JmKzJ5eoj4w9qxvNVlH0drp8oNVy53oil2Y0--uopaJkt5zHy23FuFeQr8HSb~zXWru6sthhGAm0roLTqLpXdASm4~fRbT~kjvbqDjxl~JwUvCl8Bx788ip8QcHIR7d6rRqzOP7pW5XwXcKrNYmdaRAEIY2YBvgTn1gLTdblSlh7nOxDBnqSM0aglD7nn2TfLteajuPqEr1w89FE4tqavvU0GolcRJG7XG5zaKKwU1ItE4~fV~8HLhtq6xNXSiZKTIU0ouzniVMuNenwISDFS~pRR5DBp929OlJ3Nvh3Dw__&Key-Pair-Id=K11PVWJWB1ZZ40:14
[  403831ms] [LOG] AUI Debug: Reapplying overrides after page change @ chrome-extension://dcfoehjpoialdhneckhclkljejggicle/scripts.js:54
[  440631ms] [LOG] WARNING: Tried to load angular more than once. @ https://prod.cdn.cbw.crux.builder-tools.aws.dev/assets/cdn/vendor-part3-bc8064255b88912458476cfdcb8e9af53cd7e51daea75dfeee036d9363364282.js?Expires=1784335500&Signature=JyXUCYELxBXgirmXwPBkY9BZdSBkRUDy9AvRtv19AXb2tyjduZUY-937CmZof-d4omFVuI9Pewr3QCneunPEvsa90myJt99gDYh-RkvQ1SAQFFmh-KOcekmaGmVL4j1HlPmjO93WvbGq5Ae1ibk1gzV9~H9JL4bQO8ji2gEzbInEkgDLl1G9DtFr10ZexKxU1DKrVCiNVyv7xwxu7Rq6hN9Y0tnX9utifBPtnZsHaHl8IaB33EXDIWKlucKKmmCR8ggs3zFtqcXios6r9y-LnQYw5f110AiPkxUkPRLDvOQic21wAF6tuY0QTjeYA7JI4a9qW7BCOHtJFK1Ps8fsmw__&Key-Pair-Id=K11PVWJWB1ZZ40:14
[  440849ms] [LOG] AUI Debug: Reapplying overrides after page change @ chrome-extension://dcfoehjpoialdhneckhclkljejggicle/scripts.js:54
[  441321ms] Uncaught (in promise) TypeError: Failed to resolve module specifier './index-Dc9k1RGK.js'. The base URL is about:blank because import() is called from a CORS-cross-origin script.
    at <anonymous> (https://prod.ui.dashboard.crux.builder-tools.aws.dev/assets/crux-dashboard-web-index-DSBfqyz9.js:102:196028)
    at <anonymous> (https://prod.ui.dashboard.crux.builder-tools.aws.dev/assets/crux-dashboard-web-index-DSBfqyz9.js:41:111685)
[  446140ms] [ERROR] Failed to load resource: net::ERR_BLOCKED_BY_CLIENT @ https://dataplane.rum.us-east-1.amazonaws.com/appmonitors/ce15caa9-d90b-4f97-bbee-03782a7c6f71:0
[  448146ms] [ERROR] Failed to load resource: net::ERR_BLOCKED_BY_CLIENT @ https://dataplane.rum.us-east-1.amazonaws.com/appmonitors/ce15caa9-d90b-4f97-bbee-03782a7c6f71:0
[  452151ms] [ERROR] Failed to load resource: net::ERR_BLOCKED_BY_CLIENT @ https://dataplane.rum.us-east-1.amazonaws.com/appmonitors/ce15caa9-d90b-4f97-bbee-03782a7c6f71:0
[  454310ms] [LOG] WARNING: Tried to load angular more than once. @ https://prod.cdn.cbw.crux.builder-tools.aws.dev/assets/cdn/vendor-part3-bc8064255b88912458476cfdcb8e9af53cd7e51daea75dfeee036d9363364282.js?Expires=1784335513&Signature=o~O2hKnCZInG6YLmSekzHSGakntziuEimLMRBIE0e0PT-xCpXHCCJPEEZupmWdLDGIsPrDPKTF2lr5URoq7tmE33WHkY3RnEOB0TGW7Qta74nyZq2wQMijSGkIrU2M0tMgJ9lp1lYYjs2-jwRmckUw3BNTo2J75e6jrSUuSpdDX16k4bcST6zIZZiUiRWk0DgZd-mr917JiLuRB~Z6VdPalwqSriSId6Vn4xbOIK4uLNld2-oSiUFTXKm14ma3IJtLpOVOH31Y8qvk-Paug9v8HHUX8M9uzFlcPWN7L4EiT3dtfHe9RT6dlnNfqn9Ka-ule6W~o1bfUbCY7i5PG9Sg__&Key-Pair-Id=K11PVWJWB1ZZ40:14
[  454547ms] [LOG] AUI Debug: Reapplying overrides after page change @ chrome-extension://dcfoehjpoialdhneckhclkljejggicle/scripts.js:54
[  454730ms] Uncaught (in promise) TypeError: Failed to resolve module specifier './index-Dc9k1RGK.js'. The base URL is about:blank because import() is called from a CORS-cross-origin script.
    at <anonymous> (https://prod.ui.dashboard.crux.builder-tools.aws.dev/assets/crux-dashboard-web-index-DSBfqyz9.js:102:196028)
    at <anonymous> (https://prod.ui.dashboard.crux.builder-tools.aws.dev/assets/crux-dashboard-web-index-DSBfqyz9.js:41:111685)
[  459563ms] [ERROR] Failed to load resource: net::ERR_BLOCKED_BY_CLIENT @ https://dataplane.rum.us-east-1.amazonaws.com/appmonitors/ce15caa9-d90b-4f97-bbee-03782a7c6f71:0
[  461569ms] [ERROR] Failed to load resource: net::ERR_BLOCKED_BY_CLIENT @ https://dataplane.rum.us-east-1.amazonaws.com/appmonitors/ce15caa9-d90b-4f97-bbee-03782a7c6f71:0
[  465574ms] [ERROR] Failed to load resource: net::ERR_BLOCKED_BY_CLIENT @ https://dataplane.rum.us-east-1.amazonaws.com/appmonitors/ce15caa9-d90b-4f97-bbee-03782a7c6f71:0
