[     -51ms] [LOG] Currently configured to use Space stages: {"domain":"harmony.a2z.com","stage":"prod","spaceId":"harmony","mode":"multi-app-subdomain"} @ https://stores-designer.harmony.a2z.com/navigation/harmony-navbar.js:53
[     157ms] [LOG] AUI Debug: Reapplying overrides after page change @ chrome-extension://dcfoehjpoialdhneckhclkljejggicle/scripts.js:54
[     258ms] [LOG] AUI Debug: Reapplying overrides after page change @ chrome-extension://dcfoehjpoialdhneckhclkljejggicle/scripts.js:54
[    1016ms] [LOG] [useOpenCode:bootProject] Starting boot for project: 8289521a-7e31-40b0-aecd-f818a31e61ff template: blank @ https://stores-designer.harmony.a2z.com/assets/project-layout-NrWtJUaV.js:1
[    1025ms] [LOG] [useOpenCode:bootProject] Starting boot for project: 8289521a-7e31-40b0-aecd-f818a31e61ff template: blank @ https://stores-designer.harmony.a2z.com/assets/project-layout-NrWtJUaV.js:1
[    1025ms] [LOG] [useOpenCode:bootProject] Skipping - boot already in progress for this project (ref check) @ https://stores-designer.harmony.a2z.com/assets/project-layout-NrWtJUaV.js:1
[    1041ms] [ERROR] Failed to load resource: net::ERR_BLOCKED_BY_CLIENT @ https://unagi-na.amazon.com/1/events/com.amazon.eel.katal.metrics.core.nexus:0
[    1227ms] [ERROR] Access to fetch at 'https://env-7df7c8e7b1d44843a295ae97a534feb4.mde.prod.design-assistant.sdt.amazon.dev/__frame_ready__' from origin 'https://stores-designer.harmony.a2z.com' has been blocked by CORS policy: No 'Access-Control-Allow-Origin' header is present on the requested resource. @ https://stores-designer.harmony.a2z.com/projects/8289521a-7e31-40b0-aecd-f818a31e61ff:0
[    1227ms] [ERROR] Failed to load resource: net::ERR_FAILED @ https://env-7df7c8e7b1d44843a295ae97a534feb4.mde.prod.design-assistant.sdt.amazon.dev/__frame_ready__:0
[    1228ms] [LOG] trackMetric: page.error 1 {errorName: frame.ready.check.failed, error: frame_ready responded undefined} @ https://stores-designer.harmony.a2z.com/assets/utils-BPBUpZd6.js:14
[    1353ms] [LOG] [opencode] → GET /session projectId: 8289521a-7e31-40b0-aecd-f818a31e61ff correlationId: r_1784225442476_1 @ https://stores-designer.harmony.a2z.com/assets/index-ZHSC2mrQ.js:8
[    1354ms] [LOG] [opencode] → GET /session/status projectId: 8289521a-7e31-40b0-aecd-f818a31e61ff correlationId: r_1784225442478_2 @ https://stores-designer.harmony.a2z.com/assets/index-ZHSC2mrQ.js:8
[    1373ms] [ERROR] Failed to load resource: net::ERR_BLOCKED_BY_CLIENT @ https://unagi-na.amazon.com/1/events/com.amazon.eel.katal.metrics.core.nexus:0
[    1528ms] [ERROR] Failed to load resource: net::ERR_BLOCKED_BY_CLIENT @ https://unagi-na.amazon.com/1/events/com.amazon.eel.katal.metrics.core.nexus:0
[    2059ms] [LOG] trackMetric: ai.request 1 {route: /session/status, method: GET, projectId: 8289521a-7e31-40b0-aecd-f818a31e61ff, correlationId: r_1784225442478_2, outcome: success} @ https://stores-designer.harmony.a2z.com/assets/utils-BPBUpZd6.js:14
[    2069ms] [LOG] [opencode] ← /session/status 703ms correlationId: r_1784225442478_2 @ https://stores-designer.harmony.a2z.com/assets/index-ZHSC2mrQ.js:8
[    2142ms] [LOG] trackMetric: ai.request 1 {route: /session, method: GET, projectId: 8289521a-7e31-40b0-aecd-f818a31e61ff, correlationId: r_1784225442476_1, outcome: success} @ https://stores-designer.harmony.a2z.com/assets/utils-BPBUpZd6.js:14
[    2145ms] [LOG] [opencode] ← /session 787ms correlationId: r_1784225442476_1 @ https://stores-designer.harmony.a2z.com/assets/index-ZHSC2mrQ.js:8
[    2145ms] [LOG] [useOpenCode:bootProject] Found 9 existing sessions @ https://stores-designer.harmony.a2z.com/assets/project-layout-NrWtJUaV.js:1
[    2146ms] [LOG] [useOpenCode:bootProject] Using existing session: ses_095161c80ffeWAFmNbm1hxq2K9 @ https://stores-designer.harmony.a2z.com/assets/project-layout-NrWtJUaV.js:1
[    2151ms] [LOG] [opencode] → GET /session/:id/message projectId: 8289521a-7e31-40b0-aecd-f818a31e61ff correlationId: r_1784225443605_3 @ https://stores-designer.harmony.a2z.com/assets/index-ZHSC2mrQ.js:8
[    2832ms] [ERROR] Failed to load resource: net::ERR_BLOCKED_BY_CLIENT @ https://unagi-na.amazon.com/1/events/com.amazon.eel.katal.metrics.core.nexus:0
[    2839ms] [LOG] trackMetric: ai.request 1 {route: /session/:id/message, method: GET, projectId: 8289521a-7e31-40b0-aecd-f818a31e61ff, correlationId: r_1784225443605_3, outcome: success} @ https://stores-designer.harmony.a2z.com/assets/utils-BPBUpZd6.js:14
[    2852ms] [LOG] [opencode] ← /session/:id/message 674ms correlationId: r_1784225443605_3 @ https://stores-designer.harmony.a2z.com/assets/index-ZHSC2mrQ.js:8
[    2852ms] [LOG] [useOpenCode:bootProject] Loaded 15 existing messages @ https://stores-designer.harmony.a2z.com/assets/project-layout-NrWtJUaV.js:1
[    2854ms] [LOG] [useOpenCode] Runtime ready for project: 8289521a-7e31-40b0-aecd-f818a31e61ff template: blank retries: 0 totalBootMs: 1838 @ https://stores-designer.harmony.a2z.com/assets/project-layout-NrWtJUaV.js:1
[    2854ms] [LOG] trackLatency: boot.duration 1838ms {projectId: 8289521a-7e31-40b0-aecd-f818a31e61ff} @ https://stores-designer.harmony.a2z.com/assets/utils-BPBUpZd6.js:14
[    2917ms] [LOG] [useOpenCode:bootProject] Starting boot for project: 8289521a-7e31-40b0-aecd-f818a31e61ff template: blank @ https://stores-designer.harmony.a2z.com/assets/project-layout-NrWtJUaV.js:1
[    2917ms] [LOG] [useOpenCode:bootProject] Skipping - boot already in progress for this project (ref check) @ https://stores-designer.harmony.a2z.com/assets/project-layout-NrWtJUaV.js:1
[    2917ms] [LOG] [useAutoProjectTitle] No description captured, skipping @ https://stores-designer.harmony.a2z.com/assets/project-layout-NrWtJUaV.js:37
[    2929ms] [LOG] [opencode] → GET /model-info projectId: 8289521a-7e31-40b0-aecd-f818a31e61ff correlationId: r_1784225444320_4 @ https://stores-designer.harmony.a2z.com/assets/index-ZHSC2mrQ.js:8
[    2929ms] [LOG] [opencode] → GET /file/content projectId: 8289521a-7e31-40b0-aecd-f818a31e61ff correlationId: r_1784225444377_8 @ https://stores-designer.harmony.a2z.com/assets/index-ZHSC2mrQ.js:8
[    2930ms] [LOG] [opencode] → SSE /global/event correlationId: r_1784225444375_5 @ https://stores-designer.harmony.a2z.com/assets/index-ZHSC2mrQ.js:8
[    2930ms] [LOG] [opencode] → SSE /global/event correlationId: r_1784225444376_6 @ https://stores-designer.harmony.a2z.com/assets/index-ZHSC2mrQ.js:8
[    2931ms] [LOG] [opencode] → SSE /global/event correlationId: r_1784225444376_7 @ https://stores-designer.harmony.a2z.com/assets/index-ZHSC2mrQ.js:8
[    2931ms] [LOG] [opencode] → SSE /global/event correlationId: r_1784225444378_9 @ https://stores-designer.harmony.a2z.com/assets/index-ZHSC2mrQ.js:8
[    2987ms] [LOG] [useOpenCode:bootProject] Starting boot for project: 8289521a-7e31-40b0-aecd-f818a31e61ff template: blank @ https://stores-designer.harmony.a2z.com/assets/project-layout-NrWtJUaV.js:1
[    2988ms] [LOG] [useOpenCode:bootProject] Skipping - boot already in progress for this project (ref check) @ https://stores-designer.harmony.a2z.com/assets/project-layout-NrWtJUaV.js:1
[    3477ms] [LOG] trackMetric: ai.request 1 {route: /model-info, method: GET, projectId: 8289521a-7e31-40b0-aecd-f818a31e61ff, correlationId: r_1784225444320_4, outcome: success} @ https://stores-designer.harmony.a2z.com/assets/utils-BPBUpZd6.js:14
[    3480ms] [LOG] [opencode] ← /model-info 548ms correlationId: r_1784225444320_4 @ https://stores-designer.harmony.a2z.com/assets/index-ZHSC2mrQ.js:8
[    3511ms] [LOG] trackMetric: ai.request 1 {route: /file/content, method: GET, projectId: 8289521a-7e31-40b0-aecd-f818a31e61ff, correlationId: r_1784225444377_8, outcome: success} @ https://stores-designer.harmony.a2z.com/assets/utils-BPBUpZd6.js:14
[    3517ms] [LOG] [opencode] ← /file/content 579ms correlationId: r_1784225444377_8 @ https://stores-designer.harmony.a2z.com/assets/index-ZHSC2mrQ.js:8
[    3517ms] [LOG] [usePageFramesQuery] Raw page.json frames: [Object, Object, Object] @ https://stores-designer.harmony.a2z.com/assets/project-layout-NrWtJUaV.js:59
[    3546ms] [LOG] [useBackendSync] sync triggered {isInitialized: false, prevIds: Array(0), queryIds: Array(3), storeIds: Array(0), queryCount: 3} @ https://stores-designer.harmony.a2z.com/assets/project-layout-NrWtJUaV.js:60
[    3614ms] [LOG] [useElementCapture] Browser support check: {hasNavigator: true, hasMediaDevices: true, hasGetDisplayMedia: true, isSupported: true} @ https://stores-designer.harmony.a2z.com/assets/project-layout-NrWtJUaV.js:17
[    3617ms] [LOG] [useElementCapture] Browser support check: {hasNavigator: true, hasMediaDevices: true, hasGetDisplayMedia: true, isSupported: true} @ https://stores-designer.harmony.a2z.com/assets/project-layout-NrWtJUaV.js:17
[    3617ms] [LOG] [useElementCapture] Browser support check: {hasNavigator: true, hasMediaDevices: true, hasGetDisplayMedia: true, isSupported: true} @ https://stores-designer.harmony.a2z.com/assets/project-layout-NrWtJUaV.js:17
[    3638ms] [LOG] trackMetric: ai.request 1 {route: /global/event, method: SSE, projectId: 8289521a-7e31-40b0-aecd-f818a31e61ff, correlationId: r_1784225444375_5, outcome: success} @ https://stores-designer.harmony.a2z.com/assets/utils-BPBUpZd6.js:14
[    3642ms] [LOG] [opencode] ← SSE connected 708ms correlationId: r_1784225444375_5 @ https://stores-designer.harmony.a2z.com/assets/index-ZHSC2mrQ.js:8
[    3643ms] [LOG] trackMetric: ai.request 1 {route: /global/event, method: SSE, projectId: 8289521a-7e31-40b0-aecd-f818a31e61ff, correlationId: r_1784225444376_6, outcome: success} @ https://stores-designer.harmony.a2z.com/assets/utils-BPBUpZd6.js:14
[    3644ms] [LOG] [opencode] ← SSE connected 713ms correlationId: r_1784225444376_6 @ https://stores-designer.harmony.a2z.com/assets/index-ZHSC2mrQ.js:8
[    3644ms] [LOG] trackMetric: ai.request 1 {route: /global/event, method: SSE, projectId: 8289521a-7e31-40b0-aecd-f818a31e61ff, correlationId: r_1784225444378_9, outcome: success} @ https://stores-designer.harmony.a2z.com/assets/utils-BPBUpZd6.js:14
[    3645ms] [LOG] [opencode] ← SSE connected 713ms correlationId: r_1784225444378_9 @ https://stores-designer.harmony.a2z.com/assets/index-ZHSC2mrQ.js:8
[    3646ms] [LOG] trackMetric: ai.request 1 {route: /global/event, method: SSE, projectId: 8289521a-7e31-40b0-aecd-f818a31e61ff, correlationId: r_1784225444376_7, outcome: success} @ https://stores-designer.harmony.a2z.com/assets/utils-BPBUpZd6.js:14
[    3647ms] [LOG] [opencode] ← SSE connected 715ms correlationId: r_1784225444376_7 @ https://stores-designer.harmony.a2z.com/assets/index-ZHSC2mrQ.js:8
[    3654ms] [ERROR] Failed to load resource: net::ERR_BLOCKED_BY_CLIENT @ https://unagi-na.amazon.com/1/events/com.amazon.eel.katal.metrics.core.nexus:0
[    3659ms] [ERROR] Failed to load resource: net::ERR_BLOCKED_BY_CLIENT @ https://unagi-na.amazon.com/1/events/com.amazon.eel.katal.metrics.core.nexus:0
[    7515ms] [LOG] trackLatency: page.all_frames_loaded 6498ms {frameCount: 3} @ https://stores-designer.harmony.a2z.com/assets/utils-BPBUpZd6.js:14
[   10173ms] [ERROR] Creating a worker from 'blob:https://stores-designer.harmony.a2z.com/a26e8425-1f6e-4f2c-8734-cadaef72d9fe' violates the following Content Security Policy directive: "worker-src blob". The action has been blocked. @ https://stores-designer.harmony.a2z.com/assets/utils-BPBUpZd6.js:3
[   10179ms] [ERROR] Harmony tip: Looks like you could use some help with your Content Security Policy (CSP). You may need to add the following to your .harmony/harmony-metadata.json file under "content-security-policy": 

    "worker-src": ["blob"]

* If your current CSP is an empty object {}, add the directive listed above.
* If your CSP already specifies the "worker-src" directive, add "blob" to its array.

Example harmony-metadata.json:
    "content-security-policy": {
        "worker-src": ["blob"]
    }

If your application does not have a .harmony folder, run: "harmony app create-harmony-folder" to migrate to the recommended method of managing your App's configuration.

More info: https://docs.harmony.a2z.com/application-development.html#Content%20Security%20Policies @ https://stores-designer.harmony.a2z.com/navigation/harmony-navbar.js:125
[   10452ms] [ERROR] Failed to load resource: net::ERR_BLOCKED_BY_CLIENT @ https://unagi-na.amazon.com/1/events/com.amazon.eel.katal.metrics.core.nexus:0
[   11041ms] [ERROR] Failed to load resource: net::ERR_BLOCKED_BY_CLIENT @ https://unagi-na.amazon.com/1/events/com.amazon.eel.katal.metrics.core.nexus:0
[  310408ms] [ERROR] Failed to load resource: net::ERR_BLOCKED_BY_CLIENT @ https://unagi-na.amazon.com/1/events/com.amazon.eel.katal.metrics.core.nexus:0
[  610293ms] [ERROR] Failed to load resource: net::ERR_BLOCKED_BY_CLIENT @ https://unagi-na.amazon.com/1/events/com.amazon.eel.katal.metrics.core.nexus:0
[  903159ms] [LOG] [opencode] → SSE /global/event correlationId: r_1784226344617_a @ https://stores-designer.harmony.a2z.com/assets/index-ZHSC2mrQ.js:8
[  903171ms] [LOG] [opencode] → SSE /global/event correlationId: r_1784226344630_b @ https://stores-designer.harmony.a2z.com/assets/index-ZHSC2mrQ.js:8
[  903186ms] [LOG] [opencode] → SSE /global/event correlationId: r_1784226344645_c @ https://stores-designer.harmony.a2z.com/assets/index-ZHSC2mrQ.js:8
[  903200ms] [LOG] [opencode] → SSE /global/event correlationId: r_1784226344659_d @ https://stores-designer.harmony.a2z.com/assets/index-ZHSC2mrQ.js:8
[  903836ms] [LOG] trackMetric: ai.request 1 {route: /global/event, method: SSE, projectId: 8289521a-7e31-40b0-aecd-f818a31e61ff, correlationId: r_1784226344630_b, outcome: success} @ https://stores-designer.harmony.a2z.com/assets/utils-BPBUpZd6.js:14
[  903837ms] [LOG] [opencode] ← SSE connected 665ms correlationId: r_1784226344630_b @ https://stores-designer.harmony.a2z.com/assets/index-ZHSC2mrQ.js:8
[  903850ms] [LOG] trackMetric: ai.request 1 {route: /global/event, method: SSE, projectId: 8289521a-7e31-40b0-aecd-f818a31e61ff, correlationId: r_1784226344659_d, outcome: success} @ https://stores-designer.harmony.a2z.com/assets/utils-BPBUpZd6.js:14
[  903851ms] [LOG] [opencode] ← SSE connected 650ms correlationId: r_1784226344659_d @ https://stores-designer.harmony.a2z.com/assets/index-ZHSC2mrQ.js:8
[  903861ms] [LOG] trackMetric: ai.request 1 {route: /global/event, method: SSE, projectId: 8289521a-7e31-40b0-aecd-f818a31e61ff, correlationId: r_1784226344617_a, outcome: success} @ https://stores-designer.harmony.a2z.com/assets/utils-BPBUpZd6.js:14
[  903862ms] [LOG] [opencode] ← SSE connected 702ms correlationId: r_1784226344617_a @ https://stores-designer.harmony.a2z.com/assets/index-ZHSC2mrQ.js:8
[  903863ms] [LOG] trackMetric: ai.request 1 {route: /global/event, method: SSE, projectId: 8289521a-7e31-40b0-aecd-f818a31e61ff, correlationId: r_1784226344645_c, outcome: success} @ https://stores-designer.harmony.a2z.com/assets/utils-BPBUpZd6.js:14
[  903867ms] [LOG] [opencode] ← SSE connected 677ms correlationId: r_1784226344645_c @ https://stores-designer.harmony.a2z.com/assets/index-ZHSC2mrQ.js:8
[  903870ms] [ERROR] Failed to load resource: net::ERR_BLOCKED_BY_CLIENT @ https://unagi-na.amazon.com/1/events/com.amazon.eel.katal.metrics.core.nexus:0
[  910405ms] [ERROR] Failed to load resource: net::ERR_BLOCKED_BY_CLIENT @ https://unagi-na.amazon.com/1/events/com.amazon.eel.katal.metrics.core.nexus:0
[ 1210479ms] [ERROR] Failed to load resource: net::ERR_BLOCKED_BY_CLIENT @ https://unagi-na.amazon.com/1/events/com.amazon.eel.katal.metrics.core.nexus:0
[ 1511235ms] [ERROR] Failed to load resource: net::ERR_BLOCKED_BY_CLIENT @ https://unagi-na.amazon.com/1/events/com.amazon.eel.katal.metrics.core.nexus:0
[ 1803422ms] [LOG] [opencode] → SSE /global/event correlationId: r_1784227244882_e @ https://stores-designer.harmony.a2z.com/assets/index-ZHSC2mrQ.js:8
[ 1803433ms] [LOG] [opencode] → SSE /global/event correlationId: r_1784227244891_f @ https://stores-designer.harmony.a2z.com/assets/index-ZHSC2mrQ.js:8
[ 1803453ms] [LOG] [opencode] → SSE /global/event correlationId: r_1784227244912_g @ https://stores-designer.harmony.a2z.com/assets/index-ZHSC2mrQ.js:8
[ 1803460ms] [LOG] [opencode] → SSE /global/event correlationId: r_1784227244918_h @ https://stores-designer.harmony.a2z.com/assets/index-ZHSC2mrQ.js:8
[ 1804069ms] [LOG] trackMetric: ai.request 1 {route: /global/event, method: SSE, projectId: 8289521a-7e31-40b0-aecd-f818a31e61ff, correlationId: r_1784227244912_g, outcome: success} @ https://stores-designer.harmony.a2z.com/assets/utils-BPBUpZd6.js:14
[ 1804071ms] [LOG] [opencode] ← SSE connected 617ms correlationId: r_1784227244912_g @ https://stores-designer.harmony.a2z.com/assets/index-ZHSC2mrQ.js:8
[ 1805236ms] [LOG] trackMetric: ai.request 1 {route: /global/event, method: SSE, projectId: 8289521a-7e31-40b0-aecd-f818a31e61ff, correlationId: r_1784227244918_h, outcome: success} @ https://stores-designer.harmony.a2z.com/assets/utils-BPBUpZd6.js:14
[ 1805238ms] [LOG] [opencode] ← SSE connected 1777ms correlationId: r_1784227244918_h @ https://stores-designer.harmony.a2z.com/assets/index-ZHSC2mrQ.js:8
[ 1805240ms] [LOG] trackMetric: ai.request 1 {route: /global/event, method: SSE, projectId: 8289521a-7e31-40b0-aecd-f818a31e61ff, correlationId: r_1784227244882_e, outcome: success} @ https://stores-designer.harmony.a2z.com/assets/utils-BPBUpZd6.js:14
[ 1805241ms] [LOG] [opencode] ← SSE connected 1818ms correlationId: r_1784227244882_e @ https://stores-designer.harmony.a2z.com/assets/index-ZHSC2mrQ.js:8
[ 1805261ms] [LOG] trackMetric: ai.request 1 {route: /global/event, method: SSE, projectId: 8289521a-7e31-40b0-aecd-f818a31e61ff, correlationId: r_1784227244891_f, outcome: success} @ https://stores-designer.harmony.a2z.com/assets/utils-BPBUpZd6.js:14
[ 1805266ms] [LOG] [opencode] ← SSE connected 1829ms correlationId: r_1784227244891_f @ https://stores-designer.harmony.a2z.com/assets/index-ZHSC2mrQ.js:8
[ 1805269ms] [ERROR] Failed to load resource: net::ERR_BLOCKED_BY_CLIENT @ https://unagi-na.amazon.com/1/events/com.amazon.eel.katal.metrics.core.nexus:0
[ 1810544ms] [ERROR] Failed to load resource: net::ERR_BLOCKED_BY_CLIENT @ https://unagi-na.amazon.com/1/events/com.amazon.eel.katal.metrics.core.nexus:0
