[     442ms] [ERROR] Failed to load resource: net::ERR_BLOCKED_BY_CLIENT @ https://amazon.enterprise.slack.com/beacon/track/?d=eyJ0aW1lIjoxNzg0MjI1NzkzNzM1LCJldmVudCI6InBhZ2V2aWV3IiwidG9rZW4iOiIzMzA3ZjQzNjk2M2UwMmQ0ZjllYjg1Y2U1MTU5NzQ0YyIsInVybCI6Imh0dHBzOi8vYW1hem9uLmVudGVycHJpc2Uuc2xhY2suY29tLz9yZWRpcj0lMkZmaWxlcy1wcmklMkZUMDE1R1VHRDJWNi1GMEJKUTNGRzlHOCUyRmRkYl9lbnZpcm9ubWVudF9pZHMudHh0In0%3D:0
[     875ms] [LOG] 10 CDN assets loaded OK @ https://amazon.enterprise.slack.com/?redir=%2Ffiles-pri%2FT015GUGD2V6-F0BJQ3FG9G8%2Fddb_environment_ids.txt:144
[     885ms] [INFO] Jul-16 11:16:34.383 [TRACER] Tracing is not sampled by default for this session. @ https://a.slack-edge.com/bv1-13-br/enterprise-signin-core.62b15e5a4f0cffac.primer.min.js:157
[     893ms] [WARNING] Jul-16 11:16:34.391 TELEMETRY You tried to get a team-specific telemeter but didn’t provide enough context and are getting the generic telemeter instead which is likely not what you want. @ https://a.slack-edge.com/bv1-13-br/enterprise-signin-core.62b15e5a4f0cffac.primer.min.js:157
[     913ms] [WARNING] Jul-16 11:16:34.412 TRACES You tried to get a team-specific tracer but didn’t provide enough context and are getting the generic tracer instead which is likely not what you want. @ https://a.slack-edge.com/bv1-13-br/enterprise-signin-core.62b15e5a4f0cffac.primer.min.js:157
[     915ms] [WARNING] Jul-16 11:16:34.413 TRACES You tried to get a team-specific tracer but didn’t provide enough context and are getting the generic tracer instead which is likely not what you want. @ https://a.slack-edge.com/bv1-13-br/enterprise-signin-core.62b15e5a4f0cffac.primer.min.js:157
[     915ms] [INFO] Jul-16 11:16:34.414 [API-Q] (T00000000) noversion-1784225794.412 signin.findWorkspaces called with reason: get_started_already_signed_into @ https://a.slack-edge.com/bv1-13-br/enterprise-signin-core.62b15e5a4f0cffac.primer.min.js:157
[     915ms] [INFO] Jul-16 11:16:34.414 [API-Q] (T00000000) noversion-1784225794.412 signin.findWorkspaces is ENQUEUED @ https://a.slack-edge.com/bv1-13-br/enterprise-signin-core.62b15e5a4f0cffac.primer.min.js:157
[     954ms] [INFO] Jul-16 11:16:34.452 [API-Q] (T00000000) noversion-1784225794.412 signin.findWorkspaces is ACTIVE @ https://a.slack-edge.com/bv1-13-br/enterprise-signin-core.62b15e5a4f0cffac.primer.min.js:157
[    1070ms] [ERROR] Blocked script execution in 'about:blank' because the document's frame is sandboxed and the 'allow-scripts' permission is not set. @ https://cdn.cookielaw.org/scripttemplates/202604.2.0/otBannerSdk.js:6
[    1076ms] [ERROR] Blocked script execution in 'about:blank' because the document's frame is sandboxed and the 'allow-scripts' permission is not set. @ https://cdn.cookielaw.org/scripttemplates/202604.2.0/otBannerSdk.js:6
[    1079ms] [ERROR] Blocked script execution in 'about:blank' because the document's frame is sandboxed and the 'allow-scripts' permission is not set. @ https://cdn.cookielaw.org/scripttemplates/202604.2.0/otBannerSdk.js:6
[    1085ms] [ERROR] Blocked script execution in 'about:blank' because the document's frame is sandboxed and the 'allow-scripts' permission is not set. @ https://cdn.cookielaw.org/scripttemplates/202604.2.0/otBannerSdk.js:6
[    1089ms] [INFO] Jul-16 11:16:34.587 [API-Q] (T00000000) noversion-1784225794.412 signin.findWorkspaces is RESOLVED @ https://a.slack-edge.com/bv1-13-br/enterprise-signin-core.62b15e5a4f0cffac.primer.min.js:157
[    1092ms] [WARNING] Jul-16 11:16:34.590 TRACES You tried to get a team-specific tracer but didn’t provide enough context and are getting the generic tracer instead which is likely not what you want. @ https://a.slack-edge.com/bv1-13-br/enterprise-signin-core.62b15e5a4f0cffac.primer.min.js:157
[    1092ms] [WARNING] Jul-16 11:16:34.590 TRACES You tried to get a team-specific tracer but didn’t provide enough context and are getting the generic tracer instead which is likely not what you want. @ https://a.slack-edge.com/bv1-13-br/enterprise-signin-core.62b15e5a4f0cffac.primer.min.js:157
[    1092ms] [INFO] Jul-16 11:16:34.591 [API-Q] (T00000000) noversion-1784225794.590 signin.findWorkspaces called with reason: get_started_already_signed_into @ https://a.slack-edge.com/bv1-13-br/enterprise-signin-core.62b15e5a4f0cffac.primer.min.js:157
[    1093ms] [INFO] Jul-16 11:16:34.591 [API-Q] (T00000000) noversion-1784225794.590 signin.findWorkspaces is ENQUEUED @ https://a.slack-edge.com/bv1-13-br/enterprise-signin-core.62b15e5a4f0cffac.primer.min.js:157
[    1093ms] [INFO] Jul-16 11:16:34.592 [API-Q] (T00000000) noversion-1784225794.590 signin.findWorkspaces is ACTIVE @ https://a.slack-edge.com/bv1-13-br/enterprise-signin-core.62b15e5a4f0cffac.primer.min.js:157
[    1234ms] [INFO] Jul-16 11:16:34.733 [API-Q] (T00000000) noversion-1784225794.590 signin.findWorkspaces is ERROR: API not ok ratelimited @ https://a.slack-edge.com/bv1-13-br/enterprise-signin-core.62b15e5a4f0cffac.primer.min.js:157
[    1235ms] [WARNING] Jul-16 11:16:34.734 TRACES You tried to get a team-specific tracer but didn’t provide enough context and are getting the generic tracer instead which is likely not what you want. @ https://a.slack-edge.com/bv1-13-br/enterprise-signin-core.62b15e5a4f0cffac.primer.min.js:157
[    1236ms] [INFO] Jul-16 11:16:34.735 [API-Q] (T00000000) noversion-1784225794.590 signin.findWorkspaces is REJECTED: API not ok ratelimited @ https://a.slack-edge.com/bv1-13-br/enterprise-signin-core.62b15e5a4f0cffac.primer.min.js:157
[    1237ms] [ERROR] Jul-16 11:16:34.735 (T00000000) API call to signin.findWorkspaces
						with reason get_started_already_signed_into failed, initiated by generated fetcher @ https://a.slack-edge.com/bv1-13-br/enterprise-signin-core.62b15e5a4f0cffac.primer.min.js:157
[    1238ms] [ERROR] Jul-16 11:16:34.736 (?) Call to signin.findWorkspaces from thunk fetchGetStartedTeams failed with error: ratelimited: noversion-1784225794.590 signin.findWorkspaces not ok: ratelimited @ https://a.slack-edge.com/bv1-13-br/enterprise-signin-core.62b15e5a4f0cffac.primer.min.js:157
[    1239ms] [LOG] AUI Debug: Reapplying overrides after page change @ chrome-extension://dcfoehjpoialdhneckhclkljejggicle/scripts.js:54
[    1256ms] [ERROR] Failed to load resource: net::ERR_BLOCKED_BY_CLIENT @ https://slackb.com/traces/v1/list_of_spans/json:0
[    1256ms] [ERROR] Failed to load resource: net::ERR_BLOCKED_BY_CLIENT @ https://slack.com/beacon/error:0
[    1257ms] [ERROR] Failed to load resource: net::ERR_BLOCKED_BY_CLIENT @ https://slack.com/beacon/error:0
[    1573ms] [WARNING] Jul-16 11:16:35.072 (T00000000) [PORTABLE-REACT-MODAL] Unable to find undefined @ https://a.slack-edge.com/bv1-13-br/enterprise-signin-core.62b15e5a4f0cffac.primer.min.js:157
[    1862ms] [ERROR] Failed to load resource: net::ERR_BLOCKED_BY_CLIENT @ https://t.contentsquare.net/uxa/eaf9ce4ae4903.js:0
[    1862ms] [ERROR] Failed to load resource: net::ERR_BLOCKED_BY_CLIENT @ https://tag.demandbase.com/n1qTRo0B.min.js:0
[    1862ms] [ERROR] Failed to load resource: net::ERR_BLOCKED_BY_CLIENT @ https://www.mczbf.com/tags/639879746232/tag.js:0
[    1862ms] [ERROR] Failed to load resource: net::ERR_BLOCKED_BY_CLIENT @ https://www.redditstatic.com/ads/pixel.js:0
[    1870ms] [ERROR] Failed to load resource: net::ERR_BLOCKED_BY_CLIENT @ https://slack.com/beacon/timing?data=ERROR%20caught%20in%20js%2Finline%2Fregister_global_error_handler%20-%20%5Berror%5D%20from%20script%20at%20https%3A%2F%2Fwww.mczbf.com%2Ftags%2F639879746232%2Ftag.js%20(failed%20to%20load%3F)%3A1:0
[    2028ms] [ERROR] Failed to load resource: net::ERR_BLOCKED_BY_CLIENT @ https://slack.com/clog/track/:0
