[     -65ms] [LOG] Currently configured to use Space stages: {"domain":"harmony.a2z.com","stage":"prod","spaceId":"harmony","mode":"multi-app-subdomain"} @ https://stores-designer.harmony.a2z.com/navigation/harmony-navbar.js:53
[     134ms] [LOG] AUI Debug: Reapplying overrides after page change @ chrome-extension://dcfoehjpoialdhneckhclkljejggicle/scripts.js:54
[     234ms] [LOG] AUI Debug: Reapplying overrides after page change @ chrome-extension://dcfoehjpoialdhneckhclkljejggicle/scripts.js:54
[     870ms] [ERROR] Failed to load resource: net::ERR_BLOCKED_BY_CLIENT @ https://unagi-na.amazon.com/1/events/com.amazon.eel.katal.metrics.core.nexus:0
[    1212ms] [ERROR] Failed to load resource: net::ERR_BLOCKED_BY_CLIENT @ https://unagi-na.amazon.com/1/events/com.amazon.eel.katal.metrics.core.nexus:0
[    1332ms] [LOG] [useOpenCode:bootProject] Starting boot for project: 5dae6560-3a90-4c1e-a9a4-af85a2b50309 template: blank @ https://stores-designer.harmony.a2z.com/assets/project-layout-NrWtJUaV.js:1
[    1337ms] [LOG] [useOpenCode:bootProject] Starting boot for project: 5dae6560-3a90-4c1e-a9a4-af85a2b50309 template: blank @ https://stores-designer.harmony.a2z.com/assets/project-layout-NrWtJUaV.js:1
[    1337ms] [LOG] [useOpenCode:bootProject] Skipping - boot already in progress for this project (ref check) @ https://stores-designer.harmony.a2z.com/assets/project-layout-NrWtJUaV.js:1
[    1337ms] [INFO] [SdRpc] Starting iframe relay for project: 5dae6560-3a90-4c1e-a9a4-af85a2b50309 @ https://stores-designer.harmony.a2z.com/assets/project-layout-NrWtJUaV.js:6
[    1547ms] [ERROR] Access to fetch at 'https://env-c0ccd09df7a747a4bff1f0d8e3852e44.mde.prod.design-assistant.sdt.amazon.dev/__frame_ready__' from origin 'https://stores-designer.harmony.a2z.com' has been blocked by CORS policy: No 'Access-Control-Allow-Origin' header is present on the requested resource. @ https://stores-designer.harmony.a2z.com/projects/5dae6560-3a90-4c1e-a9a4-af85a2b50309:0
[    1547ms] [ERROR] Failed to load resource: net::ERR_FAILED @ https://env-c0ccd09df7a747a4bff1f0d8e3852e44.mde.prod.design-assistant.sdt.amazon.dev/__frame_ready__:0
[    1549ms] [LOG] trackMetric: page.error 1 {errorName: frame.ready.check.failed, error: frame_ready responded undefined} @ https://stores-designer.harmony.a2z.com/assets/utils-BPBUpZd6.js:14
[    1581ms] [LOG] [opencode] → GET /session projectId: 5dae6560-3a90-4c1e-a9a4-af85a2b50309 correlationId: r_1784225733850_1 @ https://stores-designer.harmony.a2z.com/assets/index-ZHSC2mrQ.js:8
[    1581ms] [LOG] [opencode] → GET /session/status projectId: 5dae6560-3a90-4c1e-a9a4-af85a2b50309 correlationId: r_1784225733850_2 @ https://stores-designer.harmony.a2z.com/assets/index-ZHSC2mrQ.js:8
[    2267ms] [ERROR] Failed to load resource: net::ERR_BLOCKED_BY_CLIENT @ https://unagi-na.amazon.com/1/events/com.amazon.eel.katal.metrics.core.nexus:0
[    3384ms] [LOG] trackMetric: ai.request 1 {route: /session/status, method: GET, projectId: 5dae6560-3a90-4c1e-a9a4-af85a2b50309, correlationId: r_1784225733850_2, outcome: success} @ https://stores-designer.harmony.a2z.com/assets/utils-BPBUpZd6.js:14
[    3386ms] [LOG] [opencode] ← /session/status 1792ms correlationId: r_1784225733850_2 @ https://stores-designer.harmony.a2z.com/assets/index-ZHSC2mrQ.js:8
[    3449ms] [ERROR] Failed to load resource: net::ERR_BLOCKED_BY_CLIENT @ https://unagi-na.amazon.com/1/events/com.amazon.eel.katal.metrics.core.nexus:0
[    3450ms] [LOG] trackMetric: ai.request 1 {route: /session, method: GET, projectId: 5dae6560-3a90-4c1e-a9a4-af85a2b50309, correlationId: r_1784225733850_1, outcome: success} @ https://stores-designer.harmony.a2z.com/assets/utils-BPBUpZd6.js:14
[    3453ms] [LOG] [opencode] ← /session 1865ms correlationId: r_1784225733850_1 @ https://stores-designer.harmony.a2z.com/assets/index-ZHSC2mrQ.js:8
[    3454ms] [LOG] [useOpenCode:bootProject] Found 0 existing sessions @ https://stores-designer.harmony.a2z.com/assets/project-layout-NrWtJUaV.js:1
[    3455ms] [LOG] [useOpenCode:bootProject] No sessions - creating new session @ https://stores-designer.harmony.a2z.com/assets/project-layout-NrWtJUaV.js:1
[    3475ms] [LOG] [useOpenCode:bootProject] Starting boot for project: 5dae6560-3a90-4c1e-a9a4-af85a2b50309 template: blank @ https://stores-designer.harmony.a2z.com/assets/project-layout-NrWtJUaV.js:1
[    3475ms] [LOG] [useOpenCode:bootProject] Skipping - boot already in progress for this project (ref check) @ https://stores-designer.harmony.a2z.com/assets/project-layout-NrWtJUaV.js:1
[    3475ms] [LOG] [useAutoProjectTitle] No description captured, skipping @ https://stores-designer.harmony.a2z.com/assets/project-layout-NrWtJUaV.js:37
[    3481ms] [LOG] [opencode] → POST /session projectId: 5dae6560-3a90-4c1e-a9a4-af85a2b50309 correlationId: r_1784225735973_3 @ https://stores-designer.harmony.a2z.com/assets/index-ZHSC2mrQ.js:8
[    3483ms] [LOG] [opencode] → SSE /global/event correlationId: r_1784225735992_4 @ https://stores-designer.harmony.a2z.com/assets/index-ZHSC2mrQ.js:8
[    3483ms] [LOG] [opencode] → SSE /global/event correlationId: r_1784225735993_5 @ https://stores-designer.harmony.a2z.com/assets/index-ZHSC2mrQ.js:8
[    3484ms] [LOG] [opencode] → SSE /global/event correlationId: r_1784225735993_6 @ https://stores-designer.harmony.a2z.com/assets/index-ZHSC2mrQ.js:8
[    3484ms] [LOG] [opencode] → SSE /global/event correlationId: r_1784225735996_7 @ https://stores-designer.harmony.a2z.com/assets/index-ZHSC2mrQ.js:8
[    3982ms] [LOG] trackMetric: ai.request 1 {route: /session, method: POST, projectId: 5dae6560-3a90-4c1e-a9a4-af85a2b50309, correlationId: r_1784225735973_3, outcome: success} @ https://stores-designer.harmony.a2z.com/assets/utils-BPBUpZd6.js:14
[    3986ms] [LOG] [opencode] ← /session 499ms correlationId: r_1784225735973_3 @ https://stores-designer.harmony.a2z.com/assets/index-ZHSC2mrQ.js:8
[    3987ms] [LOG] [useOpenCode] Runtime ready for project: 5dae6560-3a90-4c1e-a9a4-af85a2b50309 template: blank retries: 0 totalBootMs: 2655 @ https://stores-designer.harmony.a2z.com/assets/project-layout-NrWtJUaV.js:1
[    3987ms] [LOG] trackLatency: boot.duration 2655ms {projectId: 5dae6560-3a90-4c1e-a9a4-af85a2b50309} @ https://stores-designer.harmony.a2z.com/assets/utils-BPBUpZd6.js:14
[    3995ms] [LOG] [useOpenCode:bootProject] Starting boot for project: 5dae6560-3a90-4c1e-a9a4-af85a2b50309 template: blank @ https://stores-designer.harmony.a2z.com/assets/project-layout-NrWtJUaV.js:1
[    3995ms] [LOG] [useOpenCode:bootProject] Skipping - boot already in progress for this project (ref check) @ https://stores-designer.harmony.a2z.com/assets/project-layout-NrWtJUaV.js:1
[    4000ms] [LOG] [opencode] → GET /model-info projectId: 5dae6560-3a90-4c1e-a9a4-af85a2b50309 correlationId: r_1784225736505_8 @ https://stores-designer.harmony.a2z.com/assets/index-ZHSC2mrQ.js:8
[    4000ms] [LOG] [opencode] → GET /file/content projectId: 5dae6560-3a90-4c1e-a9a4-af85a2b50309 correlationId: r_1784225736513_9 @ https://stores-designer.harmony.a2z.com/assets/index-ZHSC2mrQ.js:8
[    4002ms] [LOG] trackMetric: ai.request 1 {route: /global/event, method: SSE, projectId: 5dae6560-3a90-4c1e-a9a4-af85a2b50309, correlationId: r_1784225735996_7, outcome: success} @ https://stores-designer.harmony.a2z.com/assets/utils-BPBUpZd6.js:14
[    4003ms] [LOG] [opencode] ← SSE connected 518ms correlationId: r_1784225735996_7 @ https://stores-designer.harmony.a2z.com/assets/index-ZHSC2mrQ.js:8
[    4012ms] [LOG] trackMetric: ai.request 1 {route: /global/event, method: SSE, projectId: 5dae6560-3a90-4c1e-a9a4-af85a2b50309, correlationId: r_1784225735993_6, outcome: success} @ https://stores-designer.harmony.a2z.com/assets/utils-BPBUpZd6.js:14
[    4016ms] [LOG] [opencode] ← SSE connected 528ms correlationId: r_1784225735993_6 @ https://stores-designer.harmony.a2z.com/assets/index-ZHSC2mrQ.js:8
[    4018ms] [LOG] trackMetric: ai.request 1 {route: /global/event, method: SSE, projectId: 5dae6560-3a90-4c1e-a9a4-af85a2b50309, correlationId: r_1784225735992_4, outcome: success} @ https://stores-designer.harmony.a2z.com/assets/utils-BPBUpZd6.js:14
[    4019ms] [LOG] [opencode] ← SSE connected 535ms correlationId: r_1784225735992_4 @ https://stores-designer.harmony.a2z.com/assets/index-ZHSC2mrQ.js:8
[    4021ms] [LOG] [useOpenCode:bootProject] Starting boot for project: 5dae6560-3a90-4c1e-a9a4-af85a2b50309 template: blank @ https://stores-designer.harmony.a2z.com/assets/project-layout-NrWtJUaV.js:1
[    4021ms] [LOG] [useOpenCode:bootProject] Skipping - boot already in progress for this project (ref check) @ https://stores-designer.harmony.a2z.com/assets/project-layout-NrWtJUaV.js:1
[    4023ms] [ERROR] Failed to load resource: net::ERR_BLOCKED_BY_CLIENT @ https://unagi-na.amazon.com/1/events/com.amazon.eel.katal.metrics.core.nexus:0
[    4034ms] [LOG] trackMetric: ai.request 1 {route: /global/event, method: SSE, projectId: 5dae6560-3a90-4c1e-a9a4-af85a2b50309, correlationId: r_1784225735993_5, outcome: success} @ https://stores-designer.harmony.a2z.com/assets/utils-BPBUpZd6.js:14
[    4035ms] [LOG] [opencode] ← SSE connected 551ms correlationId: r_1784225735993_5 @ https://stores-designer.harmony.a2z.com/assets/index-ZHSC2mrQ.js:8
[    4094ms] [ERROR] Access to fetch at 'https://env-c0ccd09df7a747a4bff1f0d8e3852e44.mde.prod.design-assistant.sdt.amazon.dev/__frame_ready__' from origin 'https://stores-designer.harmony.a2z.com' has been blocked by CORS policy: No 'Access-Control-Allow-Origin' header is present on the requested resource. @ https://stores-designer.harmony.a2z.com/projects/5dae6560-3a90-4c1e-a9a4-af85a2b50309/sessions/ses_093dbd86effekiQI4zKX1I3NL0:0
[    4094ms] [ERROR] Failed to load resource: net::ERR_FAILED @ https://env-c0ccd09df7a747a4bff1f0d8e3852e44.mde.prod.design-assistant.sdt.amazon.dev/__frame_ready__:0
[    4100ms] [LOG] trackMetric: page.error 1 {errorName: frame.ready.check.failed, error: frame_ready responded undefined} @ https://stores-designer.harmony.a2z.com/assets/utils-BPBUpZd6.js:14
[    4374ms] [LOG] [useOpenCode] build.completed frameIds: undefined sessionId: ses_093dbd86effekiQI4zKX1I3NL0 @ https://stores-designer.harmony.a2z.com/assets/project-layout-NrWtJUaV.js:1
[    4375ms] [ERROR] Failed to load resource: the server responded with a status of 401 () @ https://env-c0ccd09df7a747a4bff1f0d8e3852e44.mde.prod.design-assistant.sdt.amazon.dev/oauth2/idpresponse?code=eyJmZWRlcmF0ZUNvZGUiOiJmMjFhZDU2Yy03OTE1LTQyNjUtYmE3OC01OTRiYWYzMDAzNDdAdXMtZWFzdC0xIiwiZW52aXJvbm1lbnRJZCI6ImUtYzBjY2QwOWRmN2E3NDdhNGJmZjFmMGQ4ZTM4NTJlNDQifQ%3D%3D&state=rcbrZ%2Fo3gYClrqYvtQ45qMSNJeQvOXklFQrQ4IHpFj3GF89XVQadNffCrNBmwPStoDSvrSoOC%2FatKBXcp8Ey6ZbSfhsgnRupqn6o0F5clpHQ1UxVdRrLJuyKEJrVhx7AMduqKvp%2BFjoLFCGKbqfAB0%2Fnbk8gTzDCjKy3xZIOqi%2BHYoRv5EoeB09mRXU1%2FhFgDpPw%2FnaB0i6WHG8LTjECC0GBJZEZBrGiGTsCzKDPIQXOAliSG7QpYnY%3D:0
[    4380ms] [LOG] [useOpenCode] build.completed frameIds: undefined sessionId: ses_093dbd86effekiQI4zKX1I3NL0 @ https://stores-designer.harmony.a2z.com/assets/project-layout-NrWtJUaV.js:1
[    4380ms] [LOG] [useOpenCode] build.completed frameIds: undefined sessionId: ses_093dbd86effekiQI4zKX1I3NL0 @ https://stores-designer.harmony.a2z.com/assets/project-layout-NrWtJUaV.js:1
[    4380ms] [LOG] [useOpenCode] build.completed frameIds: undefined sessionId: ses_093dbd86effekiQI4zKX1I3NL0 @ https://stores-designer.harmony.a2z.com/assets/project-layout-NrWtJUaV.js:1
[    4381ms] [ERROR] Failed to load resource: net::ERR_BLOCKED_BY_CLIENT @ https://unagi-na.amazon.com/1/events/com.amazon.eel.katal.metrics.core.nexus:0
[    4478ms] [LOG] trackMetric: ai.request 1 {route: /model-info, method: GET, projectId: 5dae6560-3a90-4c1e-a9a4-af85a2b50309, correlationId: r_1784225736505_8, outcome: success} @ https://stores-designer.harmony.a2z.com/assets/utils-BPBUpZd6.js:14
[    4480ms] [LOG] [opencode] ← /model-info 475ms correlationId: r_1784225736505_8 @ https://stores-designer.harmony.a2z.com/assets/index-ZHSC2mrQ.js:8
[    4549ms] [LOG] trackMetric: ai.request 1 {route: /file/content, method: GET, projectId: 5dae6560-3a90-4c1e-a9a4-af85a2b50309, correlationId: r_1784225736513_9, outcome: success} @ https://stores-designer.harmony.a2z.com/assets/utils-BPBUpZd6.js:14
[    4554ms] [LOG] [opencode] ← /file/content 548ms correlationId: r_1784225736513_9 @ https://stores-designer.harmony.a2z.com/assets/index-ZHSC2mrQ.js:8
[    4554ms] [LOG] [usePageFramesQuery] Raw page.json frames: [Object] @ https://stores-designer.harmony.a2z.com/assets/project-layout-NrWtJUaV.js:59
[    4565ms] [LOG] [useBackendSync] sync triggered {isInitialized: false, prevIds: Array(0), queryIds: Array(1), storeIds: Array(0), queryCount: 1} @ https://stores-designer.harmony.a2z.com/assets/project-layout-NrWtJUaV.js:60
[    4603ms] [LOG] [useElementCapture] Browser support check: {hasNavigator: true, hasMediaDevices: true, hasGetDisplayMedia: true, isSupported: true} @ https://stores-designer.harmony.a2z.com/assets/project-layout-NrWtJUaV.js:17
[    6847ms] [LOG] %c[SD]%c RPC client connected via HMR color:#10B981;font-weight:bold  @ https://env-c0ccd09df7a747a4bff1f0d8e3852e44.mde.prod.design-assistant.sdt.amazon.dev/node_modules/@amzn/sd-harness-client/src/client-runtime/rpc-client.ts?v=6e4621fd:6
[    6864ms] [LOG] trackLatency: page.all_frames_loaded 5532ms {frameCount: 1} @ https://stores-designer.harmony.a2z.com/assets/utils-BPBUpZd6.js:14
[   10140ms] [ERROR] Creating a worker from 'blob:https://stores-designer.harmony.a2z.com/a1e27639-3b0b-4a15-bc70-5f65986f7640' violates the following Content Security Policy directive: "worker-src blob". The action has been blocked. @ https://stores-designer.harmony.a2z.com/assets/utils-BPBUpZd6.js:3
[   10150ms] [ERROR] Harmony tip: Looks like you could use some help with your Content Security Policy (CSP). You may need to add the following to your .harmony/harmony-metadata.json file under "content-security-policy": 

    "worker-src": ["blob"]

* If your current CSP is an empty object {}, add the directive listed above.
* If your CSP already specifies the "worker-src" directive, add "blob" to its array.

Example harmony-metadata.json:
    "content-security-policy": {
        "worker-src": ["blob"]
    }

If your application does not have a .harmony folder, run: "harmony app create-harmony-folder" to migrate to the recommended method of managing your App's configuration.

More info: https://docs.harmony.a2z.com/application-development.html#Content%20Security%20Policies @ https://stores-designer.harmony.a2z.com/navigation/harmony-navbar.js:125
[   10155ms] [ERROR] Failed to load resource: net::ERR_BLOCKED_BY_CLIENT @ https://unagi-na.amazon.com/1/events/com.amazon.eel.katal.metrics.core.nexus:0
[   10432ms] [ERROR] Failed to load resource: net::ERR_BLOCKED_BY_CLIENT @ https://unagi-na.amazon.com/1/events/com.amazon.eel.katal.metrics.core.nexus:0
[   10871ms] [ERROR] Failed to load resource: net::ERR_BLOCKED_BY_CLIENT @ https://unagi-na.amazon.com/1/events/com.amazon.eel.katal.metrics.core.nexus:0
