[    1245ms] Error: Minified React error #418; visit https://react.dev/errors/418?args[]=text&args[]= for the full message or use the non-minified dev environment for full errors and additional helpful warnings.
    at rD (https://www.greentreewashington.com/_next/static/chunks/87c73c54-dd8d81ac9604067c.js:1:35060)
    at rO (https://www.greentreewashington.com/_next/static/chunks/87c73c54-dd8d81ac9604067c.js:1:36093)
    at https://www.greentreewashington.com/_next/static/chunks/87c73c54-dd8d81ac9604067c.js:1:118081
    at ix (https://www.greentreewashington.com/_next/static/chunks/87c73c54-dd8d81ac9604067c.js:1:122953)
    at ik (https://www.greentreewashington.com/_next/static/chunks/87c73c54-dd8d81ac9604067c.js:1:114741)
    at https://www.greentreewashington.com/_next/static/chunks/87c73c54-dd8d81ac9604067c.js:1:110728
    at iu (https://www.greentreewashington.com/_next/static/chunks/87c73c54-dd8d81ac9604067c.js:1:110829)
    at iX (https://www.greentreewashington.com/_next/static/chunks/87c73c54-dd8d81ac9604067c.js:1:132932)
    at MessagePort.w (https://www.greentreewashington.com/_next/static/chunks/18-670f90a6930d0bcc.js:1:44411)
[    1069ms] [ERROR] Failed to load resource: net::ERR_BLOCKED_BY_CLIENT @ https://www.greentreewashington.com/_vercel/insights/script.js:0
[    1071ms] [LOG] [Vercel Web Analytics] Failed to load script from /_vercel/insights/script.js. Be sure to enable Web Analytics for your project and deploy again. See https://vercel.com/docs/analytics/quickstart for more information. @ https://www.greentreewashington.com/_next/static/chunks/1449-4b844e4ec4c24825.js:0
[    1446ms] [LOG] AUI Debug: Reapplying overrides after page change @ chrome-extension://dcfoehjpoialdhneckhclkljejggicle/scripts.js:54
[    1852ms] [ERROR] Failed to load resource: net::ERR_BLOCKED_BY_CLIENT @ https://maps.googleapis.com/maps/api/mapsjs/gen_204?csp_test=true:0
[    2485ms] [ERROR] Failed to load resource: net::ERR_BLOCKED_BY_CLIENT @ https://cookiesync.us2.mparticle.com/v1/sync?esid=19320&MPID=8984175885037520829&ID=d404150d-9983-405b-95a2-9fee404c08b3&Key=us2-7264105ec4ba4342917ce25a3a84672e&env=2:0
[    3221ms] [LOG] AUI Debug: Reapplying overrides after page change @ chrome-extension://dcfoehjpoialdhneckhclkljejggicle/scripts.js:54
[    3269ms] [ERROR] Failed to load resource: the server responded with a status of 404 () @ https://www.greentreewashington.com/api/cart/heq12oht/getshoppingcart:0
[    1852ms] [ERROR] Failed to load resource: net::ERR_BLOCKED_BY_CLIENT @ https://maps.googleapis.com/maps/api/mapsjs/gen_204?csp_test=true:0
[    4169ms] [ERROR] Failed to load resource: net::ERR_BLOCKED_BY_CLIENT @ https://cdn.deviceinf.com/js/v6/agent.umd.js:0
[    5995ms] [WARNING] The resource https://apps.rokt.com/icons/rokt-icons.woff was preloaded using link preload but not used within a few seconds from the window's load event. Please make sure it has an appropriate `as` value and it is preloaded intentionally. @ https://rkt.beyond.menu/wsdk/plugins/dcui/index.html:0
[  374918ms] [WARNING] Warning: Missing `Description` or `aria-describedby={undefined}` for {DialogContent}. @ https://www.greentreewashington.com/_next/static/chunks/9214-1dcb74949890a62a.js:0
[  392426ms] [LOG] AUI Debug: Reapplying overrides after page change @ chrome-extension://dcfoehjpoialdhneckhclkljejggicle/scripts.js:54
[  393444ms] [ERROR] Failed to load resource: net::ERR_BLOCKED_BY_CLIENT @ https://www.paypal.com/xoplatform/logger/api/logger?disableSetCookie=true:0
[  393789ms] [ERROR] Failed to load resource: net::ERR_BLOCKED_BY_CLIENT @ https://r.stripe.com/b:0
[  393790ms] [ERROR] Failed to load resource: net::ERR_BLOCKED_BY_CLIENT @ https://r.stripe.com/b:0
[  393790ms] [ERROR] Failed to load resource: net::ERR_BLOCKED_BY_CLIENT @ https://r.stripe.com/b:0
[  393791ms] [ERROR] Failed to load resource: net::ERR_BLOCKED_BY_CLIENT @ https://r.stripe.com/b:0
[  393792ms] [ERROR] Failed to load resource: net::ERR_BLOCKED_BY_CLIENT @ https://r.stripe.com/b:0
[  393792ms] [ERROR] Failed to load resource: net::ERR_BLOCKED_BY_CLIENT @ https://r.stripe.com/b:0
[  394236ms] [ERROR] Failed to load resource: net::ERR_BLOCKED_BY_CLIENT @ https://r.stripe.com/b:0
[  394777ms] [ERROR] Failed to load resource: net::ERR_BLOCKED_BY_CLIENT @ https://r.stripe.com/b:0
[  394791ms] [ERROR] Failed to load resource: net::ERR_BLOCKED_BY_CLIENT @ https://r.stripe.com/b:0
[  395253ms] [ERROR] Failed to load resource: net::ERR_BLOCKED_BY_CLIENT @ https://r.stripe.com/b:0
[  395260ms] [ERROR] Failed to load resource: net::ERR_BLOCKED_BY_CLIENT @ https://r.stripe.com/b:0
[  395507ms] [ERROR] Failed to load resource: net::ERR_BLOCKED_BY_CLIENT @ https://www.paypal.com/xoplatform/logger/api/logger?disableSetCookie=true:0
[  393789ms] [ERROR] Failed to load resource: net::ERR_BLOCKED_BY_CLIENT @ https://r.stripe.com/b:0
[  393790ms] [ERROR] Failed to load resource: net::ERR_BLOCKED_BY_CLIENT @ https://r.stripe.com/b:0
[  393790ms] [ERROR] Failed to load resource: net::ERR_BLOCKED_BY_CLIENT @ https://r.stripe.com/b:0
[  393791ms] [ERROR] Failed to load resource: net::ERR_BLOCKED_BY_CLIENT @ https://r.stripe.com/b:0
[  393792ms] [ERROR] Failed to load resource: net::ERR_BLOCKED_BY_CLIENT @ https://r.stripe.com/b:0
[  393792ms] [ERROR] Failed to load resource: net::ERR_BLOCKED_BY_CLIENT @ https://r.stripe.com/b:0
[  394236ms] [ERROR] Failed to load resource: net::ERR_BLOCKED_BY_CLIENT @ https://r.stripe.com/b:0
[  394777ms] [ERROR] Failed to load resource: net::ERR_BLOCKED_BY_CLIENT @ https://r.stripe.com/b:0
[  394791ms] [ERROR] Failed to load resource: net::ERR_BLOCKED_BY_CLIENT @ https://r.stripe.com/b:0
[  395253ms] [ERROR] Failed to load resource: net::ERR_BLOCKED_BY_CLIENT @ https://r.stripe.com/b:0
[  395260ms] [ERROR] Failed to load resource: net::ERR_BLOCKED_BY_CLIENT @ https://r.stripe.com/b:0
[  396506ms] [ERROR] Failed to load resource: net::ERR_BLOCKED_BY_CLIENT @ https://www.paypal.com/xoplatform/logger/api/logger?disableSetCookie=true:0
[  396769ms] [ERROR] Failed to load resource: net::ERR_BLOCKED_BY_CLIENT @ https://r.stripe.com/b:0
[  397939ms] [ERROR] Failed to load resource: net::ERR_BLOCKED_BY_CLIENT @ https://r.stripe.com/b:0
[  399630ms] [ERROR] Failed to load resource: net::ERR_BLOCKED_BY_CLIENT @ https://r.stripe.com/b:0
[  404633ms] [ERROR] Failed to load resource: net::ERR_BLOCKED_BY_CLIENT @ https://r.stripe.com/b:0
[  412465ms] [ERROR] ERROR: There is an invalid identity key on your `userIdentities` object within the identityRequest. Request not sent to server. Please fix and try again. @ https://rkt.beyond.menu/js/v2/us2-7264105ec4ba4342917ce25a3a84672e/app.js?env=0&:40
[  418334ms] [LOG] AUI Debug: Reapplying overrides after page change @ chrome-extension://dcfoehjpoialdhneckhclkljejggicle/scripts.js:54
[  418544ms] [ERROR] `DialogContent` requires a `DialogTitle` for the component to be accessible for screen reader users.

If you want to hide the `DialogTitle`, you can wrap it with our VisuallyHidden component.

For more information, see https://radix-ui.com/primitives/docs/components/dialog @ https://www.greentreewashington.com/_next/static/chunks/9214-1dcb74949890a62a.js:0
[  418545ms] [WARNING] Warning: Missing `Description` or `aria-describedby={undefined}` for {DialogContent}. @ https://www.greentreewashington.com/_next/static/chunks/9214-1dcb74949890a62a.js:0
[  422603ms] [ERROR] Blocked aria-hidden on a <body> element because it would hide the entire accessibility tree from assistive technology users. For more details, see the aria-hidden section of the WAI-ARIA specification at https://w3c.github.io/aria/#aria-hidden. @ https://newassets.hcaptcha.com/captcha/v1/ced1647459f073cc025a1281baafa600680d7f3e/static/hcaptcha.html#frame=challenge&id=0kha8xoe6ewd&host=b.stripecdn.com&sentry=true&reportapi=https%3A%2F%2Faccounts.hcaptcha.com&recaptchacompat=true&custom=false&hl=en&tplinks=on&andint=off&pstissuer=https%3A%2F%2Fpst-issuer.hcaptcha.com&sitekey=463b917e-e264-403f-ad34-34af0ee10294&size=invisible&theme=light&origin=https%3A%2F%2Fb.stripecdn.com&clientOptions=%7B%22sentry%22%3Atrue%2C%22reportapi%22%3A%22https%3A%2F%2Faccounts.hcaptcha.com%22%2C%22recaptchacompat%22%3A%22true%22%2C%22custom%22%3Afalse%2C%22hl%22%3A%22en-US%22%2C%22tplinks%22%3A%22on%22%2C%22andint%22%3A%22off%22%2C%22pat%22%3A%22on%22%2C%22pstissuer%22%3A%22https%3A%2F%2Fpst-issuer.hcaptcha.com%22%2C%22endpoint%22%3A%22https%3A%2F%2Fapi.hcaptcha.com%22%2C%22theme%22%3A%22light%22%2C%22size%22%3A%22normal%22%2C%22confirm-nav%22%3Afalse%7D:0
[  436949ms] [WARNING] Warning: Missing `Description` or `aria-describedby={undefined}` for {DialogContent}. @ https://www.greentreewashington.com/_next/static/chunks/9214-1dcb74949890a62a.js:0
[ 1589606ms] [ERROR] Failed to load resource: net::ERR_BLOCKED_BY_CLIENT @ https://r.stripe.com/b:0
[ 1723935ms] [ERROR] Failed to load resource: net::ERR_BLOCKED_BY_CLIENT @ https://r.stripe.com/b:0
[ 1723944ms] [ERROR] Failed to load resource: net::ERR_BLOCKED_BY_CLIENT @ https://rkt.beyond.menu/webevents/v3/JS/us2-7264105ec4ba4342917ce25a3a84672e/events:0
[ 1899766ms] [ERROR] Failed to load resource: net::ERR_BLOCKED_BY_CLIENT @ https://r.stripe.com/b:0
