[     -56ms] [LOG] Currently configured to use Space stages: {"domain":"harmony.a2z.com","stage":"prod","spaceId":"harmony","mode":"multi-app-subdomain"} @ https://stores-designer.harmony.a2z.com/navigation/harmony-navbar.js:53
[      97ms] [LOG] AUI Debug: Reapplying overrides after page change @ chrome-extension://dcfoehjpoialdhneckhclkljejggicle/scripts.js:54
[     198ms] [LOG] AUI Debug: Reapplying overrides after page change @ chrome-extension://dcfoehjpoialdhneckhclkljejggicle/scripts.js:54
[    1102ms] [ERROR] Failed to load resource: net::ERR_BLOCKED_BY_CLIENT @ https://unagi-na.amazon.com/1/events/com.amazon.eel.katal.metrics.core.nexus:0
[    1297ms] [ERROR] Failed to load resource: net::ERR_BLOCKED_BY_CLIENT @ https://unagi-na.amazon.com/1/events/com.amazon.eel.katal.metrics.core.nexus:0
[    1951ms] [LOG] [useOpenCode:bootProject] Starting boot for project: 3e7924f7-dd83-4880-a2b9-47ff0b0deccb template: blank @ https://stores-designer.harmony.a2z.com/assets/project-layout-NrWtJUaV.js:1
[    1959ms] [LOG] [useOpenCode:bootProject] Starting boot for project: 3e7924f7-dd83-4880-a2b9-47ff0b0deccb template: blank @ https://stores-designer.harmony.a2z.com/assets/project-layout-NrWtJUaV.js:1
[    1959ms] [LOG] [useOpenCode:bootProject] Skipping - boot already in progress for this project (ref check) @ https://stores-designer.harmony.a2z.com/assets/project-layout-NrWtJUaV.js:1
[    2155ms] [LOG] [opencode] → GET /session projectId: 3e7924f7-dd83-4880-a2b9-47ff0b0deccb correlationId: r_1784225737719_1 @ https://stores-designer.harmony.a2z.com/assets/index-ZHSC2mrQ.js:8
[    2155ms] [LOG] [opencode] → GET /session/status projectId: 3e7924f7-dd83-4880-a2b9-47ff0b0deccb correlationId: r_1784225737720_2 @ https://stores-designer.harmony.a2z.com/assets/index-ZHSC2mrQ.js:8
[    2167ms] [ERROR] Access to fetch at 'https://env-d574348b719044c08ec896199d4066a1.mde.prod.design-assistant.sdt.amazon.dev/__frame_ready__' from origin 'https://stores-designer.harmony.a2z.com' has been blocked by CORS policy: No 'Access-Control-Allow-Origin' header is present on the requested resource. @ https://stores-designer.harmony.a2z.com/projects/3e7924f7-dd83-4880-a2b9-47ff0b0deccb:0
[    2167ms] [ERROR] Failed to load resource: net::ERR_FAILED @ https://env-d574348b719044c08ec896199d4066a1.mde.prod.design-assistant.sdt.amazon.dev/__frame_ready__:0
[    2174ms] [LOG] trackMetric: page.error 1 {errorName: frame.ready.check.failed, error: frame_ready responded undefined} @ https://stores-designer.harmony.a2z.com/assets/utils-BPBUpZd6.js:14
[    2191ms] [ERROR] Failed to load resource: net::ERR_BLOCKED_BY_CLIENT @ https://unagi-na.amazon.com/1/events/com.amazon.eel.katal.metrics.core.nexus:0
[    2428ms] [INFO] [SdRpc] Starting iframe relay for project: 3e7924f7-dd83-4880-a2b9-47ff0b0deccb @ https://stores-designer.harmony.a2z.com/assets/project-layout-NrWtJUaV.js:6
[    2609ms] [ERROR] Failed to load resource: net::ERR_BLOCKED_BY_CLIENT @ https://unagi-na.amazon.com/1/events/com.amazon.eel.katal.metrics.core.nexus:0
[    2630ms] [LOG] trackMetric: ai.request 1 {route: /session/status, method: GET, projectId: 3e7924f7-dd83-4880-a2b9-47ff0b0deccb, correlationId: r_1784225737720_2, outcome: success} @ https://stores-designer.harmony.a2z.com/assets/utils-BPBUpZd6.js:14
[    2633ms] [LOG] [opencode] ← /session/status 472ms correlationId: r_1784225737720_2 @ https://stores-designer.harmony.a2z.com/assets/index-ZHSC2mrQ.js:8
[    2653ms] [LOG] trackMetric: ai.request 1 {route: /session, method: GET, projectId: 3e7924f7-dd83-4880-a2b9-47ff0b0deccb, correlationId: r_1784225737719_1, outcome: success} @ https://stores-designer.harmony.a2z.com/assets/utils-BPBUpZd6.js:14
[    2656ms] [LOG] [opencode] ← /session 496ms correlationId: r_1784225737719_1 @ https://stores-designer.harmony.a2z.com/assets/index-ZHSC2mrQ.js:8
[    2657ms] [LOG] [useOpenCode:bootProject] Found 1 existing sessions @ https://stores-designer.harmony.a2z.com/assets/project-layout-NrWtJUaV.js:1
[    2657ms] [LOG] [useOpenCode:bootProject] Using existing session: ses_0983792e1ffe8lVpM9ydjqqA9f @ https://stores-designer.harmony.a2z.com/assets/project-layout-NrWtJUaV.js:1
[    2666ms] [LOG] [opencode] → GET /session/:id/message projectId: 3e7924f7-dd83-4880-a2b9-47ff0b0deccb correlationId: r_1784225738425_3 @ https://stores-designer.harmony.a2z.com/assets/index-ZHSC2mrQ.js:8
[    2751ms] [ERROR] Failed to load resource: net::ERR_BLOCKED_BY_CLIENT @ https://unagi-na.amazon.com/1/events/com.amazon.eel.katal.metrics.core.nexus:0
[    3139ms] [LOG] trackMetric: ai.request 1 {route: /session/:id/message, method: GET, projectId: 3e7924f7-dd83-4880-a2b9-47ff0b0deccb, correlationId: r_1784225738425_3, outcome: success} @ https://stores-designer.harmony.a2z.com/assets/utils-BPBUpZd6.js:14
[    3146ms] [LOG] [opencode] ← /session/:id/message 444ms correlationId: r_1784225738425_3 @ https://stores-designer.harmony.a2z.com/assets/index-ZHSC2mrQ.js:8
[    3146ms] [LOG] [useOpenCode:bootProject] Loaded 35 existing messages @ https://stores-designer.harmony.a2z.com/assets/project-layout-NrWtJUaV.js:1
[    3148ms] [LOG] [useOpenCode] Runtime ready for project: 3e7924f7-dd83-4880-a2b9-47ff0b0deccb template: blank retries: 0 totalBootMs: 1198 @ https://stores-designer.harmony.a2z.com/assets/project-layout-NrWtJUaV.js:1
[    3149ms] [LOG] trackLatency: boot.duration 1198ms {projectId: 3e7924f7-dd83-4880-a2b9-47ff0b0deccb} @ https://stores-designer.harmony.a2z.com/assets/utils-BPBUpZd6.js:14
[    3248ms] [LOG] [useOpenCode:bootProject] Starting boot for project: 3e7924f7-dd83-4880-a2b9-47ff0b0deccb template: blank @ https://stores-designer.harmony.a2z.com/assets/project-layout-NrWtJUaV.js:1
[    3248ms] [LOG] [useOpenCode:bootProject] Skipping - boot already in progress for this project (ref check) @ https://stores-designer.harmony.a2z.com/assets/project-layout-NrWtJUaV.js:1
[    3248ms] [LOG] [useAutoProjectTitle] No description captured, skipping @ https://stores-designer.harmony.a2z.com/assets/project-layout-NrWtJUaV.js:37
[    3257ms] [LOG] [opencode] → GET /model-info projectId: 3e7924f7-dd83-4880-a2b9-47ff0b0deccb correlationId: r_1784225738918_4 @ https://stores-designer.harmony.a2z.com/assets/index-ZHSC2mrQ.js:8
[    3258ms] [LOG] [opencode] → GET /file/content projectId: 3e7924f7-dd83-4880-a2b9-47ff0b0deccb correlationId: r_1784225739015_8 @ https://stores-designer.harmony.a2z.com/assets/index-ZHSC2mrQ.js:8
[    3259ms] [LOG] [opencode] → SSE /global/event correlationId: r_1784225739014_5 @ https://stores-designer.harmony.a2z.com/assets/index-ZHSC2mrQ.js:8
[    3259ms] [LOG] [opencode] → SSE /global/event correlationId: r_1784225739015_6 @ https://stores-designer.harmony.a2z.com/assets/index-ZHSC2mrQ.js:8
[    3260ms] [LOG] [opencode] → SSE /global/event correlationId: r_1784225739015_7 @ https://stores-designer.harmony.a2z.com/assets/index-ZHSC2mrQ.js:8
[    3261ms] [LOG] [opencode] → SSE /global/event correlationId: r_1784225739017_9 @ https://stores-designer.harmony.a2z.com/assets/index-ZHSC2mrQ.js:8
[    3374ms] [LOG] [useOpenCode:bootProject] Starting boot for project: 3e7924f7-dd83-4880-a2b9-47ff0b0deccb template: blank @ https://stores-designer.harmony.a2z.com/assets/project-layout-NrWtJUaV.js:1
[    3375ms] [LOG] [useOpenCode:bootProject] Skipping - boot already in progress for this project (ref check) @ https://stores-designer.harmony.a2z.com/assets/project-layout-NrWtJUaV.js:1
[    3736ms] [LOG] trackMetric: ai.request 1 {route: /global/event, method: SSE, projectId: 3e7924f7-dd83-4880-a2b9-47ff0b0deccb, correlationId: r_1784225739015_6, outcome: success} @ https://stores-designer.harmony.a2z.com/assets/utils-BPBUpZd6.js:14
[    3737ms] [LOG] [opencode] ← SSE connected 477ms correlationId: r_1784225739015_6 @ https://stores-designer.harmony.a2z.com/assets/index-ZHSC2mrQ.js:8
[    3768ms] [LOG] trackMetric: ai.request 1 {route: /global/event, method: SSE, projectId: 3e7924f7-dd83-4880-a2b9-47ff0b0deccb, correlationId: r_1784225739014_5, outcome: success} @ https://stores-designer.harmony.a2z.com/assets/utils-BPBUpZd6.js:14
[    3770ms] [LOG] [opencode] ← SSE connected 509ms correlationId: r_1784225739014_5 @ https://stores-designer.harmony.a2z.com/assets/index-ZHSC2mrQ.js:8
[    3775ms] [LOG] trackMetric: ai.request 1 {route: /global/event, method: SSE, projectId: 3e7924f7-dd83-4880-a2b9-47ff0b0deccb, correlationId: r_1784225739017_9, outcome: success} @ https://stores-designer.harmony.a2z.com/assets/utils-BPBUpZd6.js:14
[    3776ms] [LOG] [opencode] ← SSE connected 514ms correlationId: r_1784225739017_9 @ https://stores-designer.harmony.a2z.com/assets/index-ZHSC2mrQ.js:8
[    3777ms] [ERROR] Failed to load resource: net::ERR_BLOCKED_BY_CLIENT @ https://unagi-na.amazon.com/1/events/com.amazon.eel.katal.metrics.core.nexus:0
[    3807ms] [LOG] trackMetric: ai.request 1 {route: /model-info, method: GET, projectId: 3e7924f7-dd83-4880-a2b9-47ff0b0deccb, correlationId: r_1784225738918_4, outcome: success} @ https://stores-designer.harmony.a2z.com/assets/utils-BPBUpZd6.js:14
[    3813ms] [LOG] [opencode] ← /model-info 539ms correlationId: r_1784225738918_4 @ https://stores-designer.harmony.a2z.com/assets/index-ZHSC2mrQ.js:8
[    3824ms] [LOG] trackMetric: ai.request 1 {route: /global/event, method: SSE, projectId: 3e7924f7-dd83-4880-a2b9-47ff0b0deccb, correlationId: r_1784225739015_7, outcome: success} @ https://stores-designer.harmony.a2z.com/assets/utils-BPBUpZd6.js:14
[    3825ms] [LOG] [opencode] ← SSE connected 563ms correlationId: r_1784225739015_7 @ https://stores-designer.harmony.a2z.com/assets/index-ZHSC2mrQ.js:8
[    4389ms] [ERROR] Failed to load resource: net::ERR_BLOCKED_BY_CLIENT @ https://unagi-na.amazon.com/1/events/com.amazon.eel.katal.metrics.core.nexus:0
[    5123ms] [LOG] trackMetric: ai.request 1 {route: /file/content, method: GET, projectId: 3e7924f7-dd83-4880-a2b9-47ff0b0deccb, correlationId: r_1784225739015_8, outcome: success} @ https://stores-designer.harmony.a2z.com/assets/utils-BPBUpZd6.js:14
[    5127ms] [LOG] [opencode] ← /file/content 1864ms correlationId: r_1784225739015_8 @ https://stores-designer.harmony.a2z.com/assets/index-ZHSC2mrQ.js:8
[    5128ms] [LOG] [usePageFramesQuery] Raw page.json frames: [Object, Object, Object] @ https://stores-designer.harmony.a2z.com/assets/project-layout-NrWtJUaV.js:59
[    5174ms] [LOG] [useBackendSync] sync triggered {isInitialized: false, prevIds: Array(0), queryIds: Array(3), storeIds: Array(0), queryCount: 3} @ https://stores-designer.harmony.a2z.com/assets/project-layout-NrWtJUaV.js:60
[    5280ms] [LOG] [useElementCapture] Browser support check: {hasNavigator: true, hasMediaDevices: true, hasGetDisplayMedia: true, isSupported: true} @ https://stores-designer.harmony.a2z.com/assets/project-layout-NrWtJUaV.js:17
[    5283ms] [LOG] [useElementCapture] Browser support check: {hasNavigator: true, hasMediaDevices: true, hasGetDisplayMedia: true, isSupported: true} @ https://stores-designer.harmony.a2z.com/assets/project-layout-NrWtJUaV.js:17
[    5285ms] [LOG] [useElementCapture] Browser support check: {hasNavigator: true, hasMediaDevices: true, hasGetDisplayMedia: true, isSupported: true} @ https://stores-designer.harmony.a2z.com/assets/project-layout-NrWtJUaV.js:17
[    6075ms] [LOG] %c[SD]%c RPC client connected via HMR color:#10B981;font-weight:bold  @ https://env-d574348b719044c08ec896199d4066a1.mde.prod.design-assistant.sdt.amazon.dev/node_modules/@amzn/sd-harness-client/src/client-runtime/rpc-client.ts?v=40a5c49a:6
[    6076ms] [LOG] %c[SD]%c RPC client connected via HMR color:#10B981;font-weight:bold  @ https://env-d574348b719044c08ec896199d4066a1.mde.prod.design-assistant.sdt.amazon.dev/node_modules/@amzn/sd-harness-client/src/client-runtime/rpc-client.ts?v=40a5c49a:6
[    6078ms] [LOG] %c[SD]%c RPC client connected via HMR color:#10B981;font-weight:bold  @ https://env-d574348b719044c08ec896199d4066a1.mde.prod.design-assistant.sdt.amazon.dev/node_modules/@amzn/sd-harness-client/src/client-runtime/rpc-client.ts?v=40a5c49a:6
[    6084ms] [LOG] trackLatency: page.all_frames_loaded 4133ms {frameCount: 3} @ https://stores-designer.harmony.a2z.com/assets/utils-BPBUpZd6.js:14
[   10130ms] [ERROR] Creating a worker from 'blob:https://stores-designer.harmony.a2z.com/69a22b02-8aef-4f10-ac5d-5dc3b1e20440' violates the following Content Security Policy directive: "worker-src blob". The action has been blocked. @ https://stores-designer.harmony.a2z.com/assets/utils-BPBUpZd6.js:3
[   10147ms] [ERROR] Harmony tip: Looks like you could use some help with your Content Security Policy (CSP). You may need to add the following to your .harmony/harmony-metadata.json file under "content-security-policy": 

    "worker-src": ["blob"]

* If your current CSP is an empty object {}, add the directive listed above.
* If your CSP already specifies the "worker-src" directive, add "blob" to its array.

Example harmony-metadata.json:
    "content-security-policy": {
        "worker-src": ["blob"]
    }

If your application does not have a .harmony folder, run: "harmony app create-harmony-folder" to migrate to the recommended method of managing your App's configuration.

More info: https://docs.harmony.a2z.com/application-development.html#Content%20Security%20Policies @ https://stores-designer.harmony.a2z.com/navigation/harmony-navbar.js:125
[   10573ms] [ERROR] Failed to load resource: net::ERR_BLOCKED_BY_CLIENT @ https://unagi-na.amazon.com/1/events/com.amazon.eel.katal.metrics.core.nexus:0
