[     -63ms] [LOG] Currently configured to use Space stages: {"domain":"harmony.a2z.com","stage":"prod","spaceId":"harmony","mode":"multi-app-subdomain"} @ https://stores-designer.harmony.a2z.com/navigation/harmony-navbar.js:53
[      91ms] [LOG] AUI Debug: Reapplying overrides after page change @ chrome-extension://dcfoehjpoialdhneckhclkljejggicle/scripts.js:54
[     190ms] [LOG] AUI Debug: Reapplying overrides after page change @ chrome-extension://dcfoehjpoialdhneckhclkljejggicle/scripts.js:54
[     999ms] [ERROR] Failed to load resource: net::ERR_BLOCKED_BY_CLIENT @ https://unagi-na.amazon.com/1/events/com.amazon.eel.katal.metrics.core.nexus:0
[    1081ms] [ERROR] Failed to load resource: net::ERR_BLOCKED_BY_CLIENT @ https://unagi-na.amazon.com/1/events/com.amazon.eel.katal.metrics.core.nexus:0
[    1108ms] [LOG] [useOpenCode:bootProject] Starting boot for project: 0f4be2f9-0dde-457c-97b6-671182168459 template: blank @ https://stores-designer.harmony.a2z.com/assets/project-layout-NrWtJUaV.js:1
[    1113ms] [LOG] [useOpenCode:bootProject] Starting boot for project: 0f4be2f9-0dde-457c-97b6-671182168459 template: blank @ https://stores-designer.harmony.a2z.com/assets/project-layout-NrWtJUaV.js:1
[    1113ms] [LOG] [useOpenCode:bootProject] Skipping - boot already in progress for this project (ref check) @ https://stores-designer.harmony.a2z.com/assets/project-layout-NrWtJUaV.js:1
[    1320ms] [ERROR] Access to fetch at 'https://env-c362d6cfa89c4a6db3a317353ab4f5ec.mde.prod.design-assistant.sdt.amazon.dev/__frame_ready__' from origin 'https://stores-designer.harmony.a2z.com' has been blocked by CORS policy: No 'Access-Control-Allow-Origin' header is present on the requested resource. @ https://stores-designer.harmony.a2z.com/projects/0f4be2f9-0dde-457c-97b6-671182168459:0
[    1320ms] [ERROR] Failed to load resource: net::ERR_FAILED @ https://env-c362d6cfa89c4a6db3a317353ab4f5ec.mde.prod.design-assistant.sdt.amazon.dev/__frame_ready__:0
[    1321ms] [LOG] trackMetric: page.error 1 {errorName: frame.ready.check.failed, error: frame_ready responded undefined} @ https://stores-designer.harmony.a2z.com/assets/utils-BPBUpZd6.js:14
[    1502ms] [INFO] [SdRpc] Starting iframe relay for project: 0f4be2f9-0dde-457c-97b6-671182168459 @ https://stores-designer.harmony.a2z.com/assets/project-layout-NrWtJUaV.js:6
[    1665ms] [ERROR] Failed to load resource: net::ERR_BLOCKED_BY_CLIENT @ https://unagi-na.amazon.com/1/events/com.amazon.eel.katal.metrics.core.nexus:0
[    1853ms] [ERROR] Failed to load resource: net::ERR_BLOCKED_BY_CLIENT @ https://unagi-na.amazon.com/1/events/com.amazon.eel.katal.metrics.core.nexus:0
[    2666ms] [LOG] [opencode] → GET /session projectId: 0f4be2f9-0dde-457c-97b6-671182168459 correlationId: r_1784225719461_1 @ https://stores-designer.harmony.a2z.com/assets/index-ZHSC2mrQ.js:8
[    2666ms] [LOG] [opencode] → GET /session/status projectId: 0f4be2f9-0dde-457c-97b6-671182168459 correlationId: r_1784225719462_2 @ https://stores-designer.harmony.a2z.com/assets/index-ZHSC2mrQ.js:8
[    3163ms] [LOG] trackMetric: ai.request 1 {route: /session/status, method: GET, projectId: 0f4be2f9-0dde-457c-97b6-671182168459, correlationId: r_1784225719462_2, outcome: success} @ https://stores-designer.harmony.a2z.com/assets/utils-BPBUpZd6.js:14
[    3168ms] [LOG] [opencode] ← /session/status 496ms correlationId: r_1784225719462_2 @ https://stores-designer.harmony.a2z.com/assets/index-ZHSC2mrQ.js:8
[    3181ms] [LOG] trackMetric: ai.request 1 {route: /session, method: GET, projectId: 0f4be2f9-0dde-457c-97b6-671182168459, correlationId: r_1784225719461_1, outcome: success} @ https://stores-designer.harmony.a2z.com/assets/utils-BPBUpZd6.js:14
[    3196ms] [LOG] [opencode] ← /session 515ms correlationId: r_1784225719461_1 @ https://stores-designer.harmony.a2z.com/assets/index-ZHSC2mrQ.js:8
[    3199ms] [LOG] [useOpenCode:bootProject] Found 0 existing sessions @ https://stores-designer.harmony.a2z.com/assets/project-layout-NrWtJUaV.js:1
[    3199ms] [LOG] [useOpenCode:bootProject] No sessions - creating new session @ https://stores-designer.harmony.a2z.com/assets/project-layout-NrWtJUaV.js:1
[    3203ms] [LOG] [useOpenCode:bootProject] Starting boot for project: 0f4be2f9-0dde-457c-97b6-671182168459 template: blank @ https://stores-designer.harmony.a2z.com/assets/project-layout-NrWtJUaV.js:1
[    3204ms] [LOG] [useOpenCode:bootProject] Skipping - boot already in progress for this project (ref check) @ https://stores-designer.harmony.a2z.com/assets/project-layout-NrWtJUaV.js:1
[    3204ms] [LOG] [useAutoProjectTitle] No description captured, skipping @ https://stores-designer.harmony.a2z.com/assets/project-layout-NrWtJUaV.js:37
[    3205ms] [LOG] [opencode] → POST /session projectId: 0f4be2f9-0dde-457c-97b6-671182168459 correlationId: r_1784225721552_3 @ https://stores-designer.harmony.a2z.com/assets/index-ZHSC2mrQ.js:8
[    3207ms] [LOG] [opencode] → SSE /global/event correlationId: r_1784225721556_4 @ https://stores-designer.harmony.a2z.com/assets/index-ZHSC2mrQ.js:8
[    3207ms] [LOG] [opencode] → SSE /global/event correlationId: r_1784225721556_5 @ https://stores-designer.harmony.a2z.com/assets/index-ZHSC2mrQ.js:8
[    3207ms] [LOG] [opencode] → SSE /global/event correlationId: r_1784225721556_6 @ https://stores-designer.harmony.a2z.com/assets/index-ZHSC2mrQ.js:8
[    3208ms] [LOG] [opencode] → SSE /global/event correlationId: r_1784225721557_7 @ https://stores-designer.harmony.a2z.com/assets/index-ZHSC2mrQ.js:8
[    3211ms] [ERROR] Failed to load resource: net::ERR_BLOCKED_BY_CLIENT @ https://unagi-na.amazon.com/1/events/com.amazon.eel.katal.metrics.core.nexus:0
[    3695ms] [LOG] trackMetric: ai.request 1 {route: /global/event, method: SSE, projectId: 0f4be2f9-0dde-457c-97b6-671182168459, correlationId: r_1784225721557_7, outcome: success} @ https://stores-designer.harmony.a2z.com/assets/utils-BPBUpZd6.js:14
[    3696ms] [LOG] [opencode] ← SSE connected 487ms correlationId: r_1784225721557_7 @ https://stores-designer.harmony.a2z.com/assets/index-ZHSC2mrQ.js:8
[    3708ms] [LOG] trackMetric: ai.request 1 {route: /global/event, method: SSE, projectId: 0f4be2f9-0dde-457c-97b6-671182168459, correlationId: r_1784225721556_5, outcome: success} @ https://stores-designer.harmony.a2z.com/assets/utils-BPBUpZd6.js:14
[    3708ms] [LOG] [opencode] ← SSE connected 501ms correlationId: r_1784225721556_5 @ https://stores-designer.harmony.a2z.com/assets/index-ZHSC2mrQ.js:8
[    3726ms] [LOG] trackMetric: ai.request 1 {route: /global/event, method: SSE, projectId: 0f4be2f9-0dde-457c-97b6-671182168459, correlationId: r_1784225721556_4, outcome: success} @ https://stores-designer.harmony.a2z.com/assets/utils-BPBUpZd6.js:14
[    3727ms] [LOG] [opencode] ← SSE connected 520ms correlationId: r_1784225721556_4 @ https://stores-designer.harmony.a2z.com/assets/index-ZHSC2mrQ.js:8
[    3735ms] [LOG] [useOpenCode] build.started frameIds: undefined @ https://stores-designer.harmony.a2z.com/assets/project-layout-NrWtJUaV.js:1
[    3735ms] [LOG] [useOpenCode] build.started frameIds: undefined @ https://stores-designer.harmony.a2z.com/assets/project-layout-NrWtJUaV.js:1
[    3736ms] [LOG] [useOpenCode] build.started frameIds: undefined @ https://stores-designer.harmony.a2z.com/assets/project-layout-NrWtJUaV.js:1
[    3739ms] [LOG] trackMetric: ai.request 1 {route: /session, method: POST, projectId: 0f4be2f9-0dde-457c-97b6-671182168459, correlationId: r_1784225721552_3, outcome: success} @ https://stores-designer.harmony.a2z.com/assets/utils-BPBUpZd6.js:14
[    3747ms] [LOG] [opencode] ← /session 533ms correlationId: r_1784225721552_3 @ https://stores-designer.harmony.a2z.com/assets/index-ZHSC2mrQ.js:8
[    3750ms] [LOG] [useOpenCode] Runtime ready for project: 0f4be2f9-0dde-457c-97b6-671182168459 template: blank retries: 0 totalBootMs: 2642 @ https://stores-designer.harmony.a2z.com/assets/project-layout-NrWtJUaV.js:1
[    3750ms] [LOG] trackLatency: boot.duration 2642ms {projectId: 0f4be2f9-0dde-457c-97b6-671182168459} @ https://stores-designer.harmony.a2z.com/assets/utils-BPBUpZd6.js:14
[    3758ms] [LOG] [useOpenCode:bootProject] Starting boot for project: 0f4be2f9-0dde-457c-97b6-671182168459 template: blank @ https://stores-designer.harmony.a2z.com/assets/project-layout-NrWtJUaV.js:1
[    3758ms] [LOG] [useOpenCode:bootProject] Skipping - boot already in progress for this project (ref check) @ https://stores-designer.harmony.a2z.com/assets/project-layout-NrWtJUaV.js:1
[    3762ms] [LOG] [opencode] → GET /model-info projectId: 0f4be2f9-0dde-457c-97b6-671182168459 correlationId: r_1784225722103_8 @ https://stores-designer.harmony.a2z.com/assets/index-ZHSC2mrQ.js:8
[    3762ms] [LOG] [opencode] → GET /file/content projectId: 0f4be2f9-0dde-457c-97b6-671182168459 correlationId: r_1784225722110_9 @ https://stores-designer.harmony.a2z.com/assets/index-ZHSC2mrQ.js:8
[    3764ms] [LOG] trackMetric: ai.request 1 {route: /global/event, method: SSE, projectId: 0f4be2f9-0dde-457c-97b6-671182168459, correlationId: r_1784225721556_6, outcome: success} @ https://stores-designer.harmony.a2z.com/assets/utils-BPBUpZd6.js:14
[    3765ms] [LOG] [opencode] ← SSE connected 557ms correlationId: r_1784225721556_6 @ https://stores-designer.harmony.a2z.com/assets/index-ZHSC2mrQ.js:8
[    3766ms] [ERROR] Failed to load resource: net::ERR_BLOCKED_BY_CLIENT @ https://unagi-na.amazon.com/1/events/com.amazon.eel.katal.metrics.core.nexus:0
[    3784ms] [LOG] [useOpenCode:bootProject] Starting boot for project: 0f4be2f9-0dde-457c-97b6-671182168459 template: blank @ https://stores-designer.harmony.a2z.com/assets/project-layout-NrWtJUaV.js:1
[    3784ms] [LOG] [useOpenCode:bootProject] Skipping - boot already in progress for this project (ref check) @ https://stores-designer.harmony.a2z.com/assets/project-layout-NrWtJUaV.js:1
[    3855ms] [ERROR] Access to fetch at 'https://env-c362d6cfa89c4a6db3a317353ab4f5ec.mde.prod.design-assistant.sdt.amazon.dev/__frame_ready__' from origin 'https://stores-designer.harmony.a2z.com' has been blocked by CORS policy: No 'Access-Control-Allow-Origin' header is present on the requested resource. @ https://stores-designer.harmony.a2z.com/projects/0f4be2f9-0dde-457c-97b6-671182168459/sessions/ses_093dc10bcffepx7MhfMt17uPQo:0
[    3855ms] [ERROR] Failed to load resource: net::ERR_FAILED @ https://env-c362d6cfa89c4a6db3a317353ab4f5ec.mde.prod.design-assistant.sdt.amazon.dev/__frame_ready__:0
[    3863ms] [LOG] trackMetric: page.error 1 {errorName: frame.ready.check.failed, error: frame_ready responded undefined} @ https://stores-designer.harmony.a2z.com/assets/utils-BPBUpZd6.js:14
[    4018ms] [ERROR] Failed to load resource: the server responded with a status of 401 () @ https://env-c362d6cfa89c4a6db3a317353ab4f5ec.mde.prod.design-assistant.sdt.amazon.dev/oauth2/idpresponse?code=eyJmZWRlcmF0ZUNvZGUiOiJiZGVlNTEyZS1kOWE5LTQ5YjEtODY2Zi0wMWZjZGI1NTQxZGZAdXMtZWFzdC0xIiwiZW52aXJvbm1lbnRJZCI6ImUtYzM2MmQ2Y2ZhODljNGE2ZGIzYTMxNzM1M2FiNGY1ZWMifQ%3D%3D&state=lr7gii2X1q310yXjP3Y2FnXXjdUJpWox4e6M1R7Rix49lM4U%2FATYj7yB9wowgBfVEnBDVdkoNbPZqjhb6CFYbWqGGICYRpJ42AEU9jPIuuxHax7QgCioonDjwnXlBDarZzvWGu29tMGLCaIiFAaLud9npqJ6jlQejGbIHFWq%2Buizy1ilpD7UhUPBbVJOZE9KwTLWEBaFR7Hm8uTVemfUu6YY%2FRpVR50bFcytwCEsFB2MGy9liUSN%2FmE%3D:0
[    4051ms] [ERROR] Failed to load resource: net::ERR_BLOCKED_BY_CLIENT @ https://unagi-na.amazon.com/1/events/com.amazon.eel.katal.metrics.core.nexus:0
[    4155ms] [LOG] [useOpenCode] build.completed frameIds: undefined sessionId: ses_093dc10bcffepx7MhfMt17uPQo @ https://stores-designer.harmony.a2z.com/assets/project-layout-NrWtJUaV.js:1
[    4156ms] [LOG] [useOpenCode] build.completed frameIds: undefined sessionId: ses_093dc10bcffepx7MhfMt17uPQo @ https://stores-designer.harmony.a2z.com/assets/project-layout-NrWtJUaV.js:1
[    4156ms] [LOG] [useOpenCode] build.completed frameIds: undefined sessionId: ses_093dc10bcffepx7MhfMt17uPQo @ https://stores-designer.harmony.a2z.com/assets/project-layout-NrWtJUaV.js:1
[    4157ms] [LOG] [useOpenCode] build.completed frameIds: undefined sessionId: ses_093dc10bcffepx7MhfMt17uPQo @ https://stores-designer.harmony.a2z.com/assets/project-layout-NrWtJUaV.js:1
[    4193ms] [LOG] trackMetric: ai.request 1 {route: /model-info, method: GET, projectId: 0f4be2f9-0dde-457c-97b6-671182168459, correlationId: r_1784225722103_8, outcome: success} @ https://stores-designer.harmony.a2z.com/assets/utils-BPBUpZd6.js:14
[    4196ms] [LOG] [opencode] ← /model-info 431ms correlationId: r_1784225722103_8 @ https://stores-designer.harmony.a2z.com/assets/index-ZHSC2mrQ.js:8
[    4284ms] [LOG] trackMetric: ai.request 1 {route: /file/content, method: GET, projectId: 0f4be2f9-0dde-457c-97b6-671182168459, correlationId: r_1784225722110_9, outcome: success} @ https://stores-designer.harmony.a2z.com/assets/utils-BPBUpZd6.js:14
[    4289ms] [LOG] [opencode] ← /file/content 521ms correlationId: r_1784225722110_9 @ https://stores-designer.harmony.a2z.com/assets/index-ZHSC2mrQ.js:8
[    4289ms] [LOG] [usePageFramesQuery] Raw page.json frames: [Object] @ https://stores-designer.harmony.a2z.com/assets/project-layout-NrWtJUaV.js:59
[    4314ms] [LOG] [useBackendSync] sync triggered {isInitialized: false, prevIds: Array(0), queryIds: Array(1), storeIds: Array(0), queryCount: 1} @ https://stores-designer.harmony.a2z.com/assets/project-layout-NrWtJUaV.js:60
[    4377ms] [LOG] [useElementCapture] Browser support check: {hasNavigator: true, hasMediaDevices: true, hasGetDisplayMedia: true, isSupported: true} @ https://stores-designer.harmony.a2z.com/assets/project-layout-NrWtJUaV.js:17
[    6414ms] [LOG] %c[SD]%c RPC client connected via HMR color:#10B981;font-weight:bold  @ https://env-c362d6cfa89c4a6db3a317353ab4f5ec.mde.prod.design-assistant.sdt.amazon.dev/node_modules/@amzn/sd-harness-client/src/client-runtime/rpc-client.ts?v=27a1aafd:6
[    6416ms] [LOG] trackLatency: page.all_frames_loaded 5308ms {frameCount: 1} @ https://stores-designer.harmony.a2z.com/assets/utils-BPBUpZd6.js:14
[   10092ms] [ERROR] Creating a worker from 'blob:https://stores-designer.harmony.a2z.com/f224c6ee-6c6c-49cb-bed0-dd7053e9c816' violates the following Content Security Policy directive: "worker-src blob". The action has been blocked. @ https://stores-designer.harmony.a2z.com/assets/utils-BPBUpZd6.js:3
[   10094ms] [ERROR] Harmony tip: Looks like you could use some help with your Content Security Policy (CSP). You may need to add the following to your .harmony/harmony-metadata.json file under "content-security-policy": 

    "worker-src": ["blob"]

* If your current CSP is an empty object {}, add the directive listed above.
* If your CSP already specifies the "worker-src" directive, add "blob" to its array.

Example harmony-metadata.json:
    "content-security-policy": {
        "worker-src": ["blob"]
    }

If your application does not have a .harmony folder, run: "harmony app create-harmony-folder" to migrate to the recommended method of managing your App's configuration.

More info: https://docs.harmony.a2z.com/application-development.html#Content%20Security%20Policies @ https://stores-designer.harmony.a2z.com/navigation/harmony-navbar.js:125
[   10559ms] [ERROR] Failed to load resource: net::ERR_BLOCKED_BY_CLIENT @ https://unagi-na.amazon.com/1/events/com.amazon.eel.katal.metrics.core.nexus:0
[   10999ms] [ERROR] Failed to load resource: net::ERR_BLOCKED_BY_CLIENT @ https://unagi-na.amazon.com/1/events/com.amazon.eel.katal.metrics.core.nexus:0
