[     882ms] [LOG] Currently configured to use Space stages: {"domain":"beta.harmony.a2z.com","stage":"beta","spaceId":"harmony","mode":"multi-app-subdomain"} @ https://stores-designer.beta.harmony.a2z.com/navigation/harmony-navbar.js:53
[    1253ms] [LOG] AUI Debug: Reapplying overrides after page change @ chrome-extension://dcfoehjpoialdhneckhclkljejggicle/scripts.js:54
[    1349ms] [LOG] AUI Debug: Reapplying overrides after page change @ chrome-extension://dcfoehjpoialdhneckhclkljejggicle/scripts.js:54
[    2719ms] [ERROR] Failed to load resource: net::ERR_BLOCKED_BY_CLIENT @ https://unagi-na.amazon.com/1/events/com.amazon.eel.katal.metrics.core.nexus:0
[    2901ms] [LOG] Received authorizedReturned response from background script @ chrome-extension://bkbighdlgofgdhcjnhocalbkiehhpdei/sentryjs-api-injected.js:18
[    2901ms] [LOG] Received authorizedReturned response from background script @ chrome-extension://bkbighdlgofgdhcjnhocalbkiehhpdei/sentryjs-api-injected.js:18
[    2901ms] [LOG] Received authorizedReturned response from background script @ chrome-extension://bkbighdlgofgdhcjnhocalbkiehhpdei/sentryjs-api-injected.js:18
[    2901ms] [LOG] Received authorizedReturned response from background script @ chrome-extension://bkbighdlgofgdhcjnhocalbkiehhpdei/sentryjs-api-injected.js:18
[    2901ms] [LOG] Received authorizedReturned response from background script @ chrome-extension://bkbighdlgofgdhcjnhocalbkiehhpdei/sentryjs-api-injected.js:18
[    2901ms] [LOG] Received authorizedReturned response from background script @ chrome-extension://bkbighdlgofgdhcjnhocalbkiehhpdei/sentryjs-api-injected.js:18
[    3024ms] [LOG] Received authorizedReturned response from background script @ chrome-extension://bkbighdlgofgdhcjnhocalbkiehhpdei/sentryjs-api-injected.js:18
[    3387ms] [LOG] Currently configured to use Space stages: {"domain":"harmony.a2z.com","stage":"prod","spaceId":"harmony","mode":"multi-app-subdomain"} @ https://stores-designer.harmony.a2z.com/navigation/harmony-navbar.js:53
[    3688ms] [LOG] AUI Debug: Reapplying overrides after page change @ chrome-extension://dcfoehjpoialdhneckhclkljejggicle/scripts.js:54
[    5716ms] [ERROR] Failed to load resource: net::ERR_BLOCKED_BY_CLIENT @ https://unagi-na.amazon.com/1/events/com.amazon.eel.katal.metrics.core.nexus:0
[    6845ms] [LOG] trackMetric: ux.user.action 1 {action: ds_picker_package_selected, package: @amzn/sds-components} @ https://stores-designer.harmony.a2z.com/assets/utils-BPBUpZd6.js:14
[    6846ms] [LOG] trackMetric: ux.user.action 1 {action: ds_picker_package_selected, package: @amzn/sds-components} @ https://stores-designer.harmony.a2z.com/assets/utils-BPBUpZd6.js:14
[    8236ms] [LOG] trackMetric: ux.user.action 1 {action: ds_project_create_confirmed, package: @amzn/sds-components, version: 0.2.363} @ https://stores-designer.harmony.a2z.com/assets/utils-BPBUpZd6.js:14
[    8983ms] [LOG] trackMetric: ux.user.action 1 {action: project_created, template: blank} @ https://stores-designer.harmony.a2z.com/assets/utils-BPBUpZd6.js:14
[    9657ms] [LOG] Currently configured to use Space stages: {"domain":"harmony.a2z.com","stage":"prod","spaceId":"harmony","mode":"multi-app-subdomain"} @ https://stores-designer.harmony.a2z.com/navigation/harmony-navbar.js:53
[    9885ms] [LOG] AUI Debug: Reapplying overrides after page change @ chrome-extension://dcfoehjpoialdhneckhclkljejggicle/scripts.js:54
[   10712ms] [ERROR] Failed to load resource: net::ERR_BLOCKED_BY_CLIENT @ https://unagi-na.amazon.com/1/events/com.amazon.eel.katal.metrics.core.nexus:0
[   11313ms] [LOG] Received authorizedReturned response from background script @ chrome-extension://bkbighdlgofgdhcjnhocalbkiehhpdei/sentryjs-api-injected.js:18
[   11313ms] [LOG] Received authorizedReturned response from background script @ chrome-extension://bkbighdlgofgdhcjnhocalbkiehhpdei/sentryjs-api-injected.js:18
[   11313ms] [LOG] Received authorizedReturned response from background script @ chrome-extension://bkbighdlgofgdhcjnhocalbkiehhpdei/sentryjs-api-injected.js:18
[   11313ms] [LOG] Received authorizedReturned response from background script @ chrome-extension://bkbighdlgofgdhcjnhocalbkiehhpdei/sentryjs-api-injected.js:18
[   11540ms] [LOG] Received authorizedReturned response from background script @ chrome-extension://bkbighdlgofgdhcjnhocalbkiehhpdei/sentryjs-api-injected.js:18
[   11540ms] [LOG] Received authorizedReturned response from background script @ chrome-extension://bkbighdlgofgdhcjnhocalbkiehhpdei/sentryjs-api-injected.js:18
[   11758ms] [LOG] Received authorizedReturned response from background script @ chrome-extension://bkbighdlgofgdhcjnhocalbkiehhpdei/sentryjs-api-injected.js:18
[   11901ms] [LOG] Received authorizedReturned response from background script @ chrome-extension://bkbighdlgofgdhcjnhocalbkiehhpdei/sentryjs-api-injected.js:18
[   11901ms] [LOG] Received authorizedReturned response from background script @ chrome-extension://bkbighdlgofgdhcjnhocalbkiehhpdei/sentryjs-api-injected.js:18
[   12077ms] [LOG] Received authorizedReturned response from background script @ chrome-extension://bkbighdlgofgdhcjnhocalbkiehhpdei/sentryjs-api-injected.js:18
[   12246ms] [LOG] Received authorizedReturned response from background script @ chrome-extension://bkbighdlgofgdhcjnhocalbkiehhpdei/sentryjs-api-injected.js:18
[   12419ms] [LOG] Received authorizedReturned response from background script @ chrome-extension://bkbighdlgofgdhcjnhocalbkiehhpdei/sentryjs-api-injected.js:18
[   12419ms] [LOG] Received authorizedReturned response from background script @ chrome-extension://bkbighdlgofgdhcjnhocalbkiehhpdei/sentryjs-api-injected.js:18
[   12665ms] [ERROR] Failed to load resource: net::ERR_BLOCKED_BY_CLIENT @ https://unagi-na.amazon.com/1/events/com.amazon.eel.katal.metrics.core.nexus:0
[   14866ms] [LOG] [useOpenCode:bootProject] Starting boot for project: dab879e1-d997-4ed4-aa77-fb4669d984c7 template: blank @ https://stores-designer.harmony.a2z.com/assets/project-layout-NrWtJUaV.js:1
[   14875ms] [LOG] [useOpenCode:bootProject] Starting boot for project: dab879e1-d997-4ed4-aa77-fb4669d984c7 template: blank @ https://stores-designer.harmony.a2z.com/assets/project-layout-NrWtJUaV.js:1
[   14875ms] [LOG] [useOpenCode:bootProject] Skipping - boot already in progress for this project (ref check) @ https://stores-designer.harmony.a2z.com/assets/project-layout-NrWtJUaV.js:1
[   15085ms] [LOG] [opencode] → GET /session projectId: dab879e1-d997-4ed4-aa77-fb4669d984c7 correlationId: r_1784226734379_1 @ https://stores-designer.harmony.a2z.com/assets/index-ZHSC2mrQ.js:8
[   15086ms] [LOG] [opencode] → GET /session/status projectId: dab879e1-d997-4ed4-aa77-fb4669d984c7 correlationId: r_1784226734380_2 @ https://stores-designer.harmony.a2z.com/assets/index-ZHSC2mrQ.js:8
[   15267ms] [INFO] [SdRpc] Starting iframe relay for project: dab879e1-d997-4ed4-aa77-fb4669d984c7 @ https://stores-designer.harmony.a2z.com/assets/project-layout-NrWtJUaV.js:6
[   15455ms] [ERROR] Failed to load resource: net::ERR_BLOCKED_BY_CLIENT @ https://unagi-na.amazon.com/1/events/com.amazon.eel.katal.metrics.core.nexus:0
[   15632ms] [ERROR] Failed to load resource: net::ERR_BLOCKED_BY_CLIENT @ https://unagi-na.amazon.com/1/events/com.amazon.eel.katal.metrics.core.nexus:0
[   15853ms] [ERROR] Failed to load resource: the server responded with a status of 503 () @ https://prod.design-assistant.sdt.amazon.dev/agents/designer-agent:0
[   15854ms] [LOG] trackMetric: ai.error 1 {errorName: response.failed, error: HTTP 503: Connection refused by environment on port 8080} @ https://stores-designer.harmony.a2z.com/assets/utils-BPBUpZd6.js:14
[   15855ms] [LOG] trackMetric: ai.request 1 {route: /session/status, method: GET, projectId: dab879e1-d997-4ed4-aa77-fb4669d984c7, correlationId: r_1784226734380_2, outcome: error} @ https://stores-designer.harmony.a2z.com/assets/utils-BPBUpZd6.js:14
[   15867ms] [ERROR] Failed to load resource: the server responded with a status of 503 () @ https://prod.design-assistant.sdt.amazon.dev/agents/designer-agent:0
[   18195ms] [ERROR] Access to fetch at 'https://env-4c25f220cdf34447b1fce63d8d9135af.mde.prod.design-assistant.sdt.amazon.dev/__frame_ready__' from origin 'https://stores-designer.harmony.a2z.com' has been blocked by CORS policy: No 'Access-Control-Allow-Origin' header is present on the requested resource. @ https://stores-designer.harmony.a2z.com/projects/dab879e1-d997-4ed4-aa77-fb4669d984c7?template=blank&dsPackage=%40amzn%2Fsds-components&dsVersion=0.2.363&new=true:0
[   18196ms] [ERROR] Failed to load resource: net::ERR_FAILED @ https://env-4c25f220cdf34447b1fce63d8d9135af.mde.prod.design-assistant.sdt.amazon.dev/__frame_ready__:0
[   18197ms] [LOG] trackMetric: page.error 1 {errorName: frame.ready.check.failed, error: frame_ready responded undefined} @ https://stores-designer.harmony.a2z.com/assets/utils-BPBUpZd6.js:14
[   18211ms] [ERROR] Failed to load resource: net::ERR_BLOCKED_BY_CLIENT @ https://unagi-na.amazon.com/1/events/com.amazon.eel.katal.metrics.core.nexus:0
[   19547ms] [LOG] trackMetric: ai.request 1 {route: /session, method: GET, projectId: dab879e1-d997-4ed4-aa77-fb4669d984c7, correlationId: r_1784226734379_1, outcome: success} @ https://stores-designer.harmony.a2z.com/assets/utils-BPBUpZd6.js:14
[   19548ms] [LOG] [opencode] ← /session 4461ms correlationId: r_1784226734379_1 @ https://stores-designer.harmony.a2z.com/assets/index-ZHSC2mrQ.js:8
[   19548ms] [LOG] [useOpenCode:bootProject] Found 0 existing sessions @ https://stores-designer.harmony.a2z.com/assets/project-layout-NrWtJUaV.js:1
[   19548ms] [LOG] [useOpenCode:bootProject] No sessions - creating new session @ https://stores-designer.harmony.a2z.com/assets/project-layout-NrWtJUaV.js:1
[   19553ms] [LOG] [useOpenCode:bootProject] Starting boot for project: dab879e1-d997-4ed4-aa77-fb4669d984c7 template: blank @ https://stores-designer.harmony.a2z.com/assets/project-layout-NrWtJUaV.js:1
[   19553ms] [LOG] [useOpenCode:bootProject] Skipping - boot already in progress for this project (ref check) @ https://stores-designer.harmony.a2z.com/assets/project-layout-NrWtJUaV.js:1
[   19553ms] [LOG] [useAutoProjectTitle] No description captured, skipping @ https://stores-designer.harmony.a2z.com/assets/project-layout-NrWtJUaV.js:37
[   19554ms] [LOG] [opencode] → POST /session projectId: dab879e1-d997-4ed4-aa77-fb4669d984c7 correlationId: r_1784226739060_3 @ https://stores-designer.harmony.a2z.com/assets/index-ZHSC2mrQ.js:8
[   19556ms] [LOG] [opencode] → SSE /global/event correlationId: r_1784226739064_4 @ https://stores-designer.harmony.a2z.com/assets/index-ZHSC2mrQ.js:8
[   19556ms] [LOG] [opencode] → SSE /global/event correlationId: r_1784226739064_5 @ https://stores-designer.harmony.a2z.com/assets/index-ZHSC2mrQ.js:8
[   19556ms] [LOG] [opencode] → SSE /global/event correlationId: r_1784226739064_6 @ https://stores-designer.harmony.a2z.com/assets/index-ZHSC2mrQ.js:8
[   19557ms] [LOG] [opencode] → SSE /global/event correlationId: r_1784226739065_7 @ https://stores-designer.harmony.a2z.com/assets/index-ZHSC2mrQ.js:8
[   19889ms] [ERROR] Failed to load resource: net::ERR_BLOCKED_BY_CLIENT @ https://unagi-na.amazon.com/1/events/com.amazon.eel.katal.metrics.core.nexus:0
[   20018ms] [LOG] trackMetric: ai.request 1 {route: /global/event, method: SSE, projectId: dab879e1-d997-4ed4-aa77-fb4669d984c7, correlationId: r_1784226739065_7, outcome: success} @ https://stores-designer.harmony.a2z.com/assets/utils-BPBUpZd6.js:14
[   20019ms] [LOG] [opencode] ← SSE connected 461ms correlationId: r_1784226739065_7 @ https://stores-designer.harmony.a2z.com/assets/index-ZHSC2mrQ.js:8
[   20039ms] [LOG] trackMetric: ai.request 1 {route: /global/event, method: SSE, projectId: dab879e1-d997-4ed4-aa77-fb4669d984c7, correlationId: r_1784226739064_5, outcome: success} @ https://stores-designer.harmony.a2z.com/assets/utils-BPBUpZd6.js:14
[   20041ms] [LOG] [opencode] ← SSE connected 483ms correlationId: r_1784226739064_5 @ https://stores-designer.harmony.a2z.com/assets/index-ZHSC2mrQ.js:8
[   20042ms] [LOG] trackMetric: ai.request 1 {route: /session, method: POST, projectId: dab879e1-d997-4ed4-aa77-fb4669d984c7, correlationId: r_1784226739060_3, outcome: success} @ https://stores-designer.harmony.a2z.com/assets/utils-BPBUpZd6.js:14
[   20043ms] [LOG] [opencode] ← /session 487ms correlationId: r_1784226739060_3 @ https://stores-designer.harmony.a2z.com/assets/index-ZHSC2mrQ.js:8
[   20044ms] [LOG] [useOpenCode] Runtime ready for project: dab879e1-d997-4ed4-aa77-fb4669d984c7 template: blank retries: 0 totalBootMs: 5177 @ https://stores-designer.harmony.a2z.com/assets/project-layout-NrWtJUaV.js:1
[   20044ms] [LOG] trackLatency: boot.duration 5177ms {projectId: dab879e1-d997-4ed4-aa77-fb4669d984c7} @ https://stores-designer.harmony.a2z.com/assets/utils-BPBUpZd6.js:14
[   20054ms] [LOG] [useOpenCode:bootProject] Starting boot for project: dab879e1-d997-4ed4-aa77-fb4669d984c7 template: blank @ https://stores-designer.harmony.a2z.com/assets/project-layout-NrWtJUaV.js:1
[   20054ms] [LOG] [useOpenCode:bootProject] Skipping - boot already in progress for this project (ref check) @ https://stores-designer.harmony.a2z.com/assets/project-layout-NrWtJUaV.js:1
[   20059ms] [LOG] [opencode] → GET /model-info projectId: dab879e1-d997-4ed4-aa77-fb4669d984c7 correlationId: r_1784226739556_8 @ https://stores-designer.harmony.a2z.com/assets/index-ZHSC2mrQ.js:8
[   20059ms] [LOG] [opencode] → GET /file/content projectId: dab879e1-d997-4ed4-aa77-fb4669d984c7 correlationId: r_1784226739566_9 @ https://stores-designer.harmony.a2z.com/assets/index-ZHSC2mrQ.js:8
[   20063ms] [LOG] [useOpenCode] build.completed frameIds: undefined sessionId: restore @ https://stores-designer.harmony.a2z.com/assets/project-layout-NrWtJUaV.js:1
[   20064ms] [LOG] [useOpenCode] build.started frameIds: undefined @ https://stores-designer.harmony.a2z.com/assets/project-layout-NrWtJUaV.js:1
[   20070ms] [LOG] [useOpenCode] build.completed frameIds: undefined sessionId: restore @ https://stores-designer.harmony.a2z.com/assets/project-layout-NrWtJUaV.js:1
[   20070ms] [LOG] [useOpenCode] build.started frameIds: undefined @ https://stores-designer.harmony.a2z.com/assets/project-layout-NrWtJUaV.js:1
[   20075ms] [LOG] [useOpenCode:bootProject] Starting boot for project: dab879e1-d997-4ed4-aa77-fb4669d984c7 template: blank @ https://stores-designer.harmony.a2z.com/assets/project-layout-NrWtJUaV.js:1
[   20075ms] [LOG] [useOpenCode:bootProject] Skipping - boot already in progress for this project (ref check) @ https://stores-designer.harmony.a2z.com/assets/project-layout-NrWtJUaV.js:1
[   20147ms] [LOG] trackMetric: ai.request 1 {route: /global/event, method: SSE, projectId: dab879e1-d997-4ed4-aa77-fb4669d984c7, correlationId: r_1784226739064_6, outcome: success} @ https://stores-designer.harmony.a2z.com/assets/utils-BPBUpZd6.js:14
[   20152ms] [LOG] [opencode] ← SSE connected 591ms correlationId: r_1784226739064_6 @ https://stores-designer.harmony.a2z.com/assets/index-ZHSC2mrQ.js:8
[   20153ms] [ERROR] Failed to load resource: net::ERR_BLOCKED_BY_CLIENT @ https://unagi-na.amazon.com/1/events/com.amazon.eel.katal.metrics.core.nexus:0
[   20157ms] [ERROR] Access to fetch at 'https://env-4c25f220cdf34447b1fce63d8d9135af.mde.prod.design-assistant.sdt.amazon.dev/__frame_ready__' from origin 'https://stores-designer.harmony.a2z.com' has been blocked by CORS policy: No 'Access-Control-Allow-Origin' header is present on the requested resource. @ https://stores-designer.harmony.a2z.com/projects/dab879e1-d997-4ed4-aa77-fb4669d984c7/sessions/ses_093cc8a14ffeakUta0VE83Gev8?template=blank&dsPackage=%40amzn%2Fsds-components&dsVersion=0.2.363&new=true:0
[   20157ms] [ERROR] Failed to load resource: net::ERR_FAILED @ https://env-4c25f220cdf34447b1fce63d8d9135af.mde.prod.design-assistant.sdt.amazon.dev/__frame_ready__:0
[   20158ms] [LOG] trackMetric: page.error 1 {errorName: frame.ready.check.failed, error: frame_ready responded undefined} @ https://stores-designer.harmony.a2z.com/assets/utils-BPBUpZd6.js:14
[   20273ms] [ERROR] Creating a worker from 'blob:https://stores-designer.harmony.a2z.com/721de6a3-da38-4c96-87a4-5e6bfef23bf5' violates the following Content Security Policy directive: "worker-src blob". The action has been blocked. @ https://stores-designer.harmony.a2z.com/assets/utils-BPBUpZd6.js:3
[   20274ms] [ERROR] Harmony tip: Looks like you could use some help with your Content Security Policy (CSP). You may need to add the following to your .harmony/harmony-metadata.json file under "content-security-policy": 

    "worker-src": ["blob"]

* If your current CSP is an empty object {}, add the directive listed above.
* If your CSP already specifies the "worker-src" directive, add "blob" to its array.

Example harmony-metadata.json:
    "content-security-policy": {
        "worker-src": ["blob"]
    }

If your application does not have a .harmony folder, run: "harmony app create-harmony-folder" to migrate to the recommended method of managing your App's configuration.

More info: https://docs.harmony.a2z.com/application-development.html#Content%20Security%20Policies @ https://stores-designer.harmony.a2z.com/navigation/harmony-navbar.js:125
[   20420ms] [LOG] [useOpenCode] build.completed frameIds: undefined sessionId: ses_093cc8a14ffeakUta0VE83Gev8 @ https://stores-designer.harmony.a2z.com/assets/project-layout-NrWtJUaV.js:1
[   20421ms] [LOG] [useOpenCode] build.completed frameIds: undefined sessionId: ses_093cc8a14ffeakUta0VE83Gev8 @ https://stores-designer.harmony.a2z.com/assets/project-layout-NrWtJUaV.js:1
[   20421ms] [LOG] [useOpenCode] build.completed frameIds: undefined sessionId: ses_093cc8a14ffeakUta0VE83Gev8 @ https://stores-designer.harmony.a2z.com/assets/project-layout-NrWtJUaV.js:1
[   20532ms] [LOG] trackMetric: ai.request 1 {route: /model-info, method: GET, projectId: dab879e1-d997-4ed4-aa77-fb4669d984c7, correlationId: r_1784226739556_8, outcome: success} @ https://stores-designer.harmony.a2z.com/assets/utils-BPBUpZd6.js:14
[   20538ms] [LOG] [opencode] ← /model-info 473ms correlationId: r_1784226739556_8 @ https://stores-designer.harmony.a2z.com/assets/index-ZHSC2mrQ.js:8
[   20548ms] [ERROR] Failed to load resource: net::ERR_BLOCKED_BY_CLIENT @ https://unagi-na.amazon.com/1/events/com.amazon.eel.katal.metrics.core.nexus:0
[   20549ms] [LOG] trackMetric: ai.request 1 {route: /file/content, method: GET, projectId: dab879e1-d997-4ed4-aa77-fb4669d984c7, correlationId: r_1784226739566_9, outcome: success} @ https://stores-designer.harmony.a2z.com/assets/utils-BPBUpZd6.js:14
[   20550ms] [LOG] [opencode] ← /file/content 487ms correlationId: r_1784226739566_9 @ https://stores-designer.harmony.a2z.com/assets/index-ZHSC2mrQ.js:8
[   20550ms] [LOG] [usePageFramesQuery] Raw page.json frames: [Object] @ https://stores-designer.harmony.a2z.com/assets/project-layout-NrWtJUaV.js:59
[   20557ms] [LOG] [useBackendSync] sync triggered {isInitialized: false, prevIds: Array(0), queryIds: Array(1), storeIds: Array(0), queryCount: 1} @ https://stores-designer.harmony.a2z.com/assets/project-layout-NrWtJUaV.js:60
[   20594ms] [LOG] [useElementCapture] Browser support check: {hasNavigator: true, hasMediaDevices: true, hasGetDisplayMedia: true, isSupported: true} @ https://stores-designer.harmony.a2z.com/assets/project-layout-NrWtJUaV.js:17
[   20711ms] [ERROR] Failed to load resource: net::ERR_BLOCKED_BY_CLIENT @ https://unagi-na.amazon.com/1/events/com.amazon.eel.katal.metrics.core.nexus:0
[   21081ms] [LOG] trackMetric: ai.request 1 {route: /global/event, method: SSE, projectId: dab879e1-d997-4ed4-aa77-fb4669d984c7, correlationId: r_1784226739064_4, outcome: success} @ https://stores-designer.harmony.a2z.com/assets/utils-BPBUpZd6.js:14
[   21082ms] [LOG] [opencode] ← SSE connected 1526ms correlationId: r_1784226739064_4 @ https://stores-designer.harmony.a2z.com/assets/index-ZHSC2mrQ.js:8
[   21591ms] [ERROR] Failed to load resource: the server responded with a status of 401 () @ https://env-4c25f220cdf34447b1fce63d8d9135af.mde.prod.design-assistant.sdt.amazon.dev/oauth2/idpresponse?code=eyJmZWRlcmF0ZUNvZGUiOiJkNzQ3ODY1Yi1jZjA4LTQxMjMtYTU1Yi05ZTJlNWZmYWQ4OThAdXMtZWFzdC0xIiwiZW52aXJvbm1lbnRJZCI6ImUtNGMyNWYyMjBjZGYzNDQ0N2IxZmNlNjNkOGQ5MTM1YWYifQ%3D%3D&state=K%2B5abUDBFxhMhLxSshkJAflgQwTubzYjZl%2F3cSaPO9SLAydvP17KCcAIP7fFqnTcZ02MtSuuRs5XgiIqcd5eb2quJBs7K8yVGbXOkoirnRV%2BQT1x0wC75KQ29kEy%2F2YdiKMg2VzPZcyRdsoeirWLLJ5b%2FkerVYtRjOAGxHdfDP1uvco1rVX4aecVCjSKQ6r1QGq%2FYyYW2atvQmCiT2G77dqPYpKiUPKHCEJiJcA7QoD0FksIvob7qJo%3D:0
[   22663ms] [ERROR] Failed to load resource: net::ERR_BLOCKED_BY_CLIENT @ https://unagi-na.amazon.com/1/events/com.amazon.eel.katal.metrics.core.nexus:0
[   24195ms] [LOG] %c[SD]%c RPC client connected via HMR color:#10B981;font-weight:bold  @ https://env-4c25f220cdf34447b1fce63d8d9135af.mde.prod.design-assistant.sdt.amazon.dev/node_modules/@amzn/sd-harness-client/src/client-runtime/rpc-client.ts?v=e4cd1ecb:6
[   24196ms] [LOG] trackLatency: page.all_frames_loaded 9330ms {frameCount: 1} @ https://stores-designer.harmony.a2z.com/assets/utils-BPBUpZd6.js:14
[   25454ms] [ERROR] Failed to load resource: net::ERR_BLOCKED_BY_CLIENT @ https://unagi-na.amazon.com/1/events/com.amazon.eel.katal.metrics.core.nexus:0
[   29639ms] [LOG] Currently configured to use Space stages: {"domain":"beta.harmony.a2z.com","stage":"beta","spaceId":"harmony","mode":"multi-app-subdomain"} @ https://stores-designer.beta.harmony.a2z.com/navigation/harmony-navbar.js:53
[   30028ms] [LOG] AUI Debug: Reapplying overrides after page change @ chrome-extension://dcfoehjpoialdhneckhclkljejggicle/scripts.js:54
[   40051ms] [ERROR] Failed to load resource: net::ERR_BLOCKED_BY_CLIENT @ https://unagi-na.amazon.com/1/events/com.amazon.eel.katal.metrics.core.nexus:0
[   50063ms] [ERROR] Failed to load resource: net::ERR_BLOCKED_BY_CLIENT @ https://unagi-na.amazon.com/1/events/com.amazon.eel.katal.metrics.core.nexus:0
[   67674ms] [LOG] trackMetric: ux.user.action 1 {action: project_opened, project_id: 4ecf31be-a7d4-442f-b6b8-065c49dba043, template: blank, designSystem: none, imageVariant: baked} @ https://stores-designer.beta.harmony.a2z.com/assets/utils-BqUVsNt2.js:14
[   67682ms] [ERROR] Failed to load resource: net::ERR_BLOCKED_BY_CLIENT @ https://unagi-na.amazon.com/1/events/com.amazon.eel.katal.metrics.core.nexus:0
[   67979ms] [LOG] Currently configured to use Space stages: {"domain":"beta.harmony.a2z.com","stage":"beta","spaceId":"harmony","mode":"multi-app-subdomain"} @ https://stores-designer.beta.harmony.a2z.com/navigation/harmony-navbar.js:53
[   68356ms] [LOG] AUI Debug: Reapplying overrides after page change @ chrome-extension://dcfoehjpoialdhneckhclkljejggicle/scripts.js:54
[   69223ms] [ERROR] Failed to load resource: net::ERR_BLOCKED_BY_CLIENT @ https://unagi-na.amazon.com/1/events/com.amazon.eel.katal.metrics.core.nexus:0
[   69516ms] [ERROR] Failed to load resource: net::ERR_BLOCKED_BY_CLIENT @ https://unagi-na.amazon.com/1/events/com.amazon.eel.katal.metrics.core.nexus:0
[   69546ms] [LOG] [useOpenCode:bootProject] Starting boot for project: 4ecf31be-a7d4-442f-b6b8-065c49dba043 template: blank @ https://stores-designer.beta.harmony.a2z.com/assets/project-layout-B4p5oKG3.js:1
[   69550ms] [LOG] [useOpenCode:bootProject] Starting boot for project: 4ecf31be-a7d4-442f-b6b8-065c49dba043 template: blank @ https://stores-designer.beta.harmony.a2z.com/assets/project-layout-B4p5oKG3.js:1
[   69551ms] [LOG] [useOpenCode:bootProject] Skipping - boot already in progress for this project (ref check) @ https://stores-designer.beta.harmony.a2z.com/assets/project-layout-B4p5oKG3.js:1
[   69551ms] [INFO] [SdRpc] Starting iframe relay for project: 4ecf31be-a7d4-442f-b6b8-065c49dba043 @ https://stores-designer.beta.harmony.a2z.com/assets/project-layout-B4p5oKG3.js:6
[   69640ms] [ERROR] Failed to load resource: net::ERR_BLOCKED_BY_CLIENT @ https://unagi-na.amazon.com/1/events/com.amazon.eel.katal.metrics.core.nexus:0
[   69766ms] [LOG] [opencode] → GET /session projectId: 4ecf31be-a7d4-442f-b6b8-065c49dba043 correlationId: r_1784226789058_1 @ https://stores-designer.beta.harmony.a2z.com/assets/index-NC0QXsq2.js:8
[   69767ms] [LOG] [opencode] → GET /session/status projectId: 4ecf31be-a7d4-442f-b6b8-065c49dba043 correlationId: r_1784226789058_2 @ https://stores-designer.beta.harmony.a2z.com/assets/index-NC0QXsq2.js:8
[   69963ms] [ERROR] Access to fetch at 'https://env-914f1f5bbfc1459fa1d605f9cc316b73.mde.beta.design-assistant.sdt.amazon.dev/__frame_ready__' from origin 'https://stores-designer.beta.harmony.a2z.com' has been blocked by CORS policy: No 'Access-Control-Allow-Origin' header is present on the requested resource. @ https://stores-designer.beta.harmony.a2z.com/projects/4ecf31be-a7d4-442f-b6b8-065c49dba043?template=blank:0
[   69963ms] [ERROR] Failed to load resource: net::ERR_FAILED @ https://env-914f1f5bbfc1459fa1d605f9cc316b73.mde.beta.design-assistant.sdt.amazon.dev/__frame_ready__:0
[   69965ms] [LOG] trackMetric: page.error 1 {errorName: frame.ready.check.failed, error: frame_ready responded undefined} @ https://stores-designer.beta.harmony.a2z.com/assets/utils-BqUVsNt2.js:14
[   70170ms] [ERROR] Failed to load resource: net::ERR_BLOCKED_BY_CLIENT @ https://unagi-na.amazon.com/1/events/com.amazon.eel.katal.metrics.core.nexus:0
[   70525ms] [LOG] Currently configured to use Space stages: {"domain":"harmony.a2z.com","stage":"prod","spaceId":"harmony","mode":"multi-app-subdomain"} @ https://stores-designer.harmony.a2z.com/navigation/harmony-navbar.js:53
[   70816ms] [LOG] AUI Debug: Reapplying overrides after page change @ chrome-extension://dcfoehjpoialdhneckhclkljejggicle/scripts.js:54
[   73097ms] [ERROR] Failed to load resource: net::ERR_BLOCKED_BY_CLIENT @ https://unagi-na.amazon.com/1/events/com.amazon.eel.katal.metrics.core.nexus:0
[   75415ms] [LOG] trackMetric: ux.user.action 1 {action: project_opened, project_id: dab879e1-d997-4ed4-aa77-fb4669d984c7, template: blank} @ https://stores-designer.harmony.a2z.com/assets/utils-BPBUpZd6.js:14
[   75421ms] [ERROR] Failed to load resource: net::ERR_BLOCKED_BY_CLIENT @ https://unagi-na.amazon.com/1/events/com.amazon.eel.katal.metrics.core.nexus:0
[   75699ms] [LOG] Currently configured to use Space stages: {"domain":"harmony.a2z.com","stage":"prod","spaceId":"harmony","mode":"multi-app-subdomain"} @ https://stores-designer.harmony.a2z.com/navigation/harmony-navbar.js:53
[   75959ms] [LOG] AUI Debug: Reapplying overrides after page change @ chrome-extension://dcfoehjpoialdhneckhclkljejggicle/scripts.js:54
[   76529ms] [LOG] [useOpenCode:bootProject] Starting boot for project: dab879e1-d997-4ed4-aa77-fb4669d984c7 template: blank @ https://stores-designer.harmony.a2z.com/assets/project-layout-NrWtJUaV.js:1
[   76534ms] [LOG] [useOpenCode:bootProject] Starting boot for project: dab879e1-d997-4ed4-aa77-fb4669d984c7 template: blank @ https://stores-designer.harmony.a2z.com/assets/project-layout-NrWtJUaV.js:1
[   76534ms] [LOG] [useOpenCode:bootProject] Skipping - boot already in progress for this project (ref check) @ https://stores-designer.harmony.a2z.com/assets/project-layout-NrWtJUaV.js:1
[   76663ms] [ERROR] Access to fetch at 'https://env-4c25f220cdf34447b1fce63d8d9135af.mde.prod.design-assistant.sdt.amazon.dev/__frame_ready__' from origin 'https://stores-designer.harmony.a2z.com' has been blocked by CORS policy: No 'Access-Control-Allow-Origin' header is present on the requested resource. @ https://stores-designer.harmony.a2z.com/projects/dab879e1-d997-4ed4-aa77-fb4669d984c7?template=blank:0
[   76663ms] [ERROR] Failed to load resource: net::ERR_FAILED @ https://env-4c25f220cdf34447b1fce63d8d9135af.mde.prod.design-assistant.sdt.amazon.dev/__frame_ready__:0
[   76666ms] [LOG] trackMetric: page.error 1 {errorName: frame.ready.check.failed, error: frame_ready responded undefined} @ https://stores-designer.harmony.a2z.com/assets/utils-BPBUpZd6.js:14
[   76671ms] [ERROR] Failed to load resource: net::ERR_BLOCKED_BY_CLIENT @ https://unagi-na.amazon.com/1/events/com.amazon.eel.katal.metrics.core.nexus:0
[   76825ms] [LOG] [opencode] → GET /session projectId: dab879e1-d997-4ed4-aa77-fb4669d984c7 correlationId: r_1784226796041_1 @ https://stores-designer.harmony.a2z.com/assets/index-ZHSC2mrQ.js:8
[   76825ms] [LOG] [opencode] → GET /session/status projectId: dab879e1-d997-4ed4-aa77-fb4669d984c7 correlationId: r_1784226796041_2 @ https://stores-designer.harmony.a2z.com/assets/index-ZHSC2mrQ.js:8
[   76869ms] [ERROR] Failed to load resource: net::ERR_BLOCKED_BY_CLIENT @ https://unagi-na.amazon.com/1/events/com.amazon.eel.katal.metrics.core.nexus:0
[   76898ms] [INFO] [SdRpc] Starting iframe relay for project: dab879e1-d997-4ed4-aa77-fb4669d984c7 @ https://stores-designer.harmony.a2z.com/assets/project-layout-NrWtJUaV.js:6
[   76980ms] [ERROR] Failed to load resource: net::ERR_BLOCKED_BY_CLIENT @ https://unagi-na.amazon.com/1/events/com.amazon.eel.katal.metrics.core.nexus:0
[   77072ms] [ERROR] Failed to load resource: net::ERR_BLOCKED_BY_CLIENT @ https://unagi-na.amazon.com/1/events/com.amazon.eel.katal.metrics.core.nexus:0
[   77475ms] [LOG] trackMetric: ai.request 1 {route: /session/status, method: GET, projectId: dab879e1-d997-4ed4-aa77-fb4669d984c7, correlationId: r_1784226796041_2, outcome: success} @ https://stores-designer.harmony.a2z.com/assets/utils-BPBUpZd6.js:14
[   77476ms] [LOG] [opencode] ← /session/status 650ms correlationId: r_1784226796041_2 @ https://stores-designer.harmony.a2z.com/assets/index-ZHSC2mrQ.js:8
[   77491ms] [LOG] trackMetric: ai.request 1 {route: /session, method: GET, projectId: dab879e1-d997-4ed4-aa77-fb4669d984c7, correlationId: r_1784226796041_1, outcome: success} @ https://stores-designer.harmony.a2z.com/assets/utils-BPBUpZd6.js:14
[   77495ms] [LOG] [opencode] ← /session 666ms correlationId: r_1784226796041_1 @ https://stores-designer.harmony.a2z.com/assets/index-ZHSC2mrQ.js:8
[   77497ms] [LOG] [useOpenCode:bootProject] Found 1 existing sessions @ https://stores-designer.harmony.a2z.com/assets/project-layout-NrWtJUaV.js:1
[   77497ms] [LOG] [useOpenCode:bootProject] Using existing session: ses_093cc8a14ffeakUta0VE83Gev8 @ https://stores-designer.harmony.a2z.com/assets/project-layout-NrWtJUaV.js:1
[   77501ms] [LOG] [opencode] → GET /session/:id/message projectId: dab879e1-d997-4ed4-aa77-fb4669d984c7 correlationId: r_1784226797009_3 @ https://stores-designer.harmony.a2z.com/assets/index-ZHSC2mrQ.js:8
[   77503ms] [ERROR] Failed to load resource: net::ERR_BLOCKED_BY_CLIENT @ https://unagi-na.amazon.com/1/events/com.amazon.eel.katal.metrics.core.nexus:0
[   78042ms] [LOG] trackMetric: ai.request 1 {route: /session/:id/message, method: GET, projectId: dab879e1-d997-4ed4-aa77-fb4669d984c7, correlationId: r_1784226797009_3, outcome: success} @ https://stores-designer.harmony.a2z.com/assets/utils-BPBUpZd6.js:14
[   78043ms] [LOG] [opencode] ← /session/:id/message 541ms correlationId: r_1784226797009_3 @ https://stores-designer.harmony.a2z.com/assets/index-ZHSC2mrQ.js:8
[   78043ms] [LOG] [useOpenCode:bootProject] Loaded 0 existing messages @ https://stores-designer.harmony.a2z.com/assets/project-layout-NrWtJUaV.js:1
[   78044ms] [LOG] [useOpenCode] Runtime ready for project: dab879e1-d997-4ed4-aa77-fb4669d984c7 template: blank retries: 0 totalBootMs: 1515 @ https://stores-designer.harmony.a2z.com/assets/project-layout-NrWtJUaV.js:1
[   78044ms] [LOG] trackLatency: boot.duration 1515ms {projectId: dab879e1-d997-4ed4-aa77-fb4669d984c7} @ https://stores-designer.harmony.a2z.com/assets/utils-BPBUpZd6.js:14
[   78052ms] [LOG] [useOpenCode:bootProject] Starting boot for project: dab879e1-d997-4ed4-aa77-fb4669d984c7 template: blank @ https://stores-designer.harmony.a2z.com/assets/project-layout-NrWtJUaV.js:1
[   78052ms] [LOG] [useOpenCode:bootProject] Skipping - boot already in progress for this project (ref check) @ https://stores-designer.harmony.a2z.com/assets/project-layout-NrWtJUaV.js:1
[   78052ms] [LOG] [useAutoProjectTitle] No description captured, skipping @ https://stores-designer.harmony.a2z.com/assets/project-layout-NrWtJUaV.js:37
[   78057ms] [LOG] [opencode] → GET /model-info projectId: dab879e1-d997-4ed4-aa77-fb4669d984c7 correlationId: r_1784226797556_4 @ https://stores-designer.harmony.a2z.com/assets/index-ZHSC2mrQ.js:8
[   78058ms] [LOG] [opencode] → GET /file/content projectId: dab879e1-d997-4ed4-aa77-fb4669d984c7 correlationId: r_1784226797564_8 @ https://stores-designer.harmony.a2z.com/assets/index-ZHSC2mrQ.js:8
[   78058ms] [LOG] [opencode] → SSE /global/event correlationId: r_1784226797563_5 @ https://stores-designer.harmony.a2z.com/assets/index-ZHSC2mrQ.js:8
[   78059ms] [LOG] [opencode] → SSE /global/event correlationId: r_1784226797564_6 @ https://stores-designer.harmony.a2z.com/assets/index-ZHSC2mrQ.js:8
[   78059ms] [LOG] [opencode] → SSE /global/event correlationId: r_1784226797564_7 @ https://stores-designer.harmony.a2z.com/assets/index-ZHSC2mrQ.js:8
[   78060ms] [LOG] [opencode] → SSE /global/event correlationId: r_1784226797565_9 @ https://stores-designer.harmony.a2z.com/assets/index-ZHSC2mrQ.js:8
[   78070ms] [LOG] [useOpenCode:bootProject] Starting boot for project: dab879e1-d997-4ed4-aa77-fb4669d984c7 template: blank @ https://stores-designer.harmony.a2z.com/assets/project-layout-NrWtJUaV.js:1
[   78070ms] [LOG] [useOpenCode:bootProject] Skipping - boot already in progress for this project (ref check) @ https://stores-designer.harmony.a2z.com/assets/project-layout-NrWtJUaV.js:1
[   78514ms] [LOG] trackMetric: ai.request 1 {route: /global/event, method: SSE, projectId: dab879e1-d997-4ed4-aa77-fb4669d984c7, correlationId: r_1784226797563_5, outcome: success} @ https://stores-designer.harmony.a2z.com/assets/utils-BPBUpZd6.js:14
[   78519ms] [LOG] [opencode] ← SSE connected 455ms correlationId: r_1784226797563_5 @ https://stores-designer.harmony.a2z.com/assets/index-ZHSC2mrQ.js:8
[   78522ms] [ERROR] Failed to load resource: net::ERR_BLOCKED_BY_CLIENT @ https://unagi-na.amazon.com/1/events/com.amazon.eel.katal.metrics.core.nexus:0
[   78551ms] [LOG] trackMetric: ai.request 1 {route: /global/event, method: SSE, projectId: dab879e1-d997-4ed4-aa77-fb4669d984c7, correlationId: r_1784226797564_7, outcome: success} @ https://stores-designer.harmony.a2z.com/assets/utils-BPBUpZd6.js:14
[   78552ms] [LOG] [opencode] ← SSE connected 491ms correlationId: r_1784226797564_7 @ https://stores-designer.harmony.a2z.com/assets/index-ZHSC2mrQ.js:8
[   78557ms] [LOG] trackMetric: ai.request 1 {route: /global/event, method: SSE, projectId: dab879e1-d997-4ed4-aa77-fb4669d984c7, correlationId: r_1784226797564_6, outcome: success} @ https://stores-designer.harmony.a2z.com/assets/utils-BPBUpZd6.js:14
[   78558ms] [LOG] [opencode] ← SSE connected 498ms correlationId: r_1784226797564_6 @ https://stores-designer.harmony.a2z.com/assets/index-ZHSC2mrQ.js:8
[   78577ms] [LOG] trackMetric: ai.request 1 {route: /global/event, method: SSE, projectId: dab879e1-d997-4ed4-aa77-fb4669d984c7, correlationId: r_1784226797565_9, outcome: success} @ https://stores-designer.harmony.a2z.com/assets/utils-BPBUpZd6.js:14
[   78580ms] [LOG] [opencode] ← SSE connected 517ms correlationId: r_1784226797565_9 @ https://stores-designer.harmony.a2z.com/assets/index-ZHSC2mrQ.js:8
[   78585ms] [ERROR] Failed to load resource: net::ERR_BLOCKED_BY_CLIENT @ https://unagi-na.amazon.com/1/events/com.amazon.eel.katal.metrics.core.nexus:0
[   78585ms] [LOG] trackMetric: ai.request 1 {route: /file/content, method: GET, projectId: dab879e1-d997-4ed4-aa77-fb4669d984c7, correlationId: r_1784226797564_8, outcome: success} @ https://stores-designer.harmony.a2z.com/assets/utils-BPBUpZd6.js:14
[   78586ms] [LOG] [opencode] ← /file/content 519ms correlationId: r_1784226797564_8 @ https://stores-designer.harmony.a2z.com/assets/index-ZHSC2mrQ.js:8
[   78586ms] [LOG] [usePageFramesQuery] Raw page.json frames: [Object] @ https://stores-designer.harmony.a2z.com/assets/project-layout-NrWtJUaV.js:59
[   78590ms] [LOG] [useBackendSync] sync triggered {isInitialized: false, prevIds: Array(0), queryIds: Array(1), storeIds: Array(0), queryCount: 1} @ https://stores-designer.harmony.a2z.com/assets/project-layout-NrWtJUaV.js:60
[   78604ms] [LOG] [useElementCapture] Browser support check: {hasNavigator: true, hasMediaDevices: true, hasGetDisplayMedia: true, isSupported: true} @ https://stores-designer.harmony.a2z.com/assets/project-layout-NrWtJUaV.js:17
[   78634ms] [LOG] trackMetric: ai.request 1 {route: /model-info, method: GET, projectId: dab879e1-d997-4ed4-aa77-fb4669d984c7, correlationId: r_1784226797556_4, outcome: success} @ https://stores-designer.harmony.a2z.com/assets/utils-BPBUpZd6.js:14
[   78636ms] [LOG] [opencode] ← /model-info 562ms correlationId: r_1784226797556_4 @ https://stores-designer.harmony.a2z.com/assets/index-ZHSC2mrQ.js:8
[   79046ms] [LOG] %c[SD]%c RPC client connected via HMR color:#10B981;font-weight:bold  @ https://env-4c25f220cdf34447b1fce63d8d9135af.mde.prod.design-assistant.sdt.amazon.dev/node_modules/@amzn/sd-harness-client/src/client-runtime/rpc-client.ts?v=e4cd1ecb:6
[   79047ms] [LOG] trackLatency: page.all_frames_loaded 2519ms {frameCount: 1} @ https://stores-designer.harmony.a2z.com/assets/utils-BPBUpZd6.js:14
[   80289ms] [LOG] trackMetric: ai.request.sent 1 {success: true, conversationId: ses_093cc8a14ffeakUta0VE83Gev8} @ https://stores-designer.harmony.a2z.com/assets/utils-BPBUpZd6.js:14
[   80298ms] [LOG] [opencode] → POST /session/:id/message projectId: dab879e1-d997-4ed4-aa77-fb4669d984c7 correlationId: r_1784226799802_a @ https://stores-designer.harmony.a2z.com/assets/index-ZHSC2mrQ.js:8
[   80844ms] [LOG] trackLatency: ai.ttft 554ms {sessionId: ses_093cc8a14ffeakUta0VE83Gev8} @ https://stores-designer.harmony.a2z.com/assets/utils-BPBUpZd6.js:14
[   84893ms] [LOG] trackLatency: ai.ttc 4602ms {sessionId: ses_093cc8a14ffeakUta0VE83Gev8} @ https://stores-designer.harmony.a2z.com/assets/utils-BPBUpZd6.js:14
[   84895ms] [LOG] [opencode] → GET /file/content projectId: dab879e1-d997-4ed4-aa77-fb4669d984c7 correlationId: r_1784226804406_b @ https://stores-designer.harmony.a2z.com/assets/index-ZHSC2mrQ.js:8
[   84918ms] [LOG] [opencode] → GET /file/content projectId: dab879e1-d997-4ed4-aa77-fb4669d984c7 correlationId: r_1784226804429_c @ https://stores-designer.harmony.a2z.com/assets/index-ZHSC2mrQ.js:8
[   84924ms] [LOG] [useOpenCode] build.started frameIds: undefined @ https://stores-designer.harmony.a2z.com/assets/project-layout-NrWtJUaV.js:1
[   84947ms] [LOG] [opencode] → GET /file/content projectId: dab879e1-d997-4ed4-aa77-fb4669d984c7 correlationId: r_1784226804458_d @ https://stores-designer.harmony.a2z.com/assets/index-ZHSC2mrQ.js:8
[   84953ms] [LOG] [useOpenCode] build.started frameIds: undefined @ https://stores-designer.harmony.a2z.com/assets/project-layout-NrWtJUaV.js:1
[   84983ms] [LOG] [opencode] → GET /file/content projectId: dab879e1-d997-4ed4-aa77-fb4669d984c7 correlationId: r_1784226804494_e @ https://stores-designer.harmony.a2z.com/assets/index-ZHSC2mrQ.js:8
[   84989ms] [LOG] [useOpenCode] build.started frameIds: undefined @ https://stores-designer.harmony.a2z.com/assets/project-layout-NrWtJUaV.js:1
[   84999ms] [LOG] [useOpenCode] build.started frameIds: undefined @ https://stores-designer.harmony.a2z.com/assets/project-layout-NrWtJUaV.js:1
[   85002ms] [ERROR] Failed to load resource: net::ERR_BLOCKED_BY_CLIENT @ https://unagi-na.amazon.com/1/events/com.amazon.eel.katal.metrics.core.nexus:0
[   85002ms] [LOG] trackMetric: ai.request 1 {route: /session/:id/message, method: POST, projectId: dab879e1-d997-4ed4-aa77-fb4669d984c7, correlationId: r_1784226799802_a, outcome: success} @ https://stores-designer.harmony.a2z.com/assets/utils-BPBUpZd6.js:14
[   85003ms] [LOG] [opencode] ← /session/:id/message 4697ms correlationId: r_1784226799802_a @ https://stores-designer.harmony.a2z.com/assets/index-ZHSC2mrQ.js:8
[   85332ms] [LOG] [useOpenCode] build.completed frameIds: undefined sessionId: ses_093cc8a14ffeakUta0VE83Gev8 @ https://stores-designer.harmony.a2z.com/assets/project-layout-NrWtJUaV.js:1
[   85333ms] [LOG] [opencode] → GET /file/content projectId: dab879e1-d997-4ed4-aa77-fb4669d984c7 correlationId: r_1784226804844_f @ https://stores-designer.harmony.a2z.com/assets/index-ZHSC2mrQ.js:8
[   85334ms] [LOG] [useOpenCode] build.completed frameIds: undefined sessionId: ses_093cc8a14ffeakUta0VE83Gev8 @ https://stores-designer.harmony.a2z.com/assets/project-layout-NrWtJUaV.js:1
[   85334ms] [LOG] [opencode] → GET /file/content projectId: dab879e1-d997-4ed4-aa77-fb4669d984c7 correlationId: r_1784226804845_g @ https://stores-designer.harmony.a2z.com/assets/index-ZHSC2mrQ.js:8
[   85335ms] [LOG] [useOpenCode] build.completed frameIds: undefined sessionId: ses_093cc8a14ffeakUta0VE83Gev8 @ https://stores-designer.harmony.a2z.com/assets/project-layout-NrWtJUaV.js:1
[   85335ms] [LOG] [opencode] → GET /file/content projectId: dab879e1-d997-4ed4-aa77-fb4669d984c7 correlationId: r_1784226804846_h @ https://stores-designer.harmony.a2z.com/assets/index-ZHSC2mrQ.js:8
[   85336ms] [LOG] [useOpenCode] build.completed frameIds: undefined sessionId: ses_093cc8a14ffeakUta0VE83Gev8 @ https://stores-designer.harmony.a2z.com/assets/project-layout-NrWtJUaV.js:1
[   85336ms] [LOG] [opencode] → GET /file/content projectId: dab879e1-d997-4ed4-aa77-fb4669d984c7 correlationId: r_1784226804848_i @ https://stores-designer.harmony.a2z.com/assets/index-ZHSC2mrQ.js:8
[   85492ms] [LOG] trackMetric: ai.request 1 {route: /file/content, method: GET, projectId: dab879e1-d997-4ed4-aa77-fb4669d984c7, correlationId: r_1784226804429_c, outcome: success} @ https://stores-designer.harmony.a2z.com/assets/utils-BPBUpZd6.js:14
[   85493ms] [LOG] [opencode] ← /file/content 574ms correlationId: r_1784226804429_c @ https://stores-designer.harmony.a2z.com/assets/index-ZHSC2mrQ.js:8
[   85493ms] [LOG] [usePageFramesQuery] Raw page.json frames: [Object] @ https://stores-designer.harmony.a2z.com/assets/project-layout-NrWtJUaV.js:59
[   85563ms] [LOG] trackMetric: ai.request 1 {route: /file/content, method: GET, projectId: dab879e1-d997-4ed4-aa77-fb4669d984c7, correlationId: r_1784226804458_d, outcome: success} @ https://stores-designer.harmony.a2z.com/assets/utils-BPBUpZd6.js:14
[   85564ms] [LOG] [opencode] ← /file/content 616ms correlationId: r_1784226804458_d @ https://stores-designer.harmony.a2z.com/assets/index-ZHSC2mrQ.js:8
[   85564ms] [LOG] [usePageFramesQuery] Raw page.json frames: [Object] @ https://stores-designer.harmony.a2z.com/assets/project-layout-NrWtJUaV.js:59
[   85616ms] [ERROR] Failed to load resource: net::ERR_BLOCKED_BY_CLIENT @ https://unagi-na.amazon.com/1/events/com.amazon.eel.katal.metrics.core.nexus:0
[   85616ms] [LOG] trackMetric: ai.request 1 {route: /file/content, method: GET, projectId: dab879e1-d997-4ed4-aa77-fb4669d984c7, correlationId: r_1784226804494_e, outcome: success} @ https://stores-designer.harmony.a2z.com/assets/utils-BPBUpZd6.js:14
[   85617ms] [LOG] [opencode] ← /file/content 629ms correlationId: r_1784226804494_e @ https://stores-designer.harmony.a2z.com/assets/index-ZHSC2mrQ.js:8
[   85617ms] [LOG] [usePageFramesQuery] Raw page.json frames: [Object] @ https://stores-designer.harmony.a2z.com/assets/project-layout-NrWtJUaV.js:59
[   85796ms] [ERROR] Creating a worker from 'blob:https://stores-designer.harmony.a2z.com/ac2cd436-267f-4723-831c-5fb65270246c' violates the following Content Security Policy directive: "worker-src blob". The action has been blocked. @ https://stores-designer.harmony.a2z.com/assets/utils-BPBUpZd6.js:3
[   85799ms] [ERROR] Harmony tip: Looks like you could use some help with your Content Security Policy (CSP). You may need to add the following to your .harmony/harmony-metadata.json file under "content-security-policy": 

    "worker-src": ["blob"]

* If your current CSP is an empty object {}, add the directive listed above.
* If your CSP already specifies the "worker-src" directive, add "blob" to its array.

Example harmony-metadata.json:
    "content-security-policy": {
        "worker-src": ["blob"]
    }

If your application does not have a .harmony folder, run: "harmony app create-harmony-folder" to migrate to the recommended method of managing your App's configuration.

More info: https://docs.harmony.a2z.com/application-development.html#Content%20Security%20Policies @ https://stores-designer.harmony.a2z.com/navigation/harmony-navbar.js:125
[   85799ms] [LOG] trackMetric: ai.request 1 {route: /file/content, method: GET, projectId: dab879e1-d997-4ed4-aa77-fb4669d984c7, correlationId: r_1784226804848_i, outcome: success} @ https://stores-designer.harmony.a2z.com/assets/utils-BPBUpZd6.js:14
[   85800ms] [LOG] [opencode] ← /file/content 461ms correlationId: r_1784226804848_i @ https://stores-designer.harmony.a2z.com/assets/index-ZHSC2mrQ.js:8
[   85800ms] [LOG] [usePageFramesQuery] Raw page.json frames: [Object] @ https://stores-designer.harmony.a2z.com/assets/project-layout-NrWtJUaV.js:59
[   85828ms] [ERROR] Failed to load resource: net::ERR_BLOCKED_BY_CLIENT @ https://unagi-na.amazon.com/1/events/com.amazon.eel.katal.metrics.core.nexus:0
[   85828ms] [LOG] trackMetric: ai.request 1 {route: /file/content, method: GET, projectId: dab879e1-d997-4ed4-aa77-fb4669d984c7, correlationId: r_1784226804845_g, outcome: success} @ https://stores-designer.harmony.a2z.com/assets/utils-BPBUpZd6.js:14
[   85829ms] [LOG] [opencode] ← /file/content 490ms correlationId: r_1784226804845_g @ https://stores-designer.harmony.a2z.com/assets/index-ZHSC2mrQ.js:8
[   85829ms] [LOG] [usePageFramesQuery] Raw page.json frames: [Object] @ https://stores-designer.harmony.a2z.com/assets/project-layout-NrWtJUaV.js:59
[   85895ms] [LOG] trackMetric: ai.request 1 {route: /file/content, method: GET, projectId: dab879e1-d997-4ed4-aa77-fb4669d984c7, correlationId: r_1784226804844_f, outcome: success} @ https://stores-designer.harmony.a2z.com/assets/utils-BPBUpZd6.js:14
[   85896ms] [LOG] [opencode] ← /file/content 556ms correlationId: r_1784226804844_f @ https://stores-designer.harmony.a2z.com/assets/index-ZHSC2mrQ.js:8
[   85896ms] [LOG] [usePageFramesQuery] Raw page.json frames: [Object] @ https://stores-designer.harmony.a2z.com/assets/project-layout-NrWtJUaV.js:59
[   85915ms] [LOG] trackMetric: ai.request 1 {route: /file/content, method: GET, projectId: dab879e1-d997-4ed4-aa77-fb4669d984c7, correlationId: r_1784226804846_h, outcome: success} @ https://stores-designer.harmony.a2z.com/assets/utils-BPBUpZd6.js:14
[   85916ms] [LOG] [opencode] ← /file/content 580ms correlationId: r_1784226804846_h @ https://stores-designer.harmony.a2z.com/assets/index-ZHSC2mrQ.js:8
[   85916ms] [LOG] [usePageFramesQuery] Raw page.json frames: [Object] @ https://stores-designer.harmony.a2z.com/assets/project-layout-NrWtJUaV.js:59
[   85965ms] [ERROR] Failed to load resource: net::ERR_BLOCKED_BY_CLIENT @ https://unagi-na.amazon.com/1/events/com.amazon.eel.katal.metrics.core.nexus:0
[   86669ms] [ERROR] Failed to load resource: net::ERR_BLOCKED_BY_CLIENT @ https://unagi-na.amazon.com/1/events/com.amazon.eel.katal.metrics.core.nexus:0
[   86770ms] [LOG] trackMetric: ai.request 1 {route: /file/content, method: GET, projectId: dab879e1-d997-4ed4-aa77-fb4669d984c7, correlationId: r_1784226804406_b, outcome: success} @ https://stores-designer.harmony.a2z.com/assets/utils-BPBUpZd6.js:14
[   86771ms] [LOG] [opencode] ← /file/content 1875ms correlationId: r_1784226804406_b @ https://stores-designer.harmony.a2z.com/assets/index-ZHSC2mrQ.js:8
[   86771ms] [LOG] [usePageFramesQuery] Raw page.json frames: [Object] @ https://stores-designer.harmony.a2z.com/assets/project-layout-NrWtJUaV.js:59
[   86864ms] [ERROR] Failed to load resource: net::ERR_BLOCKED_BY_CLIENT @ https://unagi-na.amazon.com/1/events/com.amazon.eel.katal.metrics.core.nexus:0
[  142571ms] [LOG] Currently configured to use Space stages: {"domain":"beta.harmony.a2z.com","stage":"beta","spaceId":"harmony","mode":"multi-app-subdomain"} @ https://stores-designer.beta.harmony.a2z.com/navigation/harmony-navbar.js:53
[  142772ms] [LOG] AUI Debug: Reapplying overrides after page change @ chrome-extension://dcfoehjpoialdhneckhclkljejggicle/scripts.js:54
[  152787ms] [ERROR] Failed to load resource: net::ERR_BLOCKED_BY_CLIENT @ https://unagi-na.amazon.com/1/events/com.amazon.eel.katal.metrics.core.nexus:0
[  163187ms] [ERROR] Failed to load resource: net::ERR_BLOCKED_BY_CLIENT @ https://unagi-na.amazon.com/1/events/com.amazon.eel.katal.metrics.core.nexus:0
[  452744ms] [ERROR] Failed to load resource: net::ERR_BLOCKED_BY_CLIENT @ https://unagi-na.amazon.com/1/events/com.amazon.eel.katal.metrics.core.nexus:0
