[    -131ms] [ERROR] Executing inline script violates the following Content Security Policy directive 'script-src 'self' https://*.amazon.com https://*.a2z.com https://*.aws.com https://*.aws.dev https://*.amazonaws.com https://*.amazon.dev'. Either the 'unsafe-inline' keyword, a hash ('sha256-yyTVunGPIJTgfXQBIFYX7tNVga23HuLc2OgIdpQxXp0='), or a nonce ('nonce-...') is required to enable inline execution. The action has been blocked. @ https://pipelines.amazon.dev/approval_attempts/arn:aws:automated-approval:us-west-2::approval-instance:08f5ec60-eeeb-44ec-a642-467bc9d9aa14/changes?pipeline=DesignAssistant:0
[     387ms] [LOG] AUI Debug: Reapplying overrides after page change @ chrome-extension://dcfoehjpoialdhneckhclkljejggicle/scripts.js:54
[     600ms] [ERROR] Failed to load resource: the server responded with a status of 401 (Unauthorized) @ https://midway-auth.amazon.com/SSO/redirect?redirect_uri=https%3A%2F%2Fpipelines.amazon.dev&client_id=https%3A%2F%2Fpipelines.amazon.dev%3A443&scope=openid&response_type=id_token&nonce=ba73e7d628b6288e7f7de020a8fc4b52a60450cb7b52dc7795245b60afd7e7ba&response_mode=query&state=eyJwYXRoIjoiL21hbmlmZXN0Lmpzb24ifQ%3D%3D&sentry_handler_version=interceptor-core-1.x:0
[     601ms] [ERROR] Manifest fetch from https://midway-auth.amazon.com/SSO/redirect?redirect_uri=https%3A%2F%2Fpipelines.amazon.dev&client_id=https%3A%2F%2Fpipelines.amazon.dev%3A443&scope=openid&response_type=id_token&nonce=ba73e7d628b6288e7f7de020a8fc4b52a60450cb7b52dc7795245b60afd7e7ba&response_mode=query&state=eyJwYXRoIjoiL21hbmlmZXN0Lmpzb24ifQ%3D%3D&sentry_handler_version=interceptor-core-1.x failed, code 401 @ https://pipelines.amazon.dev/approval_attempts/arn:aws:automated-approval:us-west-2::approval-instance:08f5ec60-eeeb-44ec-a642-467bc9d9aa14/changes?pipeline=DesignAssistant:0
[     712ms] [LOG] AUI Debug: Reapplying overrides after page change @ chrome-extension://dcfoehjpoialdhneckhclkljejggicle/scripts.js:54
[    5529ms] [ERROR] Failed to load resource: net::ERR_BLOCKED_BY_CLIENT @ https://dataplane.rum.us-east-1.amazonaws.com/appmonitors/f22628da-5ce0-4946-ba98-c648aaf1dfc6:0
[    7534ms] [ERROR] Failed to load resource: net::ERR_BLOCKED_BY_CLIENT @ https://dataplane.rum.us-east-1.amazonaws.com/appmonitors/f22628da-5ce0-4946-ba98-c648aaf1dfc6:0
[   10544ms] [ERROR] Failed to load resource: net::ERR_BLOCKED_BY_CLIENT @ https://dataplane.rum.us-east-1.amazonaws.com/appmonitors/f22628da-5ce0-4946-ba98-c648aaf1dfc6:0
[   11537ms] [ERROR] Failed to load resource: net::ERR_BLOCKED_BY_CLIENT @ https://dataplane.rum.us-east-1.amazonaws.com/appmonitors/f22628da-5ce0-4946-ba98-c648aaf1dfc6:0
[   12548ms] [ERROR] Failed to load resource: net::ERR_BLOCKED_BY_CLIENT @ https://dataplane.rum.us-east-1.amazonaws.com/appmonitors/f22628da-5ce0-4946-ba98-c648aaf1dfc6:0
[   16552ms] [ERROR] Failed to load resource: net::ERR_BLOCKED_BY_CLIENT @ https://dataplane.rum.us-east-1.amazonaws.com/appmonitors/f22628da-5ce0-4946-ba98-c648aaf1dfc6:0
[   65584ms] [ERROR] Failed to load resource: net::ERR_BLOCKED_BY_CLIENT @ https://dataplane.rum.us-east-1.amazonaws.com/appmonitors/f22628da-5ce0-4946-ba98-c648aaf1dfc6:0
[   67621ms] [ERROR] Failed to load resource: net::ERR_BLOCKED_BY_CLIENT @ https://dataplane.rum.us-east-1.amazonaws.com/appmonitors/f22628da-5ce0-4946-ba98-c648aaf1dfc6:0
[   71629ms] [ERROR] Failed to load resource: net::ERR_BLOCKED_BY_CLIENT @ https://dataplane.rum.us-east-1.amazonaws.com/appmonitors/f22628da-5ce0-4946-ba98-c648aaf1dfc6:0
[  125525ms] [ERROR] Failed to load resource: net::ERR_BLOCKED_BY_CLIENT @ https://dataplane.rum.us-east-1.amazonaws.com/appmonitors/f22628da-5ce0-4946-ba98-c648aaf1dfc6:0
[  127529ms] [ERROR] Failed to load resource: net::ERR_BLOCKED_BY_CLIENT @ https://dataplane.rum.us-east-1.amazonaws.com/appmonitors/f22628da-5ce0-4946-ba98-c648aaf1dfc6:0
[  131531ms] [ERROR] Failed to load resource: net::ERR_BLOCKED_BY_CLIENT @ https://dataplane.rum.us-east-1.amazonaws.com/appmonitors/f22628da-5ce0-4946-ba98-c648aaf1dfc6:0
[  197567ms] [ERROR] Failed to load resource: net::ERR_BLOCKED_BY_CLIENT @ https://dataplane.rum.us-east-1.amazonaws.com/appmonitors/f22628da-5ce0-4946-ba98-c648aaf1dfc6:0
[  200668ms] [ERROR] Failed to load resource: net::ERR_BLOCKED_BY_CLIENT @ https://dataplane.rum.us-east-1.amazonaws.com/appmonitors/f22628da-5ce0-4946-ba98-c648aaf1dfc6:0
[  204875ms] [ERROR] Failed to load resource: net::ERR_BLOCKED_BY_CLIENT @ https://dataplane.rum.us-east-1.amazonaws.com/appmonitors/f22628da-5ce0-4946-ba98-c648aaf1dfc6:0
[  260533ms] [ERROR] Failed to load resource: net::ERR_BLOCKED_BY_CLIENT @ https://dataplane.rum.us-east-1.amazonaws.com/appmonitors/f22628da-5ce0-4946-ba98-c648aaf1dfc6:0
[  262539ms] [ERROR] Failed to load resource: net::ERR_BLOCKED_BY_CLIENT @ https://dataplane.rum.us-east-1.amazonaws.com/appmonitors/f22628da-5ce0-4946-ba98-c648aaf1dfc6:0
[  266551ms] [ERROR] Failed to load resource: net::ERR_BLOCKED_BY_CLIENT @ https://dataplane.rum.us-east-1.amazonaws.com/appmonitors/f22628da-5ce0-4946-ba98-c648aaf1dfc6:0
[  320533ms] [ERROR] Failed to load resource: net::ERR_BLOCKED_BY_CLIENT @ https://dataplane.rum.us-east-1.amazonaws.com/appmonitors/f22628da-5ce0-4946-ba98-c648aaf1dfc6:0
[  322538ms] [ERROR] Failed to load resource: net::ERR_BLOCKED_BY_CLIENT @ https://dataplane.rum.us-east-1.amazonaws.com/appmonitors/f22628da-5ce0-4946-ba98-c648aaf1dfc6:0
[  326542ms] [ERROR] Failed to load resource: net::ERR_BLOCKED_BY_CLIENT @ https://dataplane.rum.us-east-1.amazonaws.com/appmonitors/f22628da-5ce0-4946-ba98-c648aaf1dfc6:0
[  380529ms] [ERROR] Failed to load resource: net::ERR_BLOCKED_BY_CLIENT @ https://dataplane.rum.us-east-1.amazonaws.com/appmonitors/f22628da-5ce0-4946-ba98-c648aaf1dfc6:0
[  382533ms] [ERROR] Failed to load resource: net::ERR_BLOCKED_BY_CLIENT @ https://dataplane.rum.us-east-1.amazonaws.com/appmonitors/f22628da-5ce0-4946-ba98-c648aaf1dfc6:0
[  386536ms] [ERROR] Failed to load resource: net::ERR_BLOCKED_BY_CLIENT @ https://dataplane.rum.us-east-1.amazonaws.com/appmonitors/f22628da-5ce0-4946-ba98-c648aaf1dfc6:0
[  396243ms] [ERROR] Failed to load resource: net::ERR_BLOCKED_BY_CLIENT @ https://dataplane.rum.us-east-1.amazonaws.com/appmonitors/f22628da-5ce0-4946-ba98-c648aaf1dfc6?X-Amz-Algorithm=AWS4-HMAC-SHA256&X-Amz-Content-Sha256=a3145c5ac2e614087e64b4962339da93ed8c475bfa505336acd20f5fdd5572ee&X-Amz-Credential=ASIA2QJZAL6W7N6ISCKX%2F20260716%2Fus-east-1%2Frum%2Faws4_request&X-Amz-Date=20260716T183441Z&X-Amz-Expires=60&X-Amz-Security-Token=IQoJb3JpZ2luX2VjEIP%2F%2F%2F%2F%2F%2F%2F%2F%2F%2FwEaCXVzLWVhc3QtMSJHMEUCIDee5MS2XwySUfKkrwfjLSeDJLJgGfZdF5jJsrXvHVwzAiEAxOdfLlf%2FIUiJ5b%2BkFDy3KdIk1LPEaUTsbAXZXgfyMCMqywMITBAAGgw3MjIyMTA5Mzg3OTciDM5vQG5WnPnUjXUGmSqoAxJRblS3%2BOkx%2BsZs%2FnRdx3ARoIq2S1w8Fd%2BVYnilTGtgZa9%2BYYOX463jTf9kcFBSxmKHgpgO1YLJeMODc1RIUBNSyowBSEiu5MY9KviT6mRWtYSFHcK61bj5K57yw%2FVQA7izScqo4pv9tbehmzt4v7Eju0N%2FPvu5QKVqwPElYIuL1HylX9CekDsLAbD%2B%2BKyNjbNyjHWdZpzWkPNRSoTpED9xDeGuq9iU8cnXUxCic6FeJqH70lwupZlkwb%2BN%2F4NKYKXeXn6C0b%2BAuCogP6ZfKy4U0O143jRxOUPYX1svJIq1dnt9ku7N8fg1xQUfFM%2BnPcKr2h%2BOGTjWkplhx%2F%2F1gs1uGW0%2BIiH5%2Fvle5P07636vYXd%2BlI%2B32uBRKzQfnFZINqxgN4cy6jUo7pfmI0Mx35aUoBZTiKXGEgKJP4szKQmSleP6jw%2BdZk%2BDnFDTBREUuT5EBPahYHdbDVkX4Hze8lPmaqLdzIQrsVVKPdWWN81h8edvnYTIx0DB3JUxIxX%2BovMyyU2LiA%2BUKieUrTrTMqCBruHE6YF3lbdBeOi3EhbRcwVWSODNWm4wtsXk0gY6kgEbM7DLz1p6Zn0pIl55X6s1Olnq5xsDDX5raDfjE3DzHkCkh5DsKb1IAlku8swB5l2p%2BCNziPoaI8tW92L9b3O%2BwfwzNwh16WqKvEoACliw%2FH%2F7T2TtF7J9zKGMJJQMR0NroNvGsH4VWtf31SXPnEt%2F7VmJbPgtMnJaO%2Bh1BXZtQ0AfmKIMZA3ro9FxsUaQtpzZ2w%3D%3D&X-Amz-Signature=446345e90952a938e3a1432cb6867edacedddb710b92b959fc79d61aac823e67&X-Amz-SignedHeaders=content-type%3Bhost:0
[  400772ms] [ERROR] Failed to load resource: net::ERR_BLOCKED_BY_CLIENT @ https://dataplane.rum.us-east-1.amazonaws.com/appmonitors/f22628da-5ce0-4946-ba98-c648aaf1dfc6:0
[  403770ms] [ERROR] Failed to load resource: net::ERR_BLOCKED_BY_CLIENT @ https://dataplane.rum.us-east-1.amazonaws.com/appmonitors/f22628da-5ce0-4946-ba98-c648aaf1dfc6:0
[  408769ms] [ERROR] Failed to load resource: net::ERR_BLOCKED_BY_CLIENT @ https://dataplane.rum.us-east-1.amazonaws.com/appmonitors/f22628da-5ce0-4946-ba98-c648aaf1dfc6:0
[  572705ms] [ERROR] Failed to load resource: the server responded with a status of 401 (Unauthorized) @ https://midway-auth.amazon.com/SSO/redirect?redirect_uri=https%3A%2F%2Fpipelines.amazon.dev&client_id=https%3A%2F%2Fpipelines.amazon.dev%3A443&scope=openid&response_type=id_token&nonce=dd4bf79951bffdfd291fe875b8b77058577379ba64832d402df975e4398c8e6b&response_mode=query&state=eyJwYXRoIjoiL21hbmlmZXN0Lmpzb24ifQ%3D%3D&sentry_handler_version=interceptor-core-1.x:0
[  620522ms] [ERROR] Failed to load resource: net::ERR_BLOCKED_BY_CLIENT @ https://dataplane.rum.us-east-1.amazonaws.com/appmonitors/f22628da-5ce0-4946-ba98-c648aaf1dfc6:0
[  622525ms] [ERROR] Failed to load resource: net::ERR_BLOCKED_BY_CLIENT @ https://dataplane.rum.us-east-1.amazonaws.com/appmonitors/f22628da-5ce0-4946-ba98-c648aaf1dfc6:0
[  626528ms] [ERROR] Failed to load resource: net::ERR_BLOCKED_BY_CLIENT @ https://dataplane.rum.us-east-1.amazonaws.com/appmonitors/f22628da-5ce0-4946-ba98-c648aaf1dfc6:0
[  680518ms] [ERROR] Failed to load resource: net::ERR_BLOCKED_BY_CLIENT @ https://dataplane.rum.us-east-1.amazonaws.com/appmonitors/f22628da-5ce0-4946-ba98-c648aaf1dfc6:0
[  682521ms] [ERROR] Failed to load resource: net::ERR_BLOCKED_BY_CLIENT @ https://dataplane.rum.us-east-1.amazonaws.com/appmonitors/f22628da-5ce0-4946-ba98-c648aaf1dfc6:0
[  686524ms] [ERROR] Failed to load resource: net::ERR_BLOCKED_BY_CLIENT @ https://dataplane.rum.us-east-1.amazonaws.com/appmonitors/f22628da-5ce0-4946-ba98-c648aaf1dfc6:0
[  740517ms] [ERROR] Failed to load resource: net::ERR_BLOCKED_BY_CLIENT @ https://dataplane.rum.us-east-1.amazonaws.com/appmonitors/f22628da-5ce0-4946-ba98-c648aaf1dfc6:0
[  742518ms] [ERROR] Failed to load resource: net::ERR_BLOCKED_BY_CLIENT @ https://dataplane.rum.us-east-1.amazonaws.com/appmonitors/f22628da-5ce0-4946-ba98-c648aaf1dfc6:0
[  746522ms] [ERROR] Failed to load resource: net::ERR_BLOCKED_BY_CLIENT @ https://dataplane.rum.us-east-1.amazonaws.com/appmonitors/f22628da-5ce0-4946-ba98-c648aaf1dfc6:0
