[    -123ms] [LOG] [CORS Helper] Detected script manager: Tampermonkey @ chrome-extension://dhdgffkkebhmkfjojejmpbldmpobfkfo/userscript.html?name=Pippin-CORS-Helper-Universal.user.js&id=0d36b31f-ae68-467e-a98e-12dbf1fca7c9:67
[    -123ms] [LOG] [CORS Helper] Client initialized (DOM event mode) @ :56
[    -122ms] [LOG] [CORS Helper] Universal script initialized (Tampermonkey mode) @ chrome-extension://dhdgffkkebhmkfjojejmpbldmpobfkfo/userscript.html?name=Pippin-CORS-Helper-Universal.user.js&id=0d36b31f-ae68-467e-a98e-12dbf1fca7c9:418
[      44ms] [LOG] AUI Debug: Reapplying overrides after page change @ chrome-extension://dcfoehjpoialdhneckhclkljejggicle/scripts.js:54
[    2468ms] [LOG] Currently configured to use Space stages: {"domain":"pippin.amazon.dev","stage":"prod","spaceId":"pippin","mode":"multi-app-subdomain"} @ https://pippin.amazon.dev/navigation/harmony-navbar.js:53
[    3172ms] [LOG] PippinBackend endpoint: https://api.pippin.sara.amazon.dev @ https://pippin.amazon.dev/assets/main-DfcysgwH.js:66
[    3500ms] [LOG] [CORS Helper] Detected script manager: Tampermonkey @ chrome-extension://dhdgffkkebhmkfjojejmpbldmpobfkfo/userscript.html?name=Pippin-CORS-Helper-Universal.user.js&id=0d36b31f-ae68-467e-a98e-12dbf1fca7c9:67
[    3500ms] [LOG] [CORS Helper] Client initialized (DOM event mode) @ :56
[    3500ms] [LOG] [CORS Helper] Universal script initialized (Tampermonkey mode) @ chrome-extension://dhdgffkkebhmkfjojejmpbldmpobfkfo/userscript.html?name=Pippin-CORS-Helper-Universal.user.js&id=0d36b31f-ae68-467e-a98e-12dbf1fca7c9:418
[    3654ms] [LOG] AUI Debug: Reapplying overrides after page change @ chrome-extension://dcfoehjpoialdhneckhclkljejggicle/scripts.js:54
[    4312ms] [LOG] Received authorizedReturned response from background script @ chrome-extension://bkbighdlgofgdhcjnhocalbkiehhpdei/sentryjs-api-injected.js:18
[    4312ms] [LOG] Received authorizedReturned response from background script @ chrome-extension://bkbighdlgofgdhcjnhocalbkiehhpdei/sentryjs-api-injected.js:18
[    4312ms] [LOG] Received authorizedReturned response from background script @ chrome-extension://bkbighdlgofgdhcjnhocalbkiehhpdei/sentryjs-api-injected.js:18
[    4312ms] [LOG] Received authorizedReturned response from background script @ chrome-extension://bkbighdlgofgdhcjnhocalbkiehhpdei/sentryjs-api-injected.js:18
[    4312ms] [LOG] Received authorizedReturned response from background script @ chrome-extension://bkbighdlgofgdhcjnhocalbkiehhpdei/sentryjs-api-injected.js:18
[    4318ms] [LOG] Received authorizedReturned response from background script @ chrome-extension://bkbighdlgofgdhcjnhocalbkiehhpdei/sentryjs-api-injected.js:18
[    4457ms] [LOG] Received authorizedReturned response from background script @ chrome-extension://bkbighdlgofgdhcjnhocalbkiehhpdei/sentryjs-api-injected.js:18
[    4457ms] [LOG] Received authorizedReturned response from background script @ chrome-extension://bkbighdlgofgdhcjnhocalbkiehhpdei/sentryjs-api-injected.js:18
[    4701ms] [LOG] Received authorizedReturned response from background script @ chrome-extension://bkbighdlgofgdhcjnhocalbkiehhpdei/sentryjs-api-injected.js:18
[    4701ms] [LOG] Received authorizedReturned response from background script @ chrome-extension://bkbighdlgofgdhcjnhocalbkiehhpdei/sentryjs-api-injected.js:18
[    4701ms] [LOG] Received authorizedReturned response from background script @ chrome-extension://bkbighdlgofgdhcjnhocalbkiehhpdei/sentryjs-api-injected.js:18
[    4820ms] [LOG] Received authorizedReturned response from background script @ chrome-extension://bkbighdlgofgdhcjnhocalbkiehhpdei/sentryjs-api-injected.js:18
[    4820ms] [LOG] Received authorizedReturned response from background script @ chrome-extension://bkbighdlgofgdhcjnhocalbkiehhpdei/sentryjs-api-injected.js:18
[    4969ms] [LOG] Received authorizedReturned response from background script @ chrome-extension://bkbighdlgofgdhcjnhocalbkiehhpdei/sentryjs-api-injected.js:18
[    5066ms] [ERROR] Failed to load resource: net::ERR_BLOCKED_BY_CLIENT @ https://unagi-na.amazon.com/1/events/com.amazon.eel.katal.metrics.core.nexus:0
[    5281ms] [ERROR] Failed to load resource: net::ERR_BLOCKED_BY_CLIENT @ https://unagi-na.amazon.com/1/events/com.amazon.eel.katal.metrics.core.nexus:0
[    5362ms] [WARNING] WebSocket connection to 'wss://collab.api.pippin.sara.amazon.dev/collaboration/Nb9o43RQaBlWnN1ATFYTxusLrfEYeRAjUSRPPocT' failed: WebSocket is closed before the connection is established. @ https://pippin.amazon.dev/assets/main-DfcysgwH.js:3841
[    5530ms] [ERROR] Failed to load resource: net::ERR_BLOCKED_BY_CLIENT @ https://unagi-na.amazon.com/1/events/com.amazon.eel.katal.metrics.core.nexus:0
[    5681ms] [ERROR] Failed to load resource: net::ERR_BLOCKED_BY_CLIENT @ https://unagi-na.amazon.com/1/events/com.amazon.eel.katal.metrics.core.nexus:0
[    6418ms] [WARNING] [convertInvalidMentions] no invalid mentions found @ https://pippin.amazon.dev/assets/main-DfcysgwH.js:4359
[    9590ms] [ERROR] Failed to load resource: net::ERR_BLOCKED_BY_CLIENT @ https://unagi-na.amazon.com/1/events/com.amazon.eel.katal.metrics.core.nexus:0
[   13501ms] [ERROR] Failed to load resource: net::ERR_BLOCKED_BY_CLIENT @ https://unagi-na.amazon.com/1/events/com.amazon.eel.katal.metrics.core.nexus:0
[   13654ms] [ERROR] Failed to load resource: net::ERR_BLOCKED_BY_CLIENT @ https://unagi-na.amazon.com/1/events/com.amazon.eel.katal.metrics.core.nexus:0
[   30561ms] [ERROR] Failed to load resource: net::ERR_BLOCKED_BY_CLIENT @ https://unagi-na.amazon.com/1/events/com.amazon.eel.katal.metrics.core.nexus:0
[   45702ms] [ERROR] Failed to load resource: net::ERR_BLOCKED_BY_CLIENT @ https://unagi-na.amazon.com/1/events/com.amazon.eel.katal.metrics.core.nexus:0
[   60860ms] [ERROR] Failed to load resource: net::ERR_BLOCKED_BY_CLIENT @ https://unagi-na.amazon.com/1/events/com.amazon.eel.katal.metrics.core.nexus:0
[   75555ms] [ERROR] Failed to load resource: net::ERR_BLOCKED_BY_CLIENT @ https://unagi-na.amazon.com/1/events/com.amazon.eel.katal.metrics.core.nexus:0
[   91134ms] [ERROR] Failed to load resource: net::ERR_BLOCKED_BY_CLIENT @ https://unagi-na.amazon.com/1/events/com.amazon.eel.katal.metrics.core.nexus:0
[  106268ms] [ERROR] Failed to load resource: net::ERR_BLOCKED_BY_CLIENT @ https://unagi-na.amazon.com/1/events/com.amazon.eel.katal.metrics.core.nexus:0
[  121410ms] [ERROR] Failed to load resource: net::ERR_BLOCKED_BY_CLIENT @ https://unagi-na.amazon.com/1/events/com.amazon.eel.katal.metrics.core.nexus:0
[  135701ms] [ERROR] Failed to load resource: net::ERR_BLOCKED_BY_CLIENT @ https://unagi-na.amazon.com/1/events/com.amazon.eel.katal.metrics.core.nexus:0
[  151751ms] [ERROR] Failed to load resource: net::ERR_BLOCKED_BY_CLIENT @ https://unagi-na.amazon.com/1/events/com.amazon.eel.katal.metrics.core.nexus:0
[  166907ms] [ERROR] Failed to load resource: net::ERR_BLOCKED_BY_CLIENT @ https://unagi-na.amazon.com/1/events/com.amazon.eel.katal.metrics.core.nexus:0
[  182051ms] [ERROR] Failed to load resource: net::ERR_BLOCKED_BY_CLIENT @ https://unagi-na.amazon.com/1/events/com.amazon.eel.katal.metrics.core.nexus:0
[  195869ms] [ERROR] Failed to load resource: net::ERR_BLOCKED_BY_CLIENT @ https://unagi-na.amazon.com/1/events/com.amazon.eel.katal.metrics.core.nexus:0
[  212344ms] [ERROR] Failed to load resource: net::ERR_BLOCKED_BY_CLIENT @ https://unagi-na.amazon.com/1/events/com.amazon.eel.katal.metrics.core.nexus:0
[  227487ms] [ERROR] Failed to load resource: net::ERR_BLOCKED_BY_CLIENT @ https://unagi-na.amazon.com/1/events/com.amazon.eel.katal.metrics.core.nexus:0
[  242730ms] [ERROR] Failed to load resource: net::ERR_BLOCKED_BY_CLIENT @ https://unagi-na.amazon.com/1/events/com.amazon.eel.katal.metrics.core.nexus:0
[  256009ms] [ERROR] Failed to load resource: net::ERR_BLOCKED_BY_CLIENT @ https://unagi-na.amazon.com/1/events/com.amazon.eel.katal.metrics.core.nexus:0
[  273008ms] [ERROR] Failed to load resource: net::ERR_BLOCKED_BY_CLIENT @ https://unagi-na.amazon.com/1/events/com.amazon.eel.katal.metrics.core.nexus:0
[  288164ms] [ERROR] Failed to load resource: net::ERR_BLOCKED_BY_CLIENT @ https://unagi-na.amazon.com/1/events/com.amazon.eel.katal.metrics.core.nexus:0
[  303307ms] [ERROR] Failed to load resource: net::ERR_BLOCKED_BY_CLIENT @ https://unagi-na.amazon.com/1/events/com.amazon.eel.katal.metrics.core.nexus:0
[  314195ms] [ERROR] Failed to load resource: net::ERR_BLOCKED_BY_CLIENT @ https://unagi-na.amazon.com/1/events/com.amazon.eel.katal.metrics.core.nexus:0
[  333602ms] [ERROR] Failed to load resource: net::ERR_BLOCKED_BY_CLIENT @ https://unagi-na.amazon.com/1/events/com.amazon.eel.katal.metrics.core.nexus:0
[  348747ms] [ERROR] Failed to load resource: net::ERR_BLOCKED_BY_CLIENT @ https://unagi-na.amazon.com/1/events/com.amazon.eel.katal.metrics.core.nexus:0
[  363885ms] [ERROR] Failed to load resource: net::ERR_BLOCKED_BY_CLIENT @ https://unagi-na.amazon.com/1/events/com.amazon.eel.katal.metrics.core.nexus:0
[  376291ms] [ERROR] Failed to load resource: net::ERR_BLOCKED_BY_CLIENT @ https://unagi-na.amazon.com/1/events/com.amazon.eel.katal.metrics.core.nexus:0
[  394191ms] [ERROR] Failed to load resource: net::ERR_BLOCKED_BY_CLIENT @ https://unagi-na.amazon.com/1/events/com.amazon.eel.katal.metrics.core.nexus:0
[  408242ms] [ERROR] Failed to load resource: net::ERR_BLOCKED_BY_CLIENT @ https://unagi-na.amazon.com/1/events/com.amazon.eel.katal.metrics.core.nexus:0
[  409335ms] [ERROR] Failed to load resource: net::ERR_BLOCKED_BY_CLIENT @ https://unagi-na.amazon.com/1/events/com.amazon.eel.katal.metrics.core.nexus:0
[  422216ms] [ERROR] Failed to load resource: net::ERR_BLOCKED_BY_CLIENT @ https://unagi-na.amazon.com/1/events/com.amazon.eel.katal.metrics.core.nexus:0
[  483210ms] [ERROR] Failed to load resource: net::ERR_BLOCKED_BY_CLIENT @ https://unagi-na.amazon.com/1/events/com.amazon.eel.katal.metrics.core.nexus:0
[  587652ms] [ERROR] Failed to load resource: net::ERR_BLOCKED_BY_CLIENT @ https://unagi-na.amazon.com/1/events/com.amazon.eel.katal.metrics.core.nexus:0
[  587660ms] [ERROR] Failed to load resource: net::ERR_BLOCKED_BY_CLIENT @ https://unagi-na.amazon.com/1/events/com.amazon.eel.katal.metrics.core.nexus:0
[  596541ms] [ERROR] Failed to load resource: net::ERR_BLOCKED_BY_CLIENT @ https://unagi-na.amazon.com/1/events/com.amazon.eel.katal.metrics.core.nexus:0
[  596795ms] [ERROR] Failed to load resource: net::ERR_BLOCKED_BY_CLIENT @ https://unagi-na.amazon.com/1/events/com.amazon.eel.katal.metrics.core.nexus:0
[  612266ms] [ERROR] Failed to load resource: net::ERR_BLOCKED_BY_CLIENT @ https://unagi-na.amazon.com/1/events/com.amazon.eel.katal.metrics.core.nexus:0
[  627538ms] [ERROR] Failed to load resource: net::ERR_BLOCKED_BY_CLIENT @ https://unagi-na.amazon.com/1/events/com.amazon.eel.katal.metrics.core.nexus:0
[  642832ms] [ERROR] Failed to load resource: net::ERR_BLOCKED_BY_CLIENT @ https://unagi-na.amazon.com/1/events/com.amazon.eel.katal.metrics.core.nexus:0
[  657946ms] [ERROR] Failed to load resource: net::ERR_BLOCKED_BY_CLIENT @ https://unagi-na.amazon.com/1/events/com.amazon.eel.katal.metrics.core.nexus:0
[  673365ms] [ERROR] Failed to load resource: net::ERR_BLOCKED_BY_CLIENT @ https://unagi-na.amazon.com/1/events/com.amazon.eel.katal.metrics.core.nexus:0
[  688689ms] [ERROR] Failed to load resource: net::ERR_BLOCKED_BY_CLIENT @ https://unagi-na.amazon.com/1/events/com.amazon.eel.katal.metrics.core.nexus:0
[  703964ms] [ERROR] Failed to load resource: net::ERR_BLOCKED_BY_CLIENT @ https://unagi-na.amazon.com/1/events/com.amazon.eel.katal.metrics.core.nexus:0
[  718210ms] [ERROR] Failed to load resource: net::ERR_BLOCKED_BY_CLIENT @ https://unagi-na.amazon.com/1/events/com.amazon.eel.katal.metrics.core.nexus:0
[  734600ms] [ERROR] Failed to load resource: net::ERR_BLOCKED_BY_CLIENT @ https://unagi-na.amazon.com/1/events/com.amazon.eel.katal.metrics.core.nexus:0
[  750010ms] [ERROR] Failed to load resource: net::ERR_BLOCKED_BY_CLIENT @ https://unagi-na.amazon.com/1/events/com.amazon.eel.katal.metrics.core.nexus:0
[  765281ms] [ERROR] Failed to load resource: net::ERR_BLOCKED_BY_CLIENT @ https://unagi-na.amazon.com/1/events/com.amazon.eel.katal.metrics.core.nexus:0
[  778486ms] [ERROR] Failed to load resource: net::ERR_BLOCKED_BY_CLIENT @ https://unagi-na.amazon.com/1/events/com.amazon.eel.katal.metrics.core.nexus:0
