[     -48ms] [LOG] Currently configured to use Space stages: {"domain":"harmony.a2z.com","stage":"prod","spaceId":"harmony","mode":"multi-app-subdomain"} @ https://stores-designer.harmony.a2z.com/navigation/harmony-navbar.js:53
[     159ms] [LOG] AUI Debug: Reapplying overrides after page change @ chrome-extension://dcfoehjpoialdhneckhclkljejggicle/scripts.js:54
[     259ms] [LOG] AUI Debug: Reapplying overrides after page change @ chrome-extension://dcfoehjpoialdhneckhclkljejggicle/scripts.js:54
[     899ms] [ERROR] Failed to load resource: net::ERR_BLOCKED_BY_CLIENT @ https://unagi-na.amazon.com/1/events/com.amazon.eel.katal.metrics.core.nexus:0
[    1142ms] [ERROR] Failed to load resource: net::ERR_BLOCKED_BY_CLIENT @ https://unagi-na.amazon.com/1/events/com.amazon.eel.katal.metrics.core.nexus:0
[    2254ms] [ERROR] Failed to load resource: net::ERR_BLOCKED_BY_CLIENT @ https://unagi-na.amazon.com/1/events/com.amazon.eel.katal.metrics.core.nexus:0
[    2528ms] [LOG] [useOpenCode:bootProject] Starting boot for project: a7cb251f-207a-453d-9669-5bd3602b3d3a template: blank @ https://stores-designer.harmony.a2z.com/assets/project-layout-NrWtJUaV.js:1
[    2533ms] [LOG] [useOpenCode:bootProject] Starting boot for project: a7cb251f-207a-453d-9669-5bd3602b3d3a template: blank @ https://stores-designer.harmony.a2z.com/assets/project-layout-NrWtJUaV.js:1
[    2533ms] [LOG] [useOpenCode:bootProject] Skipping - boot already in progress for this project (ref check) @ https://stores-designer.harmony.a2z.com/assets/project-layout-NrWtJUaV.js:1
[    2533ms] [INFO] [SdRpc] Starting iframe relay for project: a7cb251f-207a-453d-9669-5bd3602b3d3a @ https://stores-designer.harmony.a2z.com/assets/project-layout-NrWtJUaV.js:6
[    2550ms] [ERROR] Failed to load resource: net::ERR_BLOCKED_BY_CLIENT @ https://unagi-na.amazon.com/1/events/com.amazon.eel.katal.metrics.core.nexus:0
[    2747ms] [ERROR] Access to fetch at 'https://env-ec69ee80d721452b8eeaf006ab1eb951.mde.prod.design-assistant.sdt.amazon.dev/__frame_ready__' from origin 'https://stores-designer.harmony.a2z.com' has been blocked by CORS policy: No 'Access-Control-Allow-Origin' header is present on the requested resource. @ https://stores-designer.harmony.a2z.com/projects/a7cb251f-207a-453d-9669-5bd3602b3d3a:0
[    2748ms] [ERROR] Failed to load resource: net::ERR_FAILED @ https://env-ec69ee80d721452b8eeaf006ab1eb951.mde.prod.design-assistant.sdt.amazon.dev/__frame_ready__:0
[    2753ms] [LOG] trackMetric: page.error 1 {errorName: frame.ready.check.failed, error: frame_ready responded undefined} @ https://stores-designer.harmony.a2z.com/assets/utils-BPBUpZd6.js:14
[    2788ms] [LOG] [opencode] → GET /session projectId: a7cb251f-207a-453d-9669-5bd3602b3d3a correlationId: r_1784225737172_1 @ https://stores-designer.harmony.a2z.com/assets/index-ZHSC2mrQ.js:8
[    2789ms] [LOG] [opencode] → GET /session/status projectId: a7cb251f-207a-453d-9669-5bd3602b3d3a correlationId: r_1784225737172_2 @ https://stores-designer.harmony.a2z.com/assets/index-ZHSC2mrQ.js:8
[    3279ms] [LOG] trackMetric: ai.request 1 {route: /session/status, method: GET, projectId: a7cb251f-207a-453d-9669-5bd3602b3d3a, correlationId: r_1784225737172_2, outcome: success} @ https://stores-designer.harmony.a2z.com/assets/utils-BPBUpZd6.js:14
[    3283ms] [LOG] [opencode] ← /session/status 490ms correlationId: r_1784225737172_2 @ https://stores-designer.harmony.a2z.com/assets/index-ZHSC2mrQ.js:8
[    3316ms] [LOG] trackMetric: ai.request 1 {route: /session, method: GET, projectId: a7cb251f-207a-453d-9669-5bd3602b3d3a, correlationId: r_1784225737172_1, outcome: success} @ https://stores-designer.harmony.a2z.com/assets/utils-BPBUpZd6.js:14
[    3349ms] [LOG] [opencode] ← /session 526ms correlationId: r_1784225737172_1 @ https://stores-designer.harmony.a2z.com/assets/index-ZHSC2mrQ.js:8
[    3352ms] [LOG] [useOpenCode:bootProject] Found 0 existing sessions @ https://stores-designer.harmony.a2z.com/assets/project-layout-NrWtJUaV.js:1
[    3352ms] [LOG] [useOpenCode:bootProject] No sessions - creating new session @ https://stores-designer.harmony.a2z.com/assets/project-layout-NrWtJUaV.js:1
[    3358ms] [LOG] [useOpenCode:bootProject] Starting boot for project: a7cb251f-207a-453d-9669-5bd3602b3d3a template: blank @ https://stores-designer.harmony.a2z.com/assets/project-layout-NrWtJUaV.js:1
[    3358ms] [LOG] [useOpenCode:bootProject] Skipping - boot already in progress for this project (ref check) @ https://stores-designer.harmony.a2z.com/assets/project-layout-NrWtJUaV.js:1
[    3358ms] [LOG] [useAutoProjectTitle] No description captured, skipping @ https://stores-designer.harmony.a2z.com/assets/project-layout-NrWtJUaV.js:37
[    3360ms] [LOG] [opencode] → POST /session projectId: a7cb251f-207a-453d-9669-5bd3602b3d3a correlationId: r_1784225737996_3 @ https://stores-designer.harmony.a2z.com/assets/index-ZHSC2mrQ.js:8
[    3361ms] [LOG] [opencode] → SSE /global/event correlationId: r_1784225738001_4 @ https://stores-designer.harmony.a2z.com/assets/index-ZHSC2mrQ.js:8
[    3362ms] [LOG] [opencode] → SSE /global/event correlationId: r_1784225738001_5 @ https://stores-designer.harmony.a2z.com/assets/index-ZHSC2mrQ.js:8
[    3362ms] [LOG] [opencode] → SSE /global/event correlationId: r_1784225738001_6 @ https://stores-designer.harmony.a2z.com/assets/index-ZHSC2mrQ.js:8
[    3362ms] [LOG] [opencode] → SSE /global/event correlationId: r_1784225738003_7 @ https://stores-designer.harmony.a2z.com/assets/index-ZHSC2mrQ.js:8
[    3365ms] [ERROR] Failed to load resource: net::ERR_BLOCKED_BY_CLIENT @ https://unagi-na.amazon.com/1/events/com.amazon.eel.katal.metrics.core.nexus:0
[    3900ms] [LOG] trackMetric: ai.request 1 {route: /global/event, method: SSE, projectId: a7cb251f-207a-453d-9669-5bd3602b3d3a, correlationId: r_1784225738001_6, outcome: success} @ https://stores-designer.harmony.a2z.com/assets/utils-BPBUpZd6.js:14
[    3901ms] [LOG] [opencode] ← SSE connected 538ms correlationId: r_1784225738001_6 @ https://stores-designer.harmony.a2z.com/assets/index-ZHSC2mrQ.js:8
[    4772ms] [LOG] trackMetric: ai.request 1 {route: /global/event, method: SSE, projectId: a7cb251f-207a-453d-9669-5bd3602b3d3a, correlationId: r_1784225738003_7, outcome: success} @ https://stores-designer.harmony.a2z.com/assets/utils-BPBUpZd6.js:14
[    4773ms] [LOG] [opencode] ← SSE connected 1410ms correlationId: r_1784225738003_7 @ https://stores-designer.harmony.a2z.com/assets/index-ZHSC2mrQ.js:8
[    4851ms] [LOG] [useOpenCode] build.started frameIds: undefined @ https://stores-designer.harmony.a2z.com/assets/project-layout-NrWtJUaV.js:1
[    4852ms] [LOG] [useOpenCode] build.started frameIds: undefined @ https://stores-designer.harmony.a2z.com/assets/project-layout-NrWtJUaV.js:1
[    4863ms] [LOG] trackMetric: ai.request 1 {route: /session, method: POST, projectId: a7cb251f-207a-453d-9669-5bd3602b3d3a, correlationId: r_1784225737996_3, outcome: success} @ https://stores-designer.harmony.a2z.com/assets/utils-BPBUpZd6.js:14
[    4881ms] [LOG] [opencode] ← /session 1500ms correlationId: r_1784225737996_3 @ https://stores-designer.harmony.a2z.com/assets/index-ZHSC2mrQ.js:8
[    4884ms] [LOG] [useOpenCode] Runtime ready for project: a7cb251f-207a-453d-9669-5bd3602b3d3a template: blank retries: 0 totalBootMs: 2356 @ https://stores-designer.harmony.a2z.com/assets/project-layout-NrWtJUaV.js:1
[    4884ms] [LOG] trackLatency: boot.duration 2356ms {projectId: a7cb251f-207a-453d-9669-5bd3602b3d3a} @ https://stores-designer.harmony.a2z.com/assets/utils-BPBUpZd6.js:14
[    4892ms] [LOG] [useOpenCode:bootProject] Starting boot for project: a7cb251f-207a-453d-9669-5bd3602b3d3a template: blank @ https://stores-designer.harmony.a2z.com/assets/project-layout-NrWtJUaV.js:1
[    4892ms] [LOG] [useOpenCode:bootProject] Skipping - boot already in progress for this project (ref check) @ https://stores-designer.harmony.a2z.com/assets/project-layout-NrWtJUaV.js:1
[    4897ms] [LOG] [opencode] → GET /model-info projectId: a7cb251f-207a-453d-9669-5bd3602b3d3a correlationId: r_1784225739528_8 @ https://stores-designer.harmony.a2z.com/assets/index-ZHSC2mrQ.js:8
[    4897ms] [LOG] [opencode] → GET /file/content projectId: a7cb251f-207a-453d-9669-5bd3602b3d3a correlationId: r_1784225739536_9 @ https://stores-designer.harmony.a2z.com/assets/index-ZHSC2mrQ.js:8
[    4901ms] [ERROR] Failed to load resource: net::ERR_BLOCKED_BY_CLIENT @ https://unagi-na.amazon.com/1/events/com.amazon.eel.katal.metrics.core.nexus:0
[    4971ms] [LOG] [useOpenCode:bootProject] Starting boot for project: a7cb251f-207a-453d-9669-5bd3602b3d3a template: blank @ https://stores-designer.harmony.a2z.com/assets/project-layout-NrWtJUaV.js:1
[    4971ms] [LOG] [useOpenCode:bootProject] Skipping - boot already in progress for this project (ref check) @ https://stores-designer.harmony.a2z.com/assets/project-layout-NrWtJUaV.js:1
[    5038ms] [ERROR] Access to fetch at 'https://env-ec69ee80d721452b8eeaf006ab1eb951.mde.prod.design-assistant.sdt.amazon.dev/__frame_ready__' from origin 'https://stores-designer.harmony.a2z.com' has been blocked by CORS policy: No 'Access-Control-Allow-Origin' header is present on the requested resource. @ https://stores-designer.harmony.a2z.com/projects/a7cb251f-207a-453d-9669-5bd3602b3d3a/sessions/ses_093dbccbbffeHyWRTYHqSJeI1o:0
[    5038ms] [ERROR] Failed to load resource: net::ERR_FAILED @ https://env-ec69ee80d721452b8eeaf006ab1eb951.mde.prod.design-assistant.sdt.amazon.dev/__frame_ready__:0
[    5041ms] [LOG] trackMetric: page.error 1 {errorName: frame.ready.check.failed, error: frame_ready responded undefined} @ https://stores-designer.harmony.a2z.com/assets/utils-BPBUpZd6.js:14
[    5097ms] [LOG] trackMetric: ai.request 1 {route: /global/event, method: SSE, projectId: a7cb251f-207a-453d-9669-5bd3602b3d3a, correlationId: r_1784225738001_4, outcome: success} @ https://stores-designer.harmony.a2z.com/assets/utils-BPBUpZd6.js:14
[    5098ms] [LOG] [opencode] ← SSE connected 1736ms correlationId: r_1784225738001_4 @ https://stores-designer.harmony.a2z.com/assets/index-ZHSC2mrQ.js:8
[    5126ms] [LOG] trackMetric: ai.request 1 {route: /global/event, method: SSE, projectId: a7cb251f-207a-453d-9669-5bd3602b3d3a, correlationId: r_1784225738001_5, outcome: success} @ https://stores-designer.harmony.a2z.com/assets/utils-BPBUpZd6.js:14
[    5130ms] [LOG] [opencode] ← SSE connected 1765ms correlationId: r_1784225738001_5 @ https://stores-designer.harmony.a2z.com/assets/index-ZHSC2mrQ.js:8
[    5131ms] [ERROR] Failed to load resource: net::ERR_BLOCKED_BY_CLIENT @ https://unagi-na.amazon.com/1/events/com.amazon.eel.katal.metrics.core.nexus:0
[    5276ms] [LOG] [useOpenCode] build.completed frameIds: undefined sessionId: ses_093dbccbbffeHyWRTYHqSJeI1o @ https://stores-designer.harmony.a2z.com/assets/project-layout-NrWtJUaV.js:1
[    5277ms] [LOG] [useOpenCode] build.completed frameIds: undefined sessionId: ses_093dbccbbffeHyWRTYHqSJeI1o @ https://stores-designer.harmony.a2z.com/assets/project-layout-NrWtJUaV.js:1
[    5277ms] [LOG] [useOpenCode] build.completed frameIds: undefined sessionId: ses_093dbccbbffeHyWRTYHqSJeI1o @ https://stores-designer.harmony.a2z.com/assets/project-layout-NrWtJUaV.js:1
[    5277ms] [LOG] [useOpenCode] build.completed frameIds: undefined sessionId: ses_093dbccbbffeHyWRTYHqSJeI1o @ https://stores-designer.harmony.a2z.com/assets/project-layout-NrWtJUaV.js:1
[    6478ms] [LOG] trackMetric: ai.request 1 {route: /model-info, method: GET, projectId: a7cb251f-207a-453d-9669-5bd3602b3d3a, correlationId: r_1784225739528_8, outcome: success} @ https://stores-designer.harmony.a2z.com/assets/utils-BPBUpZd6.js:14
[    6486ms] [LOG] [opencode] ← /model-info 1565ms correlationId: r_1784225739528_8 @ https://stores-designer.harmony.a2z.com/assets/index-ZHSC2mrQ.js:8
[    6782ms] [LOG] trackMetric: ai.request 1 {route: /file/content, method: GET, projectId: a7cb251f-207a-453d-9669-5bd3602b3d3a, correlationId: r_1784225739536_9, outcome: success} @ https://stores-designer.harmony.a2z.com/assets/utils-BPBUpZd6.js:14
[    6794ms] [LOG] [opencode] ← /file/content 1885ms correlationId: r_1784225739536_9 @ https://stores-designer.harmony.a2z.com/assets/index-ZHSC2mrQ.js:8
[    6794ms] [LOG] [usePageFramesQuery] Raw page.json frames: [Object] @ https://stores-designer.harmony.a2z.com/assets/project-layout-NrWtJUaV.js:59
[    6814ms] [LOG] [useBackendSync] sync triggered {isInitialized: false, prevIds: Array(0), queryIds: Array(1), storeIds: Array(0), queryCount: 1} @ https://stores-designer.harmony.a2z.com/assets/project-layout-NrWtJUaV.js:60
[    6867ms] [LOG] [useElementCapture] Browser support check: {hasNavigator: true, hasMediaDevices: true, hasGetDisplayMedia: true, isSupported: true} @ https://stores-designer.harmony.a2z.com/assets/project-layout-NrWtJUaV.js:17
[    8452ms] [LOG] %c[SD]%c RPC client connected via HMR color:#10B981;font-weight:bold  @ https://env-ec69ee80d721452b8eeaf006ab1eb951.mde.prod.design-assistant.sdt.amazon.dev/node_modules/@amzn/sd-harness-client/src/client-runtime/rpc-client.ts?v=3c7c6161:6
[    8453ms] [LOG] trackLatency: page.all_frames_loaded 5925ms {frameCount: 1} @ https://stores-designer.harmony.a2z.com/assets/utils-BPBUpZd6.js:14
[    8460ms] [ERROR] Failed to load resource: net::ERR_BLOCKED_BY_CLIENT @ https://unagi-na.amazon.com/1/events/com.amazon.eel.katal.metrics.core.nexus:0
[   10166ms] [ERROR] Creating a worker from 'blob:https://stores-designer.harmony.a2z.com/6b9d2371-a1d1-4c63-b903-e0d3132b2786' violates the following Content Security Policy directive: "worker-src blob". The action has been blocked. @ https://stores-designer.harmony.a2z.com/assets/utils-BPBUpZd6.js:3
[   10171ms] [ERROR] Harmony tip: Looks like you could use some help with your Content Security Policy (CSP). You may need to add the following to your .harmony/harmony-metadata.json file under "content-security-policy": 

    "worker-src": ["blob"]

* If your current CSP is an empty object {}, add the directive listed above.
* If your CSP already specifies the "worker-src" directive, add "blob" to its array.

Example harmony-metadata.json:
    "content-security-policy": {
        "worker-src": ["blob"]
    }

If your application does not have a .harmony folder, run: "harmony app create-harmony-folder" to migrate to the recommended method of managing your App's configuration.

More info: https://docs.harmony.a2z.com/application-development.html#Content%20Security%20Policies @ https://stores-designer.harmony.a2z.com/navigation/harmony-navbar.js:125
[   10445ms] [ERROR] Failed to load resource: net::ERR_BLOCKED_BY_CLIENT @ https://unagi-na.amazon.com/1/events/com.amazon.eel.katal.metrics.core.nexus:0
