[ -605332ms] [ERROR] Failed to load resource: net::ERR_BLOCKED_BY_CLIENT @ https://dataplane.rum.us-east-1.amazonaws.com/appmonitors/ce15caa9-d90b-4f97-bbee-03782a7c6f71:0
[ -603326ms] [ERROR] Failed to load resource: net::ERR_BLOCKED_BY_CLIENT @ https://dataplane.rum.us-east-1.amazonaws.com/appmonitors/ce15caa9-d90b-4f97-bbee-03782a7c6f71:0
[ -599322ms] [ERROR] Failed to load resource: net::ERR_BLOCKED_BY_CLIENT @ https://dataplane.rum.us-east-1.amazonaws.com/appmonitors/ce15caa9-d90b-4f97-bbee-03782a7c6f71:0
[ -610575ms] [LOG] WARNING: Tried to load angular more than once. @ https://prod.cdn.cbw.crux.builder-tools.aws.dev/assets/cdn/vendor-part3-bc8064255b88912458476cfdcb8e9af53cd7e51daea75dfeee036d9363364282.js?Expires=1784226442&Signature=puPcbSHBQcNFy5rpJg7u0rFj9Q2fwub0xMujLKEbsiIDue0OsMtBjfTevRIOu6WgvZBTgKlI29gKxnfwdy7eyUyj~uojYw60dxg9jr2SfEx3vM~wnHTozSJ2PWK8rDSN2z06VdRDSmBg9mViUwd81hHAfdPaW9tm36ekHLgA9vvb0WBkQgARbV374hAfwZlKxJzZQJklaD7Ws0beA4HwkZPAsdy7gy4WHm587fZPz-4Xvjos-tKs2rskreWC8DYjafp9bQd~dHnZSio0Q4~8GKEkhOi7AqQCz7QwpdtTP7bur-umUQPTIE-mJhhHbarfUkQWa~VT72ZBnDQSytCO3A__&Key-Pair-Id=K11PVWJWB1ZZ40:14
[ -610386ms] [LOG] AUI Debug: Reapplying overrides after page change @ chrome-extension://dcfoehjpoialdhneckhclkljejggicle/scripts.js:54
[      17ms] Uncaught (in promise) TypeError: Failed to resolve module specifier './index-Dc9k1RGK.js'. The base URL is about:blank because import() is called from a CORS-cross-origin script.
    at <anonymous> (https://prod.ui.dashboard.crux.builder-tools.aws.dev/assets/crux-dashboard-web-index-DhktaXeQ.js:102:196028)
    at <anonymous> (https://prod.ui.dashboard.crux.builder-tools.aws.dev/assets/crux-dashboard-web-index-DhktaXeQ.js:41:111685)
[ 2898390ms] [LOG] Currently configured to use Space stages: {"domain":"harmony.a2z.com","stage":"prod","spaceId":"harmony","mode":"multi-app-subdomain"} @ https://stores-designer.harmony.a2z.com/navigation/harmony-navbar.js:53
[ 2898883ms] [LOG] AUI Debug: Reapplying overrides after page change @ chrome-extension://dcfoehjpoialdhneckhclkljejggicle/scripts.js:54
[ 2898990ms] [LOG] AUI Debug: Reapplying overrides after page change @ chrome-extension://dcfoehjpoialdhneckhclkljejggicle/scripts.js:54
[ 2900156ms] [ERROR] Failed to load resource: net::ERR_BLOCKED_BY_CLIENT @ https://unagi-na.amazon.com/1/events/com.amazon.eel.katal.metrics.core.nexus:0
[ 2909131ms] [ERROR] Failed to load resource: net::ERR_BLOCKED_BY_CLIENT @ https://unagi-na.amazon.com/1/events/com.amazon.eel.katal.metrics.core.nexus:0
[ 2910157ms] [ERROR] Failed to load resource: net::ERR_BLOCKED_BY_CLIENT @ https://unagi-na.amazon.com/1/events/com.amazon.eel.katal.metrics.core.nexus:0
[ 2919482ms] [ERROR] Failed to load resource: net::ERR_BLOCKED_BY_CLIENT @ https://unagi-na.amazon.com/1/events/com.amazon.eel.katal.metrics.core.nexus:0
[ 2930634ms] [LOG] trackMetric: ux.user.action 1 {action: ds_picker_package_selected, package: @amzn/stencil-react-components} @ https://stores-designer.harmony.a2z.com/assets/utils-BPBUpZd6.js:14
[ 2930635ms] [LOG] trackMetric: ux.user.action 1 {action: ds_picker_package_selected, package: @amzn/stencil-react-components} @ https://stores-designer.harmony.a2z.com/assets/utils-BPBUpZd6.js:14
[ 2937067ms] [LOG] trackMetric: ux.user.action 1 {action: ds_project_create_confirmed, package: @amzn/stencil-react-components, version: 4.13.3} @ https://stores-designer.harmony.a2z.com/assets/utils-BPBUpZd6.js:14
[ 2937777ms] [LOG] trackMetric: ux.user.action 1 {action: project_created, template: blank} @ https://stores-designer.harmony.a2z.com/assets/utils-BPBUpZd6.js:14
[ 2937796ms] [ERROR] Failed to load resource: net::ERR_BLOCKED_BY_CLIENT @ https://unagi-na.amazon.com/1/events/com.amazon.eel.katal.metrics.core.nexus:0
[ 2938449ms] [LOG] Currently configured to use Space stages: {"domain":"harmony.a2z.com","stage":"prod","spaceId":"harmony","mode":"multi-app-subdomain"} @ https://stores-designer.harmony.a2z.com/navigation/harmony-navbar.js:53
[ 2938658ms] [LOG] AUI Debug: Reapplying overrides after page change @ chrome-extension://dcfoehjpoialdhneckhclkljejggicle/scripts.js:54
[ 2939660ms] [ERROR] Failed to load resource: net::ERR_BLOCKED_BY_CLIENT @ https://unagi-na.amazon.com/1/events/com.amazon.eel.katal.metrics.core.nexus:0
[ 2940300ms] [ERROR] Failed to load resource: net::ERR_BLOCKED_BY_CLIENT @ https://unagi-na.amazon.com/1/events/com.amazon.eel.katal.metrics.core.nexus:0
[ 2944448ms] [LOG] [useOpenCode:bootProject] Starting boot for project: 8c4d33ce-61fb-4150-86ae-a982be47e47e template: blank @ https://stores-designer.harmony.a2z.com/assets/project-layout-NrWtJUaV.js:1
[ 2944472ms] [LOG] [useOpenCode:bootProject] Starting boot for project: 8c4d33ce-61fb-4150-86ae-a982be47e47e template: blank @ https://stores-designer.harmony.a2z.com/assets/project-layout-NrWtJUaV.js:1
[ 2944473ms] [LOG] [useOpenCode:bootProject] Skipping - boot already in progress for this project (ref check) @ https://stores-designer.harmony.a2z.com/assets/project-layout-NrWtJUaV.js:1
[ 2944680ms] [ERROR] Access to fetch at 'https://env-a4c8b2b963764c0db98d0c8f4421ad4d.mde.prod.design-assistant.sdt.amazon.dev/__frame_ready__' from origin 'https://stores-designer.harmony.a2z.com' has been blocked by CORS policy: No 'Access-Control-Allow-Origin' header is present on the requested resource. @ https://stores-designer.harmony.a2z.com/projects/8c4d33ce-61fb-4150-86ae-a982be47e47e?template=blank&dsPackage=%40amzn%2Fstencil-react-components&dsVersion=4.13.3&new=true:0
[ 2944681ms] [ERROR] Failed to load resource: net::ERR_FAILED @ https://env-a4c8b2b963764c0db98d0c8f4421ad4d.mde.prod.design-assistant.sdt.amazon.dev/__frame_ready__:0
[ 2944689ms] [LOG] trackMetric: page.error 1 {errorName: frame.ready.check.failed, error: frame_ready responded undefined} @ https://stores-designer.harmony.a2z.com/assets/utils-BPBUpZd6.js:14
[ 2944799ms] [LOG] [opencode] → GET /session projectId: 8c4d33ce-61fb-4150-86ae-a982be47e47e correlationId: r_1784226398595_1 @ https://stores-designer.harmony.a2z.com/assets/index-ZHSC2mrQ.js:8
[ 2944801ms] [LOG] [opencode] → GET /session/status projectId: 8c4d33ce-61fb-4150-86ae-a982be47e47e correlationId: r_1784226398600_2 @ https://stores-designer.harmony.a2z.com/assets/index-ZHSC2mrQ.js:8
[ 2944829ms] [ERROR] Failed to load resource: net::ERR_BLOCKED_BY_CLIENT @ https://unagi-na.amazon.com/1/events/com.amazon.eel.katal.metrics.core.nexus:0
[ 2944850ms] [INFO] [SdRpc] Starting iframe relay for project: 8c4d33ce-61fb-4150-86ae-a982be47e47e @ https://stores-designer.harmony.a2z.com/assets/project-layout-NrWtJUaV.js:6
[ 2948802ms] [LOG] trackMetric: ai.error 1 {errorName: response.empty, error: Empty response body from /session/status} @ https://stores-designer.harmony.a2z.com/assets/utils-BPBUpZd6.js:14
[ 2948805ms] [LOG] trackMetric: ai.request 1 {route: /session/status, method: GET, projectId: 8c4d33ce-61fb-4150-86ae-a982be47e47e, correlationId: r_1784226398600_2, outcome: error} @ https://stores-designer.harmony.a2z.com/assets/utils-BPBUpZd6.js:14
[ 2948807ms] [LOG] trackMetric: ai.error 1 {errorName: response.empty, error: Empty response body from /session} @ https://stores-designer.harmony.a2z.com/assets/utils-BPBUpZd6.js:14
[ 2948807ms] [LOG] trackMetric: ai.request 1 {route: /session, method: GET, projectId: 8c4d33ce-61fb-4150-86ae-a982be47e47e, correlationId: r_1784226398595_1, outcome: error} @ https://stores-designer.harmony.a2z.com/assets/utils-BPBUpZd6.js:14
[ 2948812ms] [LOG] trackMetric: runtime.error 1 {errorName: boot.failed, error: Empty response body from /session (attempt 1/3)} @ https://stores-designer.harmony.a2z.com/assets/utils-BPBUpZd6.js:14
[ 2948814ms] [WARNING] [useOpenCode] Boot failed (attempt 1/3), retrying in 2000ms: Error: Empty response body from /session
    at nl.request (https://stores-designer.harmony.a2z.com/assets/index-ZHSC2mrQ.js:9:1881)
    at async Promise.all (index 0)
    at async https://stores-designer.harmony.a2z.com/assets/project-layout-NrWtJUaV.js:2:30828 @ https://stores-designer.harmony.a2z.com/assets/project-layout-NrWtJUaV.js:1
[ 2948817ms] [ERROR] Failed to load resource: net::ERR_BLOCKED_BY_CLIENT @ https://unagi-na.amazon.com/1/events/com.amazon.eel.katal.metrics.core.nexus:0
[ 2948825ms] [ERROR] Failed to load resource: net::ERR_BLOCKED_BY_CLIENT @ https://unagi-na.amazon.com/1/events/com.amazon.eel.katal.metrics.core.nexus:0
[ 2949657ms] [ERROR] Failed to load resource: net::ERR_BLOCKED_BY_CLIENT @ https://unagi-na.amazon.com/1/events/com.amazon.eel.katal.metrics.core.nexus:0
[ 2950819ms] [LOG] [useOpenCode:bootProject] Starting boot for project: 8c4d33ce-61fb-4150-86ae-a982be47e47e template: blank @ https://stores-designer.harmony.a2z.com/assets/project-layout-NrWtJUaV.js:1
[ 2950836ms] [LOG] [opencode] → GET /session projectId: 8c4d33ce-61fb-4150-86ae-a982be47e47e correlationId: r_1784226404980_3 @ https://stores-designer.harmony.a2z.com/assets/index-ZHSC2mrQ.js:8
[ 2950842ms] [LOG] [opencode] → GET /session/status projectId: 8c4d33ce-61fb-4150-86ae-a982be47e47e correlationId: r_1784226404980_4 @ https://stores-designer.harmony.a2z.com/assets/index-ZHSC2mrQ.js:8
[ 2951923ms] [LOG] trackMetric: ai.error 1 {errorName: response.empty, error: Empty response body from /session} @ https://stores-designer.harmony.a2z.com/assets/utils-BPBUpZd6.js:14
[ 2951929ms] [LOG] trackMetric: ai.request 1 {route: /session, method: GET, projectId: 8c4d33ce-61fb-4150-86ae-a982be47e47e, correlationId: r_1784226404980_3, outcome: error} @ https://stores-designer.harmony.a2z.com/assets/utils-BPBUpZd6.js:14
[ 2951936ms] [LOG] trackMetric: ai.error 1 {errorName: response.empty, error: Empty response body from /session/status} @ https://stores-designer.harmony.a2z.com/assets/utils-BPBUpZd6.js:14
[ 2951939ms] [LOG] trackMetric: ai.request 1 {route: /session/status, method: GET, projectId: 8c4d33ce-61fb-4150-86ae-a982be47e47e, correlationId: r_1784226404980_4, outcome: error} @ https://stores-designer.harmony.a2z.com/assets/utils-BPBUpZd6.js:14
[ 2951947ms] [LOG] trackMetric: runtime.error 1 {errorName: boot.failed, error: Empty response body from /session (attempt 2/3)} @ https://stores-designer.harmony.a2z.com/assets/utils-BPBUpZd6.js:14
[ 2951954ms] [WARNING] [useOpenCode] Boot failed (attempt 2/3), retrying in 4000ms: Error: Empty response body from /session
    at nl.request (https://stores-designer.harmony.a2z.com/assets/index-ZHSC2mrQ.js:9:1881)
    at async Promise.all (index 0)
    at async Object.current (https://stores-designer.harmony.a2z.com/assets/project-layout-NrWtJUaV.js:2:30828) @ https://stores-designer.harmony.a2z.com/assets/project-layout-NrWtJUaV.js:1
[ 2954847ms] [ERROR] Failed to load resource: net::ERR_BLOCKED_BY_CLIENT @ https://unagi-na.amazon.com/1/events/com.amazon.eel.katal.metrics.core.nexus:0
[ 2955076ms] [LOG] trackMetric: ui.error 1 {errorName: versions.list.failed, error: Failed to execute 'json' on 'Response': Unexpected end of JSON input} @ https://stores-designer.harmony.a2z.com/assets/utils-BPBUpZd6.js:14
[ 2955953ms] [LOG] [useOpenCode:bootProject] Starting boot for project: 8c4d33ce-61fb-4150-86ae-a982be47e47e template: blank @ https://stores-designer.harmony.a2z.com/assets/project-layout-NrWtJUaV.js:1
[ 2955961ms] [LOG] [opencode] → GET /session projectId: 8c4d33ce-61fb-4150-86ae-a982be47e47e correlationId: r_1784226410105_5 @ https://stores-designer.harmony.a2z.com/assets/index-ZHSC2mrQ.js:8
[ 2955968ms] [LOG] [opencode] → GET /session/status projectId: 8c4d33ce-61fb-4150-86ae-a982be47e47e correlationId: r_1784226410106_6 @ https://stores-designer.harmony.a2z.com/assets/index-ZHSC2mrQ.js:8
[ 2958806ms] [ERROR] Failed to load resource: net::ERR_BLOCKED_BY_CLIENT @ https://unagi-na.amazon.com/1/events/com.amazon.eel.katal.metrics.core.nexus:0
[ 2959901ms] [LOG] trackMetric: ai.error 1 {errorName: response.empty, error: Empty response body from /session} @ https://stores-designer.harmony.a2z.com/assets/utils-BPBUpZd6.js:14
[ 2959903ms] [LOG] trackMetric: ai.request 1 {route: /session, method: GET, projectId: 8c4d33ce-61fb-4150-86ae-a982be47e47e, correlationId: r_1784226410105_5, outcome: error} @ https://stores-designer.harmony.a2z.com/assets/utils-BPBUpZd6.js:14
[ 2959909ms] [LOG] trackMetric: ai.error 1 {errorName: response.empty, error: Empty response body from /session/status} @ https://stores-designer.harmony.a2z.com/assets/utils-BPBUpZd6.js:14
[ 2959911ms] [LOG] trackMetric: ai.request 1 {route: /session/status, method: GET, projectId: 8c4d33ce-61fb-4150-86ae-a982be47e47e, correlationId: r_1784226410106_6, outcome: error} @ https://stores-designer.harmony.a2z.com/assets/utils-BPBUpZd6.js:14
[ 2959917ms] [LOG] trackMetric: runtime.error 1 {errorName: boot.failed, error: Empty response body from /session (attempt 3/3)} @ https://stores-designer.harmony.a2z.com/assets/utils-BPBUpZd6.js:14
[ 2959920ms] [ERROR] [useOpenCode] Boot failed after 3 attempts: Error: Empty response body from /session
    at nl.request (https://stores-designer.harmony.a2z.com/assets/index-ZHSC2mrQ.js:9:1881)
    at async Promise.all (index 0)
    at async Object.current (https://stores-designer.harmony.a2z.com/assets/project-layout-NrWtJUaV.js:2:30828) @ https://stores-designer.harmony.a2z.com/assets/project-layout-NrWtJUaV.js:1
[ 2959944ms] [LOG] [useOpenCode:bootProject] Starting boot for project: 8c4d33ce-61fb-4150-86ae-a982be47e47e template: blank @ https://stores-designer.harmony.a2z.com/assets/project-layout-NrWtJUaV.js:1
[ 2959944ms] [LOG] [useOpenCode:bootProject] Skipping - max retries reached: 3 @ https://stores-designer.harmony.a2z.com/assets/project-layout-NrWtJUaV.js:1
[ 2961910ms] [ERROR] Failed to load resource: net::ERR_BLOCKED_BY_CLIENT @ https://unagi-na.amazon.com/1/events/com.amazon.eel.katal.metrics.core.nexus:0
[ 3040908ms] [LOG] Currently configured to use Space stages: {"domain":"harmony.a2z.com","stage":"prod","spaceId":"harmony","mode":"multi-app-subdomain"} @ https://stores-designer.harmony.a2z.com/navigation/harmony-navbar.js:53
[ 3041307ms] [LOG] AUI Debug: Reapplying overrides after page change @ chrome-extension://dcfoehjpoialdhneckhclkljejggicle/scripts.js:54
[ 3041433ms] [LOG] AUI Debug: Reapplying overrides after page change @ chrome-extension://dcfoehjpoialdhneckhclkljejggicle/scripts.js:54
[ 3042508ms] [ERROR] Failed to load resource: net::ERR_BLOCKED_BY_CLIENT @ https://unagi-na.amazon.com/1/events/com.amazon.eel.katal.metrics.core.nexus:0
[ 3042835ms] [ERROR] Failed to load resource: net::ERR_BLOCKED_BY_CLIENT @ https://unagi-na.amazon.com/1/events/com.amazon.eel.katal.metrics.core.nexus:0
[ 3047693ms] [ERROR] Failed to load resource: net::ERR_BLOCKED_BY_CLIENT @ https://unagi-na.amazon.com/1/events/com.amazon.eel.katal.metrics.core.nexus:0
[ 3047951ms] [LOG] [useOpenCode:bootProject] Starting boot for project: 8c4d33ce-61fb-4150-86ae-a982be47e47e template: blank @ https://stores-designer.harmony.a2z.com/assets/project-layout-NrWtJUaV.js:1
[ 3048009ms] [LOG] [useOpenCode:bootProject] Starting boot for project: 8c4d33ce-61fb-4150-86ae-a982be47e47e template: blank @ https://stores-designer.harmony.a2z.com/assets/project-layout-NrWtJUaV.js:1
[ 3048014ms] [LOG] [useOpenCode:bootProject] Skipping - boot already in progress for this project (ref check) @ https://stores-designer.harmony.a2z.com/assets/project-layout-NrWtJUaV.js:1
[ 3048017ms] [INFO] [SdRpc] Starting iframe relay for project: 8c4d33ce-61fb-4150-86ae-a982be47e47e @ https://stores-designer.harmony.a2z.com/assets/project-layout-NrWtJUaV.js:6
[ 3048236ms] [ERROR] Access to fetch at 'https://env-116e85bd2b724bb7b3e69101115643f7.mde.prod.design-assistant.sdt.amazon.dev/__frame_ready__' from origin 'https://stores-designer.harmony.a2z.com' has been blocked by CORS policy: No 'Access-Control-Allow-Origin' header is present on the requested resource. @ https://stores-designer.harmony.a2z.com/projects/8c4d33ce-61fb-4150-86ae-a982be47e47e?template=blank&dsPackage=%40amzn%2Fstencil-react-components&dsVersion=4.13.3&new=true:0
[ 3048236ms] [ERROR] Failed to load resource: net::ERR_FAILED @ https://env-116e85bd2b724bb7b3e69101115643f7.mde.prod.design-assistant.sdt.amazon.dev/__frame_ready__:0
[ 3048274ms] [LOG] trackMetric: page.error 1 {errorName: frame.ready.check.failed, error: frame_ready responded undefined} @ https://stores-designer.harmony.a2z.com/assets/utils-BPBUpZd6.js:14
[ 3048353ms] [LOG] [opencode] → GET /session projectId: 8c4d33ce-61fb-4150-86ae-a982be47e47e correlationId: r_1784226502104_1 @ https://stores-designer.harmony.a2z.com/assets/index-ZHSC2mrQ.js:8
[ 3048360ms] [LOG] [opencode] → GET /session/status projectId: 8c4d33ce-61fb-4150-86ae-a982be47e47e correlationId: r_1784226502111_2 @ https://stores-designer.harmony.a2z.com/assets/index-ZHSC2mrQ.js:8
[ 3051623ms] [ERROR] Failed to load resource: net::ERR_BLOCKED_BY_CLIENT @ https://unagi-na.amazon.com/1/events/com.amazon.eel.katal.metrics.core.nexus:0
[ 3052181ms] [LOG] trackMetric: ai.error 1 {errorName: response.empty, error: Empty response body from /session} @ https://stores-designer.harmony.a2z.com/assets/utils-BPBUpZd6.js:14
[ 3052185ms] [LOG] trackMetric: ai.request 1 {route: /session, method: GET, projectId: 8c4d33ce-61fb-4150-86ae-a982be47e47e, correlationId: r_1784226502104_1, outcome: error} @ https://stores-designer.harmony.a2z.com/assets/utils-BPBUpZd6.js:14
[ 3052193ms] [LOG] trackMetric: ai.error 1 {errorName: response.empty, error: Empty response body from /session/status} @ https://stores-designer.harmony.a2z.com/assets/utils-BPBUpZd6.js:14
[ 3052199ms] [LOG] trackMetric: ai.request 1 {route: /session/status, method: GET, projectId: 8c4d33ce-61fb-4150-86ae-a982be47e47e, correlationId: r_1784226502111_2, outcome: error} @ https://stores-designer.harmony.a2z.com/assets/utils-BPBUpZd6.js:14
[ 3052228ms] [LOG] trackMetric: runtime.error 1 {errorName: boot.failed, error: Empty response body from /session (attempt 1/3)} @ https://stores-designer.harmony.a2z.com/assets/utils-BPBUpZd6.js:14
[ 3052233ms] [WARNING] [useOpenCode] Boot failed (attempt 1/3), retrying in 2000ms: Error: Empty response body from /session
    at nl.request (https://stores-designer.harmony.a2z.com/assets/index-ZHSC2mrQ.js:9:1881)
    at async Promise.all (index 0)
    at async https://stores-designer.harmony.a2z.com/assets/project-layout-NrWtJUaV.js:2:30828 @ https://stores-designer.harmony.a2z.com/assets/project-layout-NrWtJUaV.js:1
[ 3052234ms] [ERROR] Failed to load resource: net::ERR_BLOCKED_BY_CLIENT @ https://unagi-na.amazon.com/1/events/com.amazon.eel.katal.metrics.core.nexus:0
[ 3052509ms] [ERROR] Failed to load resource: net::ERR_BLOCKED_BY_CLIENT @ https://unagi-na.amazon.com/1/events/com.amazon.eel.katal.metrics.core.nexus:0
[ 3054235ms] [LOG] [useOpenCode:bootProject] Starting boot for project: 8c4d33ce-61fb-4150-86ae-a982be47e47e template: blank @ https://stores-designer.harmony.a2z.com/assets/project-layout-NrWtJUaV.js:1
[ 3054236ms] [LOG] [opencode] → GET /session projectId: 8c4d33ce-61fb-4150-86ae-a982be47e47e correlationId: r_1784226508380_3 @ https://stores-designer.harmony.a2z.com/assets/index-ZHSC2mrQ.js:8
[ 3054236ms] [LOG] [opencode] → GET /session/status projectId: 8c4d33ce-61fb-4150-86ae-a982be47e47e correlationId: r_1784226508380_4 @ https://stores-designer.harmony.a2z.com/assets/index-ZHSC2mrQ.js:8
[ 3055354ms] [LOG] trackMetric: ai.error 1 {errorName: response.empty, error: Empty response body from /session/status} @ https://stores-designer.harmony.a2z.com/assets/utils-BPBUpZd6.js:14
[ 3055379ms] [LOG] trackMetric: ai.request 1 {route: /session/status, method: GET, projectId: 8c4d33ce-61fb-4150-86ae-a982be47e47e, correlationId: r_1784226508380_4, outcome: error} @ https://stores-designer.harmony.a2z.com/assets/utils-BPBUpZd6.js:14
[ 3055386ms] [LOG] trackMetric: ai.error 1 {errorName: response.empty, error: Empty response body from /session} @ https://stores-designer.harmony.a2z.com/assets/utils-BPBUpZd6.js:14
[ 3055390ms] [LOG] trackMetric: ai.request 1 {route: /session, method: GET, projectId: 8c4d33ce-61fb-4150-86ae-a982be47e47e, correlationId: r_1784226508380_3, outcome: error} @ https://stores-designer.harmony.a2z.com/assets/utils-BPBUpZd6.js:14
[ 3055393ms] [LOG] trackMetric: runtime.error 1 {errorName: boot.failed, error: Empty response body from /session (attempt 2/3)} @ https://stores-designer.harmony.a2z.com/assets/utils-BPBUpZd6.js:14
[ 3055395ms] [WARNING] [useOpenCode] Boot failed (attempt 2/3), retrying in 4000ms: Error: Empty response body from /session
    at nl.request (https://stores-designer.harmony.a2z.com/assets/index-ZHSC2mrQ.js:9:1881)
    at async Promise.all (index 0)
    at async Object.current (https://stores-designer.harmony.a2z.com/assets/project-layout-NrWtJUaV.js:2:30828) @ https://stores-designer.harmony.a2z.com/assets/project-layout-NrWtJUaV.js:1
[ 3057696ms] [ERROR] Failed to load resource: net::ERR_BLOCKED_BY_CLIENT @ https://unagi-na.amazon.com/1/events/com.amazon.eel.katal.metrics.core.nexus:0
[ 3058432ms] [LOG] trackMetric: ui.error 1 {errorName: versions.list.failed, error: Failed to execute 'json' on 'Response': Unexpected end of JSON input} @ https://stores-designer.harmony.a2z.com/assets/utils-BPBUpZd6.js:14
[ 3059398ms] [LOG] [useOpenCode:bootProject] Starting boot for project: 8c4d33ce-61fb-4150-86ae-a982be47e47e template: blank @ https://stores-designer.harmony.a2z.com/assets/project-layout-NrWtJUaV.js:1
[ 3059399ms] [LOG] [opencode] → GET /session projectId: 8c4d33ce-61fb-4150-86ae-a982be47e47e correlationId: r_1784226513543_5 @ https://stores-designer.harmony.a2z.com/assets/index-ZHSC2mrQ.js:8
[ 3059399ms] [LOG] [opencode] → GET /session/status projectId: 8c4d33ce-61fb-4150-86ae-a982be47e47e correlationId: r_1784226513543_6 @ https://stores-designer.harmony.a2z.com/assets/index-ZHSC2mrQ.js:8
[ 3061631ms] [ERROR] Failed to load resource: net::ERR_BLOCKED_BY_CLIENT @ https://unagi-na.amazon.com/1/events/com.amazon.eel.katal.metrics.core.nexus:0
[ 3063223ms] [LOG] trackMetric: ai.error 1 {errorName: response.empty, error: Empty response body from /session} @ https://stores-designer.harmony.a2z.com/assets/utils-BPBUpZd6.js:14
[ 3063237ms] [LOG] trackMetric: ai.request 1 {route: /session, method: GET, projectId: 8c4d33ce-61fb-4150-86ae-a982be47e47e, correlationId: r_1784226513543_5, outcome: error} @ https://stores-designer.harmony.a2z.com/assets/utils-BPBUpZd6.js:14
[ 3063247ms] [LOG] trackMetric: ai.error 1 {errorName: response.empty, error: Empty response body from /session/status} @ https://stores-designer.harmony.a2z.com/assets/utils-BPBUpZd6.js:14
[ 3063250ms] [LOG] trackMetric: ai.request 1 {route: /session/status, method: GET, projectId: 8c4d33ce-61fb-4150-86ae-a982be47e47e, correlationId: r_1784226513543_6, outcome: error} @ https://stores-designer.harmony.a2z.com/assets/utils-BPBUpZd6.js:14
[ 3063278ms] [LOG] trackMetric: runtime.error 1 {errorName: boot.failed, error: Empty response body from /session (attempt 3/3)} @ https://stores-designer.harmony.a2z.com/assets/utils-BPBUpZd6.js:14
[ 3063283ms] [ERROR] [useOpenCode] Boot failed after 3 attempts: Error: Empty response body from /session
    at nl.request (https://stores-designer.harmony.a2z.com/assets/index-ZHSC2mrQ.js:9:1881)
    at async Promise.all (index 0)
    at async Object.current (https://stores-designer.harmony.a2z.com/assets/project-layout-NrWtJUaV.js:2:30828) @ https://stores-designer.harmony.a2z.com/assets/project-layout-NrWtJUaV.js:1
[ 3063326ms] [LOG] [useOpenCode:bootProject] Starting boot for project: 8c4d33ce-61fb-4150-86ae-a982be47e47e template: blank @ https://stores-designer.harmony.a2z.com/assets/project-layout-NrWtJUaV.js:1
[ 3063326ms] [LOG] [useOpenCode:bootProject] Skipping - max retries reached: 3 @ https://stores-designer.harmony.a2z.com/assets/project-layout-NrWtJUaV.js:1
[ 3065316ms] [ERROR] Failed to load resource: net::ERR_BLOCKED_BY_CLIENT @ https://unagi-na.amazon.com/1/events/com.amazon.eel.katal.metrics.core.nexus:0
[ 3324258ms] [LOG] Currently configured to use Space stages: {"domain":"harmony.a2z.com","stage":"prod","spaceId":"harmony","mode":"multi-app-subdomain"} @ https://stores-designer.harmony.a2z.com/navigation/harmony-navbar.js:53
[ 3324662ms] [LOG] AUI Debug: Reapplying overrides after page change @ chrome-extension://dcfoehjpoialdhneckhclkljejggicle/scripts.js:54
[ 3325789ms] [ERROR] Failed to load resource: net::ERR_BLOCKED_BY_CLIENT @ https://unagi-na.amazon.com/1/events/com.amazon.eel.katal.metrics.core.nexus:0
[ 3334822ms] [ERROR] Failed to load resource: net::ERR_BLOCKED_BY_CLIENT @ https://unagi-na.amazon.com/1/events/com.amazon.eel.katal.metrics.core.nexus:0
[ 3335785ms] [ERROR] Failed to load resource: net::ERR_BLOCKED_BY_CLIENT @ https://unagi-na.amazon.com/1/events/com.amazon.eel.katal.metrics.core.nexus:0
[ 3403955ms] [ERROR] Failed to load resource: net::ERR_BLOCKED_BY_CLIENT @ https://unagi-na.amazon.com/1/events/com.amazon.eel.katal.metrics.core.nexus:0
[ 3405759ms] [LOG] trackMetric: ux.user.action 1 {action: ds_picker_package_selected, package: @cloudscape-design/components} @ https://stores-designer.harmony.a2z.com/assets/utils-BPBUpZd6.js:14
[ 3405760ms] [LOG] trackMetric: ux.user.action 1 {action: ds_picker_package_selected, package: @cloudscape-design/components} @ https://stores-designer.harmony.a2z.com/assets/utils-BPBUpZd6.js:14
[ 3411479ms] [LOG] trackMetric: ux.user.action 1 {action: ds_project_create_confirmed, package: @cloudscape-design/components, version: 3.0.1328} @ https://stores-designer.harmony.a2z.com/assets/utils-BPBUpZd6.js:14
[ 3411851ms] [LOG] trackMetric: ux.user.action 1 {action: project_created, template: blank} @ https://stores-designer.harmony.a2z.com/assets/utils-BPBUpZd6.js:14
[ 3411874ms] [ERROR] Failed to load resource: net::ERR_BLOCKED_BY_CLIENT @ https://unagi-na.amazon.com/1/events/com.amazon.eel.katal.metrics.core.nexus:0
[ 3412857ms] [LOG] Currently configured to use Space stages: {"domain":"harmony.a2z.com","stage":"prod","spaceId":"harmony","mode":"multi-app-subdomain"} @ https://stores-designer.harmony.a2z.com/navigation/harmony-navbar.js:53
[ 3413078ms] [LOG] AUI Debug: Reapplying overrides after page change @ chrome-extension://dcfoehjpoialdhneckhclkljejggicle/scripts.js:54
[ 3413955ms] [ERROR] Failed to load resource: net::ERR_BLOCKED_BY_CLIENT @ https://unagi-na.amazon.com/1/events/com.amazon.eel.katal.metrics.core.nexus:0
[ 3414004ms] [ERROR] Failed to load resource: net::ERR_BLOCKED_BY_CLIENT @ https://unagi-na.amazon.com/1/events/com.amazon.eel.katal.metrics.core.nexus:0
[ 3418016ms] [LOG] [useOpenCode:bootProject] Starting boot for project: fb1cfa13-fada-4804-a867-2f74cc717206 template: blank @ https://stores-designer.harmony.a2z.com/assets/project-layout-NrWtJUaV.js:1
[ 3418035ms] [LOG] [useOpenCode:bootProject] Starting boot for project: fb1cfa13-fada-4804-a867-2f74cc717206 template: blank @ https://stores-designer.harmony.a2z.com/assets/project-layout-NrWtJUaV.js:1
[ 3418037ms] [LOG] [useOpenCode:bootProject] Skipping - boot already in progress for this project (ref check) @ https://stores-designer.harmony.a2z.com/assets/project-layout-NrWtJUaV.js:1
[ 3418260ms] [ERROR] Access to fetch at 'https://env-f332e4cba4274f2082ee194aa0d70336.mde.prod.design-assistant.sdt.amazon.dev/__frame_ready__' from origin 'https://stores-designer.harmony.a2z.com' has been blocked by CORS policy: No 'Access-Control-Allow-Origin' header is present on the requested resource. @ https://stores-designer.harmony.a2z.com/projects/fb1cfa13-fada-4804-a867-2f74cc717206?template=blank&dsPackage=%40cloudscape-design%2Fcomponents&dsVersion=3.0.1328&new=true:0
[ 3418261ms] [ERROR] Failed to load resource: net::ERR_FAILED @ https://env-f332e4cba4274f2082ee194aa0d70336.mde.prod.design-assistant.sdt.amazon.dev/__frame_ready__:0
[ 3418263ms] [LOG] trackMetric: page.error 1 {errorName: frame.ready.check.failed, error: frame_ready responded undefined} @ https://stores-designer.harmony.a2z.com/assets/utils-BPBUpZd6.js:14
[ 3418359ms] [LOG] [opencode] → GET /session projectId: fb1cfa13-fada-4804-a867-2f74cc717206 correlationId: r_1784226872162_1 @ https://stores-designer.harmony.a2z.com/assets/index-ZHSC2mrQ.js:8
[ 3418364ms] [LOG] [opencode] → GET /session/status projectId: fb1cfa13-fada-4804-a867-2f74cc717206 correlationId: r_1784226872165_2 @ https://stores-designer.harmony.a2z.com/assets/index-ZHSC2mrQ.js:8
[ 3418437ms] [INFO] [SdRpc] Starting iframe relay for project: fb1cfa13-fada-4804-a867-2f74cc717206 @ https://stores-designer.harmony.a2z.com/assets/project-layout-NrWtJUaV.js:6
[ 3418739ms] [ERROR] Failed to load resource: net::ERR_BLOCKED_BY_CLIENT @ https://unagi-na.amazon.com/1/events/com.amazon.eel.katal.metrics.core.nexus:0
[ 3423002ms] [LOG] trackMetric: ai.error 1 {errorName: response.empty, error: Empty response body from /session} @ https://stores-designer.harmony.a2z.com/assets/utils-BPBUpZd6.js:14
[ 3423006ms] [LOG] trackMetric: ai.request 1 {route: /session, method: GET, projectId: fb1cfa13-fada-4804-a867-2f74cc717206, correlationId: r_1784226872162_1, outcome: error} @ https://stores-designer.harmony.a2z.com/assets/utils-BPBUpZd6.js:14
[ 3423018ms] [LOG] trackMetric: ai.error 1 {errorName: response.empty, error: Empty response body from /session/status} @ https://stores-designer.harmony.a2z.com/assets/utils-BPBUpZd6.js:14
[ 3423026ms] [LOG] trackMetric: ai.request 1 {route: /session/status, method: GET, projectId: fb1cfa13-fada-4804-a867-2f74cc717206, correlationId: r_1784226872165_2, outcome: error} @ https://stores-designer.harmony.a2z.com/assets/utils-BPBUpZd6.js:14
[ 3423041ms] [LOG] trackMetric: runtime.error 1 {errorName: boot.failed, error: Empty response body from /session (attempt 1/3)} @ https://stores-designer.harmony.a2z.com/assets/utils-BPBUpZd6.js:14
[ 3423044ms] [WARNING] [useOpenCode] Boot failed (attempt 1/3), retrying in 2000ms: Error: Empty response body from /session
    at nl.request (https://stores-designer.harmony.a2z.com/assets/index-ZHSC2mrQ.js:9:1881)
    at async Promise.all (index 0)
    at async https://stores-designer.harmony.a2z.com/assets/project-layout-NrWtJUaV.js:2:30828 @ https://stores-designer.harmony.a2z.com/assets/project-layout-NrWtJUaV.js:1
[ 3423045ms] [ERROR] Failed to load resource: net::ERR_BLOCKED_BY_CLIENT @ https://unagi-na.amazon.com/1/events/com.amazon.eel.katal.metrics.core.nexus:0
[ 3423109ms] [ERROR] Failed to load resource: net::ERR_BLOCKED_BY_CLIENT @ https://unagi-na.amazon.com/1/events/com.amazon.eel.katal.metrics.core.nexus:0
[ 3423951ms] [ERROR] Failed to load resource: net::ERR_BLOCKED_BY_CLIENT @ https://unagi-na.amazon.com/1/events/com.amazon.eel.katal.metrics.core.nexus:0
[ 3425046ms] [LOG] [useOpenCode:bootProject] Starting boot for project: fb1cfa13-fada-4804-a867-2f74cc717206 template: blank @ https://stores-designer.harmony.a2z.com/assets/project-layout-NrWtJUaV.js:1
[ 3425046ms] [LOG] [opencode] → GET /session projectId: fb1cfa13-fada-4804-a867-2f74cc717206 correlationId: r_1784226879191_3 @ https://stores-designer.harmony.a2z.com/assets/index-ZHSC2mrQ.js:8
[ 3425047ms] [LOG] [opencode] → GET /session/status projectId: fb1cfa13-fada-4804-a867-2f74cc717206 correlationId: r_1784226879191_4 @ https://stores-designer.harmony.a2z.com/assets/index-ZHSC2mrQ.js:8
[ 3426114ms] [LOG] trackMetric: ai.error 1 {errorName: response.empty, error: Empty response body from /session/status} @ https://stores-designer.harmony.a2z.com/assets/utils-BPBUpZd6.js:14
[ 3426145ms] [LOG] trackMetric: ai.request 1 {route: /session/status, method: GET, projectId: fb1cfa13-fada-4804-a867-2f74cc717206, correlationId: r_1784226879191_4, outcome: error} @ https://stores-designer.harmony.a2z.com/assets/utils-BPBUpZd6.js:14
[ 3426187ms] [LOG] trackMetric: ai.error 1 {errorName: response.empty, error: Empty response body from /session} @ https://stores-designer.harmony.a2z.com/assets/utils-BPBUpZd6.js:14
[ 3426196ms] [LOG] trackMetric: ai.request 1 {route: /session, method: GET, projectId: fb1cfa13-fada-4804-a867-2f74cc717206, correlationId: r_1784226879191_3, outcome: error} @ https://stores-designer.harmony.a2z.com/assets/utils-BPBUpZd6.js:14
[ 3426211ms] [LOG] trackMetric: runtime.error 1 {errorName: boot.failed, error: Empty response body from /session (attempt 2/3)} @ https://stores-designer.harmony.a2z.com/assets/utils-BPBUpZd6.js:14
[ 3426222ms] [WARNING] [useOpenCode] Boot failed (attempt 2/3), retrying in 4000ms: Error: Empty response body from /session
    at nl.request (https://stores-designer.harmony.a2z.com/assets/index-ZHSC2mrQ.js:9:1881)
    at async Promise.all (index 0)
    at async Object.current (https://stores-designer.harmony.a2z.com/assets/project-layout-NrWtJUaV.js:2:30828) @ https://stores-designer.harmony.a2z.com/assets/project-layout-NrWtJUaV.js:1
[ 3429568ms] [ERROR] Failed to load resource: net::ERR_BLOCKED_BY_CLIENT @ https://unagi-na.amazon.com/1/events/com.amazon.eel.katal.metrics.core.nexus:0
[ 3430548ms] [LOG] [useOpenCode:bootProject] Starting boot for project: fb1cfa13-fada-4804-a867-2f74cc717206 template: blank @ https://stores-designer.harmony.a2z.com/assets/project-layout-NrWtJUaV.js:1
[ 3430549ms] [LOG] [opencode] → GET /session projectId: fb1cfa13-fada-4804-a867-2f74cc717206 correlationId: r_1784226884693_5 @ https://stores-designer.harmony.a2z.com/assets/index-ZHSC2mrQ.js:8
[ 3430549ms] [LOG] [opencode] → GET /session/status projectId: fb1cfa13-fada-4804-a867-2f74cc717206 correlationId: r_1784226884693_6 @ https://stores-designer.harmony.a2z.com/assets/index-ZHSC2mrQ.js:8
[ 3433567ms] [ERROR] Failed to load resource: net::ERR_BLOCKED_BY_CLIENT @ https://unagi-na.amazon.com/1/events/com.amazon.eel.katal.metrics.core.nexus:0
[ 3434350ms] [LOG] trackMetric: ai.error 1 {errorName: response.empty, error: Empty response body from /session/status} @ https://stores-designer.harmony.a2z.com/assets/utils-BPBUpZd6.js:14
[ 3434351ms] [LOG] trackMetric: ai.request 1 {route: /session/status, method: GET, projectId: fb1cfa13-fada-4804-a867-2f74cc717206, correlationId: r_1784226884693_6, outcome: error} @ https://stores-designer.harmony.a2z.com/assets/utils-BPBUpZd6.js:14
[ 3434358ms] [LOG] trackMetric: ai.error 1 {errorName: response.empty, error: Empty response body from /session} @ https://stores-designer.harmony.a2z.com/assets/utils-BPBUpZd6.js:14
[ 3434363ms] [LOG] trackMetric: ai.request 1 {route: /session, method: GET, projectId: fb1cfa13-fada-4804-a867-2f74cc717206, correlationId: r_1784226884693_5, outcome: error} @ https://stores-designer.harmony.a2z.com/assets/utils-BPBUpZd6.js:14
[ 3434370ms] [LOG] trackMetric: runtime.error 1 {errorName: boot.failed, error: Empty response body from /session (attempt 3/3)} @ https://stores-designer.harmony.a2z.com/assets/utils-BPBUpZd6.js:14
[ 3434376ms] [ERROR] [useOpenCode] Boot failed after 3 attempts: Error: Empty response body from /session
    at nl.request (https://stores-designer.harmony.a2z.com/assets/index-ZHSC2mrQ.js:9:1881)
    at async Promise.all (index 0)
    at async Object.current (https://stores-designer.harmony.a2z.com/assets/project-layout-NrWtJUaV.js:2:30828) @ https://stores-designer.harmony.a2z.com/assets/project-layout-NrWtJUaV.js:1
[ 3434418ms] [LOG] [useOpenCode:bootProject] Starting boot for project: fb1cfa13-fada-4804-a867-2f74cc717206 template: blank @ https://stores-designer.harmony.a2z.com/assets/project-layout-NrWtJUaV.js:1
[ 3434418ms] [LOG] [useOpenCode:bootProject] Skipping - max retries reached: 3 @ https://stores-designer.harmony.a2z.com/assets/project-layout-NrWtJUaV.js:1
[ 3436552ms] [ERROR] Failed to load resource: net::ERR_BLOCKED_BY_CLIENT @ https://unagi-na.amazon.com/1/events/com.amazon.eel.katal.metrics.core.nexus:0
[ 3612828ms] [LOG] trackMetric: ui.error 1 {errorName: versions.list.failed, error: Failed to execute 'json' on 'Response': Unexpected end of JSON input} @ https://stores-designer.harmony.a2z.com/assets/utils-BPBUpZd6.js:14
[ 3622810ms] [ERROR] Failed to load resource: net::ERR_BLOCKED_BY_CLIENT @ https://unagi-na.amazon.com/1/events/com.amazon.eel.katal.metrics.core.nexus:0
[ 3723079ms] [ERROR] Failed to load resource: net::ERR_BLOCKED_BY_CLIENT @ https://unagi-na.amazon.com/1/events/com.amazon.eel.katal.metrics.core.nexus:0
