[     -59ms] [LOG] Currently configured to use Space stages: {"domain":"harmony.a2z.com","stage":"prod","spaceId":"harmony","mode":"multi-app-subdomain"} @ https://stores-designer.harmony.a2z.com/navigation/harmony-navbar.js:53
[     160ms] [LOG] AUI Debug: Reapplying overrides after page change @ chrome-extension://dcfoehjpoialdhneckhclkljejggicle/scripts.js:54
[     261ms] [LOG] AUI Debug: Reapplying overrides after page change @ chrome-extension://dcfoehjpoialdhneckhclkljejggicle/scripts.js:54
[    1427ms] [LOG] [useOpenCode:bootProject] Starting boot for project: 892502b7-a3ee-4795-9f92-feb6225552ce template: blank @ https://stores-designer.harmony.a2z.com/assets/project-layout-NrWtJUaV.js:1
[    1432ms] [LOG] [useOpenCode:bootProject] Starting boot for project: 892502b7-a3ee-4795-9f92-feb6225552ce template: blank @ https://stores-designer.harmony.a2z.com/assets/project-layout-NrWtJUaV.js:1
[    1432ms] [LOG] [useOpenCode:bootProject] Skipping - boot already in progress for this project (ref check) @ https://stores-designer.harmony.a2z.com/assets/project-layout-NrWtJUaV.js:1
[    1433ms] [INFO] [SdRpc] Starting iframe relay for project: 892502b7-a3ee-4795-9f92-feb6225552ce @ https://stores-designer.harmony.a2z.com/assets/project-layout-NrWtJUaV.js:6
[    1562ms] [ERROR] Failed to load resource: net::ERR_BLOCKED_BY_CLIENT @ https://unagi-na.amazon.com/1/events/com.amazon.eel.katal.metrics.core.nexus:0
[    1663ms] [ERROR] Access to fetch at 'https://env-8d35a0cb7f3540759ee076620ae5d625.mde.prod.design-assistant.sdt.amazon.dev/__frame_ready__' from origin 'https://stores-designer.harmony.a2z.com' has been blocked by CORS policy: No 'Access-Control-Allow-Origin' header is present on the requested resource. @ https://stores-designer.harmony.a2z.com/projects/892502b7-a3ee-4795-9f92-feb6225552ce:0
[    1664ms] [ERROR] Failed to load resource: net::ERR_FAILED @ https://env-8d35a0cb7f3540759ee076620ae5d625.mde.prod.design-assistant.sdt.amazon.dev/__frame_ready__:0
[    1665ms] [LOG] trackMetric: page.error 1 {errorName: frame.ready.check.failed, error: frame_ready responded undefined} @ https://stores-designer.harmony.a2z.com/assets/utils-BPBUpZd6.js:14
[    1682ms] [LOG] [opencode] → GET /session projectId: 892502b7-a3ee-4795-9f92-feb6225552ce correlationId: r_1784225717615_1 @ https://stores-designer.harmony.a2z.com/assets/index-ZHSC2mrQ.js:8
[    1682ms] [LOG] [opencode] → GET /session/status projectId: 892502b7-a3ee-4795-9f92-feb6225552ce correlationId: r_1784225717616_2 @ https://stores-designer.harmony.a2z.com/assets/index-ZHSC2mrQ.js:8
[    2038ms] [ERROR] Failed to load resource: net::ERR_BLOCKED_BY_CLIENT @ https://unagi-na.amazon.com/1/events/com.amazon.eel.katal.metrics.core.nexus:0
[    2168ms] [LOG] trackMetric: ai.request 1 {route: /session, method: GET, projectId: 892502b7-a3ee-4795-9f92-feb6225552ce, correlationId: r_1784225717615_1, outcome: success} @ https://stores-designer.harmony.a2z.com/assets/utils-BPBUpZd6.js:14
[    2174ms] [LOG] [opencode] ← /session 485ms correlationId: r_1784225717615_1 @ https://stores-designer.harmony.a2z.com/assets/index-ZHSC2mrQ.js:8
[    2190ms] [LOG] trackMetric: ai.request 1 {route: /session/status, method: GET, projectId: 892502b7-a3ee-4795-9f92-feb6225552ce, correlationId: r_1784225717616_2, outcome: success} @ https://stores-designer.harmony.a2z.com/assets/utils-BPBUpZd6.js:14
[    2197ms] [LOG] [opencode] ← /session/status 503ms correlationId: r_1784225717616_2 @ https://stores-designer.harmony.a2z.com/assets/index-ZHSC2mrQ.js:8
[    2198ms] [LOG] [useOpenCode:bootProject] Found 0 existing sessions @ https://stores-designer.harmony.a2z.com/assets/project-layout-NrWtJUaV.js:1
[    2198ms] [LOG] [useOpenCode:bootProject] No sessions - creating new session @ https://stores-designer.harmony.a2z.com/assets/project-layout-NrWtJUaV.js:1
[    2210ms] [LOG] [useOpenCode:bootProject] Starting boot for project: 892502b7-a3ee-4795-9f92-feb6225552ce template: blank @ https://stores-designer.harmony.a2z.com/assets/project-layout-NrWtJUaV.js:1
[    2210ms] [LOG] [useOpenCode:bootProject] Skipping - boot already in progress for this project (ref check) @ https://stores-designer.harmony.a2z.com/assets/project-layout-NrWtJUaV.js:1
[    2210ms] [LOG] [useAutoProjectTitle] No description captured, skipping @ https://stores-designer.harmony.a2z.com/assets/project-layout-NrWtJUaV.js:37
[    2214ms] [LOG] [opencode] → POST /session projectId: 892502b7-a3ee-4795-9f92-feb6225552ce correlationId: r_1784225718386_3 @ https://stores-designer.harmony.a2z.com/assets/index-ZHSC2mrQ.js:8
[    2215ms] [LOG] [opencode] → SSE /global/event correlationId: r_1784225718397_4 @ https://stores-designer.harmony.a2z.com/assets/index-ZHSC2mrQ.js:8
[    2216ms] [LOG] [opencode] → SSE /global/event correlationId: r_1784225718397_5 @ https://stores-designer.harmony.a2z.com/assets/index-ZHSC2mrQ.js:8
[    2216ms] [LOG] [opencode] → SSE /global/event correlationId: r_1784225718397_6 @ https://stores-designer.harmony.a2z.com/assets/index-ZHSC2mrQ.js:8
[    2217ms] [LOG] [opencode] → SSE /global/event correlationId: r_1784225718400_7 @ https://stores-designer.harmony.a2z.com/assets/index-ZHSC2mrQ.js:8
[    2243ms] [ERROR] Failed to load resource: net::ERR_BLOCKED_BY_CLIENT @ https://unagi-na.amazon.com/1/events/com.amazon.eel.katal.metrics.core.nexus:0
[    2498ms] [LOG] Received authorizedReturned response from background script @ chrome-extension://bkbighdlgofgdhcjnhocalbkiehhpdei/sentryjs-api-injected.js:18
[    2498ms] [LOG] Received authorizedReturned response from background script @ chrome-extension://bkbighdlgofgdhcjnhocalbkiehhpdei/sentryjs-api-injected.js:18
[    2498ms] [LOG] Received authorizedReturned response from background script @ chrome-extension://bkbighdlgofgdhcjnhocalbkiehhpdei/sentryjs-api-injected.js:18
[    2498ms] [LOG] Received authorizedReturned response from background script @ chrome-extension://bkbighdlgofgdhcjnhocalbkiehhpdei/sentryjs-api-injected.js:18
[    2580ms] [LOG] Received authorizedReturned response from background script @ chrome-extension://bkbighdlgofgdhcjnhocalbkiehhpdei/sentryjs-api-injected.js:18
[    2659ms] [LOG] trackMetric: ai.request 1 {route: /global/event, method: SSE, projectId: 892502b7-a3ee-4795-9f92-feb6225552ce, correlationId: r_1784225718400_7, outcome: success} @ https://stores-designer.harmony.a2z.com/assets/utils-BPBUpZd6.js:14
[    2660ms] [LOG] [opencode] ← SSE connected 442ms correlationId: r_1784225718400_7 @ https://stores-designer.harmony.a2z.com/assets/index-ZHSC2mrQ.js:8
[    2712ms] [LOG] [useOpenCode] build.started frameIds: undefined @ https://stores-designer.harmony.a2z.com/assets/project-layout-NrWtJUaV.js:1
[    2729ms] [LOG] trackMetric: ai.request 1 {route: /global/event, method: SSE, projectId: 892502b7-a3ee-4795-9f92-feb6225552ce, correlationId: r_1784225718397_4, outcome: success} @ https://stores-designer.harmony.a2z.com/assets/utils-BPBUpZd6.js:14
[    2729ms] [LOG] [opencode] ← SSE connected 513ms correlationId: r_1784225718397_4 @ https://stores-designer.harmony.a2z.com/assets/index-ZHSC2mrQ.js:8
[    2742ms] [LOG] trackMetric: ai.request 1 {route: /session, method: POST, projectId: 892502b7-a3ee-4795-9f92-feb6225552ce, correlationId: r_1784225718386_3, outcome: success} @ https://stores-designer.harmony.a2z.com/assets/utils-BPBUpZd6.js:14
[    2743ms] [LOG] [opencode] ← /session 514ms correlationId: r_1784225718386_3 @ https://stores-designer.harmony.a2z.com/assets/index-ZHSC2mrQ.js:8
[    2744ms] [LOG] [useOpenCode] Runtime ready for project: 892502b7-a3ee-4795-9f92-feb6225552ce template: blank retries: 0 totalBootMs: 1317 @ https://stores-designer.harmony.a2z.com/assets/project-layout-NrWtJUaV.js:1
[    2745ms] [LOG] trackLatency: boot.duration 1317ms {projectId: 892502b7-a3ee-4795-9f92-feb6225552ce} @ https://stores-designer.harmony.a2z.com/assets/utils-BPBUpZd6.js:14
[    2755ms] [LOG] [useOpenCode:bootProject] Starting boot for project: 892502b7-a3ee-4795-9f92-feb6225552ce template: blank @ https://stores-designer.harmony.a2z.com/assets/project-layout-NrWtJUaV.js:1
[    2759ms] [LOG] [useOpenCode:bootProject] Skipping - boot already in progress for this project (ref check) @ https://stores-designer.harmony.a2z.com/assets/project-layout-NrWtJUaV.js:1
[    2763ms] [LOG] [opencode] → GET /model-info projectId: 892502b7-a3ee-4795-9f92-feb6225552ce correlationId: r_1784225718934_8 @ https://stores-designer.harmony.a2z.com/assets/index-ZHSC2mrQ.js:8
[    2764ms] [LOG] [opencode] → GET /file/content projectId: 892502b7-a3ee-4795-9f92-feb6225552ce correlationId: r_1784225718947_9 @ https://stores-designer.harmony.a2z.com/assets/index-ZHSC2mrQ.js:8
[    2768ms] [LOG] trackMetric: ai.request 1 {route: /global/event, method: SSE, projectId: 892502b7-a3ee-4795-9f92-feb6225552ce, correlationId: r_1784225718397_6, outcome: success} @ https://stores-designer.harmony.a2z.com/assets/utils-BPBUpZd6.js:14
[    2769ms] [LOG] [opencode] ← SSE connected 552ms correlationId: r_1784225718397_6 @ https://stores-designer.harmony.a2z.com/assets/index-ZHSC2mrQ.js:8
[    2771ms] [ERROR] Failed to load resource: net::ERR_BLOCKED_BY_CLIENT @ https://unagi-na.amazon.com/1/events/com.amazon.eel.katal.metrics.core.nexus:0
[    2777ms] [LOG] trackMetric: ai.request 1 {route: /global/event, method: SSE, projectId: 892502b7-a3ee-4795-9f92-feb6225552ce, correlationId: r_1784225718397_5, outcome: success} @ https://stores-designer.harmony.a2z.com/assets/utils-BPBUpZd6.js:14
[    2778ms] [LOG] [opencode] ← SSE connected 561ms correlationId: r_1784225718397_5 @ https://stores-designer.harmony.a2z.com/assets/index-ZHSC2mrQ.js:8
[    2794ms] [LOG] [useOpenCode:bootProject] Starting boot for project: 892502b7-a3ee-4795-9f92-feb6225552ce template: blank @ https://stores-designer.harmony.a2z.com/assets/project-layout-NrWtJUaV.js:1
[    2795ms] [LOG] [useOpenCode:bootProject] Skipping - boot already in progress for this project (ref check) @ https://stores-designer.harmony.a2z.com/assets/project-layout-NrWtJUaV.js:1
[    2869ms] [ERROR] Access to fetch at 'https://env-8d35a0cb7f3540759ee076620ae5d625.mde.prod.design-assistant.sdt.amazon.dev/__frame_ready__' from origin 'https://stores-designer.harmony.a2z.com' has been blocked by CORS policy: No 'Access-Control-Allow-Origin' header is present on the requested resource. @ https://stores-designer.harmony.a2z.com/projects/892502b7-a3ee-4795-9f92-feb6225552ce/sessions/ses_093dc1d36ffe6XP3W81GCCNTek:0
[    2869ms] [ERROR] Failed to load resource: net::ERR_FAILED @ https://env-8d35a0cb7f3540759ee076620ae5d625.mde.prod.design-assistant.sdt.amazon.dev/__frame_ready__:0
[    2872ms] [LOG] trackMetric: page.error 1 {errorName: frame.ready.check.failed, error: frame_ready responded undefined} @ https://stores-designer.harmony.a2z.com/assets/utils-BPBUpZd6.js:14
[    2882ms] [ERROR] Failed to load resource: net::ERR_BLOCKED_BY_CLIENT @ https://unagi-na.amazon.com/1/events/com.amazon.eel.katal.metrics.core.nexus:0
[    2970ms] [LOG] Received authorizedReturned response from background script @ chrome-extension://bkbighdlgofgdhcjnhocalbkiehhpdei/sentryjs-api-injected.js:18
[    2971ms] [LOG] Received authorizedReturned response from background script @ chrome-extension://bkbighdlgofgdhcjnhocalbkiehhpdei/sentryjs-api-injected.js:18
[    3272ms] [LOG] Received authorizedReturned response from background script @ chrome-extension://bkbighdlgofgdhcjnhocalbkiehhpdei/sentryjs-api-injected.js:18
[    3272ms] [LOG] Received authorizedReturned response from background script @ chrome-extension://bkbighdlgofgdhcjnhocalbkiehhpdei/sentryjs-api-injected.js:18
[    3357ms] [LOG] [useOpenCode] build.completed frameIds: undefined sessionId: ses_093dc1d36ffe6XP3W81GCCNTek @ https://stores-designer.harmony.a2z.com/assets/project-layout-NrWtJUaV.js:1
[    3358ms] [LOG] [useOpenCode] build.completed frameIds: undefined sessionId: ses_093dc1d36ffe6XP3W81GCCNTek @ https://stores-designer.harmony.a2z.com/assets/project-layout-NrWtJUaV.js:1
[    3358ms] [LOG] [useOpenCode] build.completed frameIds: undefined sessionId: ses_093dc1d36ffe6XP3W81GCCNTek @ https://stores-designer.harmony.a2z.com/assets/project-layout-NrWtJUaV.js:1
[    3358ms] [LOG] [useOpenCode] build.completed frameIds: undefined sessionId: ses_093dc1d36ffe6XP3W81GCCNTek @ https://stores-designer.harmony.a2z.com/assets/project-layout-NrWtJUaV.js:1
[    3446ms] [LOG] Received authorizedReturned response from background script @ chrome-extension://bkbighdlgofgdhcjnhocalbkiehhpdei/sentryjs-api-injected.js:18
[    3476ms] [LOG] trackMetric: ai.request 1 {route: /file/content, method: GET, projectId: 892502b7-a3ee-4795-9f92-feb6225552ce, correlationId: r_1784225718947_9, outcome: success} @ https://stores-designer.harmony.a2z.com/assets/utils-BPBUpZd6.js:14
[    3481ms] [LOG] [opencode] ← /file/content 710ms correlationId: r_1784225718947_9 @ https://stores-designer.harmony.a2z.com/assets/index-ZHSC2mrQ.js:8
[    3481ms] [LOG] [usePageFramesQuery] Raw page.json frames: [Object] @ https://stores-designer.harmony.a2z.com/assets/project-layout-NrWtJUaV.js:59
[    3486ms] [LOG] [useBackendSync] sync triggered {isInitialized: false, prevIds: Array(0), queryIds: Array(1), storeIds: Array(0), queryCount: 1} @ https://stores-designer.harmony.a2z.com/assets/project-layout-NrWtJUaV.js:60
[    3518ms] [LOG] [useElementCapture] Browser support check: {hasNavigator: true, hasMediaDevices: true, hasGetDisplayMedia: true, isSupported: true} @ https://stores-designer.harmony.a2z.com/assets/project-layout-NrWtJUaV.js:17
[    3552ms] [ERROR] Failed to load resource: the server responded with a status of 401 () @ https://env-8d35a0cb7f3540759ee076620ae5d625.mde.prod.design-assistant.sdt.amazon.dev/oauth2/idpresponse?code=eyJmZWRlcmF0ZUNvZGUiOiI4NjNlYjE3Zi1lNzVjLTRiZTktOTUwMC1jNWQzOWNlNWI1MGNAdXMtZWFzdC0xIiwiZW52aXJvbm1lbnRJZCI6ImUtOGQzNWEwY2I3ZjM1NDA3NTllZTA3NjYyMGFlNWQ2MjUifQ%3D%3D&state=Ad7wVkhOyhv3FvMR%2B8hwAq2raVNZMdlZInKVV1vy%2FlVk4ne3oFRUWjNDAPcUP8DFTlwT7V%2FXED5pWK5agYcu4VQAV4AatU6QMF16HYEMJGuYcG83L%2FH2x6oJmwMizlZ7Pl22KrcTXjWOI2kI6n1vj4aKdv%2Bowc93pIze%2FgcijquHXWNkjgFf%2BAd0fQVBLgxhxNsdthWL1ksMRiYX4CyAk7GA0E9UTiTEvq41fzXU%2Fl9mOzKJG8nd%2BDM%3D:0
[    3590ms] [ERROR] Failed to load resource: net::ERR_BLOCKED_BY_CLIENT @ https://unagi-na.amazon.com/1/events/com.amazon.eel.katal.metrics.core.nexus:0
[    3604ms] [LOG] Received authorizedReturned response from background script @ chrome-extension://bkbighdlgofgdhcjnhocalbkiehhpdei/sentryjs-api-injected.js:18
[    3776ms] [LOG] Received authorizedReturned response from background script @ chrome-extension://bkbighdlgofgdhcjnhocalbkiehhpdei/sentryjs-api-injected.js:18
[    3962ms] [LOG] Received authorizedReturned response from background script @ chrome-extension://bkbighdlgofgdhcjnhocalbkiehhpdei/sentryjs-api-injected.js:18
[    4098ms] [LOG] Received authorizedReturned response from background script @ chrome-extension://bkbighdlgofgdhcjnhocalbkiehhpdei/sentryjs-api-injected.js:18
[    4262ms] [LOG] Received authorizedReturned response from background script @ chrome-extension://bkbighdlgofgdhcjnhocalbkiehhpdei/sentryjs-api-injected.js:18
[    4262ms] [LOG] Received authorizedReturned response from background script @ chrome-extension://bkbighdlgofgdhcjnhocalbkiehhpdei/sentryjs-api-injected.js:18
[    4621ms] [LOG] trackMetric: ai.request 1 {route: /model-info, method: GET, projectId: 892502b7-a3ee-4795-9f92-feb6225552ce, correlationId: r_1784225718934_8, outcome: success} @ https://stores-designer.harmony.a2z.com/assets/utils-BPBUpZd6.js:14
[    4625ms] [LOG] [opencode] ← /model-info 1858ms correlationId: r_1784225718934_8 @ https://stores-designer.harmony.a2z.com/assets/index-ZHSC2mrQ.js:8
[    4638ms] [ERROR] Failed to load resource: net::ERR_BLOCKED_BY_CLIENT @ https://unagi-na.amazon.com/1/events/com.amazon.eel.katal.metrics.core.nexus:0
[    5624ms] [LOG] %c[SD]%c RPC client connected via HMR color:#10B981;font-weight:bold  @ https://env-8d35a0cb7f3540759ee076620ae5d625.mde.prod.design-assistant.sdt.amazon.dev/node_modules/@amzn/sd-harness-client/src/client-runtime/rpc-client.ts?v=c60374af:6
[    5626ms] [LOG] trackLatency: page.all_frames_loaded 4199ms {frameCount: 1} @ https://stores-designer.harmony.a2z.com/assets/utils-BPBUpZd6.js:14
[   10179ms] [ERROR] Creating a worker from 'blob:https://stores-designer.harmony.a2z.com/ef4ba1bf-2b76-4079-82f3-9495e0b08ee1' violates the following Content Security Policy directive: "worker-src blob". The action has been blocked. @ https://stores-designer.harmony.a2z.com/assets/utils-BPBUpZd6.js:3
[   10190ms] [ERROR] Harmony tip: Looks like you could use some help with your Content Security Policy (CSP). You may need to add the following to your .harmony/harmony-metadata.json file under "content-security-policy": 

    "worker-src": ["blob"]

* If your current CSP is an empty object {}, add the directive listed above.
* If your CSP already specifies the "worker-src" directive, add "blob" to its array.

Example harmony-metadata.json:
    "content-security-policy": {
        "worker-src": ["blob"]
    }

If your application does not have a .harmony folder, run: "harmony app create-harmony-folder" to migrate to the recommended method of managing your App's configuration.

More info: https://docs.harmony.a2z.com/application-development.html#Content%20Security%20Policies @ https://stores-designer.harmony.a2z.com/navigation/harmony-navbar.js:125
[   10458ms] [ERROR] Failed to load resource: net::ERR_BLOCKED_BY_CLIENT @ https://unagi-na.amazon.com/1/events/com.amazon.eel.katal.metrics.core.nexus:0
[  310290ms] [ERROR] Failed to load resource: net::ERR_BLOCKED_BY_CLIENT @ https://unagi-na.amazon.com/1/events/com.amazon.eel.katal.metrics.core.nexus:0
[  610397ms] [ERROR] Failed to load resource: net::ERR_BLOCKED_BY_CLIENT @ https://unagi-na.amazon.com/1/events/com.amazon.eel.katal.metrics.core.nexus:0
[  902307ms] [LOG] [opencode] → SSE /global/event correlationId: r_1784226618494_a @ https://stores-designer.harmony.a2z.com/assets/index-ZHSC2mrQ.js:8
[  902317ms] [LOG] [opencode] → SSE /global/event correlationId: r_1784226618504_b @ https://stores-designer.harmony.a2z.com/assets/index-ZHSC2mrQ.js:8
[  902337ms] [LOG] [opencode] → SSE /global/event correlationId: r_1784226618524_c @ https://stores-designer.harmony.a2z.com/assets/index-ZHSC2mrQ.js:8
[  902342ms] [LOG] [opencode] → SSE /global/event correlationId: r_1784226618529_d @ https://stores-designer.harmony.a2z.com/assets/index-ZHSC2mrQ.js:8
[  903071ms] [LOG] trackMetric: ai.request 1 {route: /global/event, method: SSE, projectId: 892502b7-a3ee-4795-9f92-feb6225552ce, correlationId: r_1784226618529_d, outcome: success} @ https://stores-designer.harmony.a2z.com/assets/utils-BPBUpZd6.js:14
[  903072ms] [LOG] [opencode] ← SSE connected 729ms correlationId: r_1784226618529_d @ https://stores-designer.harmony.a2z.com/assets/index-ZHSC2mrQ.js:8
[  903079ms] [LOG] trackMetric: ai.request 1 {route: /global/event, method: SSE, projectId: 892502b7-a3ee-4795-9f92-feb6225552ce, correlationId: r_1784226618504_b, outcome: success} @ https://stores-designer.harmony.a2z.com/assets/utils-BPBUpZd6.js:14
[  903080ms] [LOG] [opencode] ← SSE connected 762ms correlationId: r_1784226618504_b @ https://stores-designer.harmony.a2z.com/assets/index-ZHSC2mrQ.js:8
[  903115ms] [LOG] trackMetric: ai.request 1 {route: /global/event, method: SSE, projectId: 892502b7-a3ee-4795-9f92-feb6225552ce, correlationId: r_1784226618494_a, outcome: success} @ https://stores-designer.harmony.a2z.com/assets/utils-BPBUpZd6.js:14
[  903116ms] [LOG] [opencode] ← SSE connected 807ms correlationId: r_1784226618494_a @ https://stores-designer.harmony.a2z.com/assets/index-ZHSC2mrQ.js:8
[  903228ms] [LOG] trackMetric: ai.request 1 {route: /global/event, method: SSE, projectId: 892502b7-a3ee-4795-9f92-feb6225552ce, correlationId: r_1784226618524_c, outcome: success} @ https://stores-designer.harmony.a2z.com/assets/utils-BPBUpZd6.js:14
[  903233ms] [LOG] [opencode] ← SSE connected 892ms correlationId: r_1784226618524_c @ https://stores-designer.harmony.a2z.com/assets/index-ZHSC2mrQ.js:8
[  903235ms] [ERROR] Failed to load resource: net::ERR_BLOCKED_BY_CLIENT @ https://unagi-na.amazon.com/1/events/com.amazon.eel.katal.metrics.core.nexus:0
[  910576ms] [ERROR] Failed to load resource: net::ERR_BLOCKED_BY_CLIENT @ https://unagi-na.amazon.com/1/events/com.amazon.eel.katal.metrics.core.nexus:0
[ 1211509ms] [ERROR] Failed to load resource: net::ERR_BLOCKED_BY_CLIENT @ https://unagi-na.amazon.com/1/events/com.amazon.eel.katal.metrics.core.nexus:0
[ 1510375ms] [ERROR] Failed to load resource: net::ERR_BLOCKED_BY_CLIENT @ https://unagi-na.amazon.com/1/events/com.amazon.eel.katal.metrics.core.nexus:0
