[     -61ms] [LOG] CodeTree Preferred theme:  light @ chrome-extension://dhdgffkkebhmkfjojejmpbldmpobfkfo/userscript.html?name=CodeTree.user.js&id=9fb2c9de-db69-40f1-b175-f5c175383b78:68
[     -61ms] [LOG] CodeTree setting theme light with custom/CodeTree tree sidebar @ chrome-extension://dhdgffkkebhmkfjojejmpbldmpobfkfo/userscript.html?name=CodeTree.user.js&id=9fb2c9de-db69-40f1-b175-f5c175383b78:68
[     -57ms] [LOG] CodeTree Detected native tree sidebar cookie: false Detected native tree sidebar DOM: false @ chrome-extension://dhdgffkkebhmkfjojejmpbldmpobfkfo/userscript.html?name=CodeTree.user.js&id=9fb2c9de-db69-40f1-b175-f5c175383b78:68
[     -56ms] [LOG] CodeTree starting with custom CodeTree sidebar/DOM https://code.amazon.com/packages/ShoppingDesignTechAICapabilities/blobs/mainline/--/skills/mde-api/SKILL.md @ chrome-extension://dhdgffkkebhmkfjojejmpbldmpobfkfo/userscript.html?name=CodeTree.user.js&id=9fb2c9de-db69-40f1-b175-f5c175383b78:68
[     -48ms] [WARNING] No Language Handler found for /packages/ShoppingDesignTechAICapabilities/blobs/mainline/--/skills/mde-api/SKILL.md @ chrome-extension://dhdgffkkebhmkfjojejmpbldmpobfkfo/userscript.html?name=CodeTree.user.js&id=9fb2c9de-db69-40f1-b175-f5c175383b78:110
[     -46ms] [LOG] CodeTree hours ago since last record of usage: 21.417091666666668 @ chrome-extension://dhdgffkkebhmkfjojejmpbldmpobfkfo/userscript.html?name=CodeTree.user.js&id=9fb2c9de-db69-40f1-b175-f5c175383b78:68
[     -45ms] [LOG] CodeTree Preferred theme:  light @ chrome-extension://dhdgffkkebhmkfjojejmpbldmpobfkfo/userscript.html?name=CodeTree.user.js&id=9fb2c9de-db69-40f1-b175-f5c175383b78:68
[     -45ms] [LOG] CodeTree setting theme light with custom/CodeTree tree sidebar @ chrome-extension://dhdgffkkebhmkfjojejmpbldmpobfkfo/userscript.html?name=CodeTree.user.js&id=9fb2c9de-db69-40f1-b175-f5c175383b78:68
[     -43ms] [LOG] CodeTree Preferred theme:  light @ chrome-extension://dhdgffkkebhmkfjojejmpbldmpobfkfo/userscript.html?name=CodeTree.user.js&id=9fb2c9de-db69-40f1-b175-f5c175383b78:68
[     -41ms] [LOG] CodeTree Adding tab for URL: https://code.amazon.com/packages/ShoppingDesignTechAICapabilities/blobs/mainline/--/skills/mde-api/SKILL.md @ chrome-extension://dhdgffkkebhmkfjojejmpbldmpobfkfo/userscript.html?name=CodeTree.user.js&id=9fb2c9de-db69-40f1-b175-f5c175383b78:68
[     169ms] Error: Detected duplicate attempt to load CodeTree on the same page; ignoring
    at Object.execute (chrome-extension://dhdgffkkebhmkfjojejmpbldmpobfkfo/userscript.html?name=CodeTree.user.js&id=9fb2c9de-db69-40f1-b175-f5c175383b78:113:30232)
    at r (chrome-extension://dhdgffkkebhmkfjojejmpbldmpobfkfo/userscript.html?name=CodeTree.user.js&id=9fb2c9de-db69-40f1-b175-f5c175383b78:41:3638)
    at v (chrome-extension://dhdgffkkebhmkfjojejmpbldmpobfkfo/userscript.html?name=CodeTree.user.js&id=9fb2c9de-db69-40f1-b175-f5c175383b78:41:4074)
    at chrome-extension://dhdgffkkebhmkfjojejmpbldmpobfkfo/userscript.html?name=CodeTree.user.js&id=9fb2c9de-db69-40f1-b175-f5c175383b78:41:3551
[     169ms] Error: Detected duplicate attempt to load CodeTree on the same page; ignoring
    at Object.execute (chrome-extension://dhdgffkkebhmkfjojejmpbldmpobfkfo/userscript.html?name=CodeTree.user.js&id=9fb2c9de-db69-40f1-b175-f5c175383b78:113:30232)
    at r (chrome-extension://dhdgffkkebhmkfjojejmpbldmpobfkfo/userscript.html?name=CodeTree.user.js&id=9fb2c9de-db69-40f1-b175-f5c175383b78:41:3638)
    at v (chrome-extension://dhdgffkkebhmkfjojejmpbldmpobfkfo/userscript.html?name=CodeTree.user.js&id=9fb2c9de-db69-40f1-b175-f5c175383b78:41:4074)
    at chrome-extension://dhdgffkkebhmkfjojejmpbldmpobfkfo/userscript.html?name=CodeTree.user.js&id=9fb2c9de-db69-40f1-b175-f5c175383b78:41:3551
[     678ms] [WARNING] An iframe which has both allow-scripts and allow-same-origin for its sandbox attribute can escape its sandboxing. @ https://code.amazon.com/packages/ShoppingDesignTechAICapabilities/blobs/mainline/--/skills/mde-api/SKILL.md?keepPowerChat=1:0
[     789ms] [LOG] WARNING: Tried to load angular more than once. @ https://prod.cdn.cbw.crux.builder-tools.aws.dev/assets/cdn/vendor-part3-bc8064255b88912458476cfdcb8e9af53cd7e51daea75dfeee036d9363364282.js?Expires=1784228429&Signature=m4-jzkfaMezEmUYU7ihZbNEb2LB9hsXV9q6xH1Nf3LYV3K1ulqiMBQCQavkrcurQIwejUJhiPkmwHCqHVVkUXP7xRLke4qcYSk~OptnzkNeyu6hBBnU0yEll1t0~BzIEpCgQ3SWSA2HjBQ5bai9zgHu9gVCCWE-DtZB6hDX9Q2ccIcWcxjI0nEKx6eB8CSlTA3t~coEWorTBb5niQAeSX-oliyDNbQCRciAwM9rNzKWrVTBE9SFHDiaIPWtIUhGrPo7Yl5zl0qAph5QMLgVI-QEclAlNJdaWcqn9-X5OE916iq~dN6TA6Lq2zOyk2z5kHr3nP4GyNoVO8hF4zIc~Tw__&Key-Pair-Id=K11PVWJWB1ZZ40:14
[     853ms] [LOG] CodeTree Preferred theme:  light @ chrome-extension://dhdgffkkebhmkfjojejmpbldmpobfkfo/userscript.html?name=CodeTree.user.js&id=9fb2c9de-db69-40f1-b175-f5c175383b78:68
[     853ms] [LOG] CodeTree setting theme light with custom/CodeTree tree sidebar @ chrome-extension://dhdgffkkebhmkfjojejmpbldmpobfkfo/userscript.html?name=CodeTree.user.js&id=9fb2c9de-db69-40f1-b175-f5c175383b78:68
[     877ms] [LOG] CodeTree Detected native tree sidebar cookie: false Detected native tree sidebar DOM: false @ chrome-extension://dhdgffkkebhmkfjojejmpbldmpobfkfo/userscript.html?name=CodeTree.user.js&id=9fb2c9de-db69-40f1-b175-f5c175383b78:68
[     877ms] [LOG] CodeTree starting with custom CodeTree sidebar/DOM https://code.amazon.com/packages/ShoppingDesignTechAICapabilities/blobs/mainline/--/skills/mde-api/SKILL.md?keepPowerChat=1 @ chrome-extension://dhdgffkkebhmkfjojejmpbldmpobfkfo/userscript.html?name=CodeTree.user.js&id=9fb2c9de-db69-40f1-b175-f5c175383b78:68
[     879ms] [WARNING] No Language Handler found for /packages/ShoppingDesignTechAICapabilities/blobs/mainline/--/skills/mde-api/SKILL.md @ chrome-extension://dhdgffkkebhmkfjojejmpbldmpobfkfo/userscript.html?name=CodeTree.user.js&id=9fb2c9de-db69-40f1-b175-f5c175383b78:110
[     879ms] [LOG] CodeTree hours ago since last record of usage: 21.417348333333333 @ chrome-extension://dhdgffkkebhmkfjojejmpbldmpobfkfo/userscript.html?name=CodeTree.user.js&id=9fb2c9de-db69-40f1-b175-f5c175383b78:68
[    1096ms] Uncaught TypeError: Cannot read properties of null (reading 'textContent')
    at <anonymous> (https://prod.cdn.cbw.crux.builder-tools.aws.dev/assets/cdn/fetch-related-items-faf775bc8c55188741ed0695e441eebd423b3c17de1e8a7e40e71706977e99c4.js?Expires=1784228429&Signature=VroYI4BuabLc-9iv~Hi3xTUtn7U5a9iCsqH-mzSwW8Y-cYd61o6bsyUwqGF6FS9rj94HhRBqINS78apJ~j9is6Vg3mx9h5QYD-imG3II91hGCr-Qed3K~Zx8nFqWo4hsbNZNpmV1JgRskQhSb6MLE1UQ68V~lh0w7BBQ9go~I4e6PyyxRaodDJwtIvdfI0nOACqD4JzkhgyeoUuNCrgInHykDktOyuJkzG-V900Mpa1V53NR8KOckSKSDnUezE2xbIpOI5Uek4oJWF2tT-xA0IYE-rW08WvmL7BoCzC18-nakXqH5g5rYzLZXaLbq479jmfM99pnaRrTODr4SfktOg__&Key-Pair-Id=K11PVWJWB1ZZ40:0:136)
[    1097ms] Uncaught TypeError: Cannot read properties of null (reading 'textContent')
    at <anonymous> (https://prod.cdn.cbw.crux.builder-tools.aws.dev/assets/cdn/branch_dropdown-e255d5d4c810ec4bf32df55f9ca88e5c26f966ad1fc271be4e09452afbb76f15.js?Expires=1784228429&Signature=IGoQSf6PFEp0j6vjyyDneL9T7rMmVv-1xuUQNvuyxzNfCmUx0gRmRq8QAbebYzxvaTGYmn5hglOJt-Ed9IiR3Fs6fWimtDyp~2wwJEQPolHH2wfP5P6k6CtCjMQqEf150xmyHkp8N929qeDaBAQ5GGqnA1uJ66KPvD8HqoUqCfqKZuiy-GJbzDkLSmu9fH~5BywbILsxpW4wGom9S-BMGph4YqodyX5yITq~Wqvdh2KI6LEt3Y5esZTQoUAUEbGc9WFadbvk2clDJOUS3mxaYo3M16W7O8X~7DVoMCSjUdHT1f9IG~qBaCrLhrBFmioN7NCsFTfayxWIVpMnkRWksQ__&Key-Pair-Id=K11PVWJWB1ZZ40:0:121)
[    1015ms] [WARNING] An iframe which has both allow-scripts and allow-same-origin for its sandbox attribute can escape its sandboxing. @ https://code.amazon.com/packages/ShoppingDesignTechAICapabilities/trees/mainline#treeSidebar:0
[    1208ms] [LOG] CodeTree Preferred theme:  light @ chrome-extension://dhdgffkkebhmkfjojejmpbldmpobfkfo/userscript.html?name=CodeTree.user.js&id=9fb2c9de-db69-40f1-b175-f5c175383b78:68
[    1208ms] [LOG] CodeTree setting theme light with custom/CodeTree tree sidebar @ chrome-extension://dhdgffkkebhmkfjojejmpbldmpobfkfo/userscript.html?name=CodeTree.user.js&id=9fb2c9de-db69-40f1-b175-f5c175383b78:68
[    1243ms] [LOG] CodeTree Detected native tree sidebar cookie: false Detected native tree sidebar DOM: false @ chrome-extension://dhdgffkkebhmkfjojejmpbldmpobfkfo/userscript.html?name=CodeTree.user.js&id=9fb2c9de-db69-40f1-b175-f5c175383b78:68
[    1243ms] [LOG] CodeTree starting with custom CodeTree sidebar/DOM https://code.amazon.com/packages/ShoppingDesignTechAICapabilities/trees/mainline#treeSidebar @ chrome-extension://dhdgffkkebhmkfjojejmpbldmpobfkfo/userscript.html?name=CodeTree.user.js&id=9fb2c9de-db69-40f1-b175-f5c175383b78:68
[    1244ms] [LOG] CodeTree hours ago since last record of usage: 21.417449722222223 @ chrome-extension://dhdgffkkebhmkfjojejmpbldmpobfkfo/userscript.html?name=CodeTree.user.js&id=9fb2c9de-db69-40f1-b175-f5c175383b78:68
[    1256ms] [LOG] WARNING: Tried to load angular more than once. @ https://prod.cdn.cbw.crux.builder-tools.aws.dev/assets/cdn/vendor-part3-bc8064255b88912458476cfdcb8e9af53cd7e51daea75dfeee036d9363364282.js?Expires=1784228430&Signature=fHnxSgprUC7zjg2CkvGTl-MM0-O1TSlvXUCEeXJagVhQOCbdVdaS6XuTcvbblzaU9d94tyYib85m7PgCn1v8lr5AuH5QJxwShfy5-13hFqno0urPOMPYz2sATyQMJ-RZqrWLXHyh1kpNQ~AWim1bF7clN6yAzCA3LqnntIEt5WX0yw6Zc1DV1Wtvi06VoVy7QK0KYX3qd5kmg5~NARL8~1-lUUTPFLEi9JC4BVRuoWzP9aMvO2e7GCo28eephqWDBuCkTNXpLkMLEfSVjHZSo8w2x5jBlGF4NlA8JBt38v-lyeZYGt5c2dJ1uezDguKrMtwlSzDDAWRXshd7Kvv5bA__&Key-Pair-Id=K11PVWJWB1ZZ40:14
[    1497ms] [LOG] AUI Debug: Reapplying overrides after page change @ chrome-extension://dcfoehjpoialdhneckhclkljejggicle/scripts.js:54
[    1530ms] [LOG] CodeTree updating to active tab due to <code frame loaded>: current = https://code.amazon.com/packages/ShoppingDesignTechAICapabilities/blobs/mainline/--/skills/mde-api/SKILL.md new = https://code.amazon.com/packages/ShoppingDesignTechAICapabilities/blobs/mainline/--/skills/mde-api/SKILL.md?keepPowerChat=1 @ chrome-extension://dhdgffkkebhmkfjojejmpbldmpobfkfo/userscript.html?name=CodeTree.user.js&id=9fb2c9de-db69-40f1-b175-f5c175383b78:68
[    1530ms] [LOG] CodeTree expanding tree to file: https://code.amazon.com/packages/ShoppingDesignTechAICapabilities/blobs/mainline/--/skills/mde-api/SKILL.md?keepPowerChat=1 @ chrome-extension://dhdgffkkebhmkfjojejmpbldmpobfkfo/userscript.html?name=CodeTree.user.js&id=9fb2c9de-db69-40f1-b175-f5c175383b78:68
[    1546ms] [LOG] WARNING: Tried to load angular more than once. @ https://prod.cdn.cbw.crux.builder-tools.aws.dev/assets/cdn/vendor-part3-bc8064255b88912458476cfdcb8e9af53cd7e51daea75dfeee036d9363364282.js?Expires=1784228431&Signature=CIl1vzelMsjYjn1caLrB6-zzLI04cDXsd9KRKAFSNSZeA4jqAFbiFs7zXFF3VIicaDg5IPK2FsSu7jHQv9pH9IolhIi8188qrsQ2It80o1yQyu8xK-YDFAVSqM-r0bZZviBO6RPbUX1KIl~vsAU8FnAQenvH43qtV6-mJGNGh~CNXSl5zKYbpUjznRqp6TvqyNjj8lRvfIYYrMxu4qIAL-U1eboE~3X6q4QpVqKOUOiBFfpOj4Rur2O-4gTptdvY1odu6VNK4dkrveL~~9LUyX9g5oRXTriBlSgNLgLE7lBHYUvpikhWbXLQpFMw5vThXlGqO1mRLVIF9stsXmaewQ__&Key-Pair-Id=K11PVWJWB1ZZ40:14
