[     -40ms] [LOG] Currently configured to use Space stages: {"domain":"harmony.a2z.com","stage":"prod","spaceId":"harmony","mode":"multi-app-subdomain"} @ https://stores-designer.harmony.a2z.com/navigation/harmony-navbar.js:53
[     172ms] [LOG] AUI Debug: Reapplying overrides after page change @ chrome-extension://dcfoehjpoialdhneckhclkljejggicle/scripts.js:54
[     272ms] [LOG] AUI Debug: Reapplying overrides after page change @ chrome-extension://dcfoehjpoialdhneckhclkljejggicle/scripts.js:54
[     914ms] [ERROR] Failed to load resource: net::ERR_BLOCKED_BY_CLIENT @ https://unagi-na.amazon.com/1/events/com.amazon.eel.katal.metrics.core.nexus:0
[    1195ms] [ERROR] Failed to load resource: net::ERR_BLOCKED_BY_CLIENT @ https://unagi-na.amazon.com/1/events/com.amazon.eel.katal.metrics.core.nexus:0
[    1452ms] [LOG] [useOpenCode:bootProject] Starting boot for project: 9791db29-4dff-43f2-abff-b0b6529a1018 template: blank @ https://stores-designer.harmony.a2z.com/assets/project-layout-NrWtJUaV.js:1
[    1457ms] [LOG] [useOpenCode:bootProject] Starting boot for project: 9791db29-4dff-43f2-abff-b0b6529a1018 template: blank @ https://stores-designer.harmony.a2z.com/assets/project-layout-NrWtJUaV.js:1
[    1457ms] [LOG] [useOpenCode:bootProject] Skipping - boot already in progress for this project (ref check) @ https://stores-designer.harmony.a2z.com/assets/project-layout-NrWtJUaV.js:1
[    1660ms] [LOG] [opencode] → GET /session projectId: 9791db29-4dff-43f2-abff-b0b6529a1018 correlationId: r_1784226169462_1 @ https://stores-designer.harmony.a2z.com/assets/index-ZHSC2mrQ.js:8
[    1660ms] [LOG] [opencode] → GET /session/status projectId: 9791db29-4dff-43f2-abff-b0b6529a1018 correlationId: r_1784226169463_2 @ https://stores-designer.harmony.a2z.com/assets/index-ZHSC2mrQ.js:8
[    1667ms] [ERROR] Access to fetch at 'https://env-c549428dd9d546ca9c74168fa5f74ace.mde.prod.design-assistant.sdt.amazon.dev/__frame_ready__' from origin 'https://stores-designer.harmony.a2z.com' has been blocked by CORS policy: No 'Access-Control-Allow-Origin' header is present on the requested resource. @ https://stores-designer.harmony.a2z.com/projects/9791db29-4dff-43f2-abff-b0b6529a1018:0
[    1667ms] [ERROR] Failed to load resource: net::ERR_FAILED @ https://env-c549428dd9d546ca9c74168fa5f74ace.mde.prod.design-assistant.sdt.amazon.dev/__frame_ready__:0
[    1669ms] [LOG] trackMetric: page.error 1 {errorName: frame.ready.check.failed, error: frame_ready responded undefined} @ https://stores-designer.harmony.a2z.com/assets/utils-BPBUpZd6.js:14
[    1674ms] [ERROR] Failed to load resource: net::ERR_BLOCKED_BY_CLIENT @ https://unagi-na.amazon.com/1/events/com.amazon.eel.katal.metrics.core.nexus:0
[    2220ms] [LOG] trackMetric: ai.request 1 {route: /session/status, method: GET, projectId: 9791db29-4dff-43f2-abff-b0b6529a1018, correlationId: r_1784226169463_2, outcome: success} @ https://stores-designer.harmony.a2z.com/assets/utils-BPBUpZd6.js:14
[    2223ms] [LOG] [opencode] ← /session/status 560ms correlationId: r_1784226169463_2 @ https://stores-designer.harmony.a2z.com/assets/index-ZHSC2mrQ.js:8
[    2292ms] [LOG] trackMetric: ai.request 1 {route: /session, method: GET, projectId: 9791db29-4dff-43f2-abff-b0b6529a1018, correlationId: r_1784226169462_1, outcome: success} @ https://stores-designer.harmony.a2z.com/assets/utils-BPBUpZd6.js:14
[    2293ms] [LOG] [opencode] ← /session 633ms correlationId: r_1784226169462_1 @ https://stores-designer.harmony.a2z.com/assets/index-ZHSC2mrQ.js:8
[    2293ms] [LOG] [useOpenCode:bootProject] Found 1 existing sessions @ https://stores-designer.harmony.a2z.com/assets/project-layout-NrWtJUaV.js:1
[    2293ms] [LOG] [useOpenCode:bootProject] Using existing session: ses_09e5230d1ffemXQfVKCopAvirH @ https://stores-designer.harmony.a2z.com/assets/project-layout-NrWtJUaV.js:1
[    2296ms] [LOG] [opencode] → GET /session/:id/message projectId: 9791db29-4dff-43f2-abff-b0b6529a1018 correlationId: r_1784226170303_3 @ https://stores-designer.harmony.a2z.com/assets/index-ZHSC2mrQ.js:8
[    2796ms] [LOG] trackMetric: ai.request 1 {route: /session/:id/message, method: GET, projectId: 9791db29-4dff-43f2-abff-b0b6529a1018, correlationId: r_1784226170303_3, outcome: success} @ https://stores-designer.harmony.a2z.com/assets/utils-BPBUpZd6.js:14
[    2799ms] [LOG] [opencode] ← /session/:id/message 461ms correlationId: r_1784226170303_3 @ https://stores-designer.harmony.a2z.com/assets/index-ZHSC2mrQ.js:8
[    2803ms] [LOG] [useOpenCode:bootProject] Loaded 100 existing messages @ https://stores-designer.harmony.a2z.com/assets/project-layout-NrWtJUaV.js:1
[    2804ms] [LOG] [useOpenCode] Runtime ready for project: 9791db29-4dff-43f2-abff-b0b6529a1018 template: blank retries: 0 totalBootMs: 1352 @ https://stores-designer.harmony.a2z.com/assets/project-layout-NrWtJUaV.js:1
[    2804ms] [LOG] trackLatency: boot.duration 1352ms {projectId: 9791db29-4dff-43f2-abff-b0b6529a1018} @ https://stores-designer.harmony.a2z.com/assets/utils-BPBUpZd6.js:14
[    2870ms] [LOG] [useOpenCode:bootProject] Starting boot for project: 9791db29-4dff-43f2-abff-b0b6529a1018 template: blank @ https://stores-designer.harmony.a2z.com/assets/project-layout-NrWtJUaV.js:1
[    2870ms] [LOG] [useOpenCode:bootProject] Skipping - boot already in progress for this project (ref check) @ https://stores-designer.harmony.a2z.com/assets/project-layout-NrWtJUaV.js:1
[    2870ms] [LOG] [useAutoProjectTitle] No description captured, skipping @ https://stores-designer.harmony.a2z.com/assets/project-layout-NrWtJUaV.js:37
[    2877ms] [LOG] [opencode] → GET /model-info projectId: 9791db29-4dff-43f2-abff-b0b6529a1018 correlationId: r_1784226170815_4 @ https://stores-designer.harmony.a2z.com/assets/index-ZHSC2mrQ.js:8
[    2878ms] [LOG] [opencode] → GET /file/content projectId: 9791db29-4dff-43f2-abff-b0b6529a1018 correlationId: r_1784226170879_8 @ https://stores-designer.harmony.a2z.com/assets/index-ZHSC2mrQ.js:8
[    2879ms] [LOG] [opencode] → SSE /global/event correlationId: r_1784226170878_5 @ https://stores-designer.harmony.a2z.com/assets/index-ZHSC2mrQ.js:8
[    2879ms] [LOG] [opencode] → SSE /global/event correlationId: r_1784226170879_6 @ https://stores-designer.harmony.a2z.com/assets/index-ZHSC2mrQ.js:8
[    2880ms] [LOG] [opencode] → SSE /global/event correlationId: r_1784226170879_7 @ https://stores-designer.harmony.a2z.com/assets/index-ZHSC2mrQ.js:8
[    2880ms] [LOG] [opencode] → SSE /global/event correlationId: r_1784226170881_9 @ https://stores-designer.harmony.a2z.com/assets/index-ZHSC2mrQ.js:8
[    2882ms] [ERROR] Failed to load resource: net::ERR_BLOCKED_BY_CLIENT @ https://unagi-na.amazon.com/1/events/com.amazon.eel.katal.metrics.core.nexus:0
[    2909ms] [LOG] [useOpenCode:bootProject] Starting boot for project: 9791db29-4dff-43f2-abff-b0b6529a1018 template: blank @ https://stores-designer.harmony.a2z.com/assets/project-layout-NrWtJUaV.js:1
[    2909ms] [LOG] [useOpenCode:bootProject] Skipping - boot already in progress for this project (ref check) @ https://stores-designer.harmony.a2z.com/assets/project-layout-NrWtJUaV.js:1
[    3358ms] [LOG] trackMetric: ai.request 1 {route: /model-info, method: GET, projectId: 9791db29-4dff-43f2-abff-b0b6529a1018, correlationId: r_1784226170815_4, outcome: success} @ https://stores-designer.harmony.a2z.com/assets/utils-BPBUpZd6.js:14
[    3359ms] [LOG] [opencode] ← /model-info 480ms correlationId: r_1784226170815_4 @ https://stores-designer.harmony.a2z.com/assets/index-ZHSC2mrQ.js:8
[    3374ms] [LOG] trackMetric: ai.request 1 {route: /file/content, method: GET, projectId: 9791db29-4dff-43f2-abff-b0b6529a1018, correlationId: r_1784226170879_8, outcome: success} @ https://stores-designer.harmony.a2z.com/assets/utils-BPBUpZd6.js:14
[    3376ms] [LOG] [opencode] ← /file/content 492ms correlationId: r_1784226170879_8 @ https://stores-designer.harmony.a2z.com/assets/index-ZHSC2mrQ.js:8
[    3376ms] [LOG] [usePageFramesQuery] Raw page.json frames: [Object, Object, Object, Object, Object, Object, Object, Object, Object, Object, Object, Object, Object, Object, Object, Object] @ https://stores-designer.harmony.a2z.com/assets/project-layout-NrWtJUaV.js:59
[    3385ms] [LOG] [useBackendSync] sync triggered {isInitialized: false, prevIds: Array(0), queryIds: Array(16), storeIds: Array(0), queryCount: 16} @ https://stores-designer.harmony.a2z.com/assets/project-layout-NrWtJUaV.js:60
[    3726ms] [LOG] [useElementCapture] Browser support check: {hasNavigator: true, hasMediaDevices: true, hasGetDisplayMedia: true, isSupported: true} @ https://stores-designer.harmony.a2z.com/assets/project-layout-NrWtJUaV.js:17
[    3727ms] [LOG] [useElementCapture] Browser support check: {hasNavigator: true, hasMediaDevices: true, hasGetDisplayMedia: true, isSupported: true} @ https://stores-designer.harmony.a2z.com/assets/project-layout-NrWtJUaV.js:17
[    3728ms] [LOG] [useElementCapture] Browser support check: {hasNavigator: true, hasMediaDevices: true, hasGetDisplayMedia: true, isSupported: true} @ https://stores-designer.harmony.a2z.com/assets/project-layout-NrWtJUaV.js:17
[    3728ms] [LOG] [useElementCapture] Browser support check: {hasNavigator: true, hasMediaDevices: true, hasGetDisplayMedia: true, isSupported: true} @ https://stores-designer.harmony.a2z.com/assets/project-layout-NrWtJUaV.js:17
[    3728ms] [LOG] [useElementCapture] Browser support check: {hasNavigator: true, hasMediaDevices: true, hasGetDisplayMedia: true, isSupported: true} @ https://stores-designer.harmony.a2z.com/assets/project-layout-NrWtJUaV.js:17
[    3728ms] [LOG] [useElementCapture] Browser support check: {hasNavigator: true, hasMediaDevices: true, hasGetDisplayMedia: true, isSupported: true} @ https://stores-designer.harmony.a2z.com/assets/project-layout-NrWtJUaV.js:17
[    3728ms] [LOG] [useElementCapture] Browser support check: {hasNavigator: true, hasMediaDevices: true, hasGetDisplayMedia: true, isSupported: true} @ https://stores-designer.harmony.a2z.com/assets/project-layout-NrWtJUaV.js:17
[    3729ms] [LOG] [useElementCapture] Browser support check: {hasNavigator: true, hasMediaDevices: true, hasGetDisplayMedia: true, isSupported: true} @ https://stores-designer.harmony.a2z.com/assets/project-layout-NrWtJUaV.js:17
[    3729ms] [LOG] [useElementCapture] Browser support check: {hasNavigator: true, hasMediaDevices: true, hasGetDisplayMedia: true, isSupported: true} @ https://stores-designer.harmony.a2z.com/assets/project-layout-NrWtJUaV.js:17
[    3729ms] [LOG] [useElementCapture] Browser support check: {hasNavigator: true, hasMediaDevices: true, hasGetDisplayMedia: true, isSupported: true} @ https://stores-designer.harmony.a2z.com/assets/project-layout-NrWtJUaV.js:17
[    3729ms] [LOG] [useElementCapture] Browser support check: {hasNavigator: true, hasMediaDevices: true, hasGetDisplayMedia: true, isSupported: true} @ https://stores-designer.harmony.a2z.com/assets/project-layout-NrWtJUaV.js:17
[    3729ms] [LOG] [useElementCapture] Browser support check: {hasNavigator: true, hasMediaDevices: true, hasGetDisplayMedia: true, isSupported: true} @ https://stores-designer.harmony.a2z.com/assets/project-layout-NrWtJUaV.js:17
[    3730ms] [LOG] [useElementCapture] Browser support check: {hasNavigator: true, hasMediaDevices: true, hasGetDisplayMedia: true, isSupported: true} @ https://stores-designer.harmony.a2z.com/assets/project-layout-NrWtJUaV.js:17
[    3730ms] [LOG] [useElementCapture] Browser support check: {hasNavigator: true, hasMediaDevices: true, hasGetDisplayMedia: true, isSupported: true} @ https://stores-designer.harmony.a2z.com/assets/project-layout-NrWtJUaV.js:17
[    3730ms] [LOG] [useElementCapture] Browser support check: {hasNavigator: true, hasMediaDevices: true, hasGetDisplayMedia: true, isSupported: true} @ https://stores-designer.harmony.a2z.com/assets/project-layout-NrWtJUaV.js:17
[    3730ms] [LOG] [useElementCapture] Browser support check: {hasNavigator: true, hasMediaDevices: true, hasGetDisplayMedia: true, isSupported: true} @ https://stores-designer.harmony.a2z.com/assets/project-layout-NrWtJUaV.js:17
[    4265ms] [LOG] trackMetric: ai.request 1 {route: /global/event, method: SSE, projectId: 9791db29-4dff-43f2-abff-b0b6529a1018, correlationId: r_1784226170881_9, outcome: success} @ https://stores-designer.harmony.a2z.com/assets/utils-BPBUpZd6.js:14
[    4268ms] [LOG] [opencode] ← SSE connected 1385ms correlationId: r_1784226170881_9 @ https://stores-designer.harmony.a2z.com/assets/index-ZHSC2mrQ.js:8
[    4274ms] [ERROR] Failed to load resource: net::ERR_BLOCKED_BY_CLIENT @ https://unagi-na.amazon.com/1/events/com.amazon.eel.katal.metrics.core.nexus:0
[    4374ms] [LOG] trackMetric: ai.request 1 {route: /global/event, method: SSE, projectId: 9791db29-4dff-43f2-abff-b0b6529a1018, correlationId: r_1784226170879_6, outcome: success} @ https://stores-designer.harmony.a2z.com/assets/utils-BPBUpZd6.js:14
[    4375ms] [LOG] [opencode] ← SSE connected 1495ms correlationId: r_1784226170879_6 @ https://stores-designer.harmony.a2z.com/assets/index-ZHSC2mrQ.js:8
[    4605ms] [LOG] trackMetric: ai.request 1 {route: /global/event, method: SSE, projectId: 9791db29-4dff-43f2-abff-b0b6529a1018, correlationId: r_1784226170879_7, outcome: success} @ https://stores-designer.harmony.a2z.com/assets/utils-BPBUpZd6.js:14
[    4606ms] [LOG] [opencode] ← SSE connected 1726ms correlationId: r_1784226170879_7 @ https://stores-designer.harmony.a2z.com/assets/index-ZHSC2mrQ.js:8
[    4637ms] [LOG] trackMetric: ai.request 1 {route: /global/event, method: SSE, projectId: 9791db29-4dff-43f2-abff-b0b6529a1018, correlationId: r_1784226170878_5, outcome: success} @ https://stores-designer.harmony.a2z.com/assets/utils-BPBUpZd6.js:14
[    4639ms] [LOG] [opencode] ← SSE connected 1759ms correlationId: r_1784226170878_5 @ https://stores-designer.harmony.a2z.com/assets/index-ZHSC2mrQ.js:8
[    4759ms] [ERROR] Failed to load resource: net::ERR_BLOCKED_BY_CLIENT @ https://unagi-na.amazon.com/1/events/com.amazon.eel.katal.metrics.core.nexus:0
[    7152ms] [LOG] trackLatency: page.all_frames_loaded 5700ms {frameCount: 16} @ https://stores-designer.harmony.a2z.com/assets/utils-BPBUpZd6.js:14
[   10174ms] [ERROR] Creating a worker from 'blob:https://stores-designer.harmony.a2z.com/e97ad35e-41a0-41f2-8d4d-be21aa71b0dd' violates the following Content Security Policy directive: "worker-src blob". The action has been blocked. @ https://stores-designer.harmony.a2z.com/assets/utils-BPBUpZd6.js:3
[   10182ms] [ERROR] Harmony tip: Looks like you could use some help with your Content Security Policy (CSP). You may need to add the following to your .harmony/harmony-metadata.json file under "content-security-policy": 

    "worker-src": ["blob"]

* If your current CSP is an empty object {}, add the directive listed above.
* If your CSP already specifies the "worker-src" directive, add "blob" to its array.

Example harmony-metadata.json:
    "content-security-policy": {
        "worker-src": ["blob"]
    }

If your application does not have a .harmony folder, run: "harmony app create-harmony-folder" to migrate to the recommended method of managing your App's configuration.

More info: https://docs.harmony.a2z.com/application-development.html#Content%20Security%20Policies @ https://stores-designer.harmony.a2z.com/navigation/harmony-navbar.js:125
[   10456ms] [ERROR] Failed to load resource: net::ERR_BLOCKED_BY_CLIENT @ https://unagi-na.amazon.com/1/events/com.amazon.eel.katal.metrics.core.nexus:0
[   10911ms] [ERROR] Failed to load resource: net::ERR_BLOCKED_BY_CLIENT @ https://unagi-na.amazon.com/1/events/com.amazon.eel.katal.metrics.core.nexus:0
