[     606ms] [LOG] Currently configured to use Space stages: {"domain":"beta.harmony.a2z.com","stage":"beta","spaceId":"harmony","mode":"multi-app-subdomain"} @ https://stores-designer.beta.harmony.a2z.com/navigation/harmony-navbar.js:53
[    1013ms] [LOG] AUI Debug: Reapplying overrides after page change @ chrome-extension://dcfoehjpoialdhneckhclkljejggicle/scripts.js:54
[    1108ms] [LOG] AUI Debug: Reapplying overrides after page change @ chrome-extension://dcfoehjpoialdhneckhclkljejggicle/scripts.js:54
[    2665ms] [LOG] Received authorizedReturned response from background script @ chrome-extension://bkbighdlgofgdhcjnhocalbkiehhpdei/sentryjs-api-injected.js:18
[    2665ms] [LOG] Received authorizedReturned response from background script @ chrome-extension://bkbighdlgofgdhcjnhocalbkiehhpdei/sentryjs-api-injected.js:18
[    2665ms] [LOG] Received authorizedReturned response from background script @ chrome-extension://bkbighdlgofgdhcjnhocalbkiehhpdei/sentryjs-api-injected.js:18
[    2665ms] [LOG] Received authorizedReturned response from background script @ chrome-extension://bkbighdlgofgdhcjnhocalbkiehhpdei/sentryjs-api-injected.js:18
[    2666ms] [LOG] Received authorizedReturned response from background script @ chrome-extension://bkbighdlgofgdhcjnhocalbkiehhpdei/sentryjs-api-injected.js:18
[    2666ms] [LOG] Received authorizedReturned response from background script @ chrome-extension://bkbighdlgofgdhcjnhocalbkiehhpdei/sentryjs-api-injected.js:18
[    2666ms] [LOG] Received authorizedReturned response from background script @ chrome-extension://bkbighdlgofgdhcjnhocalbkiehhpdei/sentryjs-api-injected.js:18
[    3085ms] [ERROR] Failed to load resource: net::ERR_BLOCKED_BY_CLIENT @ https://unagi-na.amazon.com/1/events/com.amazon.eel.katal.metrics.core.nexus:0
[    3665ms] [LOG] Currently configured to use Space stages: {"domain":"harmony.a2z.com","stage":"prod","spaceId":"harmony","mode":"multi-app-subdomain"} @ https://stores-designer.harmony.a2z.com/navigation/harmony-navbar.js:53
[    4099ms] [LOG] AUI Debug: Reapplying overrides after page change @ chrome-extension://dcfoehjpoialdhneckhclkljejggicle/scripts.js:54
[    5030ms] [LOG] Received authorizedReturned response from background script @ chrome-extension://bkbighdlgofgdhcjnhocalbkiehhpdei/sentryjs-api-injected.js:18
[    5030ms] [LOG] Received authorizedReturned response from background script @ chrome-extension://bkbighdlgofgdhcjnhocalbkiehhpdei/sentryjs-api-injected.js:18
[    5030ms] [LOG] Received authorizedReturned response from background script @ chrome-extension://bkbighdlgofgdhcjnhocalbkiehhpdei/sentryjs-api-injected.js:18
[    5031ms] [LOG] Received authorizedReturned response from background script @ chrome-extension://bkbighdlgofgdhcjnhocalbkiehhpdei/sentryjs-api-injected.js:18
[    5031ms] [LOG] Received authorizedReturned response from background script @ chrome-extension://bkbighdlgofgdhcjnhocalbkiehhpdei/sentryjs-api-injected.js:18
[    5187ms] [LOG] Received authorizedReturned response from background script @ chrome-extension://bkbighdlgofgdhcjnhocalbkiehhpdei/sentryjs-api-injected.js:18
[    5187ms] [LOG] Received authorizedReturned response from background script @ chrome-extension://bkbighdlgofgdhcjnhocalbkiehhpdei/sentryjs-api-injected.js:18
[    5196ms] [LOG] Received authorizedReturned response from background script @ chrome-extension://bkbighdlgofgdhcjnhocalbkiehhpdei/sentryjs-api-injected.js:18
[    5411ms] [ERROR] Failed to load resource: net::ERR_BLOCKED_BY_CLIENT @ https://unagi-na.amazon.com/1/events/com.amazon.eel.katal.metrics.core.nexus:0
[    6033ms] [ERROR] Failed to load resource: net::ERR_BLOCKED_BY_CLIENT @ https://unagi-na.amazon.com/1/events/com.amazon.eel.katal.metrics.core.nexus:0
[    8915ms] [LOG] trackMetric: ux.user.action 1 {action: project_opened, project_id: c53ce80d-de59-4224-8ae4-85480931c35d, template: blank} @ https://stores-designer.harmony.a2z.com/assets/utils-BPBUpZd6.js:14
[    8928ms] [ERROR] Failed to load resource: net::ERR_BLOCKED_BY_CLIENT @ https://unagi-na.amazon.com/1/events/com.amazon.eel.katal.metrics.core.nexus:0
[    9115ms] [LOG] Currently configured to use Space stages: {"domain":"harmony.a2z.com","stage":"prod","spaceId":"harmony","mode":"multi-app-subdomain"} @ https://stores-designer.harmony.a2z.com/navigation/harmony-navbar.js:53
[    9375ms] [LOG] AUI Debug: Reapplying overrides after page change @ chrome-extension://dcfoehjpoialdhneckhclkljejggicle/scripts.js:54
[   10058ms] [ERROR] Failed to load resource: net::ERR_BLOCKED_BY_CLIENT @ https://unagi-na.amazon.com/1/events/com.amazon.eel.katal.metrics.core.nexus:0
[   10277ms] [LOG] [useOpenCode:bootProject] Starting boot for project: c53ce80d-de59-4224-8ae4-85480931c35d template: blank @ https://stores-designer.harmony.a2z.com/assets/project-layout-NrWtJUaV.js:1
[   10282ms] [LOG] [useOpenCode:bootProject] Starting boot for project: c53ce80d-de59-4224-8ae4-85480931c35d template: blank @ https://stores-designer.harmony.a2z.com/assets/project-layout-NrWtJUaV.js:1
[   10283ms] [LOG] [useOpenCode:bootProject] Skipping - boot already in progress for this project (ref check) @ https://stores-designer.harmony.a2z.com/assets/project-layout-NrWtJUaV.js:1
[   10391ms] [ERROR] Access to fetch at 'https://env-9add5ea877df4ab681dbf151342be4ee.mde.prod.design-assistant.sdt.amazon.dev/__frame_ready__' from origin 'https://stores-designer.harmony.a2z.com' has been blocked by CORS policy: No 'Access-Control-Allow-Origin' header is present on the requested resource. @ https://stores-designer.harmony.a2z.com/projects/c53ce80d-de59-4224-8ae4-85480931c35d?template=blank:0
[   10391ms] [ERROR] Failed to load resource: net::ERR_FAILED @ https://env-9add5ea877df4ab681dbf151342be4ee.mde.prod.design-assistant.sdt.amazon.dev/__frame_ready__:0
[   10392ms] [LOG] trackMetric: page.error 1 {errorName: frame.ready.check.failed, error: frame_ready responded undefined} @ https://stores-designer.harmony.a2z.com/assets/utils-BPBUpZd6.js:14
[   10546ms] [LOG] [opencode] → GET /session projectId: c53ce80d-de59-4224-8ae4-85480931c35d correlationId: r_1784224781284_1 @ https://stores-designer.harmony.a2z.com/assets/index-ZHSC2mrQ.js:8
[   10546ms] [LOG] [opencode] → GET /session/status projectId: c53ce80d-de59-4224-8ae4-85480931c35d correlationId: r_1784224781285_2 @ https://stores-designer.harmony.a2z.com/assets/index-ZHSC2mrQ.js:8
[   10666ms] [INFO] [SdRpc] Starting iframe relay for project: c53ce80d-de59-4224-8ae4-85480931c35d @ https://stores-designer.harmony.a2z.com/assets/project-layout-NrWtJUaV.js:6
[   10903ms] [ERROR] Failed to load resource: net::ERR_BLOCKED_BY_CLIENT @ https://unagi-na.amazon.com/1/events/com.amazon.eel.katal.metrics.core.nexus:0
[   11514ms] [LOG] Received authorizedReturned response from background script @ chrome-extension://bkbighdlgofgdhcjnhocalbkiehhpdei/sentryjs-api-injected.js:18
[   11514ms] [LOG] Received authorizedReturned response from background script @ chrome-extension://bkbighdlgofgdhcjnhocalbkiehhpdei/sentryjs-api-injected.js:18
[   11515ms] [LOG] Received authorizedReturned response from background script @ chrome-extension://bkbighdlgofgdhcjnhocalbkiehhpdei/sentryjs-api-injected.js:18
[   11515ms] [LOG] Received authorizedReturned response from background script @ chrome-extension://bkbighdlgofgdhcjnhocalbkiehhpdei/sentryjs-api-injected.js:18
[   11515ms] [LOG] Received authorizedReturned response from background script @ chrome-extension://bkbighdlgofgdhcjnhocalbkiehhpdei/sentryjs-api-injected.js:18
[   11657ms] [LOG] Received authorizedReturned response from background script @ chrome-extension://bkbighdlgofgdhcjnhocalbkiehhpdei/sentryjs-api-injected.js:18
[   11852ms] [LOG] Received authorizedReturned response from background script @ chrome-extension://bkbighdlgofgdhcjnhocalbkiehhpdei/sentryjs-api-injected.js:18
[   12013ms] [LOG] Received authorizedReturned response from background script @ chrome-extension://bkbighdlgofgdhcjnhocalbkiehhpdei/sentryjs-api-injected.js:18
[   12154ms] [LOG] trackMetric: ai.request 1 {route: /session/status, method: GET, projectId: c53ce80d-de59-4224-8ae4-85480931c35d, correlationId: r_1784224781285_2, outcome: success} @ https://stores-designer.harmony.a2z.com/assets/utils-BPBUpZd6.js:14
[   12155ms] [LOG] [opencode] ← /session/status 1608ms correlationId: r_1784224781285_2 @ https://stores-designer.harmony.a2z.com/assets/index-ZHSC2mrQ.js:8
[   12168ms] [LOG] Received authorizedReturned response from background script @ chrome-extension://bkbighdlgofgdhcjnhocalbkiehhpdei/sentryjs-api-injected.js:18
[   12168ms] [LOG] Received authorizedReturned response from background script @ chrome-extension://bkbighdlgofgdhcjnhocalbkiehhpdei/sentryjs-api-injected.js:18
[   12202ms] [LOG] trackMetric: ai.request 1 {route: /session, method: GET, projectId: c53ce80d-de59-4224-8ae4-85480931c35d, correlationId: r_1784224781284_1, outcome: success} @ https://stores-designer.harmony.a2z.com/assets/utils-BPBUpZd6.js:14
[   12205ms] [LOG] [opencode] ← /session 1656ms correlationId: r_1784224781284_1 @ https://stores-designer.harmony.a2z.com/assets/index-ZHSC2mrQ.js:8
[   12207ms] [LOG] [useOpenCode:bootProject] Found 1 existing sessions @ https://stores-designer.harmony.a2z.com/assets/project-layout-NrWtJUaV.js:1
[   12207ms] [LOG] [useOpenCode:bootProject] Using existing session: ses_09925d274ffeeii3bMZT15Cvu2 @ https://stores-designer.harmony.a2z.com/assets/project-layout-NrWtJUaV.js:1
[   12210ms] [LOG] [opencode] → GET /session/:id/message projectId: c53ce80d-de59-4224-8ae4-85480931c35d correlationId: r_1784224783214_3 @ https://stores-designer.harmony.a2z.com/assets/index-ZHSC2mrQ.js:8
[   12212ms] [ERROR] Failed to load resource: net::ERR_BLOCKED_BY_CLIENT @ https://unagi-na.amazon.com/1/events/com.amazon.eel.katal.metrics.core.nexus:0
[   12331ms] [LOG] Received authorizedReturned response from background script @ chrome-extension://bkbighdlgofgdhcjnhocalbkiehhpdei/sentryjs-api-injected.js:18
[   12509ms] [LOG] Received authorizedReturned response from background script @ chrome-extension://bkbighdlgofgdhcjnhocalbkiehhpdei/sentryjs-api-injected.js:18
[   12694ms] [LOG] trackMetric: ai.request 1 {route: /session/:id/message, method: GET, projectId: c53ce80d-de59-4224-8ae4-85480931c35d, correlationId: r_1784224783214_3, outcome: success} @ https://stores-designer.harmony.a2z.com/assets/utils-BPBUpZd6.js:14
[   12695ms] [LOG] [opencode] ← /session/:id/message 483ms correlationId: r_1784224783214_3 @ https://stores-designer.harmony.a2z.com/assets/index-ZHSC2mrQ.js:8
[   12695ms] [LOG] [useOpenCode:bootProject] Loaded 5 existing messages @ https://stores-designer.harmony.a2z.com/assets/project-layout-NrWtJUaV.js:1
[   12695ms] [LOG] [useOpenCode] Runtime ready for project: c53ce80d-de59-4224-8ae4-85480931c35d template: blank retries: 0 totalBootMs: 2418 @ https://stores-designer.harmony.a2z.com/assets/project-layout-NrWtJUaV.js:1
[   12695ms] [LOG] trackLatency: boot.duration 2418ms {projectId: c53ce80d-de59-4224-8ae4-85480931c35d} @ https://stores-designer.harmony.a2z.com/assets/utils-BPBUpZd6.js:14
[   12724ms] [LOG] [useOpenCode:bootProject] Starting boot for project: c53ce80d-de59-4224-8ae4-85480931c35d template: blank @ https://stores-designer.harmony.a2z.com/assets/project-layout-NrWtJUaV.js:1
[   12724ms] [LOG] [useOpenCode:bootProject] Skipping - boot already in progress for this project (ref check) @ https://stores-designer.harmony.a2z.com/assets/project-layout-NrWtJUaV.js:1
[   12724ms] [LOG] [useAutoProjectTitle] No description captured, skipping @ https://stores-designer.harmony.a2z.com/assets/project-layout-NrWtJUaV.js:37
[   12729ms] [LOG] [opencode] → GET /model-info projectId: c53ce80d-de59-4224-8ae4-85480931c35d correlationId: r_1784224783702_4 @ https://stores-designer.harmony.a2z.com/assets/index-ZHSC2mrQ.js:8
[   12729ms] [LOG] [opencode] → GET /file/content projectId: c53ce80d-de59-4224-8ae4-85480931c35d correlationId: r_1784224783731_8 @ https://stores-designer.harmony.a2z.com/assets/index-ZHSC2mrQ.js:8
[   12730ms] [LOG] [opencode] → SSE /global/event correlationId: r_1784224783730_5 @ https://stores-designer.harmony.a2z.com/assets/index-ZHSC2mrQ.js:8
[   12730ms] [LOG] [opencode] → SSE /global/event correlationId: r_1784224783730_6 @ https://stores-designer.harmony.a2z.com/assets/index-ZHSC2mrQ.js:8
[   12730ms] [LOG] [opencode] → SSE /global/event correlationId: r_1784224783731_7 @ https://stores-designer.harmony.a2z.com/assets/index-ZHSC2mrQ.js:8
[   12731ms] [LOG] [opencode] → SSE /global/event correlationId: r_1784224783732_9 @ https://stores-designer.harmony.a2z.com/assets/index-ZHSC2mrQ.js:8
[   12731ms] [LOG] Received authorizedReturned response from background script @ chrome-extension://bkbighdlgofgdhcjnhocalbkiehhpdei/sentryjs-api-injected.js:18
[   12731ms] [LOG] Received authorizedReturned response from background script @ chrome-extension://bkbighdlgofgdhcjnhocalbkiehhpdei/sentryjs-api-injected.js:18
[   12744ms] [LOG] [useOpenCode:bootProject] Starting boot for project: c53ce80d-de59-4224-8ae4-85480931c35d template: blank @ https://stores-designer.harmony.a2z.com/assets/project-layout-NrWtJUaV.js:1
[   12744ms] [LOG] [useOpenCode:bootProject] Skipping - boot already in progress for this project (ref check) @ https://stores-designer.harmony.a2z.com/assets/project-layout-NrWtJUaV.js:1
[   12860ms] [ERROR] Failed to load resource: net::ERR_BLOCKED_BY_CLIENT @ https://unagi-na.amazon.com/1/events/com.amazon.eel.katal.metrics.core.nexus:0
[   12927ms] [LOG] Received authorizedReturned response from background script @ chrome-extension://bkbighdlgofgdhcjnhocalbkiehhpdei/sentryjs-api-injected.js:18
[   13090ms] [LOG] Received authorizedReturned response from background script @ chrome-extension://bkbighdlgofgdhcjnhocalbkiehhpdei/sentryjs-api-injected.js:18
[   13090ms] [LOG] Received authorizedReturned response from background script @ chrome-extension://bkbighdlgofgdhcjnhocalbkiehhpdei/sentryjs-api-injected.js:18
[   13174ms] [LOG] trackMetric: ai.request 1 {route: /global/event, method: SSE, projectId: c53ce80d-de59-4224-8ae4-85480931c35d, correlationId: r_1784224783730_6, outcome: success} @ https://stores-designer.harmony.a2z.com/assets/utils-BPBUpZd6.js:14
[   13175ms] [LOG] [opencode] ← SSE connected 444ms correlationId: r_1784224783730_6 @ https://stores-designer.harmony.a2z.com/assets/index-ZHSC2mrQ.js:8
[   13191ms] [LOG] trackMetric: ai.request 1 {route: /global/event, method: SSE, projectId: c53ce80d-de59-4224-8ae4-85480931c35d, correlationId: r_1784224783730_5, outcome: success} @ https://stores-designer.harmony.a2z.com/assets/utils-BPBUpZd6.js:14
[   13192ms] [LOG] [opencode] ← SSE connected 461ms correlationId: r_1784224783730_5 @ https://stores-designer.harmony.a2z.com/assets/index-ZHSC2mrQ.js:8
[   13235ms] [LOG] trackMetric: ai.request 1 {route: /global/event, method: SSE, projectId: c53ce80d-de59-4224-8ae4-85480931c35d, correlationId: r_1784224783731_7, outcome: success} @ https://stores-designer.harmony.a2z.com/assets/utils-BPBUpZd6.js:14
[   13241ms] [LOG] [opencode] ← SSE connected 504ms correlationId: r_1784224783731_7 @ https://stores-designer.harmony.a2z.com/assets/index-ZHSC2mrQ.js:8
[   13246ms] [ERROR] Failed to load resource: net::ERR_BLOCKED_BY_CLIENT @ https://unagi-na.amazon.com/1/events/com.amazon.eel.katal.metrics.core.nexus:0
[   13268ms] [LOG] Received authorizedReturned response from background script @ chrome-extension://bkbighdlgofgdhcjnhocalbkiehhpdei/sentryjs-api-injected.js:18
[   13304ms] [LOG] trackMetric: ai.request 1 {route: /global/event, method: SSE, projectId: c53ce80d-de59-4224-8ae4-85480931c35d, correlationId: r_1784224783732_9, outcome: success} @ https://stores-designer.harmony.a2z.com/assets/utils-BPBUpZd6.js:14
[   13305ms] [LOG] [opencode] ← SSE connected 573ms correlationId: r_1784224783732_9 @ https://stores-designer.harmony.a2z.com/assets/index-ZHSC2mrQ.js:8
[   13433ms] [LOG] Received authorizedReturned response from background script @ chrome-extension://bkbighdlgofgdhcjnhocalbkiehhpdei/sentryjs-api-injected.js:18
[   13635ms] [LOG] Received authorizedReturned response from background script @ chrome-extension://bkbighdlgofgdhcjnhocalbkiehhpdei/sentryjs-api-injected.js:18
[   13635ms] [LOG] Received authorizedReturned response from background script @ chrome-extension://bkbighdlgofgdhcjnhocalbkiehhpdei/sentryjs-api-injected.js:18
[   13787ms] [LOG] Received authorizedReturned response from background script @ chrome-extension://bkbighdlgofgdhcjnhocalbkiehhpdei/sentryjs-api-injected.js:18
[   13885ms] [ERROR] Failed to load resource: net::ERR_BLOCKED_BY_CLIENT @ https://unagi-na.amazon.com/1/events/com.amazon.eel.katal.metrics.core.nexus:0
[   13993ms] [LOG] Received authorizedReturned response from background script @ chrome-extension://bkbighdlgofgdhcjnhocalbkiehhpdei/sentryjs-api-injected.js:18
[   13993ms] [LOG] Received authorizedReturned response from background script @ chrome-extension://bkbighdlgofgdhcjnhocalbkiehhpdei/sentryjs-api-injected.js:18
[   14174ms] [LOG] Received authorizedReturned response from background script @ chrome-extension://bkbighdlgofgdhcjnhocalbkiehhpdei/sentryjs-api-injected.js:18
[   14345ms] [LOG] Received authorizedReturned response from background script @ chrome-extension://bkbighdlgofgdhcjnhocalbkiehhpdei/sentryjs-api-injected.js:18
[   14446ms] [LOG] trackMetric: ai.request 1 {route: /file/content, method: GET, projectId: c53ce80d-de59-4224-8ae4-85480931c35d, correlationId: r_1784224783731_8, outcome: success} @ https://stores-designer.harmony.a2z.com/assets/utils-BPBUpZd6.js:14
[   14448ms] [LOG] [opencode] ← /file/content 1717ms correlationId: r_1784224783731_8 @ https://stores-designer.harmony.a2z.com/assets/index-ZHSC2mrQ.js:8
[   14448ms] [LOG] [usePageFramesQuery] Raw page.json frames: [Object] @ https://stores-designer.harmony.a2z.com/assets/project-layout-NrWtJUaV.js:59
[   14452ms] [LOG] [useBackendSync] sync triggered {isInitialized: false, prevIds: Array(0), queryIds: Array(1), storeIds: Array(0), queryCount: 1} @ https://stores-designer.harmony.a2z.com/assets/project-layout-NrWtJUaV.js:60
[   14467ms] [LOG] [useElementCapture] Browser support check: {hasNavigator: true, hasMediaDevices: true, hasGetDisplayMedia: true, isSupported: true} @ https://stores-designer.harmony.a2z.com/assets/project-layout-NrWtJUaV.js:17
[   14506ms] [ERROR] Failed to load resource: net::ERR_BLOCKED_BY_CLIENT @ https://unagi-na.amazon.com/1/events/com.amazon.eel.katal.metrics.core.nexus:0
[   14511ms] [LOG] trackMetric: ai.request 1 {route: /model-info, method: GET, projectId: c53ce80d-de59-4224-8ae4-85480931c35d, correlationId: r_1784224783702_4, outcome: success} @ https://stores-designer.harmony.a2z.com/assets/utils-BPBUpZd6.js:14
[   14512ms] [LOG] [opencode] ← /model-info 1776ms correlationId: r_1784224783702_4 @ https://stores-designer.harmony.a2z.com/assets/index-ZHSC2mrQ.js:8
[   15221ms] [LOG] %c[SD]%c RPC client connected via HMR color:#10B981;font-weight:bold  @ https://env-9add5ea877df4ab681dbf151342be4ee.mde.prod.design-assistant.sdt.amazon.dev/node_modules/@amzn/sd-harness-client/src/client-runtime/rpc-client.ts?v=4b144c6e:6
[   15223ms] [LOG] trackLatency: page.all_frames_loaded 4946ms {frameCount: 1} @ https://stores-designer.harmony.a2z.com/assets/utils-BPBUpZd6.js:14
[   19380ms] [ERROR] Failed to load resource: net::ERR_BLOCKED_BY_CLIENT @ https://unagi-na.amazon.com/1/events/com.amazon.eel.katal.metrics.core.nexus:0
[   19385ms] [ERROR] Creating a worker from 'blob:https://stores-designer.harmony.a2z.com/b8b2dba6-45c0-4d3b-a467-c5245483a8a5' violates the following Content Security Policy directive: "worker-src blob". The action has been blocked. @ https://stores-designer.harmony.a2z.com/assets/utils-BPBUpZd6.js:3
[   19386ms] [ERROR] Harmony tip: Looks like you could use some help with your Content Security Policy (CSP). You may need to add the following to your .harmony/harmony-metadata.json file under "content-security-policy": 

    "worker-src": ["blob"]

* If your current CSP is an empty object {}, add the directive listed above.
* If your CSP already specifies the "worker-src" directive, add "blob" to its array.

Example harmony-metadata.json:
    "content-security-policy": {
        "worker-src": ["blob"]
    }

If your application does not have a .harmony folder, run: "harmony app create-harmony-folder" to migrate to the recommended method of managing your App's configuration.

More info: https://docs.harmony.a2z.com/application-development.html#Content%20Security%20Policies @ https://stores-designer.harmony.a2z.com/navigation/harmony-navbar.js:125
[   19613ms] [ERROR] Failed to load resource: net::ERR_BLOCKED_BY_CLIENT @ https://unagi-na.amazon.com/1/events/com.amazon.eel.katal.metrics.core.nexus:0
[   19735ms] [LOG] Currently configured to use Space stages: {"domain":"harmony.a2z.com","stage":"prod","spaceId":"harmony","mode":"multi-app-subdomain"} @ https://stores-designer.harmony.a2z.com/navigation/harmony-navbar.js:53
[   20105ms] [LOG] AUI Debug: Reapplying overrides after page change @ chrome-extension://dcfoehjpoialdhneckhclkljejggicle/scripts.js:54
[   20738ms] [ERROR] Failed to load resource: net::ERR_BLOCKED_BY_CLIENT @ https://unagi-na.amazon.com/1/events/com.amazon.eel.katal.metrics.core.nexus:0
[   24621ms] [ERROR] Failed to load resource: net::ERR_BLOCKED_BY_CLIENT @ https://unagi-na.amazon.com/1/events/com.amazon.eel.katal.metrics.core.nexus:0
[   24912ms] [LOG] Currently configured to use Space stages: {"domain":"harmony.a2z.com","stage":"prod","spaceId":"harmony","mode":"multi-app-subdomain"} @ https://stores-designer.harmony.a2z.com/navigation/harmony-navbar.js:53
[   25161ms] [LOG] AUI Debug: Reapplying overrides after page change @ chrome-extension://dcfoehjpoialdhneckhclkljejggicle/scripts.js:54
[   26772ms] [ERROR] Failed to load resource: net::ERR_BLOCKED_BY_CLIENT @ https://unagi-na.amazon.com/1/events/com.amazon.eel.katal.metrics.core.nexus:0
[   27668ms] [LOG] trackMetric: ux.user.action 1 {action: ds_project_create_confirmed, package: @amzn/sds-components, version: 0.2.363} @ https://stores-designer.harmony.a2z.com/assets/utils-BPBUpZd6.js:14
[   27866ms] [LOG] trackMetric: ux.user.action 1 {action: project_created, template: blank} @ https://stores-designer.harmony.a2z.com/assets/utils-BPBUpZd6.js:14
[   27881ms] [ERROR] Failed to load resource: net::ERR_BLOCKED_BY_CLIENT @ https://unagi-na.amazon.com/1/events/com.amazon.eel.katal.metrics.core.nexus:0
[   28436ms] [LOG] Currently configured to use Space stages: {"domain":"harmony.a2z.com","stage":"prod","spaceId":"harmony","mode":"multi-app-subdomain"} @ https://stores-designer.harmony.a2z.com/navigation/harmony-navbar.js:53
[   28681ms] [LOG] AUI Debug: Reapplying overrides after page change @ chrome-extension://dcfoehjpoialdhneckhclkljejggicle/scripts.js:54
[   29584ms] [ERROR] Failed to load resource: net::ERR_BLOCKED_BY_CLIENT @ https://unagi-na.amazon.com/1/events/com.amazon.eel.katal.metrics.core.nexus:0
[   29752ms] [ERROR] Failed to load resource: net::ERR_BLOCKED_BY_CLIENT @ https://unagi-na.amazon.com/1/events/com.amazon.eel.katal.metrics.core.nexus:0
[   34395ms] [ERROR] Failed to load resource: net::ERR_BLOCKED_BY_CLIENT @ https://unagi-na.amazon.com/1/events/com.amazon.eel.katal.metrics.core.nexus:0
[   34605ms] [LOG] [useOpenCode:bootProject] Starting boot for project: 72de8d92-3cde-4901-aa25-c760d9bd0d67 template: blank @ https://stores-designer.harmony.a2z.com/assets/project-layout-NrWtJUaV.js:1
[   34612ms] [LOG] [useOpenCode:bootProject] Starting boot for project: 72de8d92-3cde-4901-aa25-c760d9bd0d67 template: blank @ https://stores-designer.harmony.a2z.com/assets/project-layout-NrWtJUaV.js:1
[   34612ms] [LOG] [useOpenCode:bootProject] Skipping - boot already in progress for this project (ref check) @ https://stores-designer.harmony.a2z.com/assets/project-layout-NrWtJUaV.js:1
[   34613ms] [INFO] [SdRpc] Starting iframe relay for project: 72de8d92-3cde-4901-aa25-c760d9bd0d67 @ https://stores-designer.harmony.a2z.com/assets/project-layout-NrWtJUaV.js:6
[   34826ms] [LOG] [opencode] → GET /session projectId: 72de8d92-3cde-4901-aa25-c760d9bd0d67 correlationId: r_1784224805612_1 @ https://stores-designer.harmony.a2z.com/assets/index-ZHSC2mrQ.js:8
[   34827ms] [LOG] [opencode] → GET /session/status projectId: 72de8d92-3cde-4901-aa25-c760d9bd0d67 correlationId: r_1784224805613_2 @ https://stores-designer.harmony.a2z.com/assets/index-ZHSC2mrQ.js:8
[   34829ms] [ERROR] Access to fetch at 'https://env-428eb929f10743bfa0b2fe0b425a2614.mde.prod.design-assistant.sdt.amazon.dev/__frame_ready__' from origin 'https://stores-designer.harmony.a2z.com' has been blocked by CORS policy: No 'Access-Control-Allow-Origin' header is present on the requested resource. @ https://stores-designer.harmony.a2z.com/projects/72de8d92-3cde-4901-aa25-c760d9bd0d67?template=blank&dsPackage=%40amzn%2Fsds-components&dsVersion=0.2.363&new=true:0
[   34829ms] [ERROR] Failed to load resource: net::ERR_FAILED @ https://env-428eb929f10743bfa0b2fe0b425a2614.mde.prod.design-assistant.sdt.amazon.dev/__frame_ready__:0
[   34835ms] [LOG] trackMetric: page.error 1 {errorName: frame.ready.check.failed, error: frame_ready responded undefined} @ https://stores-designer.harmony.a2z.com/assets/utils-BPBUpZd6.js:14
[   34843ms] [ERROR] Failed to load resource: net::ERR_BLOCKED_BY_CLIENT @ https://unagi-na.amazon.com/1/events/com.amazon.eel.katal.metrics.core.nexus:0
[   35401ms] [ERROR] Failed to load resource: the server responded with a status of 503 () @ https://prod.design-assistant.sdt.amazon.dev/agents/designer-agent:0
[   35403ms] [LOG] trackMetric: ai.error 1 {errorName: response.failed, error: HTTP 503: Connection refused by environment on port 8080} @ https://stores-designer.harmony.a2z.com/assets/utils-BPBUpZd6.js:14
[   35404ms] [LOG] trackMetric: ai.request 1 {route: /session/status, method: GET, projectId: 72de8d92-3cde-4901-aa25-c760d9bd0d67, correlationId: r_1784224805613_2, outcome: error} @ https://stores-designer.harmony.a2z.com/assets/utils-BPBUpZd6.js:14
[   35419ms] [ERROR] Failed to load resource: the server responded with a status of 503 () @ https://prod.design-assistant.sdt.amazon.dev/agents/designer-agent:0
[   35422ms] [LOG] trackMetric: ai.error 1 {errorName: response.failed, error: HTTP 503: Connection refused by environment on port 8080} @ https://stores-designer.harmony.a2z.com/assets/utils-BPBUpZd6.js:14
[   35423ms] [LOG] trackMetric: ai.request 1 {route: /session, method: GET, projectId: 72de8d92-3cde-4901-aa25-c760d9bd0d67, correlationId: r_1784224805612_1, outcome: error} @ https://stores-designer.harmony.a2z.com/assets/utils-BPBUpZd6.js:14
[   35429ms] [LOG] trackMetric: runtime.error 1 {errorName: boot.failed, error: HTTP 503: Connection refused by environment on port 8080 (attempt 1/3)} @ https://stores-designer.harmony.a2z.com/assets/utils-BPBUpZd6.js:14
[   35432ms] [WARNING] [useOpenCode] Boot failed (attempt 1/3), retrying in 2000ms: Error: HTTP 503: Connection refused by environment on port 8080
    at nl.request (https://stores-designer.harmony.a2z.com/assets/index-ZHSC2mrQ.js:9:1552)
    at async Promise.all (index 0)
    at async https://stores-designer.harmony.a2z.com/assets/project-layout-NrWtJUaV.js:2:30828 @ https://stores-designer.harmony.a2z.com/assets/project-layout-NrWtJUaV.js:1
[   35436ms] [ERROR] Failed to load resource: net::ERR_BLOCKED_BY_CLIENT @ https://unagi-na.amazon.com/1/events/com.amazon.eel.katal.metrics.core.nexus:0
[   35445ms] [ERROR] Failed to load resource: the server responded with a status of 503 () @ https://prod.design-assistant.sdt.amazon.dev/agents/designer-agent:0
[   37433ms] [LOG] [useOpenCode:bootProject] Starting boot for project: 72de8d92-3cde-4901-aa25-c760d9bd0d67 template: blank @ https://stores-designer.harmony.a2z.com/assets/project-layout-NrWtJUaV.js:1
[   37434ms] [LOG] [opencode] → GET /session projectId: 72de8d92-3cde-4901-aa25-c760d9bd0d67 correlationId: r_1784224808441_3 @ https://stores-designer.harmony.a2z.com/assets/index-ZHSC2mrQ.js:8
[   37434ms] [LOG] [opencode] → GET /session/status projectId: 72de8d92-3cde-4901-aa25-c760d9bd0d67 correlationId: r_1784224808441_4 @ https://stores-designer.harmony.a2z.com/assets/index-ZHSC2mrQ.js:8
[   38686ms] [ERROR] Failed to load resource: net::ERR_BLOCKED_BY_CLIENT @ https://unagi-na.amazon.com/1/events/com.amazon.eel.katal.metrics.core.nexus:0
[   39048ms] [ERROR] Creating a worker from 'blob:https://stores-designer.harmony.a2z.com/bdd6f86d-421d-4bee-a5d2-ca404d23e35e' violates the following Content Security Policy directive: "worker-src blob". The action has been blocked. @ https://stores-designer.harmony.a2z.com/assets/utils-BPBUpZd6.js:3
[   39049ms] [ERROR] Harmony tip: Looks like you could use some help with your Content Security Policy (CSP). You may need to add the following to your .harmony/harmony-metadata.json file under "content-security-policy": 

    "worker-src": ["blob"]

* If your current CSP is an empty object {}, add the directive listed above.
* If your CSP already specifies the "worker-src" directive, add "blob" to its array.

Example harmony-metadata.json:
    "content-security-policy": {
        "worker-src": ["blob"]
    }

If your application does not have a .harmony folder, run: "harmony app create-harmony-folder" to migrate to the recommended method of managing your App's configuration.

More info: https://docs.harmony.a2z.com/application-development.html#Content%20Security%20Policies @ https://stores-designer.harmony.a2z.com/navigation/harmony-navbar.js:125
[   39314ms] [LOG] Received authorizedReturned response from background script @ chrome-extension://bkbighdlgofgdhcjnhocalbkiehhpdei/sentryjs-api-injected.js:18
[   39581ms] [ERROR] Failed to load resource: net::ERR_BLOCKED_BY_CLIENT @ https://unagi-na.amazon.com/1/events/com.amazon.eel.katal.metrics.core.nexus:0
[   39749ms] [ERROR] Failed to load resource: net::ERR_BLOCKED_BY_CLIENT @ https://unagi-na.amazon.com/1/events/com.amazon.eel.katal.metrics.core.nexus:0
[   41097ms] [LOG] trackMetric: ai.request 1 {route: /session/status, method: GET, projectId: 72de8d92-3cde-4901-aa25-c760d9bd0d67, correlationId: r_1784224808441_4, outcome: success} @ https://stores-designer.harmony.a2z.com/assets/utils-BPBUpZd6.js:14
[   41100ms] [LOG] [opencode] ← /session/status 3662ms correlationId: r_1784224808441_4 @ https://stores-designer.harmony.a2z.com/assets/index-ZHSC2mrQ.js:8
[   41101ms] [LOG] trackMetric: ai.request 1 {route: /session, method: GET, projectId: 72de8d92-3cde-4901-aa25-c760d9bd0d67, correlationId: r_1784224808441_3, outcome: success} @ https://stores-designer.harmony.a2z.com/assets/utils-BPBUpZd6.js:14
[   41102ms] [LOG] [opencode] ← /session 3663ms correlationId: r_1784224808441_3 @ https://stores-designer.harmony.a2z.com/assets/index-ZHSC2mrQ.js:8
[   41102ms] [LOG] [useOpenCode:bootProject] Found 0 existing sessions @ https://stores-designer.harmony.a2z.com/assets/project-layout-NrWtJUaV.js:1
[   41102ms] [LOG] [useOpenCode:bootProject] No sessions - creating new session @ https://stores-designer.harmony.a2z.com/assets/project-layout-NrWtJUaV.js:1
[   41109ms] [LOG] [useOpenCode:bootProject] Starting boot for project: 72de8d92-3cde-4901-aa25-c760d9bd0d67 template: blank @ https://stores-designer.harmony.a2z.com/assets/project-layout-NrWtJUaV.js:1
[   41109ms] [LOG] [useOpenCode:bootProject] Skipping - boot already in progress for this project (ref check) @ https://stores-designer.harmony.a2z.com/assets/project-layout-NrWtJUaV.js:1
[   41109ms] [LOG] [useAutoProjectTitle] No description captured, skipping @ https://stores-designer.harmony.a2z.com/assets/project-layout-NrWtJUaV.js:37
[   41112ms] [LOG] [opencode] → POST /session projectId: 72de8d92-3cde-4901-aa25-c760d9bd0d67 correlationId: r_1784224812109_5 @ https://stores-designer.harmony.a2z.com/assets/index-ZHSC2mrQ.js:8
[   41114ms] [LOG] [opencode] → SSE /global/event correlationId: r_1784224812115_6 @ https://stores-designer.harmony.a2z.com/assets/index-ZHSC2mrQ.js:8
[   41115ms] [LOG] [opencode] → SSE /global/event correlationId: r_1784224812115_7 @ https://stores-designer.harmony.a2z.com/assets/index-ZHSC2mrQ.js:8
[   41115ms] [LOG] [opencode] → SSE /global/event correlationId: r_1784224812115_8 @ https://stores-designer.harmony.a2z.com/assets/index-ZHSC2mrQ.js:8
[   41115ms] [LOG] [opencode] → SSE /global/event correlationId: r_1784224812117_9 @ https://stores-designer.harmony.a2z.com/assets/index-ZHSC2mrQ.js:8
[   41714ms] [LOG] trackMetric: ai.request 1 {route: /global/event, method: SSE, projectId: 72de8d92-3cde-4901-aa25-c760d9bd0d67, correlationId: r_1784224812115_6, outcome: success} @ https://stores-designer.harmony.a2z.com/assets/utils-BPBUpZd6.js:14
[   41717ms] [LOG] [opencode] ← SSE connected 600ms correlationId: r_1784224812115_6 @ https://stores-designer.harmony.a2z.com/assets/index-ZHSC2mrQ.js:8
[   41723ms] [ERROR] Failed to load resource: net::ERR_BLOCKED_BY_CLIENT @ https://unagi-na.amazon.com/1/events/com.amazon.eel.katal.metrics.core.nexus:0
[   41746ms] [LOG] trackMetric: ai.request 1 {route: /global/event, method: SSE, projectId: 72de8d92-3cde-4901-aa25-c760d9bd0d67, correlationId: r_1784224812115_7, outcome: success} @ https://stores-designer.harmony.a2z.com/assets/utils-BPBUpZd6.js:14
[   41747ms] [LOG] [opencode] ← SSE connected 631ms correlationId: r_1784224812115_7 @ https://stores-designer.harmony.a2z.com/assets/index-ZHSC2mrQ.js:8
[   41773ms] [LOG] trackMetric: ai.request 1 {route: /session, method: POST, projectId: 72de8d92-3cde-4901-aa25-c760d9bd0d67, correlationId: r_1784224812109_5, outcome: success} @ https://stores-designer.harmony.a2z.com/assets/utils-BPBUpZd6.js:14
[   41774ms] [LOG] [opencode] ← /session 661ms correlationId: r_1784224812109_5 @ https://stores-designer.harmony.a2z.com/assets/index-ZHSC2mrQ.js:8
[   41775ms] [LOG] [useOpenCode] Runtime ready for project: 72de8d92-3cde-4901-aa25-c760d9bd0d67 template: blank retries: 1 totalBootMs: 7170 @ https://stores-designer.harmony.a2z.com/assets/project-layout-NrWtJUaV.js:1
[   41775ms] [LOG] trackLatency: boot.duration 4341ms {projectId: 72de8d92-3cde-4901-aa25-c760d9bd0d67} @ https://stores-designer.harmony.a2z.com/assets/utils-BPBUpZd6.js:14
[   41785ms] [LOG] [useOpenCode:bootProject] Starting boot for project: 72de8d92-3cde-4901-aa25-c760d9bd0d67 template: blank @ https://stores-designer.harmony.a2z.com/assets/project-layout-NrWtJUaV.js:1
[   41785ms] [LOG] [useOpenCode:bootProject] Skipping - boot already in progress for this project (ref check) @ https://stores-designer.harmony.a2z.com/assets/project-layout-NrWtJUaV.js:1
[   41791ms] [LOG] [opencode] → GET /model-info projectId: 72de8d92-3cde-4901-aa25-c760d9bd0d67 correlationId: r_1784224812782_a @ https://stores-designer.harmony.a2z.com/assets/index-ZHSC2mrQ.js:8
[   41791ms] [LOG] [opencode] → GET /file/content projectId: 72de8d92-3cde-4901-aa25-c760d9bd0d67 correlationId: r_1784224812792_b @ https://stores-designer.harmony.a2z.com/assets/index-ZHSC2mrQ.js:8
[   41806ms] [LOG] [useOpenCode:bootProject] Starting boot for project: 72de8d92-3cde-4901-aa25-c760d9bd0d67 template: blank @ https://stores-designer.harmony.a2z.com/assets/project-layout-NrWtJUaV.js:1
[   41806ms] [LOG] [useOpenCode:bootProject] Skipping - boot already in progress for this project (ref check) @ https://stores-designer.harmony.a2z.com/assets/project-layout-NrWtJUaV.js:1
[   41833ms] [LOG] trackMetric: ai.request 1 {route: /global/event, method: SSE, projectId: 72de8d92-3cde-4901-aa25-c760d9bd0d67, correlationId: r_1784224812115_8, outcome: success} @ https://stores-designer.harmony.a2z.com/assets/utils-BPBUpZd6.js:14
[   41834ms] [LOG] [opencode] ← SSE connected 718ms correlationId: r_1784224812115_8 @ https://stores-designer.harmony.a2z.com/assets/index-ZHSC2mrQ.js:8
[   41851ms] [LOG] [useOpenCode] build.completed frameIds: undefined sessionId: restore @ https://stores-designer.harmony.a2z.com/assets/project-layout-NrWtJUaV.js:1
[   41852ms] [LOG] [useOpenCode] build.started frameIds: undefined @ https://stores-designer.harmony.a2z.com/assets/project-layout-NrWtJUaV.js:1
[   41852ms] [LOG] [useOpenCode] build.completed frameIds: undefined sessionId: restore @ https://stores-designer.harmony.a2z.com/assets/project-layout-NrWtJUaV.js:1
[   41852ms] [LOG] [useOpenCode] build.started frameIds: undefined @ https://stores-designer.harmony.a2z.com/assets/project-layout-NrWtJUaV.js:1
[   41852ms] [LOG] [useOpenCode] build.completed frameIds: undefined sessionId: restore @ https://stores-designer.harmony.a2z.com/assets/project-layout-NrWtJUaV.js:1
[   41852ms] [LOG] [useOpenCode] build.started frameIds: undefined @ https://stores-designer.harmony.a2z.com/assets/project-layout-NrWtJUaV.js:1
[   41901ms] [ERROR] Access to fetch at 'https://env-428eb929f10743bfa0b2fe0b425a2614.mde.prod.design-assistant.sdt.amazon.dev/__frame_ready__' from origin 'https://stores-designer.harmony.a2z.com' has been blocked by CORS policy: No 'Access-Control-Allow-Origin' header is present on the requested resource. @ https://stores-designer.harmony.a2z.com/projects/72de8d92-3cde-4901-aa25-c760d9bd0d67/sessions/ses_093e9f0c1ffegBbjJSUU0pzuah?template=blank&dsPackage=%40amzn%2Fsds-components&dsVersion=0.2.363&new=true:0
[   41901ms] [ERROR] Failed to load resource: net::ERR_FAILED @ https://env-428eb929f10743bfa0b2fe0b425a2614.mde.prod.design-assistant.sdt.amazon.dev/__frame_ready__:0
[   41906ms] [LOG] trackMetric: page.error 1 {errorName: frame.ready.check.failed, error: frame_ready responded undefined} @ https://stores-designer.harmony.a2z.com/assets/utils-BPBUpZd6.js:14
[   41909ms] [ERROR] Failed to load resource: net::ERR_BLOCKED_BY_CLIENT @ https://unagi-na.amazon.com/1/events/com.amazon.eel.katal.metrics.core.nexus:0
[   42069ms] [ERROR] Failed to load resource: the server responded with a status of 401 () @ https://env-428eb929f10743bfa0b2fe0b425a2614.mde.prod.design-assistant.sdt.amazon.dev/oauth2/idpresponse?code=eyJmZWRlcmF0ZUNvZGUiOiI1YTIxNTBhMi05NWMwLTQ3YTYtYjY2Mi0wOGQ1ZjIwYTdhMmZAdXMtZWFzdC0xIiwiZW52aXJvbm1lbnRJZCI6ImUtNDI4ZWI5MjlmMTA3NDNiZmEwYjJmZTBiNDI1YTI2MTQifQ%3D%3D&state=tEI%2BWFVEabQ%2FnGA7P2vBSIld0ugy6ZuC5uBuNTVZEmniZji%2Fye0Vk0bsndMonDLba2jht5AKYAvewAuuqIlH5QmsJ%2B0duiopyhrQ5Y9DwFyslCPcoCN0FfKvTspclxvv9916Airn1ZWUSv6xrUxcnHbFrHIb7AhhRn0dSIjoMtsaqwoOKPbf%2Fi%2BJ1ZnnfuTc5mkfxmzZZKDzCCMlTk0%2FSOxhu3Dd2Kl4XQYbdvXYF43m%2BTPPrZ%2BhP6w%3D:0
[   42236ms] [LOG] trackMetric: ai.request 1 {route: /model-info, method: GET, projectId: 72de8d92-3cde-4901-aa25-c760d9bd0d67, correlationId: r_1784224812782_a, outcome: success} @ https://stores-designer.harmony.a2z.com/assets/utils-BPBUpZd6.js:14
[   42237ms] [LOG] [opencode] ← /model-info 445ms correlationId: r_1784224812782_a @ https://stores-designer.harmony.a2z.com/assets/index-ZHSC2mrQ.js:8
[   42285ms] [LOG] trackMetric: ai.request 1 {route: /file/content, method: GET, projectId: 72de8d92-3cde-4901-aa25-c760d9bd0d67, correlationId: r_1784224812792_b, outcome: success} @ https://stores-designer.harmony.a2z.com/assets/utils-BPBUpZd6.js:14
[   42288ms] [LOG] [opencode] ← /file/content 494ms correlationId: r_1784224812792_b @ https://stores-designer.harmony.a2z.com/assets/index-ZHSC2mrQ.js:8
[   42291ms] [LOG] [usePageFramesQuery] Raw page.json frames: [Object] @ https://stores-designer.harmony.a2z.com/assets/project-layout-NrWtJUaV.js:59
[   42292ms] [ERROR] Failed to load resource: net::ERR_BLOCKED_BY_CLIENT @ https://unagi-na.amazon.com/1/events/com.amazon.eel.katal.metrics.core.nexus:0
[   42296ms] [LOG] [useBackendSync] sync triggered {isInitialized: false, prevIds: Array(0), queryIds: Array(1), storeIds: Array(0), queryCount: 1} @ https://stores-designer.harmony.a2z.com/assets/project-layout-NrWtJUaV.js:60
[   42310ms] [LOG] [useElementCapture] Browser support check: {hasNavigator: true, hasMediaDevices: true, hasGetDisplayMedia: true, isSupported: true} @ https://stores-designer.harmony.a2z.com/assets/project-layout-NrWtJUaV.js:17
[   42453ms] [LOG] [useOpenCode] build.completed frameIds: undefined sessionId: ses_093e9f0c1ffegBbjJSUU0pzuah @ https://stores-designer.harmony.a2z.com/assets/project-layout-NrWtJUaV.js:1
[   42453ms] [LOG] [opencode] → GET /file/content projectId: 72de8d92-3cde-4901-aa25-c760d9bd0d67 correlationId: r_1784224813460_c @ https://stores-designer.harmony.a2z.com/assets/index-ZHSC2mrQ.js:8
[   42454ms] [LOG] [useOpenCode] build.completed frameIds: undefined sessionId: ses_093e9f0c1ffegBbjJSUU0pzuah @ https://stores-designer.harmony.a2z.com/assets/project-layout-NrWtJUaV.js:1
[   42455ms] [LOG] [opencode] → GET /file/content projectId: 72de8d92-3cde-4901-aa25-c760d9bd0d67 correlationId: r_1784224813461_d @ https://stores-designer.harmony.a2z.com/assets/index-ZHSC2mrQ.js:8
[   42455ms] [LOG] [useOpenCode] build.completed frameIds: undefined sessionId: ses_093e9f0c1ffegBbjJSUU0pzuah @ https://stores-designer.harmony.a2z.com/assets/project-layout-NrWtJUaV.js:1
[   42456ms] [LOG] [opencode] → GET /file/content projectId: 72de8d92-3cde-4901-aa25-c760d9bd0d67 correlationId: r_1784224813462_e @ https://stores-designer.harmony.a2z.com/assets/index-ZHSC2mrQ.js:8
[   42743ms] [LOG] trackMetric: ai.request 1 {route: /global/event, method: SSE, projectId: 72de8d92-3cde-4901-aa25-c760d9bd0d67, correlationId: r_1784224812117_9, outcome: success} @ https://stores-designer.harmony.a2z.com/assets/utils-BPBUpZd6.js:14
[   42744ms] [LOG] [opencode] ← SSE connected 1628ms correlationId: r_1784224812117_9 @ https://stores-designer.harmony.a2z.com/assets/index-ZHSC2mrQ.js:8
[   42902ms] [LOG] trackMetric: ai.request 1 {route: /file/content, method: GET, projectId: 72de8d92-3cde-4901-aa25-c760d9bd0d67, correlationId: r_1784224813460_c, outcome: success} @ https://stores-designer.harmony.a2z.com/assets/utils-BPBUpZd6.js:14
[   42903ms] [LOG] [opencode] ← /file/content 449ms correlationId: r_1784224813460_c @ https://stores-designer.harmony.a2z.com/assets/index-ZHSC2mrQ.js:8
[   42903ms] [LOG] [usePageFramesQuery] Raw page.json frames: [Object] @ https://stores-designer.harmony.a2z.com/assets/project-layout-NrWtJUaV.js:59
[   42958ms] [LOG] trackMetric: ai.request 1 {route: /file/content, method: GET, projectId: 72de8d92-3cde-4901-aa25-c760d9bd0d67, correlationId: r_1784224813461_d, outcome: success} @ https://stores-designer.harmony.a2z.com/assets/utils-BPBUpZd6.js:14
[   42960ms] [LOG] [opencode] ← /file/content 503ms correlationId: r_1784224813461_d @ https://stores-designer.harmony.a2z.com/assets/index-ZHSC2mrQ.js:8
[   42963ms] [LOG] [usePageFramesQuery] Raw page.json frames: [Object] @ https://stores-designer.harmony.a2z.com/assets/project-layout-NrWtJUaV.js:59
[   42965ms] [ERROR] Failed to load resource: net::ERR_BLOCKED_BY_CLIENT @ https://unagi-na.amazon.com/1/events/com.amazon.eel.katal.metrics.core.nexus:0
[   44167ms] [LOG] trackMetric: ai.request 1 {route: /file/content, method: GET, projectId: 72de8d92-3cde-4901-aa25-c760d9bd0d67, correlationId: r_1784224813462_e, outcome: success} @ https://stores-designer.harmony.a2z.com/assets/utils-BPBUpZd6.js:14
[   44168ms] [LOG] [opencode] ← /file/content 1711ms correlationId: r_1784224813462_e @ https://stores-designer.harmony.a2z.com/assets/index-ZHSC2mrQ.js:8
[   44168ms] [LOG] [usePageFramesQuery] Raw page.json frames: [Object] @ https://stores-designer.harmony.a2z.com/assets/project-layout-NrWtJUaV.js:59
[   44393ms] [ERROR] Failed to load resource: net::ERR_BLOCKED_BY_CLIENT @ https://unagi-na.amazon.com/1/events/com.amazon.eel.katal.metrics.core.nexus:0
[   44964ms] [LOG] %c[SD]%c RPC client connected via HMR color:#10B981;font-weight:bold  @ https://env-428eb929f10743bfa0b2fe0b425a2614.mde.prod.design-assistant.sdt.amazon.dev/node_modules/@amzn/sd-harness-client/src/client-runtime/rpc-client.ts?v=e4cd1ecb:6
[   44966ms] [LOG] trackLatency: page.all_frames_loaded 7532ms {frameCount: 1} @ https://stores-designer.harmony.a2z.com/assets/utils-BPBUpZd6.js:14
[   45427ms] [ERROR] Failed to load resource: net::ERR_BLOCKED_BY_CLIENT @ https://unagi-na.amazon.com/1/events/com.amazon.eel.katal.metrics.core.nexus:0
[   49043ms] [ERROR] Creating a worker from 'blob:https://stores-designer.harmony.a2z.com/bdd6f86d-421d-4bee-a5d2-ca404d23e35e' violates the following Content Security Policy directive: "worker-src blob". The action has been blocked. @ https://stores-designer.harmony.a2z.com/assets/utils-BPBUpZd6.js:3
[   49044ms] [ERROR] Harmony tip: Looks like you could use some help with your Content Security Policy (CSP). You may need to add the following to your .harmony/harmony-metadata.json file under "content-security-policy": 

    "worker-src": ["blob"]

* If your current CSP is an empty object {}, add the directive listed above.
* If your CSP already specifies the "worker-src" directive, add "blob" to its array.

Example harmony-metadata.json:
    "content-security-policy": {
        "worker-src": ["blob"]
    }

If your application does not have a .harmony folder, run: "harmony app create-harmony-folder" to migrate to the recommended method of managing your App's configuration.

More info: https://docs.harmony.a2z.com/application-development.html#Content%20Security%20Policies @ https://stores-designer.harmony.a2z.com/navigation/harmony-navbar.js:125
[   49583ms] [ERROR] Failed to load resource: net::ERR_BLOCKED_BY_CLIENT @ https://unagi-na.amazon.com/1/events/com.amazon.eel.katal.metrics.core.nexus:0
[  338655ms] [ERROR] Failed to load resource: net::ERR_BLOCKED_BY_CLIENT @ https://unagi-na.amazon.com/1/events/com.amazon.eel.katal.metrics.core.nexus:0
[  638805ms] [ERROR] Failed to load resource: net::ERR_BLOCKED_BY_CLIENT @ https://unagi-na.amazon.com/1/events/com.amazon.eel.katal.metrics.core.nexus:0
[  929972ms] [LOG] Received authorizedReturned response from background script @ chrome-extension://bkbighdlgofgdhcjnhocalbkiehhpdei/sentryjs-api-injected.js:18
[  940221ms] [ERROR] Failed to load resource: net::ERR_BLOCKED_BY_CLIENT @ https://unagi-na.amazon.com/1/events/com.amazon.eel.katal.metrics.core.nexus:0
[  941343ms] [LOG] [opencode] → SSE /global/event correlationId: r_1784225712348_f @ https://stores-designer.harmony.a2z.com/assets/index-ZHSC2mrQ.js:8
[  941371ms] [LOG] [opencode] → SSE /global/event correlationId: r_1784225712377_g @ https://stores-designer.harmony.a2z.com/assets/index-ZHSC2mrQ.js:8
[  941404ms] [LOG] [opencode] → SSE /global/event correlationId: r_1784225712410_h @ https://stores-designer.harmony.a2z.com/assets/index-ZHSC2mrQ.js:8
[  941415ms] [LOG] [opencode] → SSE /global/event correlationId: r_1784225712421_i @ https://stores-designer.harmony.a2z.com/assets/index-ZHSC2mrQ.js:8
[  942113ms] [LOG] Received authorizedReturned response from background script @ chrome-extension://bkbighdlgofgdhcjnhocalbkiehhpdei/sentryjs-api-injected.js:18
[  942113ms] [LOG] Received authorizedReturned response from background script @ chrome-extension://bkbighdlgofgdhcjnhocalbkiehhpdei/sentryjs-api-injected.js:18
[  942113ms] [LOG] Received authorizedReturned response from background script @ chrome-extension://bkbighdlgofgdhcjnhocalbkiehhpdei/sentryjs-api-injected.js:18
[  942113ms] [LOG] Received authorizedReturned response from background script @ chrome-extension://bkbighdlgofgdhcjnhocalbkiehhpdei/sentryjs-api-injected.js:18
[  943196ms] [LOG] trackMetric: ai.request 1 {route: /global/event, method: SSE, projectId: 72de8d92-3cde-4901-aa25-c760d9bd0d67, correlationId: r_1784225712421_i, outcome: success} @ https://stores-designer.harmony.a2z.com/assets/utils-BPBUpZd6.js:14
[  943198ms] [LOG] [opencode] ← SSE connected 1781ms correlationId: r_1784225712421_i @ https://stores-designer.harmony.a2z.com/assets/index-ZHSC2mrQ.js:8
[  943727ms] [LOG] Received authorizedReturned response from background script @ chrome-extension://bkbighdlgofgdhcjnhocalbkiehhpdei/sentryjs-api-injected.js:18
[  943962ms] [LOG] trackMetric: ai.request 1 {route: /global/event, method: SSE, projectId: 72de8d92-3cde-4901-aa25-c760d9bd0d67, correlationId: r_1784225712410_h, outcome: success} @ https://stores-designer.harmony.a2z.com/assets/utils-BPBUpZd6.js:14
[  943963ms] [LOG] [opencode] ← SSE connected 2558ms correlationId: r_1784225712410_h @ https://stores-designer.harmony.a2z.com/assets/index-ZHSC2mrQ.js:8
[  944103ms] [LOG] trackMetric: ai.request 1 {route: /global/event, method: SSE, projectId: 72de8d92-3cde-4901-aa25-c760d9bd0d67, correlationId: r_1784225712348_f, outcome: success} @ https://stores-designer.harmony.a2z.com/assets/utils-BPBUpZd6.js:14
[  944106ms] [LOG] [opencode] ← SSE connected 2761ms correlationId: r_1784225712348_f @ https://stores-designer.harmony.a2z.com/assets/index-ZHSC2mrQ.js:8
[  944204ms] [LOG] trackMetric: ai.request 1 {route: /global/event, method: SSE, projectId: 72de8d92-3cde-4901-aa25-c760d9bd0d67, correlationId: r_1784225712377_g, outcome: success} @ https://stores-designer.harmony.a2z.com/assets/utils-BPBUpZd6.js:14
[  944212ms] [LOG] [opencode] ← SSE connected 2833ms correlationId: r_1784225712377_g @ https://stores-designer.harmony.a2z.com/assets/index-ZHSC2mrQ.js:8
[  944217ms] [ERROR] Failed to load resource: net::ERR_BLOCKED_BY_CLIENT @ https://unagi-na.amazon.com/1/events/com.amazon.eel.katal.metrics.core.nexus:0
[  953199ms] [ERROR] Failed to load resource: net::ERR_BLOCKED_BY_CLIENT @ https://unagi-na.amazon.com/1/events/com.amazon.eel.katal.metrics.core.nexus:0
[ 1238655ms] [ERROR] Failed to load resource: net::ERR_BLOCKED_BY_CLIENT @ https://unagi-na.amazon.com/1/events/com.amazon.eel.katal.metrics.core.nexus:0
[ 1538639ms] [ERROR] Failed to load resource: net::ERR_BLOCKED_BY_CLIENT @ https://unagi-na.amazon.com/1/events/com.amazon.eel.katal.metrics.core.nexus:0
[ 1838749ms] [ERROR] Failed to load resource: net::ERR_BLOCKED_BY_CLIENT @ https://unagi-na.amazon.com/1/events/com.amazon.eel.katal.metrics.core.nexus:0
[ 1842519ms] [LOG] [opencode] → SSE /global/event correlationId: r_1784226613525_j @ https://stores-designer.harmony.a2z.com/assets/index-ZHSC2mrQ.js:8
[ 1842554ms] [LOG] [opencode] → SSE /global/event correlationId: r_1784226613560_k @ https://stores-designer.harmony.a2z.com/assets/index-ZHSC2mrQ.js:8
[ 1842578ms] [LOG] [opencode] → SSE /global/event correlationId: r_1784226613584_l @ https://stores-designer.harmony.a2z.com/assets/index-ZHSC2mrQ.js:8
[ 1842730ms] [LOG] [opencode] → SSE /global/event correlationId: r_1784226613733_m @ https://stores-designer.harmony.a2z.com/assets/index-ZHSC2mrQ.js:8
[ 1843446ms] [LOG] Received authorizedReturned response from background script @ chrome-extension://bkbighdlgofgdhcjnhocalbkiehhpdei/sentryjs-api-injected.js:18
[ 1843447ms] [LOG] Received authorizedReturned response from background script @ chrome-extension://bkbighdlgofgdhcjnhocalbkiehhpdei/sentryjs-api-injected.js:18
[ 1843447ms] [LOG] Received authorizedReturned response from background script @ chrome-extension://bkbighdlgofgdhcjnhocalbkiehhpdei/sentryjs-api-injected.js:18
[ 1843447ms] [LOG] Received authorizedReturned response from background script @ chrome-extension://bkbighdlgofgdhcjnhocalbkiehhpdei/sentryjs-api-injected.js:18
[ 1845285ms] [LOG] trackMetric: ai.request 1 {route: /global/event, method: SSE, projectId: 72de8d92-3cde-4901-aa25-c760d9bd0d67, correlationId: r_1784226613584_l, outcome: success} @ https://stores-designer.harmony.a2z.com/assets/utils-BPBUpZd6.js:14
[ 1845286ms] [LOG] [opencode] ← SSE connected 2707ms correlationId: r_1784226613584_l @ https://stores-designer.harmony.a2z.com/assets/index-ZHSC2mrQ.js:8
[ 1845407ms] [LOG] trackMetric: ai.request 1 {route: /global/event, method: SSE, projectId: 72de8d92-3cde-4901-aa25-c760d9bd0d67, correlationId: r_1784226613525_j, outcome: success} @ https://stores-designer.harmony.a2z.com/assets/utils-BPBUpZd6.js:14
[ 1845408ms] [LOG] [opencode] ← SSE connected 2887ms correlationId: r_1784226613525_j @ https://stores-designer.harmony.a2z.com/assets/index-ZHSC2mrQ.js:8
[ 1845511ms] [LOG] trackMetric: ai.request 1 {route: /global/event, method: SSE, projectId: 72de8d92-3cde-4901-aa25-c760d9bd0d67, correlationId: r_1784226613560_k, outcome: success} @ https://stores-designer.harmony.a2z.com/assets/utils-BPBUpZd6.js:14
[ 1845512ms] [LOG] [opencode] ← SSE connected 2957ms correlationId: r_1784226613560_k @ https://stores-designer.harmony.a2z.com/assets/index-ZHSC2mrQ.js:8
[ 1845581ms] [LOG] trackMetric: ai.request 1 {route: /global/event, method: SSE, projectId: 72de8d92-3cde-4901-aa25-c760d9bd0d67, correlationId: r_1784226613733_m, outcome: success} @ https://stores-designer.harmony.a2z.com/assets/utils-BPBUpZd6.js:14
[ 1845583ms] [LOG] [opencode] ← SSE connected 2851ms correlationId: r_1784226613733_m @ https://stores-designer.harmony.a2z.com/assets/index-ZHSC2mrQ.js:8
[ 1845587ms] [ERROR] Failed to load resource: net::ERR_BLOCKED_BY_CLIENT @ https://unagi-na.amazon.com/1/events/com.amazon.eel.katal.metrics.core.nexus:0
[ 1855288ms] [ERROR] Failed to load resource: net::ERR_BLOCKED_BY_CLIENT @ https://unagi-na.amazon.com/1/events/com.amazon.eel.katal.metrics.core.nexus:0
[ 2139700ms] [ERROR] Failed to load resource: net::ERR_BLOCKED_BY_CLIENT @ https://unagi-na.amazon.com/1/events/com.amazon.eel.katal.metrics.core.nexus:0
[ 2438634ms] [ERROR] Failed to load resource: net::ERR_BLOCKED_BY_CLIENT @ https://unagi-na.amazon.com/1/events/com.amazon.eel.katal.metrics.core.nexus:0
