[ -125340ms] [ERROR] Executing inline script violates the following Content Security Policy directive 'script-src 'self' https://*.amazon.com https://*.a2z.com https://*.aws.com https://*.aws.dev https://*.amazonaws.com https://*.amazon.dev'. Either the 'unsafe-inline' keyword, a hash ('sha256-yyTVunGPIJTgfXQBIFYX7tNVga23HuLc2OgIdpQxXp0='), or a nonce ('nonce-...') is required to enable inline execution. The action has been blocked. @ https://pipelines.amazon.dev/pipelines-wip/DesignAssistant:0
[ -124567ms] [ERROR] Failed to load resource: the server responded with a status of 401 (Unauthorized) @ https://midway-auth.amazon.com/SSO/redirect?redirect_uri=https%3A%2F%2Fpipelines.amazon.dev&client_id=https%3A%2F%2Fpipelines.amazon.dev%3A443&scope=openid&response_type=id_token&nonce=c64f0cf00e981d09f884b66b8a1b463307c09b039469f9898428755d411255dd&response_mode=query&state=eyJwYXRoIjoiL21hbmlmZXN0Lmpzb24ifQ%3D%3D&sentry_handler_version=interceptor-core-1.x:0
[ -124567ms] [ERROR] Manifest fetch from https://midway-auth.amazon.com/SSO/redirect?redirect_uri=https%3A%2F%2Fpipelines.amazon.dev&client_id=https%3A%2F%2Fpipelines.amazon.dev%3A443&scope=openid&response_type=id_token&nonce=c64f0cf00e981d09f884b66b8a1b463307c09b039469f9898428755d411255dd&response_mode=query&state=eyJwYXRoIjoiL21hbmlmZXN0Lmpzb24ifQ%3D%3D&sentry_handler_version=interceptor-core-1.x failed, code 401 @ https://pipelines.amazon.dev/pipelines-wip/DesignAssistant:0
[ -120003ms] [ERROR] Failed to load resource: net::ERR_BLOCKED_BY_CLIENT @ https://dataplane.rum.us-east-1.amazonaws.com/appmonitors/f22628da-5ce0-4946-ba98-c648aaf1dfc6:0
[ -117997ms] [ERROR] Failed to load resource: net::ERR_BLOCKED_BY_CLIENT @ https://dataplane.rum.us-east-1.amazonaws.com/appmonitors/f22628da-5ce0-4946-ba98-c648aaf1dfc6:0
[ -113990ms] [ERROR] Failed to load resource: net::ERR_BLOCKED_BY_CLIENT @ https://dataplane.rum.us-east-1.amazonaws.com/appmonitors/f22628da-5ce0-4946-ba98-c648aaf1dfc6:0
[  -59997ms] [ERROR] Failed to load resource: net::ERR_BLOCKED_BY_CLIENT @ https://dataplane.rum.us-east-1.amazonaws.com/appmonitors/f22628da-5ce0-4946-ba98-c648aaf1dfc6:0
[  -57991ms] [ERROR] Failed to load resource: net::ERR_BLOCKED_BY_CLIENT @ https://dataplane.rum.us-east-1.amazonaws.com/appmonitors/f22628da-5ce0-4946-ba98-c648aaf1dfc6:0
[  -53985ms] [ERROR] Failed to load resource: net::ERR_BLOCKED_BY_CLIENT @ https://dataplane.rum.us-east-1.amazonaws.com/appmonitors/f22628da-5ce0-4946-ba98-c648aaf1dfc6:0
[  -10016ms] [ERROR] Failed to load resource: net::ERR_BLOCKED_BY_CLIENT @ https://dataplane.rum.us-east-1.amazonaws.com/appmonitors/f22628da-5ce0-4946-ba98-c648aaf1dfc6:0
[   -8014ms] [ERROR] Failed to load resource: net::ERR_BLOCKED_BY_CLIENT @ https://dataplane.rum.us-east-1.amazonaws.com/appmonitors/f22628da-5ce0-4946-ba98-c648aaf1dfc6:0
[   -4011ms] [ERROR] Failed to load resource: net::ERR_BLOCKED_BY_CLIENT @ https://dataplane.rum.us-east-1.amazonaws.com/appmonitors/f22628da-5ce0-4946-ba98-c648aaf1dfc6:0
[ -125024ms] [LOG] AUI Debug: Reapplying overrides after page change @ chrome-extension://dcfoehjpoialdhneckhclkljejggicle/scripts.js:54
[ -124823ms] [LOG] AUI Debug: Reapplying overrides after page change @ chrome-extension://dcfoehjpoialdhneckhclkljejggicle/scripts.js:54
[  -10425ms] [WARNING] 
        Custom attribute count has exceeded the CW-RUM limit of 10.
        Additional attributes will not show up unless others are removed @ https://pipelines.amazon.dev/static/js/main.9694940c.js:1
[     -13ms] [ERROR] Failed to load resource: net::ERR_BLOCKED_BY_CLIENT @ https://dataplane.rum.us-east-1.amazonaws.com/appmonitors/f22628da-5ce0-4946-ba98-c648aaf1dfc6:0
[    1991ms] [ERROR] Failed to load resource: net::ERR_BLOCKED_BY_CLIENT @ https://dataplane.rum.us-east-1.amazonaws.com/appmonitors/f22628da-5ce0-4946-ba98-c648aaf1dfc6:0
[    5995ms] [ERROR] Failed to load resource: net::ERR_BLOCKED_BY_CLIENT @ https://dataplane.rum.us-east-1.amazonaws.com/appmonitors/f22628da-5ce0-4946-ba98-c648aaf1dfc6:0
[    6549ms] [WARNING] 
        Custom attribute count has exceeded the CW-RUM limit of 10.
        Additional attributes will not show up unless others are removed @ https://pipelines.amazon.dev/static/js/main.9694940c.js:1
[    6550ms] [WARNING] 
        Custom attribute count has exceeded the CW-RUM limit of 10.
        Additional attributes will not show up unless others are removed @ https://pipelines.amazon.dev/static/js/main.9694940c.js:1
[    9984ms] [ERROR] Failed to load resource: net::ERR_BLOCKED_BY_CLIENT @ https://dataplane.rum.us-east-1.amazonaws.com/appmonitors/f22628da-5ce0-4946-ba98-c648aaf1dfc6:0
[   11987ms] [ERROR] Failed to load resource: net::ERR_BLOCKED_BY_CLIENT @ https://dataplane.rum.us-east-1.amazonaws.com/appmonitors/f22628da-5ce0-4946-ba98-c648aaf1dfc6:0
[   15990ms] [ERROR] Failed to load resource: net::ERR_BLOCKED_BY_CLIENT @ https://dataplane.rum.us-east-1.amazonaws.com/appmonitors/f22628da-5ce0-4946-ba98-c648aaf1dfc6:0
[   49239ms] [WARNING] 
        Custom attribute count has exceeded the CW-RUM limit of 10.
        Additional attributes will not show up unless others are removed @ https://pipelines.amazon.dev/static/js/main.9694940c.js:1
[   49240ms] [WARNING] 
        Custom attribute count has exceeded the CW-RUM limit of 10.
        Additional attributes will not show up unless others are removed @ https://pipelines.amazon.dev/static/js/main.9694940c.js:1
[   59984ms] [ERROR] Failed to load resource: net::ERR_BLOCKED_BY_CLIENT @ https://dataplane.rum.us-east-1.amazonaws.com/appmonitors/f22628da-5ce0-4946-ba98-c648aaf1dfc6:0
[   61988ms] [ERROR] Failed to load resource: net::ERR_BLOCKED_BY_CLIENT @ https://dataplane.rum.us-east-1.amazonaws.com/appmonitors/f22628da-5ce0-4946-ba98-c648aaf1dfc6:0
[   63904ms] [WARNING] 
        Custom attribute count has exceeded the CW-RUM limit of 10.
        Additional attributes will not show up unless others are removed @ https://pipelines.amazon.dev/static/js/main.9694940c.js:1
[   64987ms] [ERROR] Failed to load resource: net::ERR_BLOCKED_BY_CLIENT @ https://dataplane.rum.us-east-1.amazonaws.com/appmonitors/f22628da-5ce0-4946-ba98-c648aaf1dfc6:0
[   65992ms] [ERROR] Failed to load resource: net::ERR_BLOCKED_BY_CLIENT @ https://dataplane.rum.us-east-1.amazonaws.com/appmonitors/f22628da-5ce0-4946-ba98-c648aaf1dfc6:0
[   66989ms] [ERROR] Failed to load resource: net::ERR_BLOCKED_BY_CLIENT @ https://dataplane.rum.us-east-1.amazonaws.com/appmonitors/f22628da-5ce0-4946-ba98-c648aaf1dfc6:0
[   70992ms] [ERROR] Failed to load resource: net::ERR_BLOCKED_BY_CLIENT @ https://dataplane.rum.us-east-1.amazonaws.com/appmonitors/f22628da-5ce0-4946-ba98-c648aaf1dfc6:0
[   84041ms] [WARNING] 
        Custom attribute count has exceeded the CW-RUM limit of 10.
        Additional attributes will not show up unless others are removed @ https://pipelines.amazon.dev/static/js/main.9694940c.js:1
[   84229ms] [LOG] AUI Debug: Reapplying overrides after page change @ chrome-extension://dcfoehjpoialdhneckhclkljejggicle/scripts.js:54
[   84967ms] [ERROR] Failed to load resource: net::ERR_BLOCKED_BY_CLIENT @ https://dataplane.rum.us-east-1.amazonaws.com/appmonitors/f22628da-5ce0-4946-ba98-c648aaf1dfc6:0
[   86970ms] [ERROR] Failed to load resource: net::ERR_BLOCKED_BY_CLIENT @ https://dataplane.rum.us-east-1.amazonaws.com/appmonitors/f22628da-5ce0-4946-ba98-c648aaf1dfc6:0
[   90971ms] [ERROR] Failed to load resource: net::ERR_BLOCKED_BY_CLIENT @ https://dataplane.rum.us-east-1.amazonaws.com/appmonitors/f22628da-5ce0-4946-ba98-c648aaf1dfc6:0
[   94969ms] [ERROR] Failed to load resource: net::ERR_BLOCKED_BY_CLIENT @ https://dataplane.rum.us-east-1.amazonaws.com/appmonitors/f22628da-5ce0-4946-ba98-c648aaf1dfc6:0
[   96973ms] [ERROR] Failed to load resource: net::ERR_BLOCKED_BY_CLIENT @ https://dataplane.rum.us-east-1.amazonaws.com/appmonitors/f22628da-5ce0-4946-ba98-c648aaf1dfc6:0
[   99965ms] [ERROR] Failed to load resource: net::ERR_BLOCKED_BY_CLIENT @ https://dataplane.rum.us-east-1.amazonaws.com/appmonitors/f22628da-5ce0-4946-ba98-c648aaf1dfc6:0
[  100976ms] [ERROR] Failed to load resource: net::ERR_BLOCKED_BY_CLIENT @ https://dataplane.rum.us-east-1.amazonaws.com/appmonitors/f22628da-5ce0-4946-ba98-c648aaf1dfc6:0
[  101968ms] [ERROR] Failed to load resource: net::ERR_BLOCKED_BY_CLIENT @ https://dataplane.rum.us-east-1.amazonaws.com/appmonitors/f22628da-5ce0-4946-ba98-c648aaf1dfc6:0
[  105970ms] [ERROR] Failed to load resource: net::ERR_BLOCKED_BY_CLIENT @ https://dataplane.rum.us-east-1.amazonaws.com/appmonitors/f22628da-5ce0-4946-ba98-c648aaf1dfc6:0
[  107186ms] [ERROR] Executing inline script violates the following Content Security Policy directive 'script-src 'self' https://*.amazon.com https://*.a2z.com https://*.aws.com https://*.aws.dev https://*.amazonaws.com https://*.amazon.dev'. Either the 'unsafe-inline' keyword, a hash ('sha256-yyTVunGPIJTgfXQBIFYX7tNVga23HuLc2OgIdpQxXp0='), or a nonce ('nonce-...') is required to enable inline execution. The action has been blocked. @ https://pipelines.amazon.dev/deployments/0e275460-7ad2-414d-8f2d-cd155f851978/blast_radius?type=DG:0
[  107496ms] [LOG] AUI Debug: Reapplying overrides after page change @ chrome-extension://dcfoehjpoialdhneckhclkljejggicle/scripts.js:54
[  107690ms] [ERROR] Failed to load resource: the server responded with a status of 401 (Unauthorized) @ https://midway-auth.amazon.com/SSO/redirect?redirect_uri=https%3A%2F%2Fpipelines.amazon.dev&client_id=https%3A%2F%2Fpipelines.amazon.dev%3A443&scope=openid&response_type=id_token&nonce=3873b08c7eef2bb9990f0a0ac3660a111c7dec662087b8a7f536778d23958a62&response_mode=query&state=eyJwYXRoIjoiL21hbmlmZXN0Lmpzb24ifQ%3D%3D&sentry_handler_version=interceptor-core-1.x:0
[  107690ms] [ERROR] Manifest fetch from https://midway-auth.amazon.com/SSO/redirect?redirect_uri=https%3A%2F%2Fpipelines.amazon.dev&client_id=https%3A%2F%2Fpipelines.amazon.dev%3A443&scope=openid&response_type=id_token&nonce=3873b08c7eef2bb9990f0a0ac3660a111c7dec662087b8a7f536778d23958a62&response_mode=query&state=eyJwYXRoIjoiL21hbmlmZXN0Lmpzb24ifQ%3D%3D&sentry_handler_version=interceptor-core-1.x failed, code 401 @ https://pipelines.amazon.dev/deployments/0e275460-7ad2-414d-8f2d-cd155f851978/blast_radius?type=DG:0
[  109011ms] [LOG] AUI Debug: Reapplying overrides after page change @ chrome-extension://dcfoehjpoialdhneckhclkljejggicle/scripts.js:54
[  109222ms] [ERROR] Failed to load resource: net::ERR_BLOCKED_BY_CLIENT @ https://fls-na.amazon.com/1/batch/1/OP/mkt=aiwnacsm:423-9434966-7186333:MKKH8R8V0TOC4PTDJFZ5:pipelines.amazon.com$uedata=s:%2Fuedata%2F423-9434966-7186333%2F%3Fld%26v%3Da02%26id%3DMKKH8R8V0TOC4PTDJFZ5%26m%3D1%26sc%3DMKKH8R8V0TOC4PTDJFZ5%26ue%3D0%26pc%3D806%26tc%3D-786%26na_%3D-786%26fe_%3D-781%26lk_%3D-778%26_lk%3D-674%26co_%3D-674%26_co%3D-540%26sc_%3D-612%26rq_%3D-540%26rs_%3D-97%26_rs%3D-42%26dl_%3D-89%26di_%3D259%26de_%3D259%26_de%3D265%26_dc%3D806%26ld_%3D806%26ty%3D0%26rc%3D0%26ld%3D807%26t%3D1784223563358%26ctb%3D1%26csmtags%3Ddeployments%3Ablast_radius%7Cprod%7Cprod%3Adeployments%3Ablast_radius%7C%7Cnonredirect:807:0
[  109999ms] [ERROR] Failed to load resource: the server responded with a status of 404 () @ https://prod.proxy.crane.builder-tools.aws.dev/:0
[  178804ms] [ERROR] Failed to load resource: net::ERR_BLOCKED_BY_CLIENT @ https://fls-na.amazon.com/1/batch/1/OP/mkt=aiwnacsm:423-9434966-7186333:MKKH8R8V0TOC4PTDJFZ5:pipelines.amazon.com$uedata=s:%2Fuedata%2F423-9434966-7186333%2F%3Ful%26v%3Da02%26id%3DMKKH8R8V0TOC4PTDJFZ5%26ctb%3D1%26m%3D1%26sc%3DMKKH8R8V0TOC4PTDJFZ5%26pc%3D70396%26tc%3D-786%26ul%3D70396%26t%3D1784223632947%26csmtags%3D%7C%7C:70396:0
[  179057ms] [ERROR] Executing inline script violates the following Content Security Policy directive 'script-src 'self' https://*.amazon.com https://*.a2z.com https://*.aws.com https://*.aws.dev https://*.amazonaws.com https://*.amazon.dev'. Either the 'unsafe-inline' keyword, a hash ('sha256-yyTVunGPIJTgfXQBIFYX7tNVga23HuLc2OgIdpQxXp0='), or a nonce ('nonce-...') is required to enable inline execution. The action has been blocked. @ https://pipelines.amazon.dev/pipelines-wip/DesignAssistant:0
[  179412ms] [ERROR] Failed to load resource: the server responded with a status of 401 (Unauthorized) @ https://midway-auth.amazon.com/SSO/redirect?redirect_uri=https%3A%2F%2Fpipelines.amazon.dev&client_id=https%3A%2F%2Fpipelines.amazon.dev%3A443&scope=openid&response_type=id_token&nonce=492bd6e800ed3738e51f6ea739789951142c511ff9feab4dd013d481b1c71946&response_mode=query&state=eyJwYXRoIjoiL21hbmlmZXN0Lmpzb24ifQ%3D%3D&sentry_handler_version=interceptor-core-1.x:0
[  179412ms] [ERROR] Manifest fetch from https://midway-auth.amazon.com/SSO/redirect?redirect_uri=https%3A%2F%2Fpipelines.amazon.dev&client_id=https%3A%2F%2Fpipelines.amazon.dev%3A443&scope=openid&response_type=id_token&nonce=492bd6e800ed3738e51f6ea739789951142c511ff9feab4dd013d481b1c71946&response_mode=query&state=eyJwYXRoIjoiL21hbmlmZXN0Lmpzb24ifQ%3D%3D&sentry_handler_version=interceptor-core-1.x failed, code 401 @ https://pipelines.amazon.dev/pipelines-wip/DesignAssistant:0
[  179551ms] [LOG] AUI Debug: Reapplying overrides after page change @ chrome-extension://dcfoehjpoialdhneckhclkljejggicle/scripts.js:54
[  179832ms] [LOG] AUI Debug: Reapplying overrides after page change @ chrome-extension://dcfoehjpoialdhneckhclkljejggicle/scripts.js:54
[  179954ms] [ERROR] Failed to load resource: the server responded with a status of 401 (Unauthorized) @ https://midway-auth.amazon.com/SSO/redirect?redirect_uri=https%3A%2F%2Fpipelines.amazon.dev&client_id=https%3A%2F%2Fpipelines.amazon.dev%3A443&scope=openid&response_type=id_token&nonce=429229e210701b09652b224a0b7e01a1766acdb1b2765e123cc4c91b73fa46d9&response_mode=query&state=eyJwYXRoIjoiL21hbmlmZXN0Lmpzb24ifQ%3D%3D&sentry_handler_version=interceptor-core-1.x:0
[  179954ms] [ERROR] Manifest fetch from https://midway-auth.amazon.com/SSO/redirect?redirect_uri=https%3A%2F%2Fpipelines.amazon.dev&client_id=https%3A%2F%2Fpipelines.amazon.dev%3A443&scope=openid&response_type=id_token&nonce=429229e210701b09652b224a0b7e01a1766acdb1b2765e123cc4c91b73fa46d9&response_mode=query&state=eyJwYXRoIjoiL21hbmlmZXN0Lmpzb24ifQ%3D%3D&sentry_handler_version=interceptor-core-1.x failed, code 401 @ https://pipelines.amazon.dev/pipelines-wip/DesignAssistant:0
[  201552ms] [ERROR] Executing inline script violates the following Content Security Policy directive 'script-src 'self' https://*.amazon.com https://*.a2z.com https://*.aws.com https://*.aws.dev https://*.amazonaws.com https://*.amazon.dev'. Either the 'unsafe-inline' keyword, a hash ('sha256-yyTVunGPIJTgfXQBIFYX7tNVga23HuLc2OgIdpQxXp0='), or a nonce ('nonce-...') is required to enable inline execution. The action has been blocked. @ https://pipelines.amazon.dev/pipelines-wip/DesignAssistant:0
[  202093ms] [ERROR] Failed to load resource: the server responded with a status of 401 (Unauthorized) @ https://midway-auth.amazon.com/SSO/redirect?redirect_uri=https%3A%2F%2Fpipelines.amazon.dev&client_id=https%3A%2F%2Fpipelines.amazon.dev%3A443&scope=openid&response_type=id_token&nonce=5fb93dc5a1d918359042c77b438ffada06da7125583f76263d61afe45a2a6205&response_mode=query&state=eyJwYXRoIjoiL21hbmlmZXN0Lmpzb24ifQ%3D%3D&sentry_handler_version=interceptor-core-1.x:0
[  202093ms] [ERROR] Manifest fetch from https://midway-auth.amazon.com/SSO/redirect?redirect_uri=https%3A%2F%2Fpipelines.amazon.dev&client_id=https%3A%2F%2Fpipelines.amazon.dev%3A443&scope=openid&response_type=id_token&nonce=5fb93dc5a1d918359042c77b438ffada06da7125583f76263d61afe45a2a6205&response_mode=query&state=eyJwYXRoIjoiL21hbmlmZXN0Lmpzb24ifQ%3D%3D&sentry_handler_version=interceptor-core-1.x failed, code 401 @ https://pipelines.amazon.dev/pipelines-wip/DesignAssistant:0
[  202093ms] [LOG] AUI Debug: Reapplying overrides after page change @ chrome-extension://dcfoehjpoialdhneckhclkljejggicle/scripts.js:54
[  202307ms] [LOG] AUI Debug: Reapplying overrides after page change @ chrome-extension://dcfoehjpoialdhneckhclkljejggicle/scripts.js:54
[  202468ms] [ERROR] Failed to load resource: the server responded with a status of 401 (Unauthorized) @ https://midway-auth.amazon.com/SSO/redirect?redirect_uri=https%3A%2F%2Fpipelines.amazon.dev&client_id=https%3A%2F%2Fpipelines.amazon.dev%3A443&scope=openid&response_type=id_token&nonce=e0203920a9baeb641d457f2051c26378bc636555d9bc6169b7023f6e322644b9&response_mode=query&state=eyJwYXRoIjoiL21hbmlmZXN0Lmpzb24ifQ%3D%3D&sentry_handler_version=interceptor-core-1.x:0
[  202468ms] [ERROR] Manifest fetch from https://midway-auth.amazon.com/SSO/redirect?redirect_uri=https%3A%2F%2Fpipelines.amazon.dev&client_id=https%3A%2F%2Fpipelines.amazon.dev%3A443&scope=openid&response_type=id_token&nonce=e0203920a9baeb641d457f2051c26378bc636555d9bc6169b7023f6e322644b9&response_mode=query&state=eyJwYXRoIjoiL21hbmlmZXN0Lmpzb24ifQ%3D%3D&sentry_handler_version=interceptor-core-1.x failed, code 401 @ https://pipelines.amazon.dev/pipelines-wip/DesignAssistant:0
[  216887ms] [ERROR] Executing inline script violates the following Content Security Policy directive 'script-src 'self' https://*.amazon.com https://*.a2z.com https://*.aws.com https://*.aws.dev https://*.amazonaws.com https://*.amazon.dev'. Either the 'unsafe-inline' keyword, a hash ('sha256-yyTVunGPIJTgfXQBIFYX7tNVga23HuLc2OgIdpQxXp0='), or a nonce ('nonce-...') is required to enable inline execution. The action has been blocked. @ https://pipelines.amazon.dev/pipelines-wip/DesignAssistant:0
[  217203ms] [ERROR] Failed to load resource: the server responded with a status of 401 (Unauthorized) @ https://midway-auth.amazon.com/SSO/redirect?redirect_uri=https%3A%2F%2Fpipelines.amazon.dev&client_id=https%3A%2F%2Fpipelines.amazon.dev%3A443&scope=openid&response_type=id_token&nonce=cdb02b537e838da9ac647b0f0f4fe45125c7a2777f0fcace71fac39ae1b09306&response_mode=query&state=eyJwYXRoIjoiL21hbmlmZXN0Lmpzb24ifQ%3D%3D&sentry_handler_version=interceptor-core-1.x:0
[  217203ms] [ERROR] Manifest fetch from https://midway-auth.amazon.com/SSO/redirect?redirect_uri=https%3A%2F%2Fpipelines.amazon.dev&client_id=https%3A%2F%2Fpipelines.amazon.dev%3A443&scope=openid&response_type=id_token&nonce=cdb02b537e838da9ac647b0f0f4fe45125c7a2777f0fcace71fac39ae1b09306&response_mode=query&state=eyJwYXRoIjoiL21hbmlmZXN0Lmpzb24ifQ%3D%3D&sentry_handler_version=interceptor-core-1.x failed, code 401 @ https://pipelines.amazon.dev/pipelines-wip/DesignAssistant:0
[  217204ms] [LOG] AUI Debug: Reapplying overrides after page change @ chrome-extension://dcfoehjpoialdhneckhclkljejggicle/scripts.js:54
[  217456ms] [ERROR] Failed to load resource: the server responded with a status of 401 (Unauthorized) @ https://midway-auth.amazon.com/SSO/redirect?redirect_uri=https%3A%2F%2Fpipelines.amazon.dev&client_id=https%3A%2F%2Fpipelines.amazon.dev%3A443&scope=openid&response_type=id_token&nonce=46cc1bbf05dcfacb265a6b707c5fcd55e68f75dff57072f9a38de9500fc72475&response_mode=query&state=eyJwYXRoIjoiL21hbmlmZXN0Lmpzb24ifQ%3D%3D&sentry_handler_version=interceptor-core-1.x:0
[  217457ms] [ERROR] Manifest fetch from https://midway-auth.amazon.com/SSO/redirect?redirect_uri=https%3A%2F%2Fpipelines.amazon.dev&client_id=https%3A%2F%2Fpipelines.amazon.dev%3A443&scope=openid&response_type=id_token&nonce=46cc1bbf05dcfacb265a6b707c5fcd55e68f75dff57072f9a38de9500fc72475&response_mode=query&state=eyJwYXRoIjoiL21hbmlmZXN0Lmpzb24ifQ%3D%3D&sentry_handler_version=interceptor-core-1.x failed, code 401 @ https://pipelines.amazon.dev/pipelines-wip/DesignAssistant:0
[  217573ms] [LOG] AUI Debug: Reapplying overrides after page change @ chrome-extension://dcfoehjpoialdhneckhclkljejggicle/scripts.js:54
[  224482ms] [ERROR] Executing inline script violates the following Content Security Policy directive 'script-src 'self' https://*.amazon.com https://*.a2z.com https://*.aws.com https://*.aws.dev https://*.amazonaws.com https://*.amazon.dev'. Either the 'unsafe-inline' keyword, a hash ('sha256-yyTVunGPIJTgfXQBIFYX7tNVga23HuLc2OgIdpQxXp0='), or a nonce ('nonce-...') is required to enable inline execution. The action has been blocked. @ https://pipelines.amazon.dev/pipelines-wip/DesignAssistant:0
[  224808ms] [ERROR] Failed to load resource: the server responded with a status of 401 (Unauthorized) @ https://midway-auth.amazon.com/SSO/redirect?redirect_uri=https%3A%2F%2Fpipelines.amazon.dev&client_id=https%3A%2F%2Fpipelines.amazon.dev%3A443&scope=openid&response_type=id_token&nonce=036dc05f6260e346a9b57d9c9e5d56c585a3dbb2f2aa83b4a7fabb10c27f91f0&response_mode=query&state=eyJwYXRoIjoiL21hbmlmZXN0Lmpzb24ifQ%3D%3D&sentry_handler_version=interceptor-core-1.x:0
[  224808ms] [ERROR] Manifest fetch from https://midway-auth.amazon.com/SSO/redirect?redirect_uri=https%3A%2F%2Fpipelines.amazon.dev&client_id=https%3A%2F%2Fpipelines.amazon.dev%3A443&scope=openid&response_type=id_token&nonce=036dc05f6260e346a9b57d9c9e5d56c585a3dbb2f2aa83b4a7fabb10c27f91f0&response_mode=query&state=eyJwYXRoIjoiL21hbmlmZXN0Lmpzb24ifQ%3D%3D&sentry_handler_version=interceptor-core-1.x failed, code 401 @ https://pipelines.amazon.dev/pipelines-wip/DesignAssistant:0
[  224808ms] [LOG] AUI Debug: Reapplying overrides after page change @ chrome-extension://dcfoehjpoialdhneckhclkljejggicle/scripts.js:54
[  225050ms] [ERROR] Failed to load resource: the server responded with a status of 401 (Unauthorized) @ https://midway-auth.amazon.com/SSO/redirect?redirect_uri=https%3A%2F%2Fpipelines.amazon.dev&client_id=https%3A%2F%2Fpipelines.amazon.dev%3A443&scope=openid&response_type=id_token&nonce=d29f91cc34207dbb580223a28576dc72212e4fdbacbd92b02f38972be2d25701&response_mode=query&state=eyJwYXRoIjoiL21hbmlmZXN0Lmpzb24ifQ%3D%3D&sentry_handler_version=interceptor-core-1.x:0
[  225050ms] [ERROR] Manifest fetch from https://midway-auth.amazon.com/SSO/redirect?redirect_uri=https%3A%2F%2Fpipelines.amazon.dev&client_id=https%3A%2F%2Fpipelines.amazon.dev%3A443&scope=openid&response_type=id_token&nonce=d29f91cc34207dbb580223a28576dc72212e4fdbacbd92b02f38972be2d25701&response_mode=query&state=eyJwYXRoIjoiL21hbmlmZXN0Lmpzb24ifQ%3D%3D&sentry_handler_version=interceptor-core-1.x failed, code 401 @ https://pipelines.amazon.dev/pipelines-wip/DesignAssistant:0
[  225136ms] [LOG] AUI Debug: Reapplying overrides after page change @ chrome-extension://dcfoehjpoialdhneckhclkljejggicle/scripts.js:54
