[     800ms] [WARNING] Deprecated API for given entry type. @ https://mail.google.com/_/scs/mail-static/_/js/k=gmail.main.en.r1Sm_kuU6nc.es5.OL/am=wAIAAACAKf5IAM7_e3qwAQQA_JfDn68P_L1E9_8fhkAQ8EPAqrMB9AC6rBXe5___v5tf27_ffbgM8_kjAQABto5uy4eHGK7QCADwAQhdp25ymgEAAAAAAAAAAAAAAAAAAAD4jGxkUmA/d=1/exm=b/ed=1/im=1/dg=0/br=1/wt=1/rs=AHGWq9BH8L9kvvM86lqRVGBvb507h0Ta8w/cb=loaded_1/m=a?cb=6ad36bae:2966
[    1072ms] [WARNING] An iframe which has both allow-scripts and allow-same-origin for its sandbox attribute can escape its sandboxing. @ https://mail.google.com/mail/u/0/data?token=%5B%22cftp%22,%22502cc7a4e0%22,%22gmail.pinto-server_20260713.16_p0%22,%22ZyMrc6cBAw-rFZnvtXyj5A%5Cu003d%5Cu003d%22,null,3,%22%22%5D&dilte=0&gme=1&sme=1&pt=ji&di=0&dbv=112:0
[    1073ms] [LOG] AUI Debug: Reapplying overrides after page change @ chrome-extension://dcfoehjpoialdhneckhclkljejggicle/scripts.js:54
[    1305ms] [WARNING] Manifest: property 'migrate_from' ignored, manifest must specify an 'id' property in order to receive a migration. @ https://mail.google.com/mail/u/0/manifest.json:0
[    1874ms] [ERROR] Failed to load resource: net::ERR_BLOCKED_BY_CLIENT @ https://mail.google.com/generate_204?AWaLvA:0
[    1894ms] [ERROR] Failed to load resource: net::ERR_BLOCKED_BY_CLIENT @ https://play.google.com/log?format=json&hasfast=true&authuser=0:0
[    1894ms] [ERROR] Failed to load resource: net::ERR_BLOCKED_BY_CLIENT @ https://play.google.com/log?hasfast=true&auth=SAPISIDHASH+5397e82b7f5ba7ae84ff2ab132a2af1079167b77+SAPISID1PHASH+5397e82b7f5ba7ae84ff2ab132a2af1079167b77+SAPISID3PHASH+5397e82b7f5ba7ae84ff2ab132a2af1079167b77&authuser=0&format=json:0
[    1894ms] [ERROR] Failed to load resource: net::ERR_BLOCKED_BY_CLIENT @ https://play.google.com/log?hasfast=true&auth=SAPISIDHASH+5397e82b7f5ba7ae84ff2ab132a2af1079167b77+SAPISID1PHASH+5397e82b7f5ba7ae84ff2ab132a2af1079167b77+SAPISID3PHASH+5397e82b7f5ba7ae84ff2ab132a2af1079167b77&authuser=0&format=json:0
[    2456ms] [ERROR] Failed to load resource: net::ERR_BLOCKED_BY_CLIENT @ https://play.google.com/log?format=json&hasfast=true&authuser=0:0
[    3568ms] [LOG] AUI Debug: Reapplying overrides after page change @ chrome-extension://dcfoehjpoialdhneckhclkljejggicle/scripts.js:54
[    4277ms] [ERROR] Failed to load resource: net::ERR_BLOCKED_BY_CLIENT @ https://play.google.com/log?format=json&hasfast=true&authuser=0:0
[    4977ms] [ERROR] Failed to load resource: net::ERR_BLOCKED_BY_CLIENT @ https://mail-ads.google.com/mail/u/0/adsfe/main_jspb?rt=r&client=25&pt=ji:0
[    6174ms] [ERROR] Failed to load resource: net::ERR_BLOCKED_BY_CLIENT @ https://play.google.com/log?format=json&hasfast=true&authuser=0:0
[    6645ms] [ERROR] Failed to load resource: net::ERR_BLOCKED_BY_CLIENT @ https://play.google.com/log?format=json&hasfast=true&authuser=0:0
[   10427ms] [ERROR] Failed to load resource: net::ERR_BLOCKED_BY_CLIENT @ https://play.google.com/log?format=json&hasfast=true&authuser=0:0
[   10470ms] [ERROR] Failed to load resource: net::ERR_BLOCKED_BY_CLIENT @ https://play.google.com/log?format=json&hasfast=true&authuser=0:0
[   10470ms] [ERROR] Failed to load resource: net::ERR_BLOCKED_BY_CLIENT @ https://play.google.com/log?hasfast=true&auth=SAPISIDHASH+5397e82b7f5ba7ae84ff2ab132a2af1079167b77+SAPISID1PHASH+5397e82b7f5ba7ae84ff2ab132a2af1079167b77+SAPISID3PHASH+5397e82b7f5ba7ae84ff2ab132a2af1079167b77&authuser=0&format=json:0
[   10471ms] [ERROR] Failed to load resource: net::ERR_BLOCKED_BY_CLIENT @ https://mail-ads.google.com/mail/u/0/adsfe/main_jspb?rt=r&client=25&pt=ji:0
[   10479ms] [ERROR] Failed to load resource: net::ERR_BLOCKED_BY_CLIENT @ https://play.google.com/log?format=json&hasfast=true&authuser=0:0
[   14497ms] [ERROR] Failed to load resource: net::ERR_BLOCKED_BY_CLIENT @ https://play.google.com/log?format=json&hasfast=true&authuser=0:0
[   14497ms] [ERROR] Failed to load resource: net::ERR_BLOCKED_BY_CLIENT @ https://play.google.com/log?format=json&hasfast=true&authuser=0:0
[   16462ms] [ERROR] Failed to load resource: net::ERR_BLOCKED_BY_CLIENT @ https://play.google.com/log?format=json&hasfast=true&authuser=0:0
[   16734ms] [ERROR] Failed to load resource: net::ERR_BLOCKED_BY_CLIENT @ https://play.google.com/log?format=json&hasfast=true:0
[   17751ms] [ERROR] Failed to load resource: net::ERR_BLOCKED_BY_CLIENT @ https://mail-ads.google.com/mail/u/0/adsfe/main_jspb?rt=r&client=25&pt=ji:0
[   18522ms] [ERROR] Failed to load resource: net::ERR_BLOCKED_BY_CLIENT @ https://play.google.com/log?format=json&hasfast=true&authuser=0:0
[   19721ms] [ERROR] Failed to load resource: net::ERR_BLOCKED_BY_CLIENT @ https://mail.google.com/generate_204?9JG0DQ:0
[   19734ms] [ERROR] Failed to load resource: net::ERR_BLOCKED_BY_CLIENT @ https://play.google.com/log?hasfast=true&auth=SAPISIDHASH+5397e82b7f5ba7ae84ff2ab132a2af1079167b77+SAPISID1PHASH+5397e82b7f5ba7ae84ff2ab132a2af1079167b77+SAPISID3PHASH+5397e82b7f5ba7ae84ff2ab132a2af1079167b77&authuser=0&format=json:0
[   24047ms] [ERROR] Failed to load resource: net::ERR_BLOCKED_BY_CLIENT @ https://play.google.com/log?format=json&hasfast=true&authuser=0:0
[   24050ms] [ERROR] Failed to load resource: net::ERR_BLOCKED_BY_CLIENT @ https://play.google.com/log?format=json&hasfast=true&authuser=0:0
[   24052ms] [ERROR] Failed to load resource: net::ERR_BLOCKED_BY_CLIENT @ https://play.google.com/log?format=json&hasfast=true&authuser=0:0
[   24073ms] [ERROR] Failed to load resource: net::ERR_BLOCKED_BY_CLIENT @ https://play.google.com/log?format=json&hasfast=true&authuser=0:0
[   24076ms] [ERROR] Failed to load resource: net::ERR_BLOCKED_BY_CLIENT @ https://play.google.com/log?format=json&hasfast=true&authuser=0:0
[   24552ms] [ERROR] Failed to load resource: net::ERR_BLOCKED_BY_CLIENT @ https://play.google.com/log?format=json&hasfast=true&authuser=0:0
[   24556ms] [ERROR] Failed to load resource: net::ERR_BLOCKED_BY_CLIENT @ https://play.google.com/log?format=json&hasfast=true&authuser=0:0
[   29409ms] [ERROR] Failed to load resource: net::ERR_BLOCKED_BY_CLIENT @ https://play.google.com/log?format=json&hasfast=true&authuser=0:0
[   29699ms] [ERROR] Failed to load resource: net::ERR_BLOCKED_BY_CLIENT @ https://play.google.com/log?format=json&hasfast=true&authuser=0:0
[   31910ms] [ERROR] Failed to load resource: net::ERR_BLOCKED_BY_CLIENT @ https://play.google.com/log?hasfast=true&auth=SAPISIDHASH+5397e82b7f5ba7ae84ff2ab132a2af1079167b77+SAPISID1PHASH+5397e82b7f5ba7ae84ff2ab132a2af1079167b77+SAPISID3PHASH+5397e82b7f5ba7ae84ff2ab132a2af1079167b77&authuser=0&format=json:0
[   33193ms] [ERROR] Failed to load resource: net::ERR_BLOCKED_BY_CLIENT @ https://play.google.com/log?format=json&hasfast=true&authuser=0:0
[   35590ms] [ERROR] Failed to load resource: net::ERR_BLOCKED_BY_CLIENT @ https://play.google.com/log?format=json&hasfast=true&authuser=0:0
[   35648ms] [ERROR] Failed to load resource: net::ERR_BLOCKED_BY_CLIENT @ https://mail-ads.google.com/mail/u/0/adsfe/main_jspb?rt=r&client=25&pt=ji:0
[   35854ms] [ERROR] Failed to load resource: net::ERR_BLOCKED_BY_CLIENT @ https://play.google.com/log?format=json&hasfast=true&authuser=0:0
[   36267ms] [ERROR] Failed to load resource: net::ERR_BLOCKED_BY_CLIENT @ https://play.google.com/log?format=json&hasfast=true:0
[   55938ms] [ERROR] Failed to load resource: net::ERR_BLOCKED_BY_CLIENT @ https://play.google.com/log?hasfast=true&auth=SAPISIDHASH+5397e82b7f5ba7ae84ff2ab132a2af1079167b77+SAPISID1PHASH+5397e82b7f5ba7ae84ff2ab132a2af1079167b77+SAPISID3PHASH+5397e82b7f5ba7ae84ff2ab132a2af1079167b77&authuser=0&format=json:0
[   56747ms] [ERROR] Failed to load resource: net::ERR_BLOCKED_BY_CLIENT @ https://play.google.com/log?format=json&hasfast=true&authuser=0:0
[   67690ms] [ERROR] Failed to load resource: net::ERR_BLOCKED_BY_CLIENT @ https://play.google.com/log?hasfast=true&auth=SAPISIDHASH+5397e82b7f5ba7ae84ff2ab132a2af1079167b77+SAPISID1PHASH+5397e82b7f5ba7ae84ff2ab132a2af1079167b77+SAPISID3PHASH+5397e82b7f5ba7ae84ff2ab132a2af1079167b77&authuser=0&format=json:0
[   68819ms] [ERROR] Failed to load resource: net::ERR_BLOCKED_BY_CLIENT @ https://play.google.com/log?format=json&hasfast=true&authuser=0:0
[   73570ms] [ERROR] Failed to load resource: net::ERR_BLOCKED_BY_CLIENT @ https://mail-ads.google.com/mail/u/0/adsfe/main_jspb?rt=r&client=25&pt=ji:0
[   77891ms] [ERROR] Failed to load resource: net::ERR_BLOCKED_BY_CLIENT @ https://play.google.com/log?format=json&hasfast=true&authuser=0:0
[   78409ms] [ERROR] Failed to load resource: net::ERR_BLOCKED_BY_CLIENT @ https://play.google.com/log?format=json&hasfast=true&authuser=0:0
[   86008ms] [ERROR] Failed to load resource: net::ERR_BLOCKED_BY_CLIENT @ https://play.google.com/log?hasfast=true&auth=SAPISIDHASH+5397e82b7f5ba7ae84ff2ab132a2af1079167b77+SAPISID1PHASH+5397e82b7f5ba7ae84ff2ab132a2af1079167b77+SAPISID3PHASH+5397e82b7f5ba7ae84ff2ab132a2af1079167b77&authuser=0&format=json:0
[   87070ms] [ERROR] Failed to load resource: net::ERR_BLOCKED_BY_CLIENT @ https://play.google.com/log?format=json&hasfast=true:0
[   93821ms] [ERROR] Failed to load resource: net::ERR_BLOCKED_BY_CLIENT @ https://play.google.com/log?hasfast=true&auth=SAPISIDHASH+5397e82b7f5ba7ae84ff2ab132a2af1079167b77+SAPISID1PHASH+5397e82b7f5ba7ae84ff2ab132a2af1079167b77+SAPISID3PHASH+5397e82b7f5ba7ae84ff2ab132a2af1079167b77&authuser=0&format=json:0
[   98297ms] [ERROR] Failed to load resource: net::ERR_BLOCKED_BY_CLIENT @ https://play.google.com/log?hasfast=true&auth=SAPISIDHASH+5397e82b7f5ba7ae84ff2ab132a2af1079167b77+SAPISID1PHASH+5397e82b7f5ba7ae84ff2ab132a2af1079167b77+SAPISID3PHASH+5397e82b7f5ba7ae84ff2ab132a2af1079167b77&authuser=0&format=json:0
[  101901ms] [ERROR] Failed to load resource: net::ERR_BLOCKED_BY_CLIENT @ https://play.google.com/log?format=json&hasfast=true&authuser=0:0
[  106919ms] [ERROR] Failed to load resource: net::ERR_BLOCKED_BY_CLIENT @ https://play.google.com/log?format=json&hasfast=true&authuser=0:0
[  109422ms] [ERROR] Failed to load resource: net::ERR_BLOCKED_BY_CLIENT @ https://play.google.com/log?format=json&hasfast=true&authuser=0:0
[  114467ms] [ERROR] Failed to load resource: net::ERR_BLOCKED_BY_CLIENT @ https://play.google.com/log?format=json&hasfast=true&authuser=0:0
[  124201ms] [ERROR] Failed to load resource: net::ERR_BLOCKED_BY_CLIENT @ https://play.google.com/log?hasfast=true&auth=SAPISIDHASH+5397e82b7f5ba7ae84ff2ab132a2af1079167b77+SAPISID1PHASH+5397e82b7f5ba7ae84ff2ab132a2af1079167b77+SAPISID3PHASH+5397e82b7f5ba7ae84ff2ab132a2af1079167b77&authuser=0&format=json:0
[  135545ms] [ERROR] Failed to load resource: net::ERR_BLOCKED_BY_CLIENT @ https://mail-ads.google.com/mail/u/0/adsfe/main_jspb?rt=r&client=25&pt=ji:0
[  136626ms] [ERROR] Failed to load resource: net::ERR_BLOCKED_BY_CLIENT @ https://play.google.com/log?format=json&hasfast=true&authuser=0:0
[  151128ms] [ERROR] Failed to load resource: net::ERR_BLOCKED_BY_CLIENT @ https://play.google.com/log?format=json&hasfast=true&authuser=0:0
[  173404ms] [ERROR] Failed to load resource: net::ERR_BLOCKED_BY_CLIENT @ https://play.google.com/log?format=json&hasfast=true&authuser=0:0
[  173928ms] [ERROR] Failed to load resource: net::ERR_BLOCKED_BY_CLIENT @ https://play.google.com/log?format=json&hasfast=true:0
[  185962ms] [ERROR] Failed to load resource: net::ERR_BLOCKED_BY_CLIENT @ https://play.google.com/log?format=json&hasfast=true&authuser=0:0
[  204633ms] [ERROR] Failed to load resource: net::ERR_BLOCKED_BY_CLIENT @ https://play.google.com/log?hasfast=true&auth=SAPISIDHASH+5397e82b7f5ba7ae84ff2ab132a2af1079167b77+SAPISID1PHASH+5397e82b7f5ba7ae84ff2ab132a2af1079167b77+SAPISID3PHASH+5397e82b7f5ba7ae84ff2ab132a2af1079167b77&authuser=0&format=json:0
[  204682ms] [ERROR] Failed to load resource: net::ERR_BLOCKED_BY_CLIENT @ https://play.google.com/log?hasfast=true&auth=SAPISIDHASH+5397e82b7f5ba7ae84ff2ab132a2af1079167b77+SAPISID1PHASH+5397e82b7f5ba7ae84ff2ab132a2af1079167b77+SAPISID3PHASH+5397e82b7f5ba7ae84ff2ab132a2af1079167b77&authuser=0&format=json:0
