[    2104ms] [WARNING] Deprecated API for given entry type. @ https://mail.google.com/_/scs/mail-static/_/js/k=gmail.main.en.r1Sm_kuU6nc.es5.OL/am=wAIAAACAKf5IAM7_e3qwAQQA_JfDn68P_L1E9_8fhkAQ8EPAqrMB9AC6rBXe5___v5tf27_ffbgM8_kjAQABto5uy4eHGK7QCADwAQhdp25ymgEAAAAAAAAAAAAAAAAAAAD4jGxkUmA/d=1/exm=b/ed=1/im=1/dg=0/br=1/wt=1/rs=AHGWq9BH8L9kvvM86lqRVGBvb507h0Ta8w/cb=loaded_1/m=a?cb=2a247563:2966
[    2398ms] [WARNING] An iframe which has both allow-scripts and allow-same-origin for its sandbox attribute can escape its sandboxing. @ https://mail.google.com/mail/u/0/data?token=%5B%22cftp%22,%22502cc7a4e0%22,%22gmail.pinto-server_20260713.16_p0%22,%22ZyMrc6cBAw-rFZnvtXyj5A%5Cu003d%5Cu003d%22,null,3,%22%22%5D&dilte=0&gme=1&sme=1&pt=ji&di=0&dbv=112:0
[    2688ms] [WARNING] Manifest: property 'migrate_from' ignored, manifest must specify an 'id' property in order to receive a migration. @ https://mail.google.com/mail/u/0/manifest.json:0
[    2690ms] [LOG] AUI Debug: Reapplying overrides after page change @ chrome-extension://dcfoehjpoialdhneckhclkljejggicle/scripts.js:54
[    3068ms] [ERROR] Failed to load resource: net::ERR_BLOCKED_BY_CLIENT @ https://mail.google.com/generate_204?-dE2FA:0
[    3144ms] [ERROR] Failed to load resource: net::ERR_BLOCKED_BY_CLIENT @ https://play.google.com/log?format=json&hasfast=true&authuser=0:0
[    3144ms] [ERROR] Failed to load resource: net::ERR_BLOCKED_BY_CLIENT @ https://play.google.com/log?hasfast=true&auth=SAPISIDHASH+5397e82b7f5ba7ae84ff2ab132a2af1079167b77+SAPISID1PHASH+5397e82b7f5ba7ae84ff2ab132a2af1079167b77+SAPISID3PHASH+5397e82b7f5ba7ae84ff2ab132a2af1079167b77&authuser=0&format=json:0
[    3145ms] [ERROR] Failed to load resource: net::ERR_BLOCKED_BY_CLIENT @ https://play.google.com/log?hasfast=true&auth=SAPISIDHASH+5397e82b7f5ba7ae84ff2ab132a2af1079167b77+SAPISID1PHASH+5397e82b7f5ba7ae84ff2ab132a2af1079167b77+SAPISID3PHASH+5397e82b7f5ba7ae84ff2ab132a2af1079167b77&authuser=0&format=json:0
[    3717ms] [ERROR] Failed to load resource: net::ERR_BLOCKED_BY_CLIENT @ https://play.google.com/log?format=json&hasfast=true&authuser=0:0
[    5605ms] [ERROR] Failed to load resource: net::ERR_BLOCKED_BY_CLIENT @ https://play.google.com/log?format=json&hasfast=true&authuser=0:0
[    6047ms] [ERROR] Failed to load resource: net::ERR_BLOCKED_BY_CLIENT @ https://play.google.com/log?hasfast=true&auth=SAPISIDHASH+5397e82b7f5ba7ae84ff2ab132a2af1079167b77+SAPISID1PHASH+5397e82b7f5ba7ae84ff2ab132a2af1079167b77+SAPISID3PHASH+5397e82b7f5ba7ae84ff2ab132a2af1079167b77&authuser=0&format=json:0
[    6471ms] [ERROR] Failed to load resource: net::ERR_BLOCKED_BY_CLIENT @ https://www.googleadservices.com/pagead/conversion/16521530460/?gad_source=1&adview_type=1&adview_query_id=CMb__avm15UDFWHSwgQduKAVug:0
[    6471ms] [ERROR] Failed to load resource: net::ERR_BLOCKED_BY_CLIENT @ https://www.google.com/pagead/1p-conversion/16521530460/?gad_source=1&adview_type=4&adview_query_id=CMb__avm15UDFWHSwgQduKAVug:0
[    6471ms] [ERROR] Failed to load resource: net::ERR_BLOCKED_BY_CLIENT @ https://www.google.com/gen_204?ct=&data=&rrwtw=1:0
[    6471ms] [ERROR] Failed to load resource: net::ERR_BLOCKED_BY_CLIENT @ https://www.google.com/gen_204?s=web&t=aft&atyp=csi&ei=Rh9Zar3uLsXj0PEPlPqG8A4&rt=wsrt.97,hst.140,sct.270,frts.272,frvt.272,prt.333,afti.304,afts.272,aftr.285,aft.304&imn=27&dtc=1089&stc=332&ima=3&imad=3&imac=3&wh=630&nt=navigate&dt=&ts=300&nhp=h3&ant=push&opi=89978449:0
[    6534ms] [ERROR] Failed to load resource: net::ERR_BLOCKED_BY_CLIENT @ https://www.googleadservices.com/pagead/conversion/16521530460/?gad_source=1&adview_type=1&adview_query_id=CMb__avm15UDFWHSwgQduKAVug:0
[    6534ms] [ERROR] Failed to load resource: net::ERR_BLOCKED_BY_CLIENT @ https://www.google.com/pagead/1p-conversion/16521530460/?gad_source=1&adview_type=4&adview_query_id=CMb__avm15UDFWHSwgQduKAVug:0
[    6534ms] [ERROR] Failed to load resource: net::ERR_BLOCKED_BY_CLIENT @ https://www.googletagmanager.com/gtag/js?id=AW-16521530460&preconnect=1&type=7&qid=CMb__avm15UDFWHSwgQduKAVug:0
[    6536ms] [ERROR] Failed to load resource: net::ERR_BLOCKED_BY_CLIENT @ https://www.googletagmanager.com/gtm.js?id=GTM-16521530460&preconnect=1&type=8&qid=CMb__avm15UDFWHSwgQduKAVug:0
[    6664ms] [ERROR] Failed to load resource: net::ERR_BLOCKED_BY_CLIENT @ https://www.google.com/gen_204?atyp=csi&ei=Rh9Zar3uLsXj0PEPlPqG8A4&s=web&t=all&imn=27&dtc=1089&stc=332&ima=3&imad=3&imac=3&wh=630&nt=navigate&dt=&ts=300&nhp=h3&ant=push&tbdba=84&tbdaa=0&thdba=0&thdaa=0&ime=0&imeh=1&imeha=0&imehb=0&imea=0&imeb=2&imel=0&imed=0&imeeb=0&imexb=0&scp=0&fld=723&cb=174526&ucb=642263&lts=174826&adh=&mem=ujhs.145,tjhs.193,jhsl.4396,dm.32&nv=ne.1,feid.2c6542e8-4582-4e50-9050-c9d83029449d&net=dl.10000,ect.4g,rtt.150,sd.0&hp=&p=bs.false&rt=hst.140,sct.270,frts.272,frvt.272,prt.333,afti.304,afts.272,aftr.285,aft.304,xjspls.403,xjsls.404,dcl.416,xjses.429,xjsee.491,xjs.491,fcp.179,lcp.311,wsrt.97,cst.0,dnst.0,rqst.499,rspt.413,rqstt.11,unt.5,cstt.5,dit.513&zx=1784225607147&opi=89978449:0
[    6833ms] [ERROR] Failed to load resource: net::ERR_BLOCKED_BY_CLIENT @ https://www.google.com/client_204?atyp=i&biw=1374&bih=630&dpr=2.2&ei=Rh9Zar3uLsXj0PEPlPqG8A4&opi=89978449:0
[    6835ms] [LOG] AUI Debug: Reapplying overrides after page change @ chrome-extension://dcfoehjpoialdhneckhclkljejggicle/scripts.js:54
[    6937ms] [ERROR] Failed to load resource: net::ERR_BLOCKED_BY_CLIENT @ https://www.google.com/log?format=json&hasfast=true&authuser=0:0
[    6969ms] [ERROR] Failed to load resource: net::ERR_BLOCKED_BY_CLIENT @ https://www.google.com/gen_204?atyp=i&ei=Rh9Zar3uLsXj0PEPlPqG8A4&ct=slh&v=t1&im=M&m=VH&aqid=Rh9ZasbENuGki9YPuMHW0As&pv=0.6279821195608264&me=1:1784225606926,V,0,0,1374,630:0,B,2695:0,N,1,Rh9Zar3uLsXj0PEPlPqG8A4:0,R,1,8,137,36,92,34:0,R,1,27,1223,32,40,40:0,R,1,CAoQAA,0,84,1375,54:0,R,1,CAoQCA,137,90,861,48:0,R,1,CAoQAQ,141,90,581,48:0,R,1,CAoQAg,125,90,76,48:0,R,1,CA8QAA,201,90,40,48:0,R,1,CA8QAQ,201,90,40,48:0,R,1,CA4QAA,241,90,70,48:0,R,1,CA4QAQ,241,90,70,48:0,R,1,CAwQAA,311,90,58,48:0,R,1,CAwQAQ,311,90,58,48:0,R,1,CA0QAA,369,90,67,48:0,R,1,CA0QAQ,369,90,67,48:0,R,1,CBIQAA,436,90,59,48:0,R,1,CBIQAQ,436,90,59,48:0,R,1,CBAQAA,495,90,71,48:0,R,1,CBAQAQ,495,90,71,48:0,R,1,CAkQBQ,137,168,652,1937:0,R,1,CBcQAA,137,168,652,526:0,R,1,CBkQAA,137,168,652,116:0,R,1,CBQQBA,865,162,457,2377:0,R,1,CB8QAA,865,168,457,1662:0,R,1,CD4QAA,866,169,456,172:0,R,1,CDsQAA,866,169,456,160:0,R,1,CDsQAQ,866,169,456,160:0,R,1,CDAQAA,866,169,456,160:0,R,1,CDAQAQ,866,169,456,160:0,R,1,CDAQAg,866,169,215,160:0,R,1,CDAQCg,1081,169,241,80:0,R,1,CDAQDw,1081,250,241,79:0,R,1,CCIQAA,866,341,456,97:0,R,1,CCEQAQ,866,438,456,1352:0,R,1,CCQQAA,866,438,456,1352:0,R,1,CEcQAA,866,438,456,105:0,R,1,CDgQAA,866,438,456,105:0,R,1,CCkQAA,874,446,440,96:0,R,1,CCkQCQ,1201,452,80,36:0,R,1,CCkQDA,874,500,85,36:0,R,1,CEMQAA,866,554,456,207:0,R,1,CDoQAA,866,554,456,44:0,R,1,CC0QAA,866,610,456,22:410,x:129,T:0,N,2,Rx9ZapikG4CAgLAPAA,1:0,R,1,8,137,36,92,34:0,R,1,27,1223,32,40,40:0,R,1,CAoQAA,0,84,1375,54:0,R,1,CAoQCA,137,90,861,48:0,R,1,CAoQAQ,141,90,581,48:0,R,1,CAoQAg,125,90,76,48:0,R,1,CA8QAA,201,90,40,48:0,R,1,CA8QAQ,201,90,40,48:0,R,1,CA4QAA,241,90,70,48:0,R,1,CA4QAQ,241,90,70,48:0,R,1,CAwQAA,311,90,58,48:0,R,1,CAwQAQ,311,90,58,48:0,R,1,CA0QAA,369,90,67,48:0,R,1,CA0QAQ,369,90,67,48:0,R,1,CBIQAA,436,90,59,48:0,R,1,CBIQAQ,436,90,59,48:0,R,1,CBAQAA,495,90,71,48:0,R,1,CBAQAQ,495,90,71,48:0,R,1,CAkQBQ,137,168,652,1937:0,R,1,CBcQAA,137,168,652,526&zx=1784225607467&opi=89978449:0
[    6999ms] [ERROR] Failed to load resource: net::ERR_BLOCKED_BY_CLIENT @ https://www.google.com/gen_204?atyp=i&ei=Rh9Zar3uLsXj0PEPlPqG8A4&pcon=0&dt19=2&prm23=0&zx=1784225607518&opi=89978449:0
[    7135ms] [ERROR] Failed to load resource: net::ERR_BLOCKED_BY_CLIENT @ https://ep1.adtrafficquality.google/getconfig/sodar?sv=200&tid=oos&tv=2489&st=cr_env&sjk=Rh9Zar3uLsXj0PEPlPqG8A4:0
[    7136ms] [ERROR] Failed to load resource: net::ERR_BLOCKED_BY_CLIENT @ https://www.google.com/gen_204?atyp=i&ei=Rh9Zar3uLsXj0PEPlPqG8A4&errsrp-init=init&zx=1784225607599&opi=89978449:0
[    7143ms] [ERROR] Failed to load resource: net::ERR_BLOCKED_BY_CLIENT @ https://www.google.com/gen_204?atyp=i&ei=Rh9Zar3uLsXj0PEPlPqG8A4&vet=12ahUKEwi9qfar5teVAxXFMTQIHRS9Ae4QuqMJegQIBxAA..s&bl=CVQI&s=web&lpl=CAUYAzA7OANiBwgBEOC00S-AAQE&zx=1784225607660&opi=89978449:0
[    7146ms] [ERROR] Failed to load resource: net::ERR_BLOCKED_BY_CLIENT @ https://www.google.com/gen_204?atyp=i&ei=Rh9Zar3uLsXj0PEPlPqG8A4&errsrp-rhs-w=457/20cols&zx=1784225607661&opi=89978449:0
[    7381ms] [ERROR] Failed to load resource: net::ERR_BLOCKED_BY_CLIENT @ https://www.google.com/log?format=json&hasfast=true&authuser=0:0
[    7546ms] [ERROR] Failed to load resource: net::ERR_BLOCKED_BY_CLIENT @ https://play.google.com/log?format=json&hasfast=true&authuser=0:0
[    7839ms] [ERROR] Failed to load resource: net::ERR_BLOCKED_BY_CLIENT @ https://www.google.com/gen_204?atyp=i&ct=psnt&cad=&nt=navigate&ei=Rh9Zar3uLsXj0PEPlPqG8A4&zx=1784225608357&opi=89978449:0
[    7878ms] [ERROR] Failed to load resource: net::ERR_BLOCKED_BY_CLIENT @ https://www.google.com/url?sa=t&source=web&rct=j&opi=89978449&url=https://www.seattleyachtclub.org/&ved=2ahUKEwi9qfar5teVAxXFMTQIHRS9Ae4QFnoECBUQAQ:0
[    7882ms] [ERROR] Failed to load resource: net::ERR_BLOCKED_BY_CLIENT @ https://www.google.com/gen_204?atyp=i&ei=Rh9Zar3uLsXj0PEPlPqG8A4&ct=slh&v=t1&im=M&aqid=Rh9ZasbENuGki9YPuMHW0As&pv=0.6279821195608264&me=69:1784225607465,R,1,CBkQAA,137,168,652,116:0,R,1,CBQQBA,865,162,457,2377:0,R,1,CB8QAA,865,168,457,1662:0,R,1,CD4QAA,866,169,456,172:0,R,1,CDsQAA,866,169,456,160:0,R,1,CDsQAQ,866,169,456,160:0,R,1,CDAQAA,866,169,456,160:0,R,1,CDAQAQ,866,169,456,160:0,R,1,CDAQAg,866,169,215,160:0,R,1,CDAQCg,1081,169,241,80:0,R,1,CDAQDw,1081,250,241,79:0,R,1,CCIQAA,866,341,456,97:0,R,1,CCEQAQ,866,438,456,1352:0,R,1,CCQQAA,866,438,456,1352:0,R,1,CEcQAA,866,438,456,105:0,R,1,CDgQAA,866,438,456,105:0,R,1,CCkQAA,874,446,440,96:0,R,2,0,1201,452,80,36:0,R,1,CCkQDA,874,500,85,36:0,R,1,CEMQAA,866,554,456,207:0,R,1,CDoQAA,866,554,456,44:0,R,1,CC0QAA,866,610,456,22:927,G,1,CBkQAA,191,56,1:0,c,328,224:0,G,1,CBkQAA,191,56:0,G,1,CBcQAA,191,56:0,G,1,CAkQBQ,191,56:3,e,C&zx=1784225608395&opi=89978449:0
[    7883ms] [ERROR] Failed to load resource: net::ERR_BLOCKED_BY_CLIENT @ https://www.google.com/gen_204?atyp=csi&ei=Rh9Zar3uLsXj0PEPlPqG8A4&s=web&nt=navigate&t=fi&et=pointerdown&st=1660&fid=1&zx=1784225608396&opi=89978449:0
[    8438ms] [ERROR] Error with Permissions-Policy header: Parse of permissions policy failed because of errors reported by structured header parser. @ :0
[    9468ms] [ERROR] Failed to load resource: net::ERR_BLOCKED_BY_CLIENT @ https://www.seattleyachtclub.org/html/js/analytics/google.js:0
[    9468ms] [ERROR] Failed to load resource: net::ERR_BLOCKED_BY_CLIENT @ https://static.cloudflareinsights.com/beacon.min.js/v4513226cdae34746b4dedf0b4dfa099e1781791509496:0
[   10082ms] [LOG] AUI Debug: Reapplying overrides after page change @ chrome-extension://dcfoehjpoialdhneckhclkljejggicle/scripts.js:54
[   10848ms] [ERROR] Failed to load resource: net::ERR_BLOCKED_BY_CLIENT @ https://www.youtube.com/youtubei/v1/log_event?alt=json:0
[   10946ms] [ERROR] Failed to load resource: net::ERR_BLOCKED_BY_CLIENT @ https://www.youtube.com/ptracking?html5=1&video_id=uXdwyGLZguk&cpn=bTqQixuW92xohLwB&ei=Sx9ZarueBICLsfIPrYa6-Qw&ptk=youtube_none&pltype=contentugc:0
[   11037ms] [ERROR] Failed to load resource: net::ERR_BLOCKED_BY_CLIENT @ https://www.youtube.com/generate_204?qBRIRQ:0
[   12739ms] [LOG] AUI Debug: Reapplying overrides after page change @ chrome-extension://dcfoehjpoialdhneckhclkljejggicle/scripts.js:54
[   14219ms] [ERROR] Failed to load resource: net::ERR_BLOCKED_BY_CLIENT @ https://www.youtube.com/youtubei/v1/log_event?alt=json:0
[   16410ms] TIMEOUT waiting for ()=>(t=document.getElementById("player-control-container"),null!==t): Error
    at chrome-extension://mnjggcdmjocbbbhaepdhchncahnbgone/js/content.js:2:162712
[   16410ms] TIMEOUT waiting for ()=>(0,c.getYouTubeTitleNode)(): Error
    at chrome-extension://mnjggcdmjocbbbhaepdhchncahnbgone/js/content.js:2:162712
[   22214ms] [ERROR] Failed to load resource: net::ERR_BLOCKED_BY_CLIENT @ https://www.youtube.com/youtubei/v1/log_event?alt=json:0
[   49192ms] [ERROR] Failed to load resource: net::ERR_BLOCKED_BY_CLIENT @ https://www.youtube.com/youtubei/v1/log_event?alt=json:0
