[    1521ms] [LOG] WARNING: Tried to load angular more than once. @ https://prod.cdn.cbw.crux.builder-tools.aws.dev/assets/cdn/vendor-part3-bc8064255b88912458476cfdcb8e9af53cd7e51daea75dfeee036d9363364282.js?Expires=1784227569&Signature=CfN9YOnj~GwWyfdzfpIuMD3pUdRnqSio~nbfTXtNq1De9nGX8lZA9-VPDs~p8eq2XzcDCLPCXhT3EwMclpmOrJAcYJ-oWhj9mIglJQuvV6XzN3DqrOM0uvSN6Z~aGZ7vF0AxytQVFWN0ipOar6uj4UEpCp-XFOkQoUCcI8Wn7Bs2gbXiL18mXV2KwcbdxUUgC0wDKkXn1s2-Pzp3Czw-sym1smumytZR0R-Mn~dIdnmoZcY4-nmGs-Pmygy~TjDyGd4-ufuV3QplZOh-l1SckNIU98BdQ2d-U43j~Z-KuO~Kv1gKIghHTd-viHdkaiYa8ckkhHk-vO7SRAafvPge3w__&Key-Pair-Id=K11PVWJWB1ZZ40:14
[    1723ms] [LOG] AUI Debug: Reapplying overrides after page change @ chrome-extension://dcfoehjpoialdhneckhclkljejggicle/scripts.js:54
[    2091ms] Uncaught (in promise) TypeError: Failed to resolve module specifier './index-Dc9k1RGK.js'. The base URL is about:blank because import() is called from a CORS-cross-origin script.
    at <anonymous> (https://prod.ui.dashboard.crux.builder-tools.aws.dev/assets/crux-dashboard-web-index-DhktaXeQ.js:102:196028)
    at <anonymous> (https://prod.ui.dashboard.crux.builder-tools.aws.dev/assets/crux-dashboard-web-index-DhktaXeQ.js:41:111685)
[    6956ms] [ERROR] Failed to load resource: net::ERR_BLOCKED_BY_CLIENT @ https://dataplane.rum.us-east-1.amazonaws.com/appmonitors/ce15caa9-d90b-4f97-bbee-03782a7c6f71:0
[    8962ms] [ERROR] Failed to load resource: net::ERR_BLOCKED_BY_CLIENT @ https://dataplane.rum.us-east-1.amazonaws.com/appmonitors/ce15caa9-d90b-4f97-bbee-03782a7c6f71:0
[   11125ms] [LOG] WARNING: Tried to load angular more than once. @ https://prod.cdn.cbw.crux.builder-tools.aws.dev/assets/cdn/vendor-part3-bc8064255b88912458476cfdcb8e9af53cd7e51daea75dfeee036d9363364282.js?Expires=1784227579&Signature=AklrYzc4Y2GJo4bMqURAO3~aBuVLgYIB0TC1x7V4t-KsXqrxjiQBpZl8BOHxmEkBeJSfZIrOEL9mUof3STC~FloHCyIiS7W0AZYosoQ9XXK6gb7vVjKxT6A~zSONVVHj6ruiymDEjw4Wq2gL9bsRQCBfLDXNvfsGlBpRdUlSgeyr6VbXVPkbQXYJVrIO-CSOrILN1yYNDb1-RhOpGzXZCfcGKrWO6ZIrQkEtcM0RuAzWxW4VbCZZ41b9BXIKLsJwUe5hmMJ3H0n5gwsfvT~nHiRYE-5QvmgU1jfnpw48VhuTuT~qndFY1ppW2UHRs~VkKpsiFOx2ZWJaB~CAf7-Uvg__&Key-Pair-Id=K11PVWJWB1ZZ40:14
[   11183ms] [LOG] refValue undefined @ https://prod.cdn.cbw.crux.builder-tools.aws.dev/assets/cdn/application_angular-de0de1f608384b8343532403e5f1a1fb24057fa73768047c13d1cefab7a42d83.js?Expires=1784227579&Signature=QF0~Ar-wAY9iyTpZmmPQLn3Jfu545XjA1k48yfDvZdPK96ZxhjHAnVmVEMxN3xl85tIyWlfOCiZKeADGpRTN4kIXiprXvrDOJS19RUWDLOITxFVI8NORLjppc3CVg7UOZNHdIfZA1boIwNcuUdcymuC2zU1Nmv-69~9LiovSFPVbRq0a3M8M7X8d4m2Murqv-b0wOLju1shh2hCXL0SyE9CE0SNe44eFe5VwKU8UuzjBNij~WW-CsZoXmeWvdprM7QnCwpfLtrmJKk4M821lG9QQ4Vr8OVzH3R0SGUKUYc2x0MpmlYM1oaJmu3BsjxRLPJ5PQqo7neEL1CGqcWgY4g__&Key-Pair-Id=K11PVWJWB1ZZ40:48
[   11391ms] [LOG] AUI Debug: Reapplying overrides after page change @ chrome-extension://dcfoehjpoialdhneckhclkljejggicle/scripts.js:54
[   19267ms] [ERROR] Failed to load resource: the server responded with a status of 404 () @ https://code.amazon.com/reviews/CR-289679998/revisions/%7B%7Bvm.getFileLink(vm.diff.source.commitSha1)%20+%20'?raw=1%27}}:0
[   19273ms] [ERROR] Failed to load resource: the server responded with a status of 404 () @ https://code.amazon.com/reviews/CR-289679998/revisions/%7B%7Bvm.getFileLink(vm.diff.destination.commitSha1)%20+%20'?raw=1%27}}:0
[   19381ms] [ERROR] Failed to load resource: the server responded with a status of 404 () @ https://code.amazon.com/reviews/CR-289679998/revisions/%7B%7Bvm.getFileLink(vm.diff.source.commitSha1)%20+%20'?raw=1%27}}:0
[   19387ms] [ERROR] Failed to load resource: the server responded with a status of 404 () @ https://code.amazon.com/reviews/CR-289679998/revisions/%7B%7Bvm.getFileLink(vm.diff.destination.commitSha1)%20+%20'?raw=1%27}}:0
[   19430ms] [WARNING] typeaheadParser is now deprecated. Use uibTypeaheadParser instead. @ https://prod.cdn.cbw.crux.builder-tools.aws.dev/assets/cdn/vendor-part1-7dc216765cd7581ef668ad38ebee341796fad06a32fc1d9126eac3337ab09f5c.js?Expires=1784227579&Signature=I5p8BPvMQy7EW4TxbDYmJPO4oZ4MMzO1mHIPrLVi~GjKCL63u4PzjQCPg6nSM-q26293XZR2Qa9TgUAzJ5vr2dXvmOXlY5PvYVxFoW3KYdP47K4ineS2fQtKVKczbOLdn4JxcBhwKxoGZi-4XjwtaAJUmrTRxaFr3pzvVwe--eogsbdzAJoNyVO9005PFciTLb4hwhDLbxoZloaTGIFWb8-nsk~vVl3qSNEZW5X5guwGPOzUQ~6TOkmRe2rX4JJkmlDt6R~B680J12PnYe1pohhU~7HJ4zociLP4z4Ke3SYbMdNh7KRvsCsgR8IjCVkdkSRu9G2byfQbKIKfVZ0PTw__&Key-Pair-Id=K11PVWJWB1ZZ40:285
[   19443ms] [WARNING] typeahead is now deprecated. Use uib-typeahead instead. @ https://prod.cdn.cbw.crux.builder-tools.aws.dev/assets/cdn/vendor-part1-7dc216765cd7581ef668ad38ebee341796fad06a32fc1d9126eac3337ab09f5c.js?Expires=1784227579&Signature=I5p8BPvMQy7EW4TxbDYmJPO4oZ4MMzO1mHIPrLVi~GjKCL63u4PzjQCPg6nSM-q26293XZR2Qa9TgUAzJ5vr2dXvmOXlY5PvYVxFoW3KYdP47K4ineS2fQtKVKczbOLdn4JxcBhwKxoGZi-4XjwtaAJUmrTRxaFr3pzvVwe--eogsbdzAJoNyVO9005PFciTLb4hwhDLbxoZloaTGIFWb8-nsk~vVl3qSNEZW5X5guwGPOzUQ~6TOkmRe2rX4JJkmlDt6R~B680J12PnYe1pohhU~7HJ4zociLP4z4Ke3SYbMdNh7KRvsCsgR8IjCVkdkSRu9G2byfQbKIKfVZ0PTw__&Key-Pair-Id=K11PVWJWB1ZZ40:285
[   19468ms] [WARNING] typeahead-popup is now deprecated. Use uib-typeahead-popup instead. @ https://prod.cdn.cbw.crux.builder-tools.aws.dev/assets/cdn/vendor-part1-7dc216765cd7581ef668ad38ebee341796fad06a32fc1d9126eac3337ab09f5c.js?Expires=1784227579&Signature=I5p8BPvMQy7EW4TxbDYmJPO4oZ4MMzO1mHIPrLVi~GjKCL63u4PzjQCPg6nSM-q26293XZR2Qa9TgUAzJ5vr2dXvmOXlY5PvYVxFoW3KYdP47K4ineS2fQtKVKczbOLdn4JxcBhwKxoGZi-4XjwtaAJUmrTRxaFr3pzvVwe--eogsbdzAJoNyVO9005PFciTLb4hwhDLbxoZloaTGIFWb8-nsk~vVl3qSNEZW5X5guwGPOzUQ~6TOkmRe2rX4JJkmlDt6R~B680J12PnYe1pohhU~7HJ4zociLP4z4Ke3SYbMdNh7KRvsCsgR8IjCVkdkSRu9G2byfQbKIKfVZ0PTw__&Key-Pair-Id=K11PVWJWB1ZZ40:285
[   19519ms] [ERROR] Failed to load resource: the server responded with a status of 404 () @ https://code.amazon.com/reviews/CR-289679998/revisions/%7B%7Bvm.getFileLink(vm.diff.source.commitSha1)%20+%20'?raw=1%27}}:0
[   19520ms] [ERROR] Failed to load resource: the server responded with a status of 404 () @ https://code.amazon.com/reviews/CR-289679998/revisions/%7B%7Bvm.getFileLink(vm.diff.destination.commitSha1)%20+%20'?raw=1%27}}:0
[   20561ms] [ERROR] Failed to load resource: the server responded with a status of 404 () @ https://code.amazon.com/reviews/CR-289679998/revisions/%7B%7Bvm.getFileLink(vm.diff.source.commitSha1)%20+%20'?raw=1%27}}:0
[   20562ms] [ERROR] Failed to load resource: the server responded with a status of 404 () @ https://code.amazon.com/reviews/CR-289679998/revisions/%7B%7Bvm.getFileLink(vm.diff.destination.commitSha1)%20+%20'?raw=1%27}}:0
[   20626ms] [ERROR] Failed to load resource: the server responded with a status of 404 () @ https://code.amazon.com/reviews/CR-289679998/revisions/%7B%7Bvm.getFileLink(vm.diff.destination.commitSha1)%20+%20'?raw=1%27}}:0
[   20628ms] [ERROR] Failed to load resource: the server responded with a status of 404 () @ https://code.amazon.com/reviews/CR-289679998/revisions/%7B%7Bvm.getFileLink(vm.diff.source.commitSha1)%20+%20'?raw=1%27}}:0
[   20691ms] [ERROR] Failed to load resource: the server responded with a status of 404 () @ https://code.amazon.com/reviews/CR-289679998/revisions/%7B%7Bvm.getFileLink(vm.diff.source.commitSha1)%20+%20'?raw=1%27}}:0
[   20691ms] [ERROR] Failed to load resource: the server responded with a status of 404 () @ https://code.amazon.com/reviews/CR-289679998/revisions/%7B%7Bvm.getFileLink(vm.diff.destination.commitSha1)%20+%20'?raw=1%27}}:0
