[     -57ms] [LOG] Currently configured to use Space stages: {"domain":"harmony.a2z.com","stage":"prod","spaceId":"harmony","mode":"multi-app-subdomain"} @ https://stores-designer.harmony.a2z.com/navigation/harmony-navbar.js:53
[     334ms] [LOG] AUI Debug: Reapplying overrides after page change @ chrome-extension://dcfoehjpoialdhneckhclkljejggicle/scripts.js:54
[     434ms] [LOG] AUI Debug: Reapplying overrides after page change @ chrome-extension://dcfoehjpoialdhneckhclkljejggicle/scripts.js:54
[    1446ms] [ERROR] Failed to load resource: net::ERR_BLOCKED_BY_CLIENT @ https://unagi-na.amazon.com/1/events/com.amazon.eel.katal.metrics.core.nexus:0
[    1568ms] [LOG] [useOpenCode:bootProject] Starting boot for project: 729e2f08-2a5f-4398-9ca4-ea740c8a0dd6 template: blank @ https://stores-designer.harmony.a2z.com/assets/project-layout-NrWtJUaV.js:1
[    1572ms] [LOG] [useOpenCode:bootProject] Starting boot for project: 729e2f08-2a5f-4398-9ca4-ea740c8a0dd6 template: blank @ https://stores-designer.harmony.a2z.com/assets/project-layout-NrWtJUaV.js:1
[    1572ms] [LOG] [useOpenCode:bootProject] Skipping - boot already in progress for this project (ref check) @ https://stores-designer.harmony.a2z.com/assets/project-layout-NrWtJUaV.js:1
[    1773ms] [ERROR] Access to fetch at 'https://env-97e27227953646a7b19c48d5870bd284.mde.prod.design-assistant.sdt.amazon.dev/__frame_ready__' from origin 'https://stores-designer.harmony.a2z.com' has been blocked by CORS policy: No 'Access-Control-Allow-Origin' header is present on the requested resource. @ https://stores-designer.harmony.a2z.com/projects/729e2f08-2a5f-4398-9ca4-ea740c8a0dd6:0
[    1773ms] [ERROR] Failed to load resource: net::ERR_FAILED @ https://env-97e27227953646a7b19c48d5870bd284.mde.prod.design-assistant.sdt.amazon.dev/__frame_ready__:0
[    1774ms] [LOG] trackMetric: page.error 1 {errorName: frame.ready.check.failed, error: frame_ready responded undefined} @ https://stores-designer.harmony.a2z.com/assets/utils-BPBUpZd6.js:14
[    1980ms] [ERROR] Failed to load resource: net::ERR_BLOCKED_BY_CLIENT @ https://unagi-na.amazon.com/1/events/com.amazon.eel.katal.metrics.core.nexus:0
[    1980ms] [LOG] [opencode] → GET /session projectId: 729e2f08-2a5f-4398-9ca4-ea740c8a0dd6 correlationId: r_1784225414812_1 @ https://stores-designer.harmony.a2z.com/assets/index-ZHSC2mrQ.js:8
[    1980ms] [LOG] [opencode] → GET /session/status projectId: 729e2f08-2a5f-4398-9ca4-ea740c8a0dd6 correlationId: r_1784225414812_2 @ https://stores-designer.harmony.a2z.com/assets/index-ZHSC2mrQ.js:8
[    2160ms] [ERROR] Failed to load resource: net::ERR_BLOCKED_BY_CLIENT @ https://unagi-na.amazon.com/1/events/com.amazon.eel.katal.metrics.core.nexus:0
[    3901ms] [LOG] trackMetric: ai.request 1 {route: /session/status, method: GET, projectId: 729e2f08-2a5f-4398-9ca4-ea740c8a0dd6, correlationId: r_1784225414812_2, outcome: success} @ https://stores-designer.harmony.a2z.com/assets/utils-BPBUpZd6.js:14
[    3903ms] [LOG] [opencode] ← /session/status 1920ms correlationId: r_1784225414812_2 @ https://stores-designer.harmony.a2z.com/assets/index-ZHSC2mrQ.js:8
[    4239ms] [LOG] trackMetric: ai.request 1 {route: /session, method: GET, projectId: 729e2f08-2a5f-4398-9ca4-ea740c8a0dd6, correlationId: r_1784225414812_1, outcome: success} @ https://stores-designer.harmony.a2z.com/assets/utils-BPBUpZd6.js:14
[    4246ms] [LOG] [opencode] ← /session 2258ms correlationId: r_1784225414812_1 @ https://stores-designer.harmony.a2z.com/assets/index-ZHSC2mrQ.js:8
[    4249ms] [LOG] [useOpenCode:bootProject] Found 4 existing sessions @ https://stores-designer.harmony.a2z.com/assets/project-layout-NrWtJUaV.js:1
[    4249ms] [LOG] [useOpenCode:bootProject] Using existing session: ses_1481fa27dffeYSm5YlaXxMZLxw @ https://stores-designer.harmony.a2z.com/assets/project-layout-NrWtJUaV.js:1
[    4255ms] [LOG] [opencode] → GET /session/:id/message projectId: 729e2f08-2a5f-4398-9ca4-ea740c8a0dd6 correlationId: r_1784225417493_3 @ https://stores-designer.harmony.a2z.com/assets/index-ZHSC2mrQ.js:8
[    4259ms] [ERROR] Failed to load resource: net::ERR_BLOCKED_BY_CLIENT @ https://unagi-na.amazon.com/1/events/com.amazon.eel.katal.metrics.core.nexus:0
[    5447ms] [LOG] trackMetric: ai.request 1 {route: /session/:id/message, method: GET, projectId: 729e2f08-2a5f-4398-9ca4-ea740c8a0dd6, correlationId: r_1784225417493_3, outcome: success} @ https://stores-designer.harmony.a2z.com/assets/utils-BPBUpZd6.js:14
[    5449ms] [LOG] [opencode] ← /session/:id/message 988ms correlationId: r_1784225417493_3 @ https://stores-designer.harmony.a2z.com/assets/index-ZHSC2mrQ.js:8
[    5449ms] [LOG] [useOpenCode:bootProject] Loaded 100 existing messages @ https://stores-designer.harmony.a2z.com/assets/project-layout-NrWtJUaV.js:1
[    5450ms] [LOG] [useOpenCode] Runtime ready for project: 729e2f08-2a5f-4398-9ca4-ea740c8a0dd6 template: blank retries: 0 totalBootMs: 3882 @ https://stores-designer.harmony.a2z.com/assets/project-layout-NrWtJUaV.js:1
[    5451ms] [LOG] trackLatency: boot.duration 3883ms {projectId: 729e2f08-2a5f-4398-9ca4-ea740c8a0dd6} @ https://stores-designer.harmony.a2z.com/assets/utils-BPBUpZd6.js:14
[    5588ms] [LOG] [useOpenCode:bootProject] Starting boot for project: 729e2f08-2a5f-4398-9ca4-ea740c8a0dd6 template: blank @ https://stores-designer.harmony.a2z.com/assets/project-layout-NrWtJUaV.js:1
[    5588ms] [LOG] [useOpenCode:bootProject] Skipping - boot already in progress for this project (ref check) @ https://stores-designer.harmony.a2z.com/assets/project-layout-NrWtJUaV.js:1
[    5588ms] [LOG] [useAutoProjectTitle] No description captured, skipping @ https://stores-designer.harmony.a2z.com/assets/project-layout-NrWtJUaV.js:37
[    5602ms] [LOG] [opencode] → GET /model-info projectId: 729e2f08-2a5f-4398-9ca4-ea740c8a0dd6 correlationId: r_1784225418695_4 @ https://stores-designer.harmony.a2z.com/assets/index-ZHSC2mrQ.js:8
[    5604ms] [LOG] [opencode] → GET /file/content projectId: 729e2f08-2a5f-4398-9ca4-ea740c8a0dd6 correlationId: r_1784225418832_8 @ https://stores-designer.harmony.a2z.com/assets/index-ZHSC2mrQ.js:8
[    5605ms] [LOG] [opencode] → SSE /global/event correlationId: r_1784225418829_5 @ https://stores-designer.harmony.a2z.com/assets/index-ZHSC2mrQ.js:8
[    5605ms] [LOG] [opencode] → SSE /global/event correlationId: r_1784225418831_6 @ https://stores-designer.harmony.a2z.com/assets/index-ZHSC2mrQ.js:8
[    5605ms] [LOG] [opencode] → SSE /global/event correlationId: r_1784225418831_7 @ https://stores-designer.harmony.a2z.com/assets/index-ZHSC2mrQ.js:8
[    5606ms] [LOG] [opencode] → SSE /global/event correlationId: r_1784225418834_9 @ https://stores-designer.harmony.a2z.com/assets/index-ZHSC2mrQ.js:8
[    5659ms] [LOG] [useOpenCode:bootProject] Starting boot for project: 729e2f08-2a5f-4398-9ca4-ea740c8a0dd6 template: blank @ https://stores-designer.harmony.a2z.com/assets/project-layout-NrWtJUaV.js:1
[    5659ms] [LOG] [useOpenCode:bootProject] Skipping - boot already in progress for this project (ref check) @ https://stores-designer.harmony.a2z.com/assets/project-layout-NrWtJUaV.js:1
[    6190ms] [LOG] trackMetric: ai.request 1 {route: /file/content, method: GET, projectId: 729e2f08-2a5f-4398-9ca4-ea740c8a0dd6, correlationId: r_1784225418832_8, outcome: success} @ https://stores-designer.harmony.a2z.com/assets/utils-BPBUpZd6.js:14
[    6192ms] [LOG] [opencode] ← /file/content 585ms correlationId: r_1784225418832_8 @ https://stores-designer.harmony.a2z.com/assets/index-ZHSC2mrQ.js:8
[    6192ms] [LOG] [usePageFramesQuery] Raw page.json frames: [Object, Object, Object] @ https://stores-designer.harmony.a2z.com/assets/project-layout-NrWtJUaV.js:59
[    6210ms] [LOG] [useBackendSync] sync triggered {isInitialized: false, prevIds: Array(0), queryIds: Array(3), storeIds: Array(0), queryCount: 3} @ https://stores-designer.harmony.a2z.com/assets/project-layout-NrWtJUaV.js:60
[    6297ms] [LOG] [useElementCapture] Browser support check: {hasNavigator: true, hasMediaDevices: true, hasGetDisplayMedia: true, isSupported: true} @ https://stores-designer.harmony.a2z.com/assets/project-layout-NrWtJUaV.js:17
[    6299ms] [LOG] [useElementCapture] Browser support check: {hasNavigator: true, hasMediaDevices: true, hasGetDisplayMedia: true, isSupported: true} @ https://stores-designer.harmony.a2z.com/assets/project-layout-NrWtJUaV.js:17
[    6300ms] [LOG] [useElementCapture] Browser support check: {hasNavigator: true, hasMediaDevices: true, hasGetDisplayMedia: true, isSupported: true} @ https://stores-designer.harmony.a2z.com/assets/project-layout-NrWtJUaV.js:17
[    6554ms] [LOG] trackMetric: ai.request 1 {route: /global/event, method: SSE, projectId: 729e2f08-2a5f-4398-9ca4-ea740c8a0dd6, correlationId: r_1784225418834_9, outcome: success} @ https://stores-designer.harmony.a2z.com/assets/utils-BPBUpZd6.js:14
[    6558ms] [LOG] [opencode] ← SSE connected 948ms correlationId: r_1784225418834_9 @ https://stores-designer.harmony.a2z.com/assets/index-ZHSC2mrQ.js:8
[    6559ms] [ERROR] Failed to load resource: net::ERR_BLOCKED_BY_CLIENT @ https://unagi-na.amazon.com/1/events/com.amazon.eel.katal.metrics.core.nexus:0
[    7408ms] [LOG] trackMetric: ai.request 1 {route: /global/event, method: SSE, projectId: 729e2f08-2a5f-4398-9ca4-ea740c8a0dd6, correlationId: r_1784225418831_7, outcome: success} @ https://stores-designer.harmony.a2z.com/assets/utils-BPBUpZd6.js:14
[    7410ms] [LOG] [opencode] ← SSE connected 1803ms correlationId: r_1784225418831_7 @ https://stores-designer.harmony.a2z.com/assets/index-ZHSC2mrQ.js:8
[    7439ms] [LOG] trackMetric: ai.request 1 {route: /global/event, method: SSE, projectId: 729e2f08-2a5f-4398-9ca4-ea740c8a0dd6, correlationId: r_1784225418829_5, outcome: success} @ https://stores-designer.harmony.a2z.com/assets/utils-BPBUpZd6.js:14
[    7440ms] [LOG] [opencode] ← SSE connected 1834ms correlationId: r_1784225418829_5 @ https://stores-designer.harmony.a2z.com/assets/index-ZHSC2mrQ.js:8
[    7487ms] [LOG] trackMetric: ai.request 1 {route: /model-info, method: GET, projectId: 729e2f08-2a5f-4398-9ca4-ea740c8a0dd6, correlationId: r_1784225418695_4, outcome: success} @ https://stores-designer.harmony.a2z.com/assets/utils-BPBUpZd6.js:14
[    7490ms] [LOG] [opencode] ← /model-info 1884ms correlationId: r_1784225418695_4 @ https://stores-designer.harmony.a2z.com/assets/index-ZHSC2mrQ.js:8
[    7512ms] [ERROR] Failed to load resource: net::ERR_BLOCKED_BY_CLIENT @ https://unagi-na.amazon.com/1/events/com.amazon.eel.katal.metrics.core.nexus:0
[    7677ms] [LOG] trackMetric: ai.request 1 {route: /global/event, method: SSE, projectId: 729e2f08-2a5f-4398-9ca4-ea740c8a0dd6, correlationId: r_1784225418831_6, outcome: success} @ https://stores-designer.harmony.a2z.com/assets/utils-BPBUpZd6.js:14
[    7678ms] [LOG] [opencode] ← SSE connected 2072ms correlationId: r_1784225418831_6 @ https://stores-designer.harmony.a2z.com/assets/index-ZHSC2mrQ.js:8
[   10338ms] [ERROR] Creating a worker from 'blob:https://stores-designer.harmony.a2z.com/4774aec4-e9e9-4574-936e-13b19d49ccbc' violates the following Content Security Policy directive: "worker-src blob". The action has been blocked. @ https://stores-designer.harmony.a2z.com/assets/utils-BPBUpZd6.js:3
[   10340ms] [ERROR] Harmony tip: Looks like you could use some help with your Content Security Policy (CSP). You may need to add the following to your .harmony/harmony-metadata.json file under "content-security-policy": 

    "worker-src": ["blob"]

* If your current CSP is an empty object {}, add the directive listed above.
* If your CSP already specifies the "worker-src" directive, add "blob" to its array.

Example harmony-metadata.json:
    "content-security-policy": {
        "worker-src": ["blob"]
    }

If your application does not have a .harmony folder, run: "harmony app create-harmony-folder" to migrate to the recommended method of managing your App's configuration.

More info: https://docs.harmony.a2z.com/application-development.html#Content%20Security%20Policies @ https://stores-designer.harmony.a2z.com/navigation/harmony-navbar.js:125
[   10605ms] [ERROR] Failed to load resource: net::ERR_BLOCKED_BY_CLIENT @ https://unagi-na.amazon.com/1/events/com.amazon.eel.katal.metrics.core.nexus:0
[   11459ms] [ERROR] Failed to load resource: net::ERR_BLOCKED_BY_CLIENT @ https://unagi-na.amazon.com/1/events/com.amazon.eel.katal.metrics.core.nexus:0
[   12057ms] [LOG] trackLatency: page.all_frames_loaded 10489ms {frameCount: 3} @ https://stores-designer.harmony.a2z.com/assets/utils-BPBUpZd6.js:14
[   12156ms] [ERROR] Failed to load resource: net::ERR_BLOCKED_BY_CLIENT @ https://unagi-na.amazon.com/1/events/com.amazon.eel.katal.metrics.core.nexus:0
[  301323ms] [LOG] Received authorizedReturned response from background script @ chrome-extension://bkbighdlgofgdhcjnhocalbkiehhpdei/sentryjs-api-injected.js:18
[  310586ms] [ERROR] Failed to load resource: net::ERR_BLOCKED_BY_CLIENT @ https://unagi-na.amazon.com/1/events/com.amazon.eel.katal.metrics.core.nexus:0
[  610458ms] [ERROR] Failed to load resource: net::ERR_BLOCKED_BY_CLIENT @ https://unagi-na.amazon.com/1/events/com.amazon.eel.katal.metrics.core.nexus:0
[  905838ms] [LOG] [opencode] → SSE /global/event correlationId: r_1784226319081_a @ https://stores-designer.harmony.a2z.com/assets/index-ZHSC2mrQ.js:8
[  905846ms] [LOG] [opencode] → SSE /global/event correlationId: r_1784226319089_b @ https://stores-designer.harmony.a2z.com/assets/index-ZHSC2mrQ.js:8
[  906145ms] [LOG] [opencode] → SSE /global/event correlationId: r_1784226319389_c @ https://stores-designer.harmony.a2z.com/assets/index-ZHSC2mrQ.js:8
[  906227ms] [LOG] [opencode] → SSE /global/event correlationId: r_1784226319470_d @ https://stores-designer.harmony.a2z.com/assets/index-ZHSC2mrQ.js:8
[  906534ms] [LOG] trackMetric: ai.request 1 {route: /global/event, method: SSE, projectId: 729e2f08-2a5f-4398-9ca4-ea740c8a0dd6, correlationId: r_1784226319081_a, outcome: success} @ https://stores-designer.harmony.a2z.com/assets/utils-BPBUpZd6.js:14
[  906536ms] [LOG] [opencode] ← SSE connected 697ms correlationId: r_1784226319081_a @ https://stores-designer.harmony.a2z.com/assets/index-ZHSC2mrQ.js:8
[  906640ms] [LOG] trackMetric: ai.request 1 {route: /global/event, method: SSE, projectId: 729e2f08-2a5f-4398-9ca4-ea740c8a0dd6, correlationId: r_1784226319089_b, outcome: success} @ https://stores-designer.harmony.a2z.com/assets/utils-BPBUpZd6.js:14
[  906641ms] [LOG] [opencode] ← SSE connected 794ms correlationId: r_1784226319089_b @ https://stores-designer.harmony.a2z.com/assets/index-ZHSC2mrQ.js:8
[  907912ms] [LOG] trackMetric: ai.request 1 {route: /global/event, method: SSE, projectId: 729e2f08-2a5f-4398-9ca4-ea740c8a0dd6, correlationId: r_1784226319389_c, outcome: success} @ https://stores-designer.harmony.a2z.com/assets/utils-BPBUpZd6.js:14
[  907914ms] [LOG] [opencode] ← SSE connected 1767ms correlationId: r_1784226319389_c @ https://stores-designer.harmony.a2z.com/assets/index-ZHSC2mrQ.js:8
[  908080ms] [LOG] trackMetric: ai.request 1 {route: /global/event, method: SSE, projectId: 729e2f08-2a5f-4398-9ca4-ea740c8a0dd6, correlationId: r_1784226319470_d, outcome: success} @ https://stores-designer.harmony.a2z.com/assets/utils-BPBUpZd6.js:14
[  908088ms] [LOG] [opencode] ← SSE connected 1853ms correlationId: r_1784226319470_d @ https://stores-designer.harmony.a2z.com/assets/index-ZHSC2mrQ.js:8
[  908095ms] [ERROR] Failed to load resource: net::ERR_BLOCKED_BY_CLIENT @ https://unagi-na.amazon.com/1/events/com.amazon.eel.katal.metrics.core.nexus:0
[  910647ms] [ERROR] Failed to load resource: net::ERR_BLOCKED_BY_CLIENT @ https://unagi-na.amazon.com/1/events/com.amazon.eel.katal.metrics.core.nexus:0
[ 1201280ms] [LOG] Received authorizedReturned response from background script @ chrome-extension://bkbighdlgofgdhcjnhocalbkiehhpdei/sentryjs-api-injected.js:18
[ 1202276ms] [LOG] Received authorizedReturned response from background script @ chrome-extension://bkbighdlgofgdhcjnhocalbkiehhpdei/sentryjs-api-injected.js:18
[ 1211548ms] [ERROR] Failed to load resource: net::ERR_BLOCKED_BY_CLIENT @ https://unagi-na.amazon.com/1/events/com.amazon.eel.katal.metrics.core.nexus:0
[ 1511451ms] [ERROR] Failed to load resource: net::ERR_BLOCKED_BY_CLIENT @ https://unagi-na.amazon.com/1/events/com.amazon.eel.katal.metrics.core.nexus:0
[ 1806154ms] [LOG] [opencode] → SSE /global/event correlationId: r_1784227219398_e @ https://stores-designer.harmony.a2z.com/assets/index-ZHSC2mrQ.js:8
[ 1806178ms] [LOG] [opencode] → SSE /global/event correlationId: r_1784227219421_f @ https://stores-designer.harmony.a2z.com/assets/index-ZHSC2mrQ.js:8
[ 1806358ms] [LOG] [opencode] → SSE /global/event correlationId: r_1784227219601_g @ https://stores-designer.harmony.a2z.com/assets/index-ZHSC2mrQ.js:8
[ 1806380ms] [LOG] [opencode] → SSE /global/event correlationId: r_1784227219623_h @ https://stores-designer.harmony.a2z.com/assets/index-ZHSC2mrQ.js:8
[ 1807909ms] [LOG] trackMetric: ai.request 1 {route: /global/event, method: SSE, projectId: 729e2f08-2a5f-4398-9ca4-ea740c8a0dd6, correlationId: r_1784227219601_g, outcome: success} @ https://stores-designer.harmony.a2z.com/assets/utils-BPBUpZd6.js:14
[ 1807911ms] [LOG] [opencode] ← SSE connected 1552ms correlationId: r_1784227219601_g @ https://stores-designer.harmony.a2z.com/assets/index-ZHSC2mrQ.js:8
[ 1808131ms] [LOG] trackMetric: ai.request 1 {route: /global/event, method: SSE, projectId: 729e2f08-2a5f-4398-9ca4-ea740c8a0dd6, correlationId: r_1784227219421_f, outcome: success} @ https://stores-designer.harmony.a2z.com/assets/utils-BPBUpZd6.js:14
[ 1808132ms] [LOG] [opencode] ← SSE connected 1953ms correlationId: r_1784227219421_f @ https://stores-designer.harmony.a2z.com/assets/index-ZHSC2mrQ.js:8
[ 1808164ms] [LOG] trackMetric: ai.request 1 {route: /global/event, method: SSE, projectId: 729e2f08-2a5f-4398-9ca4-ea740c8a0dd6, correlationId: r_1784227219398_e, outcome: success} @ https://stores-designer.harmony.a2z.com/assets/utils-BPBUpZd6.js:14
[ 1808166ms] [LOG] [opencode] ← SSE connected 2010ms correlationId: r_1784227219398_e @ https://stores-designer.harmony.a2z.com/assets/index-ZHSC2mrQ.js:8
[ 1808225ms] [LOG] trackMetric: ai.request 1 {route: /global/event, method: SSE, projectId: 729e2f08-2a5f-4398-9ca4-ea740c8a0dd6, correlationId: r_1784227219623_h, outcome: success} @ https://stores-designer.harmony.a2z.com/assets/utils-BPBUpZd6.js:14
[ 1808230ms] [LOG] [opencode] ← SSE connected 1845ms correlationId: r_1784227219623_h @ https://stores-designer.harmony.a2z.com/assets/index-ZHSC2mrQ.js:8
[ 1808233ms] [ERROR] Failed to load resource: net::ERR_BLOCKED_BY_CLIENT @ https://unagi-na.amazon.com/1/events/com.amazon.eel.katal.metrics.core.nexus:0
[ 1810436ms] [ERROR] Failed to load resource: net::ERR_BLOCKED_BY_CLIENT @ https://unagi-na.amazon.com/1/events/com.amazon.eel.katal.metrics.core.nexus:0
