[     362ms] [ERROR] Failed to load resource: the server responded with a status of 404 (Not Found) @ https://w.amazon.com/bin/ssx/AnnotationCode/Style?language=en&docVersion=3.1&token=1134562848842:0
[     865ms] [LOG] requirejs.s.contexts._.config.paths.portalwiki undefined @ https://ui.prod.w.amazon.dev/signed/wikiAssets/bin/skin/skins/amazon/skins/amazon/js/monitorportal.js?token=1134562848842&Policy=eyJTdGF0ZW1lbnQiOlt7IkNvbmRpdGlvbiI6eyJEYXRlTGVzc1RoYW4iOnsiQVdTOkVwb2NoVGltZSI6MTc4NDIyMzc2NX0sIkRhdGVHcmVhdGVyVGhhbiI6eyJBV1M6RXBvY2hUaW1lIjoxNzg0MjIzNTgwfX19XX0_&Expires=1784223765&Signature=Mw1eYdXD~JNd51vgUDHfoiA143-dxcmgkMPsgu-X~pjc6R~dr8yeO3UEfBPNedSgZoTRFCF5Z4TAGR-lWXTUM09Ee98KJlpEIRRWY9OHGgA3ZtO3NPHt7r3VP2oexzwG95RaFk2SB-BJBd~6fLTTHxCsni7mKuVIBsCzdwV05K380B266v-vrejxlATfaXcC8AfNq~tABZVWrAq~6iESzbIRaz8onY91MaiT9qQyU1xpb6q5E5H-Y5ro0ERptYJw2Kvu792KKWksyX9Jj6J0~mdAwMkhTWDVdLNbuKtth7RptjB7JBzEsrgEM4wTHhuMYIePmOMuFyVZcz2QkQYYGA__&Key-Pair-Id=K1UJZRJ67E2IA1:3
[    1228ms] [LOG] AUI Debug: Reapplying overrides after page change @ chrome-extension://dcfoehjpoialdhneckhclkljejggicle/scripts.js:54
[    5698ms] [ERROR] Failed to load resource: net::ERR_BLOCKED_BY_CLIENT @ https://dataplane.rum.us-west-2.amazonaws.com/appmonitors/bec3793c-963d-4d45-bb17-e6b093bbc755:0
[    7703ms] [ERROR] Failed to load resource: net::ERR_BLOCKED_BY_CLIENT @ https://dataplane.rum.us-west-2.amazonaws.com/appmonitors/bec3793c-963d-4d45-bb17-e6b093bbc755:0
[   11706ms] [ERROR] Failed to load resource: net::ERR_BLOCKED_BY_CLIENT @ https://dataplane.rum.us-west-2.amazonaws.com/appmonitors/bec3793c-963d-4d45-bb17-e6b093bbc755:0
[  298637ms] [ERROR] Failed to load resource: net::ERR_BLOCKED_BY_CLIENT @ https://www.instagram.com/ajax/qm/?__a=1&__user=0&__comet_req=7&jazoest=26473:0
[  299691ms] [VERBOSE] Rendering was performed in a subtree hidden by content-visibility. @ https://static.cdninstagram.com/rsrc.php/v4/yM/r/GUloP_S-SJ2.js:262
[  299815ms] [ERROR] Failed to load resource: net::ERR_BLOCKED_BY_CLIENT @ https://www.instagram.com/ajax/bz?__a=1&__ccg=GOOD&__comet_req=7&__crn=comet.igweb.PolarisFeedRoute&__d=www&__hs=20650.HYP%3Ainstagram_web_pkg.2.1...0&__hsi=7663183221960630785&__req=1&__rev=1043280580&__s=trgr7c%3A13yvi2%3Asbouit&__spin_b=trunk&__spin_r=1043280580&__spin_t=1784223882&__user=0&dpr=2&fb_dtsg=NAfxuTwplTvfJkKpYeHU-Qt9gKgCFcx1oBzK4maX4Ju9ybRkkEByVeQ%3A17858225011064242%3A1764012455&jazoest=26473&lsd=ZsWHB9z8KT67ewn-TBNGr5&ph=C3:0
[  300211ms] [ERROR] Failed to load resource: net::ERR_BLOCKED_BY_CLIENT @ https://www.instagram.com/ajax/bz?__a=1&__ccg=GOOD&__comet_req=7&__crn=comet.igweb.PolarisFeedRoute&__d=www&__hs=20650.HYP%3Ainstagram_web_pkg.2.1...0&__hsi=7663183221960630785&__req=8&__rev=1043280580&__s=trgr7c%3A13yvi2%3Asbouit&__spin_b=trunk&__spin_r=1043280580&__spin_t=1784223882&__user=0&dpr=2&fb_dtsg=NAfxuTwplTvfJkKpYeHU-Qt9gKgCFcx1oBzK4maX4Ju9ybRkkEByVeQ%3A17858225011064242%3A1764012455&jazoest=26473&lsd=ZsWHB9z8KT67ewn-TBNGr5&ph=C3:0
[  300407ms] [LOG] AUI Debug: Reapplying overrides after page change @ chrome-extension://dcfoehjpoialdhneckhclkljejggicle/scripts.js:54
[  300426ms] [LOG] 
%cStop! font-family:helvetica; font-size:20px; font-size:50px; font-weight:bold; color:red; -webkit-text-stroke:1px black; @ https://static.cdninstagram.com/rsrc.php/v4ijWG4/y4/l/en_US-j/1WeKwDQe1KI.js:8
[  300426ms] [LOG] 
%cThis is a browser feature intended for developers. If someone told you to copy-paste something here to enable an Instagram feature or "hack" someone's account, it is a scam and will give them access to your Instagram account. font-family:helvetica; font-size:20px;  @ https://static.cdninstagram.com/rsrc.php/v4ijWG4/y4/l/en_US-j/1WeKwDQe1KI.js:8
[  300427ms] [LOG] 
%cSee https://www.facebook.com/selfxss for more information. font-family:helvetica; font-size:20px;  @ https://static.cdninstagram.com/rsrc.php/v4ijWG4/y4/l/en_US-j/1WeKwDQe1KI.js:8
[  300427ms] [LOG] 
%c  @ https://static.cdninstagram.com/rsrc.php/v4ijWG4/y4/l/en_US-j/1WeKwDQe1KI.js:8
[  300798ms] [ERROR] Failed to load resource: net::ERR_BLOCKED_BY_CLIENT @ https://www.instagram.com/ajax/bz?__a=1&__ccg=GOOD&__comet_req=7&__crn=comet.igweb.PolarisFeedRoute&__d=www&__hs=20650.HYP%3Ainstagram_web_pkg.2.1...0&__hsi=7663183221960630785&__req=o&__rev=1043280580&__s=trgr7c%3A13yvi2%3Asbouit&__spin_b=trunk&__spin_r=1043280580&__spin_t=1784223882&__user=0&dpr=2&fb_dtsg=NAfxuTwplTvfJkKpYeHU-Qt9gKgCFcx1oBzK4maX4Ju9ybRkkEByVeQ%3A17858225011064242%3A1764012455&jazoest=26473&lsd=ZsWHB9z8KT67ewn-TBNGr5&ph=C3&qpl_active_flow_ids=767108973:0
[  300813ms] [INFO] Banner not shown: beforeinstallpromptevent.preventDefault() called. The page must call beforeinstallpromptevent.prompt() to show the banner. @ https://www.instagram.com/:0
[  301702ms] [ERROR] Failed to load resource: net::ERR_BLOCKED_BY_CLIENT @ https://graph.instagram.com/logging_client_events:0
[  304606ms] [ERROR] Failed to load resource: net::ERR_BLOCKED_BY_CLIENT @ https://www.facebook.com/ajax/qm/?__a=1&__user=1814533673&__comet_req=15&jazoest=25285:0
[  305346ms] [ERROR] Permissions policy violation: unload is not allowed in this document. @ https://static.xx.fbcdn.net/rsrc.php/v4/yM/r/GUloP_S-SJ2.js:242
[  311706ms] [ERROR] Failed to load resource: net::ERR_BLOCKED_BY_CLIENT @ https://www.instagram.com/ajax/bz?__d=dis:0
[  331708ms] [ERROR] Failed to load resource: net::ERR_BLOCKED_BY_CLIENT @ https://graph.instagram.com/logging_client_events:0
[  341708ms] [ERROR] Failed to load resource: net::ERR_BLOCKED_BY_CLIENT @ https://www.instagram.com/ajax/bz?__d=dis:0
[  361711ms] [ERROR] Failed to load resource: net::ERR_BLOCKED_BY_CLIENT @ https://graph.instagram.com/logging_client_events:0
[  371713ms] [ERROR] Failed to load resource: net::ERR_BLOCKED_BY_CLIENT @ https://www.instagram.com/ajax/bz?__d=dis:0
[  381709ms] [ERROR] Failed to load resource: net::ERR_BLOCKED_BY_CLIENT @ https://graph.instagram.com/logging_client_events:0
[  391710ms] [ERROR] Failed to load resource: net::ERR_BLOCKED_BY_CLIENT @ https://www.instagram.com/ajax/bz?__d=dis:0
[  411712ms] [ERROR] Failed to load resource: net::ERR_BLOCKED_BY_CLIENT @ https://graph.instagram.com/logging_client_events:0
[  421716ms] [ERROR] Failed to load resource: net::ERR_BLOCKED_BY_CLIENT @ https://www.instagram.com/ajax/bz?__d=dis:0
[  441714ms] [ERROR] Failed to load resource: net::ERR_BLOCKED_BY_CLIENT @ https://graph.instagram.com/logging_client_events:0
[  451716ms] [ERROR] Failed to load resource: net::ERR_BLOCKED_BY_CLIENT @ https://www.instagram.com/ajax/bz?__d=dis:0
[  471719ms] [ERROR] Failed to load resource: net::ERR_BLOCKED_BY_CLIENT @ https://graph.instagram.com/logging_client_events:0
[  481725ms] [ERROR] Failed to load resource: net::ERR_BLOCKED_BY_CLIENT @ https://www.instagram.com/ajax/bz?__d=dis:0
[  491721ms] [ERROR] Failed to load resource: net::ERR_BLOCKED_BY_CLIENT @ https://graph.instagram.com/logging_client_events:0
[  501725ms] [ERROR] Failed to load resource: net::ERR_BLOCKED_BY_CLIENT @ https://graph.instagram.com/logging_client_events:0
[  501725ms] [ERROR] Failed to load resource: net::ERR_BLOCKED_BY_CLIENT @ https://www.instagram.com/ajax/bz?__d=dis:0
[  511728ms] [ERROR] Failed to load resource: net::ERR_BLOCKED_BY_CLIENT @ https://www.instagram.com/ajax/bz?__d=dis:0
[  511794ms] [ERROR] Failed to load resource: net::ERR_BLOCKED_BY_CLIENT @ https://www.instagram.com/ajax/bz?__a=1&__ccg=GOOD&__comet_req=7&__crn=comet.igweb.PolarisFeedRoute&__d=www&__hs=20650.HYP%3Ainstagram_web_pkg.2.1...0&__hsi=7663183221960630785&__req=19&__rev=1043280580&__s=trgr7c%3A13yvi2%3Asbouit&__spin_b=trunk&__spin_r=1043280580&__spin_t=1784223882&__user=0&dpr=2&fb_dtsg=NAfxuTwplTvfJkKpYeHU-Qt9gKgCFcx1oBzK4maX4Ju9ybRkkEByVeQ%3A17858225011064242%3A1764012455&jazoest=26473&lsd=ZsWHB9z8KT67ewn-TBNGr5&ph=C3:0
[  531731ms] [ERROR] Failed to load resource: net::ERR_BLOCKED_BY_CLIENT @ https://graph.instagram.com/logging_client_events:0
[  541734ms] [ERROR] Failed to load resource: net::ERR_BLOCKED_BY_CLIENT @ https://www.instagram.com/ajax/bz?__d=dis:0
[  541799ms] [ERROR] Failed to load resource: net::ERR_BLOCKED_BY_CLIENT @ https://www.instagram.com/ajax/bz?__a=1&__ccg=GOOD&__comet_req=7&__crn=comet.igweb.PolarisFeedRoute&__d=www&__hs=20650.HYP%3Ainstagram_web_pkg.2.1...0&__hsi=7663183221960630785&__req=1j&__rev=1043280580&__s=trgr7c%3A13yvi2%3Asbouit&__spin_b=trunk&__spin_r=1043280580&__spin_t=1784223882&__user=0&dpr=2&fb_dtsg=NAfxuTwplTvfJkKpYeHU-Qt9gKgCFcx1oBzK4maX4Ju9ybRkkEByVeQ%3A17858225011064242%3A1764012455&jazoest=26473&lsd=ZsWHB9z8KT67ewn-TBNGr5&ph=C3:0
[  591751ms] [ERROR] Failed to load resource: net::ERR_BLOCKED_BY_CLIENT @ https://graph.instagram.com/logging_client_events:0
[  601749ms] [ERROR] Failed to load resource: net::ERR_BLOCKED_BY_CLIENT @ https://www.instagram.com/ajax/bz?__d=dis:0
[  611749ms] [ERROR] Failed to load resource: net::ERR_BLOCKED_BY_CLIENT @ https://graph.instagram.com/logging_client_events:0
[  621748ms] [ERROR] Failed to load resource: net::ERR_BLOCKED_BY_CLIENT @ https://graph.instagram.com/logging_client_events:0
[  621748ms] [ERROR] Failed to load resource: net::ERR_BLOCKED_BY_CLIENT @ https://www.instagram.com/ajax/bz?__d=dis:0
[  631757ms] [ERROR] Failed to load resource: net::ERR_BLOCKED_BY_CLIENT @ https://graph.instagram.com/logging_client_events:0
[  631757ms] [ERROR] Failed to load resource: net::ERR_BLOCKED_BY_CLIENT @ https://www.instagram.com/ajax/bz?__d=dis:0
[  641755ms] [ERROR] Failed to load resource: net::ERR_BLOCKED_BY_CLIENT @ https://www.instagram.com/ajax/bz?__d=dis:0
[  651758ms] [ERROR] Failed to load resource: net::ERR_BLOCKED_BY_CLIENT @ https://graph.instagram.com/logging_client_events:0
[  661759ms] [ERROR] Failed to load resource: net::ERR_BLOCKED_BY_CLIENT @ https://graph.instagram.com/logging_client_events:0
[  661761ms] [ERROR] Failed to load resource: net::ERR_BLOCKED_BY_CLIENT @ https://www.instagram.com/ajax/bz?__d=dis:0
[  671761ms] [ERROR] Failed to load resource: net::ERR_BLOCKED_BY_CLIENT @ https://www.instagram.com/ajax/bz?__d=dis:0
[  681762ms] [ERROR] Failed to load resource: net::ERR_BLOCKED_BY_CLIENT @ https://graph.instagram.com/logging_client_events:0
[  691762ms] [ERROR] Failed to load resource: net::ERR_BLOCKED_BY_CLIENT @ https://graph.instagram.com/logging_client_events:0
[  691765ms] [ERROR] Failed to load resource: net::ERR_BLOCKED_BY_CLIENT @ https://www.instagram.com/ajax/bz?__d=dis:0
[  701766ms] [ERROR] Failed to load resource: net::ERR_BLOCKED_BY_CLIENT @ https://www.instagram.com/ajax/bz?__d=dis:0
[  711769ms] [ERROR] Failed to load resource: net::ERR_BLOCKED_BY_CLIENT @ https://graph.instagram.com/logging_client_events:0
[  721768ms] [ERROR] Failed to load resource: net::ERR_BLOCKED_BY_CLIENT @ https://www.instagram.com/ajax/bz?__d=dis:0
[  731771ms] [ERROR] Failed to load resource: net::ERR_BLOCKED_BY_CLIENT @ https://graph.instagram.com/logging_client_events:0
[  741771ms] [ERROR] Failed to load resource: net::ERR_BLOCKED_BY_CLIENT @ https://graph.instagram.com/logging_client_events:0
[  741772ms] [ERROR] Failed to load resource: net::ERR_BLOCKED_BY_CLIENT @ https://www.instagram.com/ajax/bz?__d=dis:0
[  751770ms] [ERROR] Failed to load resource: net::ERR_BLOCKED_BY_CLIENT @ https://www.instagram.com/ajax/bz?__d=dis:0
[  761776ms] [ERROR] Failed to load resource: net::ERR_BLOCKED_BY_CLIENT @ https://graph.instagram.com/logging_client_events:0
[  771781ms] [ERROR] Failed to load resource: net::ERR_BLOCKED_BY_CLIENT @ https://www.instagram.com/ajax/bz?__d=dis:0
[  781782ms] [ERROR] Failed to load resource: net::ERR_BLOCKED_BY_CLIENT @ https://graph.instagram.com/logging_client_events:0
[  791781ms] [ERROR] Failed to load resource: net::ERR_BLOCKED_BY_CLIENT @ https://graph.instagram.com/logging_client_events:0
[  791782ms] [ERROR] Failed to load resource: net::ERR_BLOCKED_BY_CLIENT @ https://www.instagram.com/ajax/bz?__d=dis:0
[  801784ms] [ERROR] Failed to load resource: net::ERR_BLOCKED_BY_CLIENT @ https://www.instagram.com/ajax/bz?__d=dis:0
[  811783ms] [ERROR] Failed to load resource: net::ERR_BLOCKED_BY_CLIENT @ https://graph.instagram.com/logging_client_events:0
[  821785ms] [ERROR] Failed to load resource: net::ERR_BLOCKED_BY_CLIENT @ https://www.instagram.com/ajax/bz?__d=dis:0
[  831787ms] [ERROR] Failed to load resource: net::ERR_BLOCKED_BY_CLIENT @ https://graph.instagram.com/logging_client_events:0
[  841796ms] [ERROR] Failed to load resource: net::ERR_BLOCKED_BY_CLIENT @ https://graph.instagram.com/logging_client_events:0
[  841797ms] [ERROR] Failed to load resource: net::ERR_BLOCKED_BY_CLIENT @ https://www.instagram.com/ajax/bz?__d=dis:0
[  851790ms] [ERROR] Failed to load resource: net::ERR_BLOCKED_BY_CLIENT @ https://www.instagram.com/ajax/bz?__d=dis:0
[  861789ms] [ERROR] Failed to load resource: net::ERR_BLOCKED_BY_CLIENT @ https://graph.instagram.com/logging_client_events:0
[  871793ms] [ERROR] Failed to load resource: net::ERR_BLOCKED_BY_CLIENT @ https://graph.instagram.com/logging_client_events:0
[  871794ms] [ERROR] Failed to load resource: net::ERR_BLOCKED_BY_CLIENT @ https://www.instagram.com/ajax/bz?__d=dis:0
[  881796ms] [ERROR] Failed to load resource: net::ERR_BLOCKED_BY_CLIENT @ https://www.instagram.com/ajax/bz?__d=dis:0
[  891798ms] [ERROR] Failed to load resource: net::ERR_BLOCKED_BY_CLIENT @ https://graph.instagram.com/logging_client_events:0
[  901789ms] [ERROR] Failed to load resource: net::ERR_BLOCKED_BY_CLIENT @ https://www.instagram.com/ajax/bz?__d=dis:0
[  911773ms] [ERROR] Failed to load resource: net::ERR_BLOCKED_BY_CLIENT @ https://graph.instagram.com/logging_client_events:0
[  921761ms] [ERROR] Failed to load resource: net::ERR_BLOCKED_BY_CLIENT @ https://graph.instagram.com/logging_client_events:0
[  921761ms] [ERROR] Failed to load resource: net::ERR_BLOCKED_BY_CLIENT @ https://www.instagram.com/ajax/bz?__d=dis:0
[  931762ms] [ERROR] Failed to load resource: net::ERR_BLOCKED_BY_CLIENT @ https://www.instagram.com/ajax/bz?__d=dis:0
[  941759ms] [ERROR] Failed to load resource: net::ERR_BLOCKED_BY_CLIENT @ https://graph.instagram.com/logging_client_events:0
[  951758ms] [ERROR] Failed to load resource: net::ERR_BLOCKED_BY_CLIENT @ https://www.instagram.com/ajax/bz?__d=dis:0
[  961761ms] [ERROR] Failed to load resource: net::ERR_BLOCKED_BY_CLIENT @ https://graph.instagram.com/logging_client_events:0
[  971759ms] [ERROR] Failed to load resource: net::ERR_BLOCKED_BY_CLIENT @ https://graph.instagram.com/logging_client_events:0
[  971760ms] [ERROR] Failed to load resource: net::ERR_BLOCKED_BY_CLIENT @ https://www.instagram.com/ajax/bz?__d=dis:0
[  981761ms] [ERROR] Failed to load resource: net::ERR_BLOCKED_BY_CLIENT @ https://www.instagram.com/ajax/bz?__d=dis:0
[  991760ms] [ERROR] Failed to load resource: net::ERR_BLOCKED_BY_CLIENT @ https://graph.instagram.com/logging_client_events:0
[ 1001762ms] [ERROR] Failed to load resource: net::ERR_BLOCKED_BY_CLIENT @ https://www.instagram.com/ajax/bz?__d=dis:0
[ 1011761ms] [ERROR] Failed to load resource: net::ERR_BLOCKED_BY_CLIENT @ https://graph.instagram.com/logging_client_events:0
[ 1021764ms] [ERROR] Failed to load resource: net::ERR_BLOCKED_BY_CLIENT @ https://graph.instagram.com/logging_client_events:0
[ 1021765ms] [ERROR] Failed to load resource: net::ERR_BLOCKED_BY_CLIENT @ https://www.instagram.com/ajax/bz?__d=dis:0
[ 1031763ms] [ERROR] Failed to load resource: net::ERR_BLOCKED_BY_CLIENT @ https://www.instagram.com/ajax/bz?__d=dis:0
[ 1041764ms] [ERROR] Failed to load resource: net::ERR_BLOCKED_BY_CLIENT @ https://graph.instagram.com/logging_client_events:0
[ 1051766ms] [ERROR] Failed to load resource: net::ERR_BLOCKED_BY_CLIENT @ https://graph.instagram.com/logging_client_events:0
[ 1051767ms] [ERROR] Failed to load resource: net::ERR_BLOCKED_BY_CLIENT @ https://www.instagram.com/ajax/bz?__d=dis:0
[ 1061770ms] [ERROR] Failed to load resource: net::ERR_BLOCKED_BY_CLIENT @ https://www.instagram.com/ajax/bz?__d=dis:0
[ 1071777ms] [ERROR] Failed to load resource: net::ERR_BLOCKED_BY_CLIENT @ https://graph.instagram.com/logging_client_events:0
[ 1081772ms] [ERROR] Failed to load resource: net::ERR_BLOCKED_BY_CLIENT @ https://www.instagram.com/ajax/bz?__d=dis:0
[ 1091772ms] [ERROR] Failed to load resource: net::ERR_BLOCKED_BY_CLIENT @ https://graph.instagram.com/logging_client_events:0
[ 1101781ms] [ERROR] Failed to load resource: net::ERR_BLOCKED_BY_CLIENT @ https://graph.instagram.com/logging_client_events:0
[ 1101781ms] [ERROR] Failed to load resource: net::ERR_BLOCKED_BY_CLIENT @ https://www.instagram.com/ajax/bz?__d=dis:0
[ 1111781ms] [ERROR] Failed to load resource: net::ERR_BLOCKED_BY_CLIENT @ https://www.instagram.com/ajax/bz?__d=dis:0
[ 1121786ms] [ERROR] Failed to load resource: net::ERR_BLOCKED_BY_CLIENT @ https://graph.instagram.com/logging_client_events:0
[ 1131786ms] [ERROR] Failed to load resource: net::ERR_BLOCKED_BY_CLIENT @ https://www.instagram.com/ajax/bz?__d=dis:0
[ 1141788ms] [ERROR] Failed to load resource: net::ERR_BLOCKED_BY_CLIENT @ https://graph.instagram.com/logging_client_events:0
[ 1151791ms] [ERROR] Failed to load resource: net::ERR_BLOCKED_BY_CLIENT @ https://graph.instagram.com/logging_client_events:0
[ 1151791ms] [ERROR] Failed to load resource: net::ERR_BLOCKED_BY_CLIENT @ https://www.instagram.com/ajax/bz?__d=dis:0
[ 1161788ms] [ERROR] Failed to load resource: net::ERR_BLOCKED_BY_CLIENT @ https://www.instagram.com/ajax/bz?__d=dis:0
[ 1171787ms] [ERROR] Failed to load resource: net::ERR_BLOCKED_BY_CLIENT @ https://graph.instagram.com/logging_client_events:0
[ 1181787ms] [ERROR] Failed to load resource: net::ERR_BLOCKED_BY_CLIENT @ https://www.instagram.com/ajax/bz?__d=dis:0
[ 1191788ms] [ERROR] Failed to load resource: net::ERR_BLOCKED_BY_CLIENT @ https://graph.instagram.com/logging_client_events:0
[ 1201791ms] [ERROR] Failed to load resource: net::ERR_BLOCKED_BY_CLIENT @ https://graph.instagram.com/logging_client_events:0
[ 1201792ms] [ERROR] Failed to load resource: net::ERR_BLOCKED_BY_CLIENT @ https://www.instagram.com/ajax/bz?__d=dis:0
[ 1211789ms] [ERROR] Failed to load resource: net::ERR_BLOCKED_BY_CLIENT @ https://www.instagram.com/ajax/bz?__d=dis:0
[ 1221793ms] [ERROR] Failed to load resource: net::ERR_BLOCKED_BY_CLIENT @ https://graph.instagram.com/logging_client_events:0
[ 1231795ms] [ERROR] Failed to load resource: net::ERR_BLOCKED_BY_CLIENT @ https://graph.instagram.com/logging_client_events:0
[ 1231796ms] [ERROR] Failed to load resource: net::ERR_BLOCKED_BY_CLIENT @ https://www.instagram.com/ajax/bz?__d=dis:0
[ 1241797ms] [ERROR] Failed to load resource: net::ERR_BLOCKED_BY_CLIENT @ https://www.instagram.com/ajax/bz?__d=dis:0
[ 1251795ms] [ERROR] Failed to load resource: net::ERR_BLOCKED_BY_CLIENT @ https://graph.instagram.com/logging_client_events:0
[ 1261797ms] [ERROR] Failed to load resource: net::ERR_BLOCKED_BY_CLIENT @ https://www.instagram.com/ajax/bz?__d=dis:0
[ 1271801ms] [ERROR] Failed to load resource: net::ERR_BLOCKED_BY_CLIENT @ https://graph.instagram.com/logging_client_events:0
[ 1281801ms] [ERROR] Failed to load resource: net::ERR_BLOCKED_BY_CLIENT @ https://graph.instagram.com/logging_client_events:0
[ 1281802ms] [ERROR] Failed to load resource: net::ERR_BLOCKED_BY_CLIENT @ https://www.instagram.com/ajax/bz?__d=dis:0
[ 1291802ms] [ERROR] Failed to load resource: net::ERR_BLOCKED_BY_CLIENT @ https://www.instagram.com/ajax/bz?__d=dis:0
[ 1301804ms] [ERROR] Failed to load resource: net::ERR_BLOCKED_BY_CLIENT @ https://graph.instagram.com/logging_client_events:0
[ 1311804ms] [ERROR] Failed to load resource: net::ERR_BLOCKED_BY_CLIENT @ https://www.instagram.com/ajax/bz?__d=dis:0
[ 1321805ms] [ERROR] Failed to load resource: net::ERR_BLOCKED_BY_CLIENT @ https://graph.instagram.com/logging_client_events:0
[ 1331806ms] [ERROR] Failed to load resource: net::ERR_BLOCKED_BY_CLIENT @ https://graph.instagram.com/logging_client_events:0
[ 1331807ms] [ERROR] Failed to load resource: net::ERR_BLOCKED_BY_CLIENT @ https://www.instagram.com/ajax/bz?__d=dis:0
[ 1341805ms] [ERROR] Failed to load resource: net::ERR_BLOCKED_BY_CLIENT @ https://www.instagram.com/ajax/bz?__d=dis:0
[ 1351809ms] [ERROR] Failed to load resource: net::ERR_BLOCKED_BY_CLIENT @ https://graph.instagram.com/logging_client_events:0
[ 1361810ms] [ERROR] Failed to load resource: net::ERR_BLOCKED_BY_CLIENT @ https://www.instagram.com/ajax/bz?__d=dis:0
[ 1371814ms] [ERROR] Failed to load resource: net::ERR_BLOCKED_BY_CLIENT @ https://graph.instagram.com/logging_client_events:0
[ 1381817ms] [ERROR] Failed to load resource: net::ERR_BLOCKED_BY_CLIENT @ https://graph.instagram.com/logging_client_events:0
[ 1381817ms] [ERROR] Failed to load resource: net::ERR_BLOCKED_BY_CLIENT @ https://www.instagram.com/ajax/bz?__d=dis:0
[ 1391815ms] [ERROR] Failed to load resource: net::ERR_BLOCKED_BY_CLIENT @ https://www.instagram.com/ajax/bz?__d=dis:0
[ 1401816ms] [ERROR] Failed to load resource: net::ERR_BLOCKED_BY_CLIENT @ https://graph.instagram.com/logging_client_events:0
[ 1411820ms] [ERROR] Failed to load resource: net::ERR_BLOCKED_BY_CLIENT @ https://graph.instagram.com/logging_client_events:0
[ 1411820ms] [ERROR] Failed to load resource: net::ERR_BLOCKED_BY_CLIENT @ https://www.instagram.com/ajax/bz?__d=dis:0
[ 1421816ms] [ERROR] Failed to load resource: net::ERR_BLOCKED_BY_CLIENT @ https://www.instagram.com/ajax/bz?__d=dis:0
[ 1431816ms] [ERROR] Failed to load resource: net::ERR_BLOCKED_BY_CLIENT @ https://graph.instagram.com/logging_client_events:0
[ 1441820ms] [ERROR] Failed to load resource: net::ERR_BLOCKED_BY_CLIENT @ https://www.instagram.com/ajax/bz?__d=dis:0
[ 1451822ms] [ERROR] Failed to load resource: net::ERR_BLOCKED_BY_CLIENT @ https://graph.instagram.com/logging_client_events:0
[ 1461829ms] [ERROR] Failed to load resource: net::ERR_BLOCKED_BY_CLIENT @ https://graph.instagram.com/logging_client_events:0
[ 1461832ms] [ERROR] Failed to load resource: net::ERR_BLOCKED_BY_CLIENT @ https://www.instagram.com/ajax/bz?__d=dis:0
[ 1471828ms] [ERROR] Failed to load resource: net::ERR_BLOCKED_BY_CLIENT @ https://www.instagram.com/ajax/bz?__d=dis:0
[ 1481826ms] [ERROR] Failed to load resource: net::ERR_BLOCKED_BY_CLIENT @ https://graph.instagram.com/logging_client_events:0
[ 1491827ms] [ERROR] Failed to load resource: net::ERR_BLOCKED_BY_CLIENT @ https://www.instagram.com/ajax/bz?__d=dis:0
[ 1501827ms] [ERROR] Failed to load resource: net::ERR_BLOCKED_BY_CLIENT @ https://graph.instagram.com/logging_client_events:0
[ 1511826ms] [ERROR] Failed to load resource: net::ERR_BLOCKED_BY_CLIENT @ https://graph.instagram.com/logging_client_events:0
[ 1511827ms] [ERROR] Failed to load resource: net::ERR_BLOCKED_BY_CLIENT @ https://www.instagram.com/ajax/bz?__d=dis:0
[ 1521826ms] [ERROR] Failed to load resource: net::ERR_BLOCKED_BY_CLIENT @ https://www.instagram.com/ajax/bz?__d=dis:0
[ 1531827ms] [ERROR] Failed to load resource: net::ERR_BLOCKED_BY_CLIENT @ https://graph.instagram.com/logging_client_events:0
[ 1541834ms] [ERROR] Failed to load resource: net::ERR_BLOCKED_BY_CLIENT @ https://www.instagram.com/ajax/bz?__d=dis:0
[ 1551830ms] [ERROR] Failed to load resource: net::ERR_BLOCKED_BY_CLIENT @ https://graph.instagram.com/logging_client_events:0
[ 1561829ms] [ERROR] Failed to load resource: net::ERR_BLOCKED_BY_CLIENT @ https://graph.instagram.com/logging_client_events:0
[ 1561829ms] [ERROR] Failed to load resource: net::ERR_BLOCKED_BY_CLIENT @ https://www.instagram.com/ajax/bz?__d=dis:0
[ 1571830ms] [ERROR] Failed to load resource: net::ERR_BLOCKED_BY_CLIENT @ https://www.instagram.com/ajax/bz?__d=dis:0
[ 1581830ms] [ERROR] Failed to load resource: net::ERR_BLOCKED_BY_CLIENT @ https://graph.instagram.com/logging_client_events:0
[ 1591832ms] [ERROR] Failed to load resource: net::ERR_BLOCKED_BY_CLIENT @ https://graph.instagram.com/logging_client_events:0
[ 1591833ms] [ERROR] Failed to load resource: net::ERR_BLOCKED_BY_CLIENT @ https://www.instagram.com/ajax/bz?__d=dis:0
[ 1601830ms] [ERROR] Failed to load resource: net::ERR_BLOCKED_BY_CLIENT @ https://www.instagram.com/ajax/bz?__d=dis:0
[ 1611834ms] [ERROR] Failed to load resource: net::ERR_BLOCKED_BY_CLIENT @ https://graph.instagram.com/logging_client_events:0
[ 1621841ms] [ERROR] Failed to load resource: net::ERR_BLOCKED_BY_CLIENT @ https://www.instagram.com/ajax/bz?__d=dis:0
[ 1631839ms] [ERROR] Failed to load resource: net::ERR_BLOCKED_BY_CLIENT @ https://graph.instagram.com/logging_client_events:0
[ 1641848ms] [ERROR] Failed to load resource: net::ERR_BLOCKED_BY_CLIENT @ https://graph.instagram.com/logging_client_events:0
[ 1641848ms] [ERROR] Failed to load resource: net::ERR_BLOCKED_BY_CLIENT @ https://www.instagram.com/ajax/bz?__d=dis:0
[ 1651845ms] [ERROR] Failed to load resource: net::ERR_BLOCKED_BY_CLIENT @ https://www.instagram.com/ajax/bz?__d=dis:0
[ 1661843ms] [ERROR] Failed to load resource: net::ERR_BLOCKED_BY_CLIENT @ https://graph.instagram.com/logging_client_events:0
[ 1671848ms] [ERROR] Failed to load resource: net::ERR_BLOCKED_BY_CLIENT @ https://www.instagram.com/ajax/bz?__d=dis:0
[ 1681849ms] [ERROR] Failed to load resource: net::ERR_BLOCKED_BY_CLIENT @ https://graph.instagram.com/logging_client_events:0
[ 1691848ms] [ERROR] Failed to load resource: net::ERR_BLOCKED_BY_CLIENT @ https://graph.instagram.com/logging_client_events:0
[ 1691849ms] [ERROR] Failed to load resource: net::ERR_BLOCKED_BY_CLIENT @ https://www.instagram.com/ajax/bz?__d=dis:0
[ 1701846ms] [ERROR] Failed to load resource: net::ERR_BLOCKED_BY_CLIENT @ https://www.instagram.com/ajax/bz?__d=dis:0
[ 1711847ms] [ERROR] Failed to load resource: net::ERR_BLOCKED_BY_CLIENT @ https://graph.instagram.com/logging_client_events:0
[ 1721854ms] [ERROR] Failed to load resource: net::ERR_BLOCKED_BY_CLIENT @ https://www.instagram.com/ajax/bz?__d=dis:0
[ 1731858ms] [ERROR] Failed to load resource: net::ERR_BLOCKED_BY_CLIENT @ https://graph.instagram.com/logging_client_events:0
[ 1741861ms] [ERROR] Failed to load resource: net::ERR_BLOCKED_BY_CLIENT @ https://graph.instagram.com/logging_client_events:0
[ 1741862ms] [ERROR] Failed to load resource: net::ERR_BLOCKED_BY_CLIENT @ https://www.instagram.com/ajax/bz?__d=dis:0
[ 1751859ms] [ERROR] Failed to load resource: net::ERR_BLOCKED_BY_CLIENT @ https://www.instagram.com/ajax/bz?__d=dis:0
[ 1761858ms] [ERROR] Failed to load resource: net::ERR_BLOCKED_BY_CLIENT @ https://graph.instagram.com/logging_client_events:0
[ 1771856ms] [ERROR] Failed to load resource: net::ERR_BLOCKED_BY_CLIENT @ https://graph.instagram.com/logging_client_events:0
[ 1771857ms] [ERROR] Failed to load resource: net::ERR_BLOCKED_BY_CLIENT @ https://www.instagram.com/ajax/bz?__d=dis:0
[ 1781857ms] [ERROR] Failed to load resource: net::ERR_BLOCKED_BY_CLIENT @ https://www.instagram.com/ajax/bz?__d=dis:0
[ 1791858ms] [ERROR] Failed to load resource: net::ERR_BLOCKED_BY_CLIENT @ https://graph.instagram.com/logging_client_events:0
[ 1801861ms] [ERROR] Failed to load resource: net::ERR_BLOCKED_BY_CLIENT @ https://www.instagram.com/ajax/bz?__d=dis:0
[ 1811861ms] [ERROR] Failed to load resource: net::ERR_BLOCKED_BY_CLIENT @ https://graph.instagram.com/logging_client_events:0
[ 1821868ms] [ERROR] Failed to load resource: net::ERR_BLOCKED_BY_CLIENT @ https://graph.instagram.com/logging_client_events:0
[ 1821869ms] [ERROR] Failed to load resource: net::ERR_BLOCKED_BY_CLIENT @ https://www.instagram.com/ajax/bz?__d=dis:0
[ 1831869ms] [ERROR] Failed to load resource: net::ERR_BLOCKED_BY_CLIENT @ https://www.instagram.com/ajax/bz?__d=dis:0
[ 1841868ms] [ERROR] Failed to load resource: net::ERR_BLOCKED_BY_CLIENT @ https://graph.instagram.com/logging_client_events:0
[ 1851870ms] [ERROR] Failed to load resource: net::ERR_BLOCKED_BY_CLIENT @ https://www.instagram.com/ajax/bz?__d=dis:0
[ 1861870ms] [ERROR] Failed to load resource: net::ERR_BLOCKED_BY_CLIENT @ https://graph.instagram.com/logging_client_events:0
[ 1871871ms] [ERROR] Failed to load resource: net::ERR_BLOCKED_BY_CLIENT @ https://graph.instagram.com/logging_client_events:0
[ 1871872ms] [ERROR] Failed to load resource: net::ERR_BLOCKED_BY_CLIENT @ https://www.instagram.com/ajax/bz?__d=dis:0
[ 1881876ms] [ERROR] Failed to load resource: net::ERR_BLOCKED_BY_CLIENT @ https://www.instagram.com/ajax/bz?__d=dis:0
[ 1891878ms] [ERROR] Failed to load resource: net::ERR_BLOCKED_BY_CLIENT @ https://graph.instagram.com/logging_client_events:0
[ 1901879ms] [ERROR] Failed to load resource: net::ERR_BLOCKED_BY_CLIENT @ https://www.instagram.com/ajax/bz?__d=dis:0
[ 1911877ms] [ERROR] Failed to load resource: net::ERR_BLOCKED_BY_CLIENT @ https://graph.instagram.com/logging_client_events:0
[ 1921879ms] [ERROR] Failed to load resource: net::ERR_BLOCKED_BY_CLIENT @ https://graph.instagram.com/logging_client_events:0
[ 1921881ms] [ERROR] Failed to load resource: net::ERR_BLOCKED_BY_CLIENT @ https://www.instagram.com/ajax/bz?__d=dis:0
[ 1931879ms] [ERROR] Failed to load resource: net::ERR_BLOCKED_BY_CLIENT @ https://www.instagram.com/ajax/bz?__d=dis:0
[ 1941879ms] [ERROR] Failed to load resource: net::ERR_BLOCKED_BY_CLIENT @ https://graph.instagram.com/logging_client_events:0
[ 1951880ms] [ERROR] Failed to load resource: net::ERR_BLOCKED_BY_CLIENT @ https://graph.instagram.com/logging_client_events:0
[ 1951881ms] [ERROR] Failed to load resource: net::ERR_BLOCKED_BY_CLIENT @ https://www.instagram.com/ajax/bz?__d=dis:0
[ 1961884ms] [ERROR] Failed to load resource: net::ERR_BLOCKED_BY_CLIENT @ https://www.instagram.com/ajax/bz?__d=dis:0
[ 1971886ms] [ERROR] Failed to load resource: net::ERR_BLOCKED_BY_CLIENT @ https://graph.instagram.com/logging_client_events:0
[ 1981885ms] [ERROR] Failed to load resource: net::ERR_BLOCKED_BY_CLIENT @ https://www.instagram.com/ajax/bz?__d=dis:0
[ 1991887ms] [ERROR] Failed to load resource: net::ERR_BLOCKED_BY_CLIENT @ https://graph.instagram.com/logging_client_events:0
[ 2001887ms] [ERROR] Failed to load resource: net::ERR_BLOCKED_BY_CLIENT @ https://graph.instagram.com/logging_client_events:0
[ 2001888ms] [ERROR] Failed to load resource: net::ERR_BLOCKED_BY_CLIENT @ https://www.instagram.com/ajax/bz?__d=dis:0
[ 2011892ms] [ERROR] Failed to load resource: net::ERR_BLOCKED_BY_CLIENT @ https://www.instagram.com/ajax/bz?__d=dis:0
[ 2021891ms] [ERROR] Failed to load resource: net::ERR_BLOCKED_BY_CLIENT @ https://graph.instagram.com/logging_client_events:0
[ 2031896ms] [ERROR] Failed to load resource: net::ERR_BLOCKED_BY_CLIENT @ https://www.instagram.com/ajax/bz?__d=dis:0
[ 2041902ms] [ERROR] Failed to load resource: net::ERR_BLOCKED_BY_CLIENT @ https://graph.instagram.com/logging_client_events:0
[ 2051905ms] [ERROR] Failed to load resource: net::ERR_BLOCKED_BY_CLIENT @ https://graph.instagram.com/logging_client_events:0
[ 2051906ms] [ERROR] Failed to load resource: net::ERR_BLOCKED_BY_CLIENT @ https://www.instagram.com/ajax/bz?__d=dis:0
[ 2061905ms] [ERROR] Failed to load resource: net::ERR_BLOCKED_BY_CLIENT @ https://www.instagram.com/ajax/bz?__d=dis:0
[ 2071908ms] [ERROR] Failed to load resource: net::ERR_BLOCKED_BY_CLIENT @ https://graph.instagram.com/logging_client_events:0
[ 2081911ms] [ERROR] Failed to load resource: net::ERR_BLOCKED_BY_CLIENT @ https://www.instagram.com/ajax/bz?__d=dis:0
[ 2091912ms] [ERROR] Failed to load resource: net::ERR_BLOCKED_BY_CLIENT @ https://graph.instagram.com/logging_client_events:0
[ 2101914ms] [ERROR] Failed to load resource: net::ERR_BLOCKED_BY_CLIENT @ https://graph.instagram.com/logging_client_events:0
[ 2101915ms] [ERROR] Failed to load resource: net::ERR_BLOCKED_BY_CLIENT @ https://www.instagram.com/ajax/bz?__d=dis:0
[ 2111912ms] [ERROR] Failed to load resource: net::ERR_BLOCKED_BY_CLIENT @ https://www.instagram.com/ajax/bz?__d=dis:0
[ 2121917ms] [ERROR] Failed to load resource: net::ERR_BLOCKED_BY_CLIENT @ https://graph.instagram.com/logging_client_events:0
[ 2131920ms] [ERROR] Failed to load resource: net::ERR_BLOCKED_BY_CLIENT @ https://graph.instagram.com/logging_client_events:0
[ 2131920ms] [ERROR] Failed to load resource: net::ERR_BLOCKED_BY_CLIENT @ https://www.instagram.com/ajax/bz?__d=dis:0
[ 2141922ms] [ERROR] Failed to load resource: net::ERR_BLOCKED_BY_CLIENT @ https://www.instagram.com/ajax/bz?__d=dis:0
[ 2151921ms] [ERROR] Failed to load resource: net::ERR_BLOCKED_BY_CLIENT @ https://graph.instagram.com/logging_client_events:0
[ 2161921ms] [ERROR] Failed to load resource: net::ERR_BLOCKED_BY_CLIENT @ https://www.instagram.com/ajax/bz?__d=dis:0
[ 2171925ms] [ERROR] Failed to load resource: net::ERR_BLOCKED_BY_CLIENT @ https://graph.instagram.com/logging_client_events:0
[ 2181925ms] [ERROR] Failed to load resource: net::ERR_BLOCKED_BY_CLIENT @ https://graph.instagram.com/logging_client_events:0
[ 2181925ms] [ERROR] Failed to load resource: net::ERR_BLOCKED_BY_CLIENT @ https://www.instagram.com/ajax/bz?__d=dis:0
[ 2191928ms] [ERROR] Failed to load resource: net::ERR_BLOCKED_BY_CLIENT @ https://www.instagram.com/ajax/bz?__d=dis:0
[ 2201930ms] [ERROR] Failed to load resource: net::ERR_BLOCKED_BY_CLIENT @ https://graph.instagram.com/logging_client_events:0
[ 2211930ms] [ERROR] Failed to load resource: net::ERR_BLOCKED_BY_CLIENT @ https://www.instagram.com/ajax/bz?__d=dis:0
[ 2221931ms] [ERROR] Failed to load resource: net::ERR_BLOCKED_BY_CLIENT @ https://graph.instagram.com/logging_client_events:0
[ 2231932ms] [ERROR] Failed to load resource: net::ERR_BLOCKED_BY_CLIENT @ https://graph.instagram.com/logging_client_events:0
[ 2231934ms] [ERROR] Failed to load resource: net::ERR_BLOCKED_BY_CLIENT @ https://www.instagram.com/ajax/bz?__d=dis:0
[ 2241933ms] [ERROR] Failed to load resource: net::ERR_BLOCKED_BY_CLIENT @ https://www.instagram.com/ajax/bz?__d=dis:0
[ 2251934ms] [ERROR] Failed to load resource: net::ERR_BLOCKED_BY_CLIENT @ https://graph.instagram.com/logging_client_events:0
[ 2261931ms] [ERROR] Failed to load resource: net::ERR_BLOCKED_BY_CLIENT @ https://www.instagram.com/ajax/bz?__d=dis:0
[ 2271935ms] [ERROR] Failed to load resource: net::ERR_BLOCKED_BY_CLIENT @ https://graph.instagram.com/logging_client_events:0
[ 2281936ms] [ERROR] Failed to load resource: net::ERR_BLOCKED_BY_CLIENT @ https://graph.instagram.com/logging_client_events:0
[ 2281938ms] [ERROR] Failed to load resource: net::ERR_BLOCKED_BY_CLIENT @ https://www.instagram.com/ajax/bz?__d=dis:0
[ 2291934ms] [ERROR] Failed to load resource: net::ERR_BLOCKED_BY_CLIENT @ https://www.instagram.com/ajax/bz?__d=dis:0
[ 2301939ms] [ERROR] Failed to load resource: net::ERR_BLOCKED_BY_CLIENT @ https://graph.instagram.com/logging_client_events:0
[ 2311939ms] [ERROR] Failed to load resource: net::ERR_BLOCKED_BY_CLIENT @ https://graph.instagram.com/logging_client_events:0
[ 2311940ms] [ERROR] Failed to load resource: net::ERR_BLOCKED_BY_CLIENT @ https://www.instagram.com/ajax/bz?__d=dis:0
[ 2321940ms] [ERROR] Failed to load resource: net::ERR_BLOCKED_BY_CLIENT @ https://www.instagram.com/ajax/bz?__d=dis:0
[ 2331940ms] [ERROR] Failed to load resource: net::ERR_BLOCKED_BY_CLIENT @ https://graph.instagram.com/logging_client_events:0
[ 2341944ms] [ERROR] Failed to load resource: net::ERR_BLOCKED_BY_CLIENT @ https://www.instagram.com/ajax/bz?__d=dis:0
[ 2351944ms] [ERROR] Failed to load resource: net::ERR_BLOCKED_BY_CLIENT @ https://graph.instagram.com/logging_client_events:0
[ 2361946ms] [ERROR] Failed to load resource: net::ERR_BLOCKED_BY_CLIENT @ https://graph.instagram.com/logging_client_events:0
[ 2361947ms] [ERROR] Failed to load resource: net::ERR_BLOCKED_BY_CLIENT @ https://www.instagram.com/ajax/bz?__d=dis:0
[ 2371946ms] [ERROR] Failed to load resource: net::ERR_BLOCKED_BY_CLIENT @ https://www.instagram.com/ajax/bz?__d=dis:0
[ 2381947ms] [ERROR] Failed to load resource: net::ERR_BLOCKED_BY_CLIENT @ https://graph.instagram.com/logging_client_events:0
[ 2391952ms] [ERROR] Failed to load resource: net::ERR_BLOCKED_BY_CLIENT @ https://www.instagram.com/ajax/bz?__d=dis:0
[ 2401955ms] [ERROR] Failed to load resource: net::ERR_BLOCKED_BY_CLIENT @ https://graph.instagram.com/logging_client_events:0
[ 2411955ms] [ERROR] Failed to load resource: net::ERR_BLOCKED_BY_CLIENT @ https://graph.instagram.com/logging_client_events:0
[ 2411956ms] [ERROR] Failed to load resource: net::ERR_BLOCKED_BY_CLIENT @ https://www.instagram.com/ajax/bz?__d=dis:0
[ 2421953ms] [ERROR] Failed to load resource: net::ERR_BLOCKED_BY_CLIENT @ https://www.instagram.com/ajax/bz?__d=dis:0
[ 2431958ms] [ERROR] Failed to load resource: net::ERR_BLOCKED_BY_CLIENT @ https://graph.instagram.com/logging_client_events:0
[ 2441962ms] [ERROR] Failed to load resource: net::ERR_BLOCKED_BY_CLIENT @ https://www.instagram.com/ajax/bz?__d=dis:0
[ 2451963ms] [ERROR] Failed to load resource: net::ERR_BLOCKED_BY_CLIENT @ https://graph.instagram.com/logging_client_events:0
[ 2461963ms] [ERROR] Failed to load resource: net::ERR_BLOCKED_BY_CLIENT @ https://graph.instagram.com/logging_client_events:0
[ 2461963ms] [ERROR] Failed to load resource: net::ERR_BLOCKED_BY_CLIENT @ https://www.instagram.com/ajax/bz?__d=dis:0
[ 2471968ms] [ERROR] Failed to load resource: net::ERR_BLOCKED_BY_CLIENT @ https://www.instagram.com/ajax/bz?__d=dis:0
[ 2481965ms] [ERROR] Failed to load resource: net::ERR_BLOCKED_BY_CLIENT @ https://graph.instagram.com/logging_client_events:0
[ 2491969ms] [ERROR] Failed to load resource: net::ERR_BLOCKED_BY_CLIENT @ https://graph.instagram.com/logging_client_events:0
[ 2491969ms] [ERROR] Failed to load resource: net::ERR_BLOCKED_BY_CLIENT @ https://www.instagram.com/ajax/bz?__d=dis:0
[ 2501965ms] [ERROR] Failed to load resource: net::ERR_BLOCKED_BY_CLIENT @ https://www.instagram.com/ajax/bz?__d=dis:0
[ 2511970ms] [ERROR] Failed to load resource: net::ERR_BLOCKED_BY_CLIENT @ https://graph.instagram.com/logging_client_events:0
[ 2521969ms] [ERROR] Failed to load resource: net::ERR_BLOCKED_BY_CLIENT @ https://www.instagram.com/ajax/bz?__d=dis:0
[ 2531969ms] [ERROR] Failed to load resource: net::ERR_BLOCKED_BY_CLIENT @ https://graph.instagram.com/logging_client_events:0
[ 2541971ms] [ERROR] Failed to load resource: net::ERR_BLOCKED_BY_CLIENT @ https://graph.instagram.com/logging_client_events:0
[ 2541971ms] [ERROR] Failed to load resource: net::ERR_BLOCKED_BY_CLIENT @ https://www.instagram.com/ajax/bz?__d=dis:0
[ 2551970ms] [ERROR] Failed to load resource: net::ERR_BLOCKED_BY_CLIENT @ https://www.instagram.com/ajax/bz?__d=dis:0
[ 2561972ms] [ERROR] Failed to load resource: net::ERR_BLOCKED_BY_CLIENT @ https://graph.instagram.com/logging_client_events:0
[ 2571971ms] [ERROR] Failed to load resource: net::ERR_BLOCKED_BY_CLIENT @ https://www.instagram.com/ajax/bz?__d=dis:0
[ 2581971ms] [ERROR] Failed to load resource: net::ERR_BLOCKED_BY_CLIENT @ https://graph.instagram.com/logging_client_events:0
[ 2591973ms] [ERROR] Failed to load resource: net::ERR_BLOCKED_BY_CLIENT @ https://graph.instagram.com/logging_client_events:0
[ 2591973ms] [ERROR] Failed to load resource: net::ERR_BLOCKED_BY_CLIENT @ https://www.instagram.com/ajax/bz?__d=dis:0
[ 2601974ms] [ERROR] Failed to load resource: net::ERR_BLOCKED_BY_CLIENT @ https://www.instagram.com/ajax/bz?__d=dis:0
[ 2611973ms] [ERROR] Failed to load resource: net::ERR_BLOCKED_BY_CLIENT @ https://graph.instagram.com/logging_client_events:0
[ 2621972ms] [ERROR] Failed to load resource: net::ERR_BLOCKED_BY_CLIENT @ https://www.instagram.com/ajax/bz?__d=dis:0
[ 2631976ms] [ERROR] Failed to load resource: net::ERR_BLOCKED_BY_CLIENT @ https://graph.instagram.com/logging_client_events:0
[ 2641982ms] [ERROR] Failed to load resource: net::ERR_BLOCKED_BY_CLIENT @ https://graph.instagram.com/logging_client_events:0
[ 2641982ms] [ERROR] Failed to load resource: net::ERR_BLOCKED_BY_CLIENT @ https://www.instagram.com/ajax/bz?__d=dis:0
[ 2644807ms] [ERROR] Failed to load resource: net::ERR_BLOCKED_BY_CLIENT @ https://www.instagram.com/ajax/bz?__a=1&__ccg=GOOD&__comet_req=7&__crn=comet.igweb.PolarisFeedRoute&__d=www&__hs=20650.HYP%3Ainstagram_web_pkg.2.1...0&__hsi=7663183221960630785&__req=2h&__rev=1043280580&__s=trgr7c%3A13yvi2%3Asbouit&__spin_b=trunk&__spin_r=1043280580&__spin_t=1784223882&__user=0&dpr=2&fb_dtsg=NAfxuTwplTvfJkKpYeHU-Qt9gKgCFcx1oBzK4maX4Ju9ybRkkEByVeQ%3A17858225011064242%3A1764012455&jazoest=26473&lsd=ZsWHB9z8KT67ewn-TBNGr5&ph=C3:0
[ 2651984ms] [ERROR] Failed to load resource: net::ERR_BLOCKED_BY_CLIENT @ https://www.instagram.com/ajax/bz?__d=dis:0
[ 2661982ms] [ERROR] Failed to load resource: net::ERR_BLOCKED_BY_CLIENT @ https://graph.instagram.com/logging_client_events:0
[ 2671984ms] [ERROR] Failed to load resource: net::ERR_BLOCKED_BY_CLIENT @ https://graph.instagram.com/logging_client_events:0
[ 2671985ms] [ERROR] Failed to load resource: net::ERR_BLOCKED_BY_CLIENT @ https://www.instagram.com/ajax/bz?__d=dis:0
[ 2681984ms] [ERROR] Failed to load resource: net::ERR_BLOCKED_BY_CLIENT @ https://www.instagram.com/ajax/bz?__d=dis:0
[ 2691984ms] [ERROR] Failed to load resource: net::ERR_BLOCKED_BY_CLIENT @ https://graph.instagram.com/logging_client_events:0
[ 2701986ms] [ERROR] Failed to load resource: net::ERR_BLOCKED_BY_CLIENT @ https://www.instagram.com/ajax/bz?__d=dis:0
[ 2711985ms] [ERROR] Failed to load resource: net::ERR_BLOCKED_BY_CLIENT @ https://graph.instagram.com/logging_client_events:0
[ 2721988ms] [ERROR] Failed to load resource: net::ERR_BLOCKED_BY_CLIENT @ https://graph.instagram.com/logging_client_events:0
[ 2721988ms] [ERROR] Failed to load resource: net::ERR_BLOCKED_BY_CLIENT @ https://www.instagram.com/ajax/bz?__d=dis:0
[ 2731987ms] [ERROR] Failed to load resource: net::ERR_BLOCKED_BY_CLIENT @ https://www.instagram.com/ajax/bz?__d=dis:0
[ 2741988ms] [ERROR] Failed to load resource: net::ERR_BLOCKED_BY_CLIENT @ https://graph.instagram.com/logging_client_events:0
[ 2751988ms] [ERROR] Failed to load resource: net::ERR_BLOCKED_BY_CLIENT @ https://www.instagram.com/ajax/bz?__d=dis:0
[ 2761989ms] [ERROR] Failed to load resource: net::ERR_BLOCKED_BY_CLIENT @ https://graph.instagram.com/logging_client_events:0
[ 2771990ms] [ERROR] Failed to load resource: net::ERR_BLOCKED_BY_CLIENT @ https://graph.instagram.com/logging_client_events:0
[ 2771990ms] [ERROR] Failed to load resource: net::ERR_BLOCKED_BY_CLIENT @ https://www.instagram.com/ajax/bz?__d=dis:0
[ 2781989ms] [ERROR] Failed to load resource: net::ERR_BLOCKED_BY_CLIENT @ https://www.instagram.com/ajax/bz?__d=dis:0
[ 2791989ms] [ERROR] Failed to load resource: net::ERR_BLOCKED_BY_CLIENT @ https://graph.instagram.com/logging_client_events:0
[ 2801993ms] [ERROR] Failed to load resource: net::ERR_BLOCKED_BY_CLIENT @ https://www.instagram.com/ajax/bz?__d=dis:0
[ 2811992ms] [ERROR] Failed to load resource: net::ERR_BLOCKED_BY_CLIENT @ https://graph.instagram.com/logging_client_events:0
[ 2821988ms] [ERROR] Failed to load resource: net::ERR_BLOCKED_BY_CLIENT @ https://graph.instagram.com/logging_client_events:0
[ 2821989ms] [ERROR] Failed to load resource: net::ERR_BLOCKED_BY_CLIENT @ https://www.instagram.com/ajax/bz?__d=dis:0
[ 2831978ms] [ERROR] Failed to load resource: net::ERR_BLOCKED_BY_CLIENT @ https://www.instagram.com/ajax/bz?__d=dis:0
[ 2841973ms] [ERROR] Failed to load resource: net::ERR_BLOCKED_BY_CLIENT @ https://graph.instagram.com/logging_client_events:0
[ 2851971ms] [ERROR] Failed to load resource: net::ERR_BLOCKED_BY_CLIENT @ https://graph.instagram.com/logging_client_events:0
[ 2851973ms] [ERROR] Failed to load resource: net::ERR_BLOCKED_BY_CLIENT @ https://www.instagram.com/ajax/bz?__d=dis:0
[ 2861969ms] [ERROR] Failed to load resource: net::ERR_BLOCKED_BY_CLIENT @ https://www.instagram.com/ajax/bz?__d=dis:0
[ 2871972ms] [ERROR] Failed to load resource: net::ERR_BLOCKED_BY_CLIENT @ https://graph.instagram.com/logging_client_events:0
[ 2881974ms] [ERROR] Failed to load resource: net::ERR_BLOCKED_BY_CLIENT @ https://www.instagram.com/ajax/bz?__d=dis:0
[ 2891972ms] [ERROR] Failed to load resource: net::ERR_BLOCKED_BY_CLIENT @ https://graph.instagram.com/logging_client_events:0
[ 2901972ms] [ERROR] Failed to load resource: net::ERR_BLOCKED_BY_CLIENT @ https://graph.instagram.com/logging_client_events:0
[ 2901973ms] [ERROR] Failed to load resource: net::ERR_BLOCKED_BY_CLIENT @ https://www.instagram.com/ajax/bz?__d=dis:0
[ 2911975ms] [ERROR] Failed to load resource: net::ERR_BLOCKED_BY_CLIENT @ https://www.instagram.com/ajax/bz?__d=dis:0
[ 2921974ms] [ERROR] Failed to load resource: net::ERR_BLOCKED_BY_CLIENT @ https://graph.instagram.com/logging_client_events:0
[ 2931975ms] [ERROR] Failed to load resource: net::ERR_BLOCKED_BY_CLIENT @ https://www.instagram.com/ajax/bz?__d=dis:0
[ 2941975ms] [ERROR] Failed to load resource: net::ERR_BLOCKED_BY_CLIENT @ https://graph.instagram.com/logging_client_events:0
[ 2951976ms] [ERROR] Failed to load resource: net::ERR_BLOCKED_BY_CLIENT @ https://graph.instagram.com/logging_client_events:0
[ 2951976ms] [ERROR] Failed to load resource: net::ERR_BLOCKED_BY_CLIENT @ https://www.instagram.com/ajax/bz?__d=dis:0
[ 2961980ms] [ERROR] Failed to load resource: net::ERR_BLOCKED_BY_CLIENT @ https://www.instagram.com/ajax/bz?__d=dis:0
[ 2971984ms] [ERROR] Failed to load resource: net::ERR_BLOCKED_BY_CLIENT @ https://graph.instagram.com/logging_client_events:0
[ 2981992ms] [ERROR] Failed to load resource: net::ERR_BLOCKED_BY_CLIENT @ https://www.instagram.com/ajax/bz?__d=dis:0
[ 2991993ms] [ERROR] Failed to load resource: net::ERR_BLOCKED_BY_CLIENT @ https://graph.instagram.com/logging_client_events:0
[ 3001997ms] [ERROR] Failed to load resource: net::ERR_BLOCKED_BY_CLIENT @ https://graph.instagram.com/logging_client_events:0
[ 3001997ms] [ERROR] Failed to load resource: net::ERR_BLOCKED_BY_CLIENT @ https://www.instagram.com/ajax/bz?__d=dis:0
[ 3011998ms] [ERROR] Failed to load resource: net::ERR_BLOCKED_BY_CLIENT @ https://www.instagram.com/ajax/bz?__d=dis:0
[ 3022001ms] [ERROR] Failed to load resource: net::ERR_BLOCKED_BY_CLIENT @ https://graph.instagram.com/logging_client_events:0
[ 3032002ms] [ERROR] Failed to load resource: net::ERR_BLOCKED_BY_CLIENT @ https://graph.instagram.com/logging_client_events:0
[ 3032002ms] [ERROR] Failed to load resource: net::ERR_BLOCKED_BY_CLIENT @ https://www.instagram.com/ajax/bz?__d=dis:0
[ 3042001ms] [ERROR] Failed to load resource: net::ERR_BLOCKED_BY_CLIENT @ https://www.instagram.com/ajax/bz?__d=dis:0
[ 3052003ms] [ERROR] Failed to load resource: net::ERR_BLOCKED_BY_CLIENT @ https://graph.instagram.com/logging_client_events:0
[ 3062002ms] [ERROR] Failed to load resource: net::ERR_BLOCKED_BY_CLIENT @ https://www.instagram.com/ajax/bz?__d=dis:0
[ 3072003ms] [ERROR] Failed to load resource: net::ERR_BLOCKED_BY_CLIENT @ https://graph.instagram.com/logging_client_events:0
[ 3082008ms] [ERROR] Failed to load resource: net::ERR_BLOCKED_BY_CLIENT @ https://graph.instagram.com/logging_client_events:0
[ 3082009ms] [ERROR] Failed to load resource: net::ERR_BLOCKED_BY_CLIENT @ https://www.instagram.com/ajax/bz?__d=dis:0
[ 3092008ms] [ERROR] Failed to load resource: net::ERR_BLOCKED_BY_CLIENT @ https://www.instagram.com/ajax/bz?__d=dis:0
[ 3102008ms] [ERROR] Failed to load resource: net::ERR_BLOCKED_BY_CLIENT @ https://graph.instagram.com/logging_client_events:0
[ 3112009ms] [ERROR] Failed to load resource: net::ERR_BLOCKED_BY_CLIENT @ https://www.instagram.com/ajax/bz?__d=dis:0
[ 3122009ms] [ERROR] Failed to load resource: net::ERR_BLOCKED_BY_CLIENT @ https://graph.instagram.com/logging_client_events:0
[ 3132011ms] [ERROR] Failed to load resource: net::ERR_BLOCKED_BY_CLIENT @ https://graph.instagram.com/logging_client_events:0
[ 3132011ms] [ERROR] Failed to load resource: net::ERR_BLOCKED_BY_CLIENT @ https://www.instagram.com/ajax/bz?__d=dis:0
[ 3142011ms] [ERROR] Failed to load resource: net::ERR_BLOCKED_BY_CLIENT @ https://www.instagram.com/ajax/bz?__d=dis:0
[ 3152014ms] [ERROR] Failed to load resource: net::ERR_BLOCKED_BY_CLIENT @ https://graph.instagram.com/logging_client_events:0
[ 3162015ms] [ERROR] Failed to load resource: net::ERR_BLOCKED_BY_CLIENT @ https://www.instagram.com/ajax/bz?__d=dis:0
[ 3172014ms] [ERROR] Failed to load resource: net::ERR_BLOCKED_BY_CLIENT @ https://graph.instagram.com/logging_client_events:0
[ 3182014ms] [ERROR] Failed to load resource: net::ERR_BLOCKED_BY_CLIENT @ https://graph.instagram.com/logging_client_events:0
[ 3182014ms] [ERROR] Failed to load resource: net::ERR_BLOCKED_BY_CLIENT @ https://www.instagram.com/ajax/bz?__d=dis:0
[ 3192019ms] [ERROR] Failed to load resource: net::ERR_BLOCKED_BY_CLIENT @ https://www.instagram.com/ajax/bz?__d=dis:0
[ 3202023ms] [ERROR] Failed to load resource: net::ERR_BLOCKED_BY_CLIENT @ https://graph.instagram.com/logging_client_events:0
[ 3212023ms] [ERROR] Failed to load resource: net::ERR_BLOCKED_BY_CLIENT @ https://graph.instagram.com/logging_client_events:0
[ 3212023ms] [ERROR] Failed to load resource: net::ERR_BLOCKED_BY_CLIENT @ https://www.instagram.com/ajax/bz?__d=dis:0
[ 3222024ms] [ERROR] Failed to load resource: net::ERR_BLOCKED_BY_CLIENT @ https://www.instagram.com/ajax/bz?__d=dis:0
[ 3232026ms] [ERROR] Failed to load resource: net::ERR_BLOCKED_BY_CLIENT @ https://graph.instagram.com/logging_client_events:0
[ 3242031ms] [ERROR] Failed to load resource: net::ERR_BLOCKED_BY_CLIENT @ https://www.instagram.com/ajax/bz?__d=dis:0
[ 3252032ms] [ERROR] Failed to load resource: net::ERR_BLOCKED_BY_CLIENT @ https://graph.instagram.com/logging_client_events:0
[ 3262034ms] [ERROR] Failed to load resource: net::ERR_BLOCKED_BY_CLIENT @ https://graph.instagram.com/logging_client_events:0
[ 3262035ms] [ERROR] Failed to load resource: net::ERR_BLOCKED_BY_CLIENT @ https://www.instagram.com/ajax/bz?__d=dis:0
[ 3272032ms] [ERROR] Failed to load resource: net::ERR_BLOCKED_BY_CLIENT @ https://www.instagram.com/ajax/bz?__d=dis:0
[ 3282032ms] [ERROR] Failed to load resource: net::ERR_BLOCKED_BY_CLIENT @ https://graph.instagram.com/logging_client_events:0
[ 3292033ms] [ERROR] Failed to load resource: net::ERR_BLOCKED_BY_CLIENT @ https://www.instagram.com/ajax/bz?__d=dis:0
[ 3294975ms] [ERROR] Failed to load resource: net::ERR_BLOCKED_BY_CLIENT @ https://graph.instagram.com/logging_client_events:0
[ 3302505ms] [ERROR] Failed to load resource: net::ERR_BLOCKED_BY_CLIENT @ https://graph.instagram.com/logging_client_events:0
[ 3312512ms] [ERROR] Failed to load resource: net::ERR_BLOCKED_BY_CLIENT @ https://www.instagram.com/ajax/bz?__d=dis:0
[ 3470839ms] [ERROR] Failed to load resource: net::ERR_BLOCKED_BY_CLIENT @ https://www.instagram.com/ajax/bz?__a=1&__ccg=GOOD&__comet_req=7&__crn=comet.igweb.PolarisFeedRoute&__d=www&__hs=20650.HYP%3Ainstagram_web_pkg.2.1...0&__hsi=7663183221960630785&__req=2j&__rev=1043280580&__s=5v1ov8%3A13yvi2%3Asbouit&__spin_b=trunk&__spin_r=1043280580&__spin_t=1784223882&__user=0&dpr=2&fb_dtsg=NAfxuTwplTvfJkKpYeHU-Qt9gKgCFcx1oBzK4maX4Ju9ybRkkEByVeQ%3A17858225011064242%3A1764012455&jazoest=26473&lsd=ZsWHB9z8KT67ewn-TBNGr5&ph=C3:0
[ 3479850ms] [ERROR] Failed to load resource: net::ERR_BLOCKED_BY_CLIENT @ https://graph.instagram.com/logging_client_events:0
[ 3489852ms] [ERROR] Failed to load resource: net::ERR_BLOCKED_BY_CLIENT @ https://graph.instagram.com/logging_client_events:0
[ 3489853ms] [ERROR] Failed to load resource: net::ERR_BLOCKED_BY_CLIENT @ https://www.instagram.com/ajax/bz?__d=dis:0
[ 3499851ms] [ERROR] Failed to load resource: net::ERR_BLOCKED_BY_CLIENT @ https://www.instagram.com/ajax/bz?__d=dis:0
[ 3509852ms] [ERROR] Failed to load resource: net::ERR_BLOCKED_BY_CLIENT @ https://graph.instagram.com/logging_client_events:0
[ 3519851ms] [ERROR] Failed to load resource: net::ERR_BLOCKED_BY_CLIENT @ https://graph.instagram.com/logging_client_events:0
[ 3519852ms] [ERROR] Failed to load resource: net::ERR_BLOCKED_BY_CLIENT @ https://www.instagram.com/ajax/bz?__d=dis:0
[ 3529870ms] [ERROR] Failed to load resource: net::ERR_BLOCKED_BY_CLIENT @ https://www.instagram.com/ajax/bz?__d=dis:0
[ 3539851ms] [ERROR] Failed to load resource: net::ERR_BLOCKED_BY_CLIENT @ https://graph.instagram.com/logging_client_events:0
[ 3549853ms] [ERROR] Failed to load resource: net::ERR_BLOCKED_BY_CLIENT @ https://www.instagram.com/ajax/bz?__d=dis:0
[ 3559852ms] [ERROR] Failed to load resource: net::ERR_BLOCKED_BY_CLIENT @ https://graph.instagram.com/logging_client_events:0
[ 3569853ms] [ERROR] Failed to load resource: net::ERR_BLOCKED_BY_CLIENT @ https://graph.instagram.com/logging_client_events:0
[ 3569854ms] [ERROR] Failed to load resource: net::ERR_BLOCKED_BY_CLIENT @ https://www.instagram.com/ajax/bz?__d=dis:0
[ 3579855ms] [ERROR] Failed to load resource: net::ERR_BLOCKED_BY_CLIENT @ https://www.instagram.com/ajax/bz?__d=dis:0
[ 3589856ms] [ERROR] Failed to load resource: net::ERR_BLOCKED_BY_CLIENT @ https://graph.instagram.com/logging_client_events:0
[ 3599857ms] [ERROR] Failed to load resource: net::ERR_BLOCKED_BY_CLIENT @ https://graph.instagram.com/logging_client_events:0
[ 3599859ms] [ERROR] Failed to load resource: net::ERR_BLOCKED_BY_CLIENT @ https://www.instagram.com/ajax/bz?__d=dis:0
[ 3609856ms] [ERROR] Failed to load resource: net::ERR_BLOCKED_BY_CLIENT @ https://www.instagram.com/ajax/bz?__d=dis:0
[ 3619857ms] [ERROR] Failed to load resource: net::ERR_BLOCKED_BY_CLIENT @ https://graph.instagram.com/logging_client_events:0
[ 3629859ms] [ERROR] Failed to load resource: net::ERR_BLOCKED_BY_CLIENT @ https://www.instagram.com/ajax/bz?__d=dis:0
[ 3639857ms] [ERROR] Failed to load resource: net::ERR_BLOCKED_BY_CLIENT @ https://graph.instagram.com/logging_client_events:0
[ 3649860ms] [ERROR] Failed to load resource: net::ERR_BLOCKED_BY_CLIENT @ https://graph.instagram.com/logging_client_events:0
[ 3649861ms] [ERROR] Failed to load resource: net::ERR_BLOCKED_BY_CLIENT @ https://www.instagram.com/ajax/bz?__d=dis:0
[ 3659863ms] [ERROR] Failed to load resource: net::ERR_BLOCKED_BY_CLIENT @ https://www.instagram.com/ajax/bz?__d=dis:0
[ 3669863ms] [ERROR] Failed to load resource: net::ERR_BLOCKED_BY_CLIENT @ https://graph.instagram.com/logging_client_events:0
