[     -55ms] [LOG] Currently configured to use Space stages: {"domain":"harmony.a2z.com","stage":"prod","spaceId":"harmony","mode":"multi-app-subdomain"} @ https://stores-designer.harmony.a2z.com/navigation/harmony-navbar.js:53
[     148ms] [LOG] AUI Debug: Reapplying overrides after page change @ chrome-extension://dcfoehjpoialdhneckhclkljejggicle/scripts.js:54
[     248ms] [LOG] AUI Debug: Reapplying overrides after page change @ chrome-extension://dcfoehjpoialdhneckhclkljejggicle/scripts.js:54
[    1030ms] [ERROR] Failed to load resource: net::ERR_BLOCKED_BY_CLIENT @ https://unagi-na.amazon.com/1/events/com.amazon.eel.katal.metrics.core.nexus:0
[    1314ms] [ERROR] Failed to load resource: net::ERR_BLOCKED_BY_CLIENT @ https://unagi-na.amazon.com/1/events/com.amazon.eel.katal.metrics.core.nexus:0
[    1636ms] [LOG] [useOpenCode:bootProject] Starting boot for project: d11f502e-2ad0-4940-9b3c-89025df00abf template: blank @ https://stores-designer.harmony.a2z.com/assets/project-layout-NrWtJUaV.js:1
[    1645ms] [LOG] [useOpenCode:bootProject] Starting boot for project: d11f502e-2ad0-4940-9b3c-89025df00abf template: blank @ https://stores-designer.harmony.a2z.com/assets/project-layout-NrWtJUaV.js:1
[    1645ms] [LOG] [useOpenCode:bootProject] Skipping - boot already in progress for this project (ref check) @ https://stores-designer.harmony.a2z.com/assets/project-layout-NrWtJUaV.js:1
[    1861ms] [ERROR] Access to fetch at 'https://env-834160ead0774cdca35af4ae91d81c97.mde.prod.design-assistant.sdt.amazon.dev/__frame_ready__' from origin 'https://stores-designer.harmony.a2z.com' has been blocked by CORS policy: No 'Access-Control-Allow-Origin' header is present on the requested resource. @ https://stores-designer.harmony.a2z.com/projects/d11f502e-2ad0-4940-9b3c-89025df00abf:0
[    1862ms] [ERROR] Failed to load resource: net::ERR_FAILED @ https://env-834160ead0774cdca35af4ae91d81c97.mde.prod.design-assistant.sdt.amazon.dev/__frame_ready__:0
[    1866ms] [LOG] trackMetric: page.error 1 {errorName: frame.ready.check.failed, error: frame_ready responded undefined} @ https://stores-designer.harmony.a2z.com/assets/utils-BPBUpZd6.js:14
[    1873ms] [ERROR] Failed to load resource: net::ERR_BLOCKED_BY_CLIENT @ https://unagi-na.amazon.com/1/events/com.amazon.eel.katal.metrics.core.nexus:0
[    1993ms] [LOG] [opencode] → GET /session projectId: d11f502e-2ad0-4940-9b3c-89025df00abf correlationId: r_1784225435705_1 @ https://stores-designer.harmony.a2z.com/assets/index-ZHSC2mrQ.js:8
[    1993ms] [LOG] [opencode] → GET /session/status projectId: d11f502e-2ad0-4940-9b3c-89025df00abf correlationId: r_1784225435707_2 @ https://stores-designer.harmony.a2z.com/assets/index-ZHSC2mrQ.js:8
[    4161ms] [LOG] trackMetric: ai.request 1 {route: /session/status, method: GET, projectId: d11f502e-2ad0-4940-9b3c-89025df00abf, correlationId: r_1784225435707_2, outcome: success} @ https://stores-designer.harmony.a2z.com/assets/utils-BPBUpZd6.js:14
[    4162ms] [LOG] [opencode] ← /session/status 2167ms correlationId: r_1784225435707_2 @ https://stores-designer.harmony.a2z.com/assets/index-ZHSC2mrQ.js:8
[    4357ms] [LOG] trackMetric: ai.request 1 {route: /session, method: GET, projectId: d11f502e-2ad0-4940-9b3c-89025df00abf, correlationId: r_1784225435705_1, outcome: success} @ https://stores-designer.harmony.a2z.com/assets/utils-BPBUpZd6.js:14
[    4361ms] [LOG] [opencode] ← /session 2358ms correlationId: r_1784225435705_1 @ https://stores-designer.harmony.a2z.com/assets/index-ZHSC2mrQ.js:8
[    4362ms] [LOG] [useOpenCode:bootProject] Found 8 existing sessions @ https://stores-designer.harmony.a2z.com/assets/project-layout-NrWtJUaV.js:1
[    4363ms] [LOG] [useOpenCode:bootProject] Using existing session: ses_094191debffeFRDrn0rGr6XCqR @ https://stores-designer.harmony.a2z.com/assets/project-layout-NrWtJUaV.js:1
[    4368ms] [LOG] [opencode] → GET /session/:id/message projectId: d11f502e-2ad0-4940-9b3c-89025df00abf correlationId: r_1784225438431_3 @ https://stores-designer.harmony.a2z.com/assets/index-ZHSC2mrQ.js:8
[    5297ms] [ERROR] Failed to load resource: net::ERR_BLOCKED_BY_CLIENT @ https://unagi-na.amazon.com/1/events/com.amazon.eel.katal.metrics.core.nexus:0
[    5347ms] [LOG] trackMetric: ai.request 1 {route: /session/:id/message, method: GET, projectId: d11f502e-2ad0-4940-9b3c-89025df00abf, correlationId: r_1784225438431_3, outcome: success} @ https://stores-designer.harmony.a2z.com/assets/utils-BPBUpZd6.js:14
[    5349ms] [LOG] [opencode] ← /session/:id/message 923ms correlationId: r_1784225438431_3 @ https://stores-designer.harmony.a2z.com/assets/index-ZHSC2mrQ.js:8
[    5349ms] [LOG] [useOpenCode:bootProject] Loaded 49 existing messages @ https://stores-designer.harmony.a2z.com/assets/project-layout-NrWtJUaV.js:1
[    5349ms] [LOG] [useOpenCode] Runtime ready for project: d11f502e-2ad0-4940-9b3c-89025df00abf template: blank retries: 0 totalBootMs: 3713 @ https://stores-designer.harmony.a2z.com/assets/project-layout-NrWtJUaV.js:1
[    5350ms] [LOG] trackLatency: boot.duration 3713ms {projectId: d11f502e-2ad0-4940-9b3c-89025df00abf} @ https://stores-designer.harmony.a2z.com/assets/utils-BPBUpZd6.js:14
[    5451ms] [LOG] [useOpenCode:bootProject] Starting boot for project: d11f502e-2ad0-4940-9b3c-89025df00abf template: blank @ https://stores-designer.harmony.a2z.com/assets/project-layout-NrWtJUaV.js:1
[    5451ms] [LOG] [useOpenCode:bootProject] Skipping - boot already in progress for this project (ref check) @ https://stores-designer.harmony.a2z.com/assets/project-layout-NrWtJUaV.js:1
[    5451ms] [LOG] [useAutoProjectTitle] No description captured, skipping @ https://stores-designer.harmony.a2z.com/assets/project-layout-NrWtJUaV.js:37
[    5462ms] [LOG] [opencode] → GET /model-info projectId: d11f502e-2ad0-4940-9b3c-89025df00abf correlationId: r_1784225439418_4 @ https://stores-designer.harmony.a2z.com/assets/index-ZHSC2mrQ.js:8
[    5463ms] [LOG] [opencode] → GET /file/content projectId: d11f502e-2ad0-4940-9b3c-89025df00abf correlationId: r_1784225439520_8 @ https://stores-designer.harmony.a2z.com/assets/index-ZHSC2mrQ.js:8
[    5465ms] [LOG] [opencode] → SSE /global/event correlationId: r_1784225439518_5 @ https://stores-designer.harmony.a2z.com/assets/index-ZHSC2mrQ.js:8
[    5465ms] [LOG] [opencode] → SSE /global/event correlationId: r_1784225439519_6 @ https://stores-designer.harmony.a2z.com/assets/index-ZHSC2mrQ.js:8
[    5465ms] [LOG] [opencode] → SSE /global/event correlationId: r_1784225439519_7 @ https://stores-designer.harmony.a2z.com/assets/index-ZHSC2mrQ.js:8
[    5465ms] [LOG] [opencode] → SSE /global/event correlationId: r_1784225439521_9 @ https://stores-designer.harmony.a2z.com/assets/index-ZHSC2mrQ.js:8
[    5504ms] [LOG] [useOpenCode:bootProject] Starting boot for project: d11f502e-2ad0-4940-9b3c-89025df00abf template: blank @ https://stores-designer.harmony.a2z.com/assets/project-layout-NrWtJUaV.js:1
[    5504ms] [LOG] [useOpenCode:bootProject] Skipping - boot already in progress for this project (ref check) @ https://stores-designer.harmony.a2z.com/assets/project-layout-NrWtJUaV.js:1
[    6020ms] [LOG] trackMetric: ai.request 1 {route: /global/event, method: SSE, projectId: d11f502e-2ad0-4940-9b3c-89025df00abf, correlationId: r_1784225439519_7, outcome: success} @ https://stores-designer.harmony.a2z.com/assets/utils-BPBUpZd6.js:14
[    6022ms] [LOG] [opencode] ← SSE connected 555ms correlationId: r_1784225439519_7 @ https://stores-designer.harmony.a2z.com/assets/index-ZHSC2mrQ.js:8
[    6060ms] [LOG] trackMetric: ai.request 1 {route: /global/event, method: SSE, projectId: d11f502e-2ad0-4940-9b3c-89025df00abf, correlationId: r_1784225439519_6, outcome: success} @ https://stores-designer.harmony.a2z.com/assets/utils-BPBUpZd6.js:14
[    6061ms] [LOG] [opencode] ← SSE connected 595ms correlationId: r_1784225439519_6 @ https://stores-designer.harmony.a2z.com/assets/index-ZHSC2mrQ.js:8
[    6072ms] [LOG] trackMetric: ai.request 1 {route: /model-info, method: GET, projectId: d11f502e-2ad0-4940-9b3c-89025df00abf, correlationId: r_1784225439418_4, outcome: success} @ https://stores-designer.harmony.a2z.com/assets/utils-BPBUpZd6.js:14
[    6077ms] [LOG] [opencode] ← /model-info 609ms correlationId: r_1784225439418_4 @ https://stores-designer.harmony.a2z.com/assets/index-ZHSC2mrQ.js:8
[    6090ms] [ERROR] Failed to load resource: net::ERR_BLOCKED_BY_CLIENT @ https://unagi-na.amazon.com/1/events/com.amazon.eel.katal.metrics.core.nexus:0
[    6091ms] [LOG] trackMetric: ai.request 1 {route: /global/event, method: SSE, projectId: d11f502e-2ad0-4940-9b3c-89025df00abf, correlationId: r_1784225439521_9, outcome: success} @ https://stores-designer.harmony.a2z.com/assets/utils-BPBUpZd6.js:14
[    6092ms] [LOG] [opencode] ← SSE connected 626ms correlationId: r_1784225439521_9 @ https://stores-designer.harmony.a2z.com/assets/index-ZHSC2mrQ.js:8
[    6101ms] [LOG] trackMetric: ai.request 1 {route: /global/event, method: SSE, projectId: d11f502e-2ad0-4940-9b3c-89025df00abf, correlationId: r_1784225439518_5, outcome: success} @ https://stores-designer.harmony.a2z.com/assets/utils-BPBUpZd6.js:14
[    6102ms] [LOG] [opencode] ← SSE connected 636ms correlationId: r_1784225439518_5 @ https://stores-designer.harmony.a2z.com/assets/index-ZHSC2mrQ.js:8
[    6317ms] [LOG] trackMetric: ai.request 1 {route: /file/content, method: GET, projectId: d11f502e-2ad0-4940-9b3c-89025df00abf, correlationId: r_1784225439520_8, outcome: success} @ https://stores-designer.harmony.a2z.com/assets/utils-BPBUpZd6.js:14
[    6318ms] [LOG] [opencode] ← /file/content 854ms correlationId: r_1784225439520_8 @ https://stores-designer.harmony.a2z.com/assets/index-ZHSC2mrQ.js:8
[    6318ms] [LOG] [usePageFramesQuery] Raw page.json frames: [Object, Object, Object, Object, Object] @ https://stores-designer.harmony.a2z.com/assets/project-layout-NrWtJUaV.js:59
[    6327ms] [LOG] [useBackendSync] sync triggered {isInitialized: false, prevIds: Array(0), queryIds: Array(5), storeIds: Array(0), queryCount: 5} @ https://stores-designer.harmony.a2z.com/assets/project-layout-NrWtJUaV.js:60
[    6439ms] [LOG] [useElementCapture] Browser support check: {hasNavigator: true, hasMediaDevices: true, hasGetDisplayMedia: true, isSupported: true} @ https://stores-designer.harmony.a2z.com/assets/project-layout-NrWtJUaV.js:17
[    6440ms] [LOG] [useElementCapture] Browser support check: {hasNavigator: true, hasMediaDevices: true, hasGetDisplayMedia: true, isSupported: true} @ https://stores-designer.harmony.a2z.com/assets/project-layout-NrWtJUaV.js:17
[    6441ms] [LOG] [useElementCapture] Browser support check: {hasNavigator: true, hasMediaDevices: true, hasGetDisplayMedia: true, isSupported: true} @ https://stores-designer.harmony.a2z.com/assets/project-layout-NrWtJUaV.js:17
[    6441ms] [LOG] [useElementCapture] Browser support check: {hasNavigator: true, hasMediaDevices: true, hasGetDisplayMedia: true, isSupported: true} @ https://stores-designer.harmony.a2z.com/assets/project-layout-NrWtJUaV.js:17
[    6441ms] [LOG] [useElementCapture] Browser support check: {hasNavigator: true, hasMediaDevices: true, hasGetDisplayMedia: true, isSupported: true} @ https://stores-designer.harmony.a2z.com/assets/project-layout-NrWtJUaV.js:17
[    6480ms] [ERROR] Failed to load resource: net::ERR_BLOCKED_BY_CLIENT @ https://unagi-na.amazon.com/1/events/com.amazon.eel.katal.metrics.core.nexus:0
[   10152ms] [ERROR] Creating a worker from 'blob:https://stores-designer.harmony.a2z.com/a9d3eed0-d220-4b7e-b376-a414d61804d2' violates the following Content Security Policy directive: "worker-src blob". The action has been blocked. @ https://stores-designer.harmony.a2z.com/assets/utils-BPBUpZd6.js:3
[   10155ms] [ERROR] Harmony tip: Looks like you could use some help with your Content Security Policy (CSP). You may need to add the following to your .harmony/harmony-metadata.json file under "content-security-policy": 

    "worker-src": ["blob"]

* If your current CSP is an empty object {}, add the directive listed above.
* If your CSP already specifies the "worker-src" directive, add "blob" to its array.

Example harmony-metadata.json:
    "content-security-policy": {
        "worker-src": ["blob"]
    }

If your application does not have a .harmony folder, run: "harmony app create-harmony-folder" to migrate to the recommended method of managing your App's configuration.

More info: https://docs.harmony.a2z.com/application-development.html#Content%20Security%20Policies @ https://stores-designer.harmony.a2z.com/navigation/harmony-navbar.js:125
[   10440ms] [ERROR] Failed to load resource: net::ERR_BLOCKED_BY_CLIENT @ https://unagi-na.amazon.com/1/events/com.amazon.eel.katal.metrics.core.nexus:0
[   10731ms] [LOG] trackLatency: page.all_frames_loaded 9094ms {frameCount: 5} @ https://stores-designer.harmony.a2z.com/assets/utils-BPBUpZd6.js:14
[   11029ms] [ERROR] Failed to load resource: net::ERR_BLOCKED_BY_CLIENT @ https://unagi-na.amazon.com/1/events/com.amazon.eel.katal.metrics.core.nexus:0
[  310491ms] [ERROR] Failed to load resource: net::ERR_BLOCKED_BY_CLIENT @ https://unagi-na.amazon.com/1/events/com.amazon.eel.katal.metrics.core.nexus:0
[  610280ms] [ERROR] Failed to load resource: net::ERR_BLOCKED_BY_CLIENT @ https://unagi-na.amazon.com/1/events/com.amazon.eel.katal.metrics.core.nexus:0
[  905703ms] [LOG] [opencode] → SSE /global/event correlationId: r_1784226339771_a @ https://stores-designer.harmony.a2z.com/assets/index-ZHSC2mrQ.js:8
[  905734ms] [LOG] [opencode] → SSE /global/event correlationId: r_1784226339802_b @ https://stores-designer.harmony.a2z.com/assets/index-ZHSC2mrQ.js:8
[  905735ms] [LOG] [opencode] → SSE /global/event correlationId: r_1784226339803_c @ https://stores-designer.harmony.a2z.com/assets/index-ZHSC2mrQ.js:8
[  905750ms] [LOG] [opencode] → SSE /global/event correlationId: r_1784226339818_d @ https://stores-designer.harmony.a2z.com/assets/index-ZHSC2mrQ.js:8
[  906475ms] [LOG] trackMetric: ai.request 1 {route: /global/event, method: SSE, projectId: d11f502e-2ad0-4940-9b3c-89025df00abf, correlationId: r_1784226339818_d, outcome: success} @ https://stores-designer.harmony.a2z.com/assets/utils-BPBUpZd6.js:14
[  906477ms] [LOG] [opencode] ← SSE connected 725ms correlationId: r_1784226339818_d @ https://stores-designer.harmony.a2z.com/assets/index-ZHSC2mrQ.js:8
[  907640ms] [LOG] trackMetric: ai.request 1 {route: /global/event, method: SSE, projectId: d11f502e-2ad0-4940-9b3c-89025df00abf, correlationId: r_1784226339802_b, outcome: success} @ https://stores-designer.harmony.a2z.com/assets/utils-BPBUpZd6.js:14
[  907641ms] [LOG] [opencode] ← SSE connected 1906ms correlationId: r_1784226339802_b @ https://stores-designer.harmony.a2z.com/assets/index-ZHSC2mrQ.js:8
[  907701ms] [LOG] trackMetric: ai.request 1 {route: /global/event, method: SSE, projectId: d11f502e-2ad0-4940-9b3c-89025df00abf, correlationId: r_1784226339771_a, outcome: success} @ https://stores-designer.harmony.a2z.com/assets/utils-BPBUpZd6.js:14
[  907704ms] [LOG] [opencode] ← SSE connected 1998ms correlationId: r_1784226339771_a @ https://stores-designer.harmony.a2z.com/assets/index-ZHSC2mrQ.js:8
[  907758ms] [LOG] trackMetric: ai.request 1 {route: /global/event, method: SSE, projectId: d11f502e-2ad0-4940-9b3c-89025df00abf, correlationId: r_1784226339803_c, outcome: success} @ https://stores-designer.harmony.a2z.com/assets/utils-BPBUpZd6.js:14
[  907766ms] [LOG] [opencode] ← SSE connected 2024ms correlationId: r_1784226339803_c @ https://stores-designer.harmony.a2z.com/assets/index-ZHSC2mrQ.js:8
[  907770ms] [ERROR] Failed to load resource: net::ERR_BLOCKED_BY_CLIENT @ https://unagi-na.amazon.com/1/events/com.amazon.eel.katal.metrics.core.nexus:0
[  910412ms] [ERROR] Failed to load resource: net::ERR_BLOCKED_BY_CLIENT @ https://unagi-na.amazon.com/1/events/com.amazon.eel.katal.metrics.core.nexus:0
[ 1210478ms] [ERROR] Failed to load resource: net::ERR_BLOCKED_BY_CLIENT @ https://unagi-na.amazon.com/1/events/com.amazon.eel.katal.metrics.core.nexus:0
[ 1511624ms] [ERROR] Failed to load resource: net::ERR_BLOCKED_BY_CLIENT @ https://unagi-na.amazon.com/1/events/com.amazon.eel.katal.metrics.core.nexus:0
[ 1806040ms] [LOG] [opencode] → SSE /global/event correlationId: r_1784227240108_e @ https://stores-designer.harmony.a2z.com/assets/index-ZHSC2mrQ.js:8
[ 1806051ms] [LOG] [opencode] → SSE /global/event correlationId: r_1784227240119_f @ https://stores-designer.harmony.a2z.com/assets/index-ZHSC2mrQ.js:8
[ 1806071ms] [LOG] [opencode] → SSE /global/event correlationId: r_1784227240140_g @ https://stores-designer.harmony.a2z.com/assets/index-ZHSC2mrQ.js:8
[ 1806075ms] [LOG] [opencode] → SSE /global/event correlationId: r_1784227240143_h @ https://stores-designer.harmony.a2z.com/assets/index-ZHSC2mrQ.js:8
[ 1806731ms] [LOG] trackMetric: ai.request 1 {route: /global/event, method: SSE, projectId: d11f502e-2ad0-4940-9b3c-89025df00abf, correlationId: r_1784227240143_h, outcome: success} @ https://stores-designer.harmony.a2z.com/assets/utils-BPBUpZd6.js:14
[ 1806733ms] [LOG] [opencode] ← SSE connected 656ms correlationId: r_1784227240143_h @ https://stores-designer.harmony.a2z.com/assets/index-ZHSC2mrQ.js:8
[ 1806769ms] [LOG] trackMetric: ai.request 1 {route: /global/event, method: SSE, projectId: d11f502e-2ad0-4940-9b3c-89025df00abf, correlationId: r_1784227240119_f, outcome: success} @ https://stores-designer.harmony.a2z.com/assets/utils-BPBUpZd6.js:14
[ 1806770ms] [LOG] [opencode] ← SSE connected 718ms correlationId: r_1784227240119_f @ https://stores-designer.harmony.a2z.com/assets/index-ZHSC2mrQ.js:8
[ 1807774ms] [LOG] trackMetric: ai.request 1 {route: /global/event, method: SSE, projectId: d11f502e-2ad0-4940-9b3c-89025df00abf, correlationId: r_1784227240108_e, outcome: success} @ https://stores-designer.harmony.a2z.com/assets/utils-BPBUpZd6.js:14
[ 1807776ms] [LOG] [opencode] ← SSE connected 1735ms correlationId: r_1784227240108_e @ https://stores-designer.harmony.a2z.com/assets/index-ZHSC2mrQ.js:8
[ 1807963ms] [LOG] trackMetric: ai.request 1 {route: /global/event, method: SSE, projectId: d11f502e-2ad0-4940-9b3c-89025df00abf, correlationId: r_1784227240140_g, outcome: success} @ https://stores-designer.harmony.a2z.com/assets/utils-BPBUpZd6.js:14
[ 1807968ms] [LOG] [opencode] ← SSE connected 1892ms correlationId: r_1784227240140_g @ https://stores-designer.harmony.a2z.com/assets/index-ZHSC2mrQ.js:8
[ 1807971ms] [ERROR] Failed to load resource: net::ERR_BLOCKED_BY_CLIENT @ https://unagi-na.amazon.com/1/events/com.amazon.eel.katal.metrics.core.nexus:0
[ 1810377ms] [ERROR] Failed to load resource: net::ERR_BLOCKED_BY_CLIENT @ https://unagi-na.amazon.com/1/events/com.amazon.eel.katal.metrics.core.nexus:0
